                                      1 ;--------------------------------------------------------
                                      2 ; File Created by SDCC : free open source ISO C Compiler 
                                      3 ; Version 4.3.2 #14228 (MINGW64)
                                      4 ;--------------------------------------------------------
                                      5 	.module SpriteItem
                                      6 	.optsdcc -msm83
                                      7 	
                                      8 ;--------------------------------------------------------
                                      9 ; Public variables in this module
                                     10 ;--------------------------------------------------------
                                     11 	.globl _Destroy_SpriteItem
                                     12 	.globl _Update_SpriteItem
                                     13 	.globl _Start_SpriteItem
                                     14 	.globl b_consume_weapon_def
                                     15 	.globl _consume_weapon_def
                                     16 	.globl b_consume_weapon_atk
                                     17 	.globl _consume_weapon_atk
                                     18 	.globl _SpriteManagerRemoveSprite
                                     19 	.globl _TranslateSprite
                                     20 	.globl _SetSpriteAnim
                                     21 	.globl _a_item_cape
                                     22 	.globl _a_item_shield
                                     23 	.globl _a_item_elmet
                                     24 	.globl _a_item_flame
                                     25 	.globl _a_item_lance
                                     26 	.globl _a_item_gladio
                                     27 	.globl _a_item_time
                                     28 	.globl _a_item_hp
                                     29 	.globl _a_item_cape_blink
                                     30 	.globl _a_item_shield_blink
                                     31 	.globl _a_item_elmet_blink
                                     32 	.globl _a_item_flame_blink
                                     33 	.globl _a_item_lance_blink
                                     34 	.globl _a_item_gladio_blink
                                     35 	.globl ___bank_SpriteItem
                                     36 ;--------------------------------------------------------
                                     37 ; special function registers
                                     38 ;--------------------------------------------------------
                                     39 ;--------------------------------------------------------
                                     40 ; ram data
                                     41 ;--------------------------------------------------------
                                     42 	.area _DATA
                                     43 ;--------------------------------------------------------
                                     44 ; ram data
                                     45 ;--------------------------------------------------------
                                     46 	.area _INITIALIZED
                                     47 ;--------------------------------------------------------
                                     48 ; absolute external ram data
                                     49 ;--------------------------------------------------------
                                     50 	.area _DABS (ABS)
                                     51 ;--------------------------------------------------------
                                     52 ; global & static initialisations
                                     53 ;--------------------------------------------------------
                                     54 	.area _HOME
                                     55 	.area _GSINIT
                                     56 	.area _GSFINAL
                                     57 	.area _GSINIT
                                     58 ;--------------------------------------------------------
                                     59 ; Home
                                     60 ;--------------------------------------------------------
                                     61 	.area _HOME
                                     62 	.area _HOME
                                     63 ;--------------------------------------------------------
                                     64 ; code
                                     65 ;--------------------------------------------------------
                                     66 	.area _CODE_255
                           000000    67 	G$Start_SpriteItem$0$0	= .
                                     68 	.globl	G$Start_SpriteItem$0$0
                           000000    69 	C$SpriteItem.c$38$0_0$191	= .
                                     70 	.globl	C$SpriteItem.c$38$0_0$191
                                     71 ;SpriteItem.c:38: void START() {
                                     72 ;	---------------------------------
                                     73 ; Function Start_SpriteItem
                                     74 ; ---------------------------------
      000000                         75 _Start_SpriteItem::
                           000000    76 	C$SpriteItem.c$39$1_0$191	= .
                                     77 	.globl	C$SpriteItem.c$39$1_0$191
                                     78 ;SpriteItem.c:39: struct ItemData* item_data = (struct ItemData*) THIS->custom_data;
      000000 21r00r00         [12]   79 	ld	hl, #_THIS
      000003 2A               [ 8]   80 	ld	a, (hl+)
      000004 4F               [ 4]   81 	ld	c, a
      000005 46               [ 8]   82 	ld	b, (hl)
                           000006    83 	C$SpriteItem.c$40$1_0$191	= .
                                     84 	.globl	C$SpriteItem.c$40$1_0$191
                                     85 ;SpriteItem.c:40: item_data->configured = 0;
      000006 21 1E 00         [12]   86 	ld	hl,#0x1e
      000009 09               [ 8]   87 	add	hl,bc
      00000A 36 00            [12]   88 	ld	(hl), #0x00
                           00000C    89 	C$SpriteItem.c$41$1_0$191	= .
                                     90 	.globl	C$SpriteItem.c$41$1_0$191
                                     91 ;SpriteItem.c:41: THIS->lim_x = 1000;
      00000C 21r00r00         [12]   92 	ld	hl, #_THIS
      00000F 2A               [ 8]   93 	ld	a, (hl+)
      000010 4F               [ 4]   94 	ld	c, a
      000011 46               [ 8]   95 	ld	b, (hl)
      000012 21 15 00         [12]   96 	ld	hl, #0x0015
      000015 09               [ 8]   97 	add	hl, bc
      000016 3E E8            [ 8]   98 	ld	a, #0xe8
      000018 22               [ 8]   99 	ld	(hl+), a
      000019 36 03            [12]  100 	ld	(hl), #0x03
                           00001B   101 	C$SpriteItem.c$42$1_0$191	= .
                                    102 	.globl	C$SpriteItem.c$42$1_0$191
                                    103 ;SpriteItem.c:42: THIS->lim_y = 1000;
      00001B 21r00r00         [12]  104 	ld	hl, #_THIS
      00001E 2A               [ 8]  105 	ld	a, (hl+)
      00001F 4F               [ 4]  106 	ld	c, a
      000020 46               [ 8]  107 	ld	b, (hl)
      000021 21 17 00         [12]  108 	ld	hl, #0x0017
      000024 09               [ 8]  109 	add	hl, bc
      000025 3E E8            [ 8]  110 	ld	a, #0xe8
      000027 22               [ 8]  111 	ld	(hl+), a
      000028 36 03            [12]  112 	ld	(hl), #0x03
                           00002A   113 	C$SpriteItem.c$43$1_0$191	= .
                                    114 	.globl	C$SpriteItem.c$43$1_0$191
                                    115 ;SpriteItem.c:43: }
                           00002A   116 	C$SpriteItem.c$43$1_0$191	= .
                                    117 	.globl	C$SpriteItem.c$43$1_0$191
                           00002A   118 	XG$Start_SpriteItem$0$0	= .
                                    119 	.globl	XG$Start_SpriteItem$0$0
      00002A C9               [16]  120 	ret
                           0000FF   121 G$__bank_SpriteItem$0_0$0 == 0x00ff
                           0000FF   122 ___bank_SpriteItem	=	0x00ff
                           00002B   123 G$a_item_gladio_blink$0_0$0 == .
      00002B                        124 _a_item_gladio_blink:
      00002B 02                     125 	.db #0x02	; 2
      00002C 00                     126 	.db #0x00	; 0
      00002D 01                     127 	.db #0x01	; 1
                           00002E   128 G$a_item_lance_blink$0_0$0 == .
      00002E                        129 _a_item_lance_blink:
      00002E 02                     130 	.db #0x02	; 2
      00002F 00                     131 	.db #0x00	; 0
      000030 02                     132 	.db #0x02	; 2
                           000031   133 G$a_item_flame_blink$0_0$0 == .
      000031                        134 _a_item_flame_blink:
      000031 02                     135 	.db #0x02	; 2
      000032 00                     136 	.db #0x00	; 0
      000033 03                     137 	.db #0x03	; 3
                           000034   138 G$a_item_elmet_blink$0_0$0 == .
      000034                        139 _a_item_elmet_blink:
      000034 02                     140 	.db #0x02	; 2
      000035 00                     141 	.db #0x00	; 0
      000036 04                     142 	.db #0x04	; 4
                           000037   143 G$a_item_shield_blink$0_0$0 == .
      000037                        144 _a_item_shield_blink:
      000037 02                     145 	.db #0x02	; 2
      000038 00                     146 	.db #0x00	; 0
      000039 05                     147 	.db #0x05	; 5
                           00003A   148 G$a_item_cape_blink$0_0$0 == .
      00003A                        149 _a_item_cape_blink:
      00003A 02                     150 	.db #0x02	; 2
      00003B 00                     151 	.db #0x00	; 0
      00003C 06                     152 	.db #0x06	; 6
                           00003D   153 G$a_item_hp$0_0$0 == .
      00003D                        154 _a_item_hp:
      00003D 02                     155 	.db #0x02	; 2
      00003E 00                     156 	.db #0x00	; 0
      00003F 07                     157 	.db #0x07	; 7
                           000040   158 G$a_item_time$0_0$0 == .
      000040                        159 _a_item_time:
      000040 02                     160 	.db #0x02	; 2
      000041 00                     161 	.db #0x00	; 0
      000042 08                     162 	.db #0x08	; 8
                           000043   163 G$a_item_gladio$0_0$0 == .
      000043                        164 _a_item_gladio:
      000043 01                     165 	.db #0x01	; 1
      000044 01                     166 	.db #0x01	; 1
                           000045   167 G$a_item_lance$0_0$0 == .
      000045                        168 _a_item_lance:
      000045 01                     169 	.db #0x01	; 1
      000046 02                     170 	.db #0x02	; 2
                           000047   171 G$a_item_flame$0_0$0 == .
      000047                        172 _a_item_flame:
      000047 01                     173 	.db #0x01	; 1
      000048 03                     174 	.db #0x03	; 3
                           000049   175 G$a_item_elmet$0_0$0 == .
      000049                        176 _a_item_elmet:
      000049 01                     177 	.db #0x01	; 1
      00004A 04                     178 	.db #0x04	; 4
                           00004B   179 G$a_item_shield$0_0$0 == .
      00004B                        180 _a_item_shield:
      00004B 01                     181 	.db #0x01	; 1
      00004C 05                     182 	.db #0x05	; 5
                           00004D   183 G$a_item_cape$0_0$0 == .
      00004D                        184 _a_item_cape:
      00004D 01                     185 	.db #0x01	; 1
      00004E 06                     186 	.db #0x06	; 6
                           00004F   187 	G$Update_SpriteItem$0$0	= .
                                    188 	.globl	G$Update_SpriteItem$0$0
                           00004F   189 	C$SpriteItem.c$45$1_0$192	= .
                                    190 	.globl	C$SpriteItem.c$45$1_0$192
                                    191 ;SpriteItem.c:45: void UPDATE() {
                                    192 ;	---------------------------------
                                    193 ; Function Update_SpriteItem
                                    194 ; ---------------------------------
      00004F                        195 _Update_SpriteItem::
      00004F E8 F7            [16]  196 	add	sp, #-9
                           000051   197 	C$SpriteItem.c$46$1_0$192	= .
                                    198 	.globl	C$SpriteItem.c$46$1_0$192
                                    199 ;SpriteItem.c:46: struct ItemData* item_data = (struct ItemData*) THIS->custom_data;
      000051 FAr00r00         [16]  200 	ld	a, (#_THIS)
      000054 F8 00            [12]  201 	ldhl	sp,	#0
      000056 77               [ 8]  202 	ld	(hl), a
      000057 FAr01r00         [16]  203 	ld	a, (#_THIS + 1)
      00005A F8 01            [12]  204 	ldhl	sp,	#1
      00005C 77               [ 8]  205 	ld	(hl), a
      00005D D1               [12]  206 	pop	de
      00005E D5               [16]  207 	push	de
      00005F 21 1B 00         [12]  208 	ld	hl, #0x001b
      000062 19               [ 8]  209 	add	hl, de
      000063 4D               [ 4]  210 	ld	c, l
      000064 44               [ 4]  211 	ld	b, h
                           000065   212 	C$SpriteItem.c$47$1_0$192	= .
                                    213 	.globl	C$SpriteItem.c$47$1_0$192
                                    214 ;SpriteItem.c:47: switch(item_data->configured){
      000065 21 03 00         [12]  215 	ld	hl, #0x0003
      000068 09               [ 8]  216 	add	hl, bc
      000069 E5               [16]  217 	push	hl
      00006A 7D               [ 4]  218 	ld	a, l
      00006B F8 04            [12]  219 	ldhl	sp,	#4
      00006D 77               [ 8]  220 	ld	(hl), a
      00006E E1               [12]  221 	pop	hl
      00006F 7C               [ 4]  222 	ld	a, h
      000070 F8 03            [12]  223 	ldhl	sp,	#3
      000072 32               [ 8]  224 	ld	(hl-), a
      000073 2A               [ 8]  225 	ld	a, (hl+)
      000074 5F               [ 4]  226 	ld	e, a
      000075 2A               [ 8]  227 	ld	a, (hl+)
      000076 57               [ 4]  228 	ld	d, a
      000077 1A               [ 8]  229 	ld	a, (de)
      000078 77               [ 8]  230 	ld	(hl), a
      000079 B7               [ 4]  231 	or	a, a
      00007A CAr9Er03         [16]  232 	jp	Z,00137$
                           00007D   233 	C$SpriteItem.c$50$1_0$192	= .
                                    234 	.globl	C$SpriteItem.c$50$1_0$192
                                    235 ;SpriteItem.c:50: switch(item_data->itemtype){
      00007D 21 04 00         [12]  236 	ld	hl, #0x0004
      000080 09               [ 8]  237 	add	hl, bc
      000081 5D               [ 4]  238 	ld	e, l
      000082 54               [ 4]  239 	ld	d, h
                           000083   240 	C$SpriteItem.c$47$1_0$192	= .
                                    241 	.globl	C$SpriteItem.c$47$1_0$192
                                    242 ;SpriteItem.c:47: switch(item_data->configured){
      000083 F8 04            [12]  243 	ldhl	sp,	#4
      000085 7E               [ 8]  244 	ld	a, (hl)
      000086 3D               [ 4]  245 	dec	a
      000087 28 2E            [12]  246 	jr	Z, 00102$
                           000089   247 	C$SpriteItem.c$82$1_0$192	= .
                                    248 	.globl	C$SpriteItem.c$82$1_0$192
                                    249 ;SpriteItem.c:82: item_data->hp = 4;
      000089 21 02 00         [12]  250 	ld	hl, #0x0002
      00008C 09               [ 8]  251 	add	hl, bc
      00008D E5               [16]  252 	push	hl
      00008E 7D               [ 4]  253 	ld	a, l
      00008F F8 07            [12]  254 	ldhl	sp,	#7
      000091 77               [ 8]  255 	ld	(hl), a
      000092 E1               [12]  256 	pop	hl
      000093 7C               [ 4]  257 	ld	a, h
      000094 F8 06            [12]  258 	ldhl	sp,	#6
      000096 77               [ 8]  259 	ld	(hl), a
                           000097   260 	C$SpriteItem.c$85$1_0$192	= .
                                    261 	.globl	C$SpriteItem.c$85$1_0$192
                                    262 ;SpriteItem.c:85: item_data->vy = 0;
      000097 69               [ 4]  263 	ld	l, c
      000098 60               [ 4]  264 	ld	h, b
      000099 23               [ 8]  265 	inc	hl
      00009A E5               [16]  266 	push	hl
      00009B 7D               [ 4]  267 	ld	a, l
      00009C F8 09            [12]  268 	ldhl	sp,	#9
      00009E 77               [ 8]  269 	ld	(hl), a
      00009F E1               [12]  270 	pop	hl
      0000A0 7C               [ 4]  271 	ld	a, h
      0000A1 F8 08            [12]  272 	ldhl	sp,	#8
      0000A3 77               [ 8]  273 	ld	(hl), a
                           0000A4   274 	C$SpriteItem.c$47$1_0$192	= .
                                    275 	.globl	C$SpriteItem.c$47$1_0$192
                                    276 ;SpriteItem.c:47: switch(item_data->configured){
      0000A4 F8 04            [12]  277 	ldhl	sp,	#4
      0000A6 7E               [ 8]  278 	ld	a, (hl)
      0000A7 D6 03            [ 8]  279 	sub	a, #0x03
      0000A9 CAr81r01         [16]  280 	jp	Z,00112$
      0000AC F8 04            [12]  281 	ldhl	sp,	#4
      0000AE 7E               [ 8]  282 	ld	a, (hl)
      0000AF D6 04            [ 8]  283 	sub	a, #0x04
      0000B1 CAr79r02         [16]  284 	jp	Z,00125$
                           0000B4   285 	C$SpriteItem.c$48$2_0$193	= .
                                    286 	.globl	C$SpriteItem.c$48$2_0$193
                                    287 ;SpriteItem.c:48: case 0: return; break;
      0000B4 C3r9Er03         [16]  288 	jp	00137$
                           0000B7   289 	C$SpriteItem.c$49$2_0$193	= .
                                    290 	.globl	C$SpriteItem.c$49$2_0$193
                                    291 ;SpriteItem.c:49: case 1://set animation
      0000B7                        292 00102$:
                           0000B7   293 	C$SpriteItem.c$50$2_0$193	= .
                                    294 	.globl	C$SpriteItem.c$50$2_0$193
                                    295 ;SpriteItem.c:50: switch(item_data->itemtype){
      0000B7 1A               [ 8]  296 	ld	a, (de)
      0000B8 4F               [ 4]  297 	ld	c, a
      0000B9 D6 03            [ 8]  298 	sub	a, #0x03
      0000BB DAr77r01         [16]  299 	jp	C, 00111$
      0000BE 3E 0A            [ 8]  300 	ld	a, #0x0a
      0000C0 91               [ 4]  301 	sub	a, c
      0000C1 DAr77r01         [16]  302 	jp	C, 00111$
      0000C4 79               [ 4]  303 	ld	a, c
      0000C5 C6 FD            [ 8]  304 	add	a, #0xfd
      0000C7 4F               [ 4]  305 	ld	c, a
      0000C8 06 00            [ 8]  306 	ld	b, #0x00
      0000CA 21rD1r00         [12]  307 	ld	hl, #00283$
      0000CD 09               [ 8]  308 	add	hl, bc
      0000CE 09               [ 8]  309 	add	hl, bc
      0000CF 09               [ 8]  310 	add	hl, bc
      0000D0 E9               [ 4]  311 	jp	(hl)
      0000D1                        312 00283$:
      0000D1 C3rE9r00         [16]  313 	jp	00103$
      0000D4 C3rFBr00         [16]  314 	jp	00104$
      0000D7 C3r0Dr01         [16]  315 	jp	00105$
      0000DA C3r1Fr01         [16]  316 	jp	00106$
      0000DD C3r31r01         [16]  317 	jp	00107$
      0000E0 C3r43r01         [16]  318 	jp	00108$
      0000E3 C3r55r01         [16]  319 	jp	00109$
      0000E6 C3r67r01         [16]  320 	jp	00110$
                           0000E9   321 	C$SpriteItem.c$51$3_0$194	= .
                                    322 	.globl	C$SpriteItem.c$51$3_0$194
                                    323 ;SpriteItem.c:51: case GLADIO:
      0000E9                        324 00103$:
                           0000E9   325 	C$SpriteItem.c$52$3_0$194	= .
                                    326 	.globl	C$SpriteItem.c$52$3_0$194
                                    327 ;SpriteItem.c:52: SetSpriteAnim(THIS, a_item_gladio_blink, 24);
      0000E9 3E 18            [ 8]  328 	ld	a, #0x18
      0000EB F5               [16]  329 	push	af
      0000EC 33               [ 8]  330 	inc	sp
      0000ED 01r2Br00         [12]  331 	ld	bc, #_a_item_gladio_blink
      0000F0 21r00r00         [12]  332 	ld	hl, #_THIS
      0000F3 2A               [ 8]  333 	ld	a, (hl+)
      0000F4 5F               [ 4]  334 	ld	e, a
      0000F5 56               [ 8]  335 	ld	d, (hl)
      0000F6 CDr00r00         [24]  336 	call	_SetSpriteAnim
                           0000F9   337 	C$SpriteItem.c$53$3_0$194	= .
                                    338 	.globl	C$SpriteItem.c$53$3_0$194
                                    339 ;SpriteItem.c:53: break;
      0000F9 18 7C            [12]  340 	jr	00111$
                           0000FB   341 	C$SpriteItem.c$54$3_0$194	= .
                                    342 	.globl	C$SpriteItem.c$54$3_0$194
                                    343 ;SpriteItem.c:54: case LANCE:
      0000FB                        344 00104$:
                           0000FB   345 	C$SpriteItem.c$55$3_0$194	= .
                                    346 	.globl	C$SpriteItem.c$55$3_0$194
                                    347 ;SpriteItem.c:55: SetSpriteAnim(THIS, a_item_lance_blink, 24);
      0000FB 3E 18            [ 8]  348 	ld	a, #0x18
      0000FD F5               [16]  349 	push	af
      0000FE 33               [ 8]  350 	inc	sp
      0000FF 01r2Er00         [12]  351 	ld	bc, #_a_item_lance_blink
      000102 21r00r00         [12]  352 	ld	hl, #_THIS
      000105 2A               [ 8]  353 	ld	a, (hl+)
      000106 5F               [ 4]  354 	ld	e, a
      000107 56               [ 8]  355 	ld	d, (hl)
      000108 CDr00r00         [24]  356 	call	_SetSpriteAnim
                           00010B   357 	C$SpriteItem.c$56$3_0$194	= .
                                    358 	.globl	C$SpriteItem.c$56$3_0$194
                                    359 ;SpriteItem.c:56: break;
      00010B 18 6A            [12]  360 	jr	00111$
                           00010D   361 	C$SpriteItem.c$57$3_0$194	= .
                                    362 	.globl	C$SpriteItem.c$57$3_0$194
                                    363 ;SpriteItem.c:57: case FLAME:
      00010D                        364 00105$:
                           00010D   365 	C$SpriteItem.c$58$3_0$194	= .
                                    366 	.globl	C$SpriteItem.c$58$3_0$194
                                    367 ;SpriteItem.c:58: SetSpriteAnim(THIS, a_item_flame_blink, 24);
      00010D 3E 18            [ 8]  368 	ld	a, #0x18
      00010F F5               [16]  369 	push	af
      000110 33               [ 8]  370 	inc	sp
      000111 01r31r00         [12]  371 	ld	bc, #_a_item_flame_blink
      000114 21r00r00         [12]  372 	ld	hl, #_THIS
      000117 2A               [ 8]  373 	ld	a, (hl+)
      000118 5F               [ 4]  374 	ld	e, a
      000119 56               [ 8]  375 	ld	d, (hl)
      00011A CDr00r00         [24]  376 	call	_SetSpriteAnim
                           00011D   377 	C$SpriteItem.c$59$3_0$194	= .
                                    378 	.globl	C$SpriteItem.c$59$3_0$194
                                    379 ;SpriteItem.c:59: break;
      00011D 18 58            [12]  380 	jr	00111$
                           00011F   381 	C$SpriteItem.c$60$3_0$194	= .
                                    382 	.globl	C$SpriteItem.c$60$3_0$194
                                    383 ;SpriteItem.c:60: case ELMET:
      00011F                        384 00106$:
                           00011F   385 	C$SpriteItem.c$61$3_0$194	= .
                                    386 	.globl	C$SpriteItem.c$61$3_0$194
                                    387 ;SpriteItem.c:61: SetSpriteAnim(THIS, a_item_elmet_blink, 24);
      00011F 3E 18            [ 8]  388 	ld	a, #0x18
      000121 F5               [16]  389 	push	af
      000122 33               [ 8]  390 	inc	sp
      000123 01r34r00         [12]  391 	ld	bc, #_a_item_elmet_blink
      000126 21r00r00         [12]  392 	ld	hl, #_THIS
      000129 2A               [ 8]  393 	ld	a, (hl+)
      00012A 5F               [ 4]  394 	ld	e, a
      00012B 56               [ 8]  395 	ld	d, (hl)
      00012C CDr00r00         [24]  396 	call	_SetSpriteAnim
                           00012F   397 	C$SpriteItem.c$62$3_0$194	= .
                                    398 	.globl	C$SpriteItem.c$62$3_0$194
                                    399 ;SpriteItem.c:62: break;
      00012F 18 46            [12]  400 	jr	00111$
                           000131   401 	C$SpriteItem.c$63$3_0$194	= .
                                    402 	.globl	C$SpriteItem.c$63$3_0$194
                                    403 ;SpriteItem.c:63: case SHIELD:
      000131                        404 00107$:
                           000131   405 	C$SpriteItem.c$64$3_0$194	= .
                                    406 	.globl	C$SpriteItem.c$64$3_0$194
                                    407 ;SpriteItem.c:64: SetSpriteAnim(THIS, a_item_shield_blink, 24);
      000131 3E 18            [ 8]  408 	ld	a, #0x18
      000133 F5               [16]  409 	push	af
      000134 33               [ 8]  410 	inc	sp
      000135 01r37r00         [12]  411 	ld	bc, #_a_item_shield_blink
      000138 21r00r00         [12]  412 	ld	hl, #_THIS
      00013B 2A               [ 8]  413 	ld	a, (hl+)
      00013C 5F               [ 4]  414 	ld	e, a
      00013D 56               [ 8]  415 	ld	d, (hl)
      00013E CDr00r00         [24]  416 	call	_SetSpriteAnim
                           000141   417 	C$SpriteItem.c$65$3_0$194	= .
                                    418 	.globl	C$SpriteItem.c$65$3_0$194
                                    419 ;SpriteItem.c:65: break;
      000141 18 34            [12]  420 	jr	00111$
                           000143   421 	C$SpriteItem.c$66$3_0$194	= .
                                    422 	.globl	C$SpriteItem.c$66$3_0$194
                                    423 ;SpriteItem.c:66: case CAPE:
      000143                        424 00108$:
                           000143   425 	C$SpriteItem.c$67$3_0$194	= .
                                    426 	.globl	C$SpriteItem.c$67$3_0$194
                                    427 ;SpriteItem.c:67: SetSpriteAnim(THIS, a_item_cape_blink, 24);
      000143 3E 18            [ 8]  428 	ld	a, #0x18
      000145 F5               [16]  429 	push	af
      000146 33               [ 8]  430 	inc	sp
      000147 01r3Ar00         [12]  431 	ld	bc, #_a_item_cape_blink
      00014A 21r00r00         [12]  432 	ld	hl, #_THIS
      00014D 2A               [ 8]  433 	ld	a, (hl+)
      00014E 5F               [ 4]  434 	ld	e, a
      00014F 56               [ 8]  435 	ld	d, (hl)
      000150 CDr00r00         [24]  436 	call	_SetSpriteAnim
                           000153   437 	C$SpriteItem.c$68$3_0$194	= .
                                    438 	.globl	C$SpriteItem.c$68$3_0$194
                                    439 ;SpriteItem.c:68: break;
      000153 18 22            [12]  440 	jr	00111$
                           000155   441 	C$SpriteItem.c$69$3_0$194	= .
                                    442 	.globl	C$SpriteItem.c$69$3_0$194
                                    443 ;SpriteItem.c:69: case HP:
      000155                        444 00109$:
                           000155   445 	C$SpriteItem.c$70$3_0$194	= .
                                    446 	.globl	C$SpriteItem.c$70$3_0$194
                                    447 ;SpriteItem.c:70: SetSpriteAnim(THIS, a_item_hp, 64);
      000155 3E 40            [ 8]  448 	ld	a, #0x40
      000157 F5               [16]  449 	push	af
      000158 33               [ 8]  450 	inc	sp
      000159 01r3Dr00         [12]  451 	ld	bc, #_a_item_hp
      00015C 21r00r00         [12]  452 	ld	hl, #_THIS
      00015F 2A               [ 8]  453 	ld	a, (hl+)
      000160 5F               [ 4]  454 	ld	e, a
      000161 56               [ 8]  455 	ld	d, (hl)
      000162 CDr00r00         [24]  456 	call	_SetSpriteAnim
                           000165   457 	C$SpriteItem.c$71$3_0$194	= .
                                    458 	.globl	C$SpriteItem.c$71$3_0$194
                                    459 ;SpriteItem.c:71: break;
      000165 18 10            [12]  460 	jr	00111$
                           000167   461 	C$SpriteItem.c$72$3_0$194	= .
                                    462 	.globl	C$SpriteItem.c$72$3_0$194
                                    463 ;SpriteItem.c:72: case TIME:
      000167                        464 00110$:
                           000167   465 	C$SpriteItem.c$73$3_0$194	= .
                                    466 	.globl	C$SpriteItem.c$73$3_0$194
                                    467 ;SpriteItem.c:73: SetSpriteAnim(THIS, a_item_time, 64);
      000167 3E 40            [ 8]  468 	ld	a, #0x40
      000169 F5               [16]  469 	push	af
      00016A 33               [ 8]  470 	inc	sp
      00016B 01r40r00         [12]  471 	ld	bc, #_a_item_time
      00016E 21r00r00         [12]  472 	ld	hl, #_THIS
      000171 2A               [ 8]  473 	ld	a, (hl+)
      000172 5F               [ 4]  474 	ld	e, a
      000173 56               [ 8]  475 	ld	d, (hl)
      000174 CDr00r00         [24]  476 	call	_SetSpriteAnim
                           000177   477 	C$SpriteItem.c$75$2_0$193	= .
                                    478 	.globl	C$SpriteItem.c$75$2_0$193
                                    479 ;SpriteItem.c:75: }
      000177                        480 00111$:
                           000177   481 	C$SpriteItem.c$76$2_0$193	= .
                                    482 	.globl	C$SpriteItem.c$76$2_0$193
                                    483 ;SpriteItem.c:76: item_data->configured = 2;
      000177 F8 02            [12]  484 	ldhl	sp,	#2
      000179 2A               [ 8]  485 	ld	a,	(hl+)
      00017A 66               [ 8]  486 	ld	h, (hl)
      00017B 6F               [ 4]  487 	ld	l, a
      00017C 36 02            [12]  488 	ld	(hl), #0x02
                           00017E   489 	C$SpriteItem.c$77$2_0$193	= .
                                    490 	.globl	C$SpriteItem.c$77$2_0$193
                                    491 ;SpriteItem.c:77: break;
      00017E C3r9Er03         [16]  492 	jp	00137$
                           000181   493 	C$SpriteItem.c$78$2_0$193	= .
                                    494 	.globl	C$SpriteItem.c$78$2_0$193
                                    495 ;SpriteItem.c:78: case 3://using the weapon!
      000181                        496 00112$:
                           000181   497 	C$SpriteItem.c$79$2_0$193	= .
                                    498 	.globl	C$SpriteItem.c$79$2_0$193
                                    499 ;SpriteItem.c:79: switch(item_data->itemtype){
      000181 1A               [ 8]  500 	ld	a, (de)
      000182 FE 03            [ 8]  501 	cp	a, #0x03
      000184 28 1B            [12]  502 	jr	Z, 00113$
      000186 FE 04            [ 8]  503 	cp	a, #0x04
      000188 28 62            [12]  504 	jr	Z, 00119$
      00018A FE 05            [ 8]  505 	cp	a, #0x05
      00018C CAr0Dr02         [16]  506 	jp	Z,00120$
      00018F FE 06            [ 8]  507 	cp	a, #0x06
      000191 CAr26r02         [16]  508 	jp	Z,00121$
      000194 FE 07            [ 8]  509 	cp	a, #0x07
      000196 CAr3Fr02         [16]  510 	jp	Z,00122$
      000199 D6 08            [ 8]  511 	sub	a, #0x08
      00019B CAr58r02         [16]  512 	jp	Z,00123$
      00019E C3r6Fr02         [16]  513 	jp	00124$
                           0001A1   514 	C$SpriteItem.c$80$3_0$195	= .
                                    515 	.globl	C$SpriteItem.c$80$3_0$195
                                    516 ;SpriteItem.c:80: case GLADIO:
      0001A1                        517 00113$:
                           0001A1   518 	C$SpriteItem.c$81$3_0$195	= .
                                    519 	.globl	C$SpriteItem.c$81$3_0$195
                                    520 ;SpriteItem.c:81: SetSpriteAnim(THIS, a_item_gladio, 32);
      0001A1 C5               [16]  521 	push	bc
      0001A2 3E 20            [ 8]  522 	ld	a, #0x20
      0001A4 F5               [16]  523 	push	af
      0001A5 33               [ 8]  524 	inc	sp
      0001A6 01r43r00         [12]  525 	ld	bc, #_a_item_gladio
      0001A9 21r00r00         [12]  526 	ld	hl, #_THIS
      0001AC 2A               [ 8]  527 	ld	a, (hl+)
      0001AD 5F               [ 4]  528 	ld	e, a
      0001AE 56               [ 8]  529 	ld	d, (hl)
      0001AF CDr00r00         [24]  530 	call	_SetSpriteAnim
      0001B2 C1               [12]  531 	pop	bc
                           0001B3   532 	C$SpriteItem.c$82$3_0$195	= .
                                    533 	.globl	C$SpriteItem.c$82$3_0$195
                                    534 ;SpriteItem.c:82: item_data->hp = 4;
      0001B3 F8 05            [12]  535 	ldhl	sp,	#5
      0001B5 2A               [ 8]  536 	ld	a,	(hl+)
      0001B6 66               [ 8]  537 	ld	h, (hl)
      0001B7 6F               [ 4]  538 	ld	l, a
      0001B8 36 04            [12]  539 	ld	(hl), #0x04
                           0001BA   540 	C$SpriteItem.c$83$3_0$195	= .
                                    541 	.globl	C$SpriteItem.c$83$3_0$195
                                    542 ;SpriteItem.c:83: if(vx > 0){ item_data->vx = 1;}
      0001BA 21r00r00         [12]  543 	ld	hl, #_vx
      0001BD 5E               [ 8]  544 	ld	e, (hl)
      0001BE AF               [ 4]  545 	xor	a, a
      0001BF 57               [ 4]  546 	ld	d, a
      0001C0 96               [ 8]  547 	sub	a, (hl)
      0001C1 CB 7B            [ 8]  548 	bit	7, e
      0001C3 28 07            [12]  549 	jr	Z, 00290$
      0001C5 CB 7A            [ 8]  550 	bit	7, d
      0001C7 20 08            [12]  551 	jr	NZ, 00291$
      0001C9 BF               [ 4]  552 	cp	a, a
      0001CA 18 05            [12]  553 	jr	00291$
      0001CC                        554 00290$:
      0001CC CB 7A            [ 8]  555 	bit	7, d
      0001CE 28 01            [12]  556 	jr	Z, 00291$
      0001D0 37               [ 4]  557 	scf
      0001D1                        558 00291$:
      0001D1 30 05            [12]  559 	jr	NC, 00117$
      0001D3 3E 01            [ 8]  560 	ld	a, #0x01
      0001D5 02               [ 8]  561 	ld	(bc), a
      0001D6 18 0A            [12]  562 	jr	00118$
      0001D8                        563 00117$:
                           0001D8   564 	C$SpriteItem.c$84$3_0$195	= .
                                    565 	.globl	C$SpriteItem.c$84$3_0$195
                                    566 ;SpriteItem.c:84: else if(vx < 0) {item_data->vx = -1;}
      0001D8 FAr00r00         [16]  567 	ld	a, (#_vx)
      0001DB CB 7F            [ 8]  568 	bit	7, a
      0001DD 28 03            [12]  569 	jr	Z, 00118$
      0001DF 3E FF            [ 8]  570 	ld	a, #0xff
      0001E1 02               [ 8]  571 	ld	(bc), a
      0001E2                        572 00118$:
                           0001E2   573 	C$SpriteItem.c$85$3_0$195	= .
                                    574 	.globl	C$SpriteItem.c$85$3_0$195
                                    575 ;SpriteItem.c:85: item_data->vy = 0;
      0001E2 F8 07            [12]  576 	ldhl	sp,	#7
      0001E4 2A               [ 8]  577 	ld	a,	(hl+)
      0001E5 66               [ 8]  578 	ld	h, (hl)
      0001E6 6F               [ 4]  579 	ld	l, a
      0001E7 36 00            [12]  580 	ld	(hl), #0x00
                           0001E9   581 	C$SpriteItem.c$86$3_0$195	= .
                                    582 	.globl	C$SpriteItem.c$86$3_0$195
                                    583 ;SpriteItem.c:86: break;
      0001E9 C3r6Fr02         [16]  584 	jp	00124$
                           0001EC   585 	C$SpriteItem.c$87$3_0$195	= .
                                    586 	.globl	C$SpriteItem.c$87$3_0$195
                                    587 ;SpriteItem.c:87: case LANCE:
      0001EC                        588 00119$:
                           0001EC   589 	C$SpriteItem.c$88$3_0$195	= .
                                    590 	.globl	C$SpriteItem.c$88$3_0$195
                                    591 ;SpriteItem.c:88: SetSpriteAnim(THIS, a_item_lance, 32);
      0001EC C5               [16]  592 	push	bc
      0001ED 3E 20            [ 8]  593 	ld	a, #0x20
      0001EF F5               [16]  594 	push	af
      0001F0 33               [ 8]  595 	inc	sp
      0001F1 01r45r00         [12]  596 	ld	bc, #_a_item_lance
      0001F4 21r00r00         [12]  597 	ld	hl, #_THIS
      0001F7 2A               [ 8]  598 	ld	a, (hl+)
      0001F8 5F               [ 4]  599 	ld	e, a
      0001F9 56               [ 8]  600 	ld	d, (hl)
      0001FA CDr00r00         [24]  601 	call	_SetSpriteAnim
      0001FD C1               [12]  602 	pop	bc
                           0001FE   603 	C$SpriteItem.c$89$3_0$195	= .
                                    604 	.globl	C$SpriteItem.c$89$3_0$195
                                    605 ;SpriteItem.c:89: item_data->vx = vx;
      0001FE FAr00r00         [16]  606 	ld	a, (#_vx)
      000201 02               [ 8]  607 	ld	(bc), a
                           000202   608 	C$SpriteItem.c$90$3_0$195	= .
                                    609 	.globl	C$SpriteItem.c$90$3_0$195
                                    610 ;SpriteItem.c:90: item_data->vy = vy;
      000202 F8 07            [12]  611 	ldhl	sp,#7
      000204 2A               [ 8]  612 	ld	a, (hl+)
      000205 5F               [ 4]  613 	ld	e, a
      000206 56               [ 8]  614 	ld	d, (hl)
      000207 FAr00r00         [16]  615 	ld	a, (#_vy)
      00020A 12               [ 8]  616 	ld	(de), a
                           00020B   617 	C$SpriteItem.c$91$3_0$195	= .
                                    618 	.globl	C$SpriteItem.c$91$3_0$195
                                    619 ;SpriteItem.c:91: break;
      00020B 18 62            [12]  620 	jr	00124$
                           00020D   621 	C$SpriteItem.c$92$3_0$195	= .
                                    622 	.globl	C$SpriteItem.c$92$3_0$195
                                    623 ;SpriteItem.c:92: case FLAME:
      00020D                        624 00120$:
                           00020D   625 	C$SpriteItem.c$93$3_0$195	= .
                                    626 	.globl	C$SpriteItem.c$93$3_0$195
                                    627 ;SpriteItem.c:93: SetSpriteAnim(THIS, a_item_flame, 32);
      00020D 3E 20            [ 8]  628 	ld	a, #0x20
      00020F F5               [16]  629 	push	af
      000210 33               [ 8]  630 	inc	sp
      000211 01r47r00         [12]  631 	ld	bc, #_a_item_flame
      000214 21r00r00         [12]  632 	ld	hl, #_THIS
      000217 2A               [ 8]  633 	ld	a, (hl+)
      000218 5F               [ 4]  634 	ld	e, a
      000219 56               [ 8]  635 	ld	d, (hl)
      00021A CDr00r00         [24]  636 	call	_SetSpriteAnim
                           00021D   637 	C$SpriteItem.c$94$3_0$195	= .
                                    638 	.globl	C$SpriteItem.c$94$3_0$195
                                    639 ;SpriteItem.c:94: item_data->hp = 80;
      00021D F8 05            [12]  640 	ldhl	sp,	#5
      00021F 2A               [ 8]  641 	ld	a,	(hl+)
      000220 66               [ 8]  642 	ld	h, (hl)
      000221 6F               [ 4]  643 	ld	l, a
      000222 36 50            [12]  644 	ld	(hl), #0x50
                           000224   645 	C$SpriteItem.c$95$3_0$195	= .
                                    646 	.globl	C$SpriteItem.c$95$3_0$195
                                    647 ;SpriteItem.c:95: break;
      000224 18 49            [12]  648 	jr	00124$
                           000226   649 	C$SpriteItem.c$96$3_0$195	= .
                                    650 	.globl	C$SpriteItem.c$96$3_0$195
                                    651 ;SpriteItem.c:96: case ELMET:
      000226                        652 00121$:
                           000226   653 	C$SpriteItem.c$97$3_0$195	= .
                                    654 	.globl	C$SpriteItem.c$97$3_0$195
                                    655 ;SpriteItem.c:97: SetSpriteAnim(THIS, a_item_elmet, 32);
      000226 3E 20            [ 8]  656 	ld	a, #0x20
      000228 F5               [16]  657 	push	af
      000229 33               [ 8]  658 	inc	sp
      00022A 01r49r00         [12]  659 	ld	bc, #_a_item_elmet
      00022D 21r00r00         [12]  660 	ld	hl, #_THIS
      000230 2A               [ 8]  661 	ld	a, (hl+)
      000231 5F               [ 4]  662 	ld	e, a
      000232 56               [ 8]  663 	ld	d, (hl)
      000233 CDr00r00         [24]  664 	call	_SetSpriteAnim
                           000236   665 	C$SpriteItem.c$98$3_0$195	= .
                                    666 	.globl	C$SpriteItem.c$98$3_0$195
                                    667 ;SpriteItem.c:98: item_data->hp = 80;
      000236 F8 05            [12]  668 	ldhl	sp,	#5
      000238 2A               [ 8]  669 	ld	a,	(hl+)
      000239 66               [ 8]  670 	ld	h, (hl)
      00023A 6F               [ 4]  671 	ld	l, a
      00023B 36 50            [12]  672 	ld	(hl), #0x50
                           00023D   673 	C$SpriteItem.c$99$3_0$195	= .
                                    674 	.globl	C$SpriteItem.c$99$3_0$195
                                    675 ;SpriteItem.c:99: break;
      00023D 18 30            [12]  676 	jr	00124$
                           00023F   677 	C$SpriteItem.c$100$3_0$195	= .
                                    678 	.globl	C$SpriteItem.c$100$3_0$195
                                    679 ;SpriteItem.c:100: case SHIELD:
      00023F                        680 00122$:
                           00023F   681 	C$SpriteItem.c$101$3_0$195	= .
                                    682 	.globl	C$SpriteItem.c$101$3_0$195
                                    683 ;SpriteItem.c:101: SetSpriteAnim(THIS, a_item_shield, 32);
      00023F 3E 20            [ 8]  684 	ld	a, #0x20
      000241 F5               [16]  685 	push	af
      000242 33               [ 8]  686 	inc	sp
      000243 01r4Br00         [12]  687 	ld	bc, #_a_item_shield
      000246 21r00r00         [12]  688 	ld	hl, #_THIS
      000249 2A               [ 8]  689 	ld	a, (hl+)
      00024A 5F               [ 4]  690 	ld	e, a
      00024B 56               [ 8]  691 	ld	d, (hl)
      00024C CDr00r00         [24]  692 	call	_SetSpriteAnim
                           00024F   693 	C$SpriteItem.c$102$3_0$195	= .
                                    694 	.globl	C$SpriteItem.c$102$3_0$195
                                    695 ;SpriteItem.c:102: item_data->hp = 80;
      00024F F8 05            [12]  696 	ldhl	sp,	#5
      000251 2A               [ 8]  697 	ld	a,	(hl+)
      000252 66               [ 8]  698 	ld	h, (hl)
      000253 6F               [ 4]  699 	ld	l, a
      000254 36 50            [12]  700 	ld	(hl), #0x50
                           000256   701 	C$SpriteItem.c$103$3_0$195	= .
                                    702 	.globl	C$SpriteItem.c$103$3_0$195
                                    703 ;SpriteItem.c:103: break;
      000256 18 17            [12]  704 	jr	00124$
                           000258   705 	C$SpriteItem.c$104$3_0$195	= .
                                    706 	.globl	C$SpriteItem.c$104$3_0$195
                                    707 ;SpriteItem.c:104: case CAPE:
      000258                        708 00123$:
                           000258   709 	C$SpriteItem.c$105$3_0$195	= .
                                    710 	.globl	C$SpriteItem.c$105$3_0$195
                                    711 ;SpriteItem.c:105: SetSpriteAnim(THIS, a_item_cape, 32);
      000258 3E 20            [ 8]  712 	ld	a, #0x20
      00025A F5               [16]  713 	push	af
      00025B 33               [ 8]  714 	inc	sp
      00025C 01r4Dr00         [12]  715 	ld	bc, #_a_item_cape
      00025F 21r00r00         [12]  716 	ld	hl, #_THIS
      000262 2A               [ 8]  717 	ld	a, (hl+)
      000263 5F               [ 4]  718 	ld	e, a
      000264 56               [ 8]  719 	ld	d, (hl)
      000265 CDr00r00         [24]  720 	call	_SetSpriteAnim
                           000268   721 	C$SpriteItem.c$106$3_0$195	= .
                                    722 	.globl	C$SpriteItem.c$106$3_0$195
                                    723 ;SpriteItem.c:106: item_data->hp = 80;
      000268 F8 05            [12]  724 	ldhl	sp,	#5
      00026A 2A               [ 8]  725 	ld	a,	(hl+)
      00026B 66               [ 8]  726 	ld	h, (hl)
      00026C 6F               [ 4]  727 	ld	l, a
      00026D 36 50            [12]  728 	ld	(hl), #0x50
                           00026F   729 	C$SpriteItem.c$108$2_0$193	= .
                                    730 	.globl	C$SpriteItem.c$108$2_0$193
                                    731 ;SpriteItem.c:108: }
      00026F                        732 00124$:
                           00026F   733 	C$SpriteItem.c$109$2_0$193	= .
                                    734 	.globl	C$SpriteItem.c$109$2_0$193
                                    735 ;SpriteItem.c:109: item_data->configured = 4;
      00026F F8 02            [12]  736 	ldhl	sp,	#2
      000271 2A               [ 8]  737 	ld	a,	(hl+)
      000272 66               [ 8]  738 	ld	h, (hl)
      000273 6F               [ 4]  739 	ld	l, a
      000274 36 04            [12]  740 	ld	(hl), #0x04
                           000276   741 	C$SpriteItem.c$110$2_0$193	= .
                                    742 	.globl	C$SpriteItem.c$110$2_0$193
                                    743 ;SpriteItem.c:110: break;
      000276 C3r9Er03         [16]  744 	jp	00137$
                           000279   745 	C$SpriteItem.c$111$2_0$193	= .
                                    746 	.globl	C$SpriteItem.c$111$2_0$193
                                    747 ;SpriteItem.c:111: case 4://weapon in use!
      000279                        748 00125$:
                           000279   749 	C$SpriteItem.c$112$2_0$193	= .
                                    750 	.globl	C$SpriteItem.c$112$2_0$193
                                    751 ;SpriteItem.c:112: switch(item_data->itemtype){
      000279 1A               [ 8]  752 	ld	a, (de)
      00027A FE 03            [ 8]  753 	cp	a, #0x03
      00027C CAr43r03         [16]  754 	jp	Z,00132$
      00027F FE 04            [ 8]  755 	cp	a, #0x04
      000281 CAr10r03         [16]  756 	jp	Z,00131$
      000284 FE 06            [ 8]  757 	cp	a, #0x06
      000286 28 09            [12]  758 	jr	Z, 00128$
      000288 FE 07            [ 8]  759 	cp	a, #0x07
      00028A 28 05            [12]  760 	jr	Z, 00128$
      00028C D6 08            [ 8]  761 	sub	a, #0x08
      00028E C2r9Er03         [16]  762 	jp	NZ,00137$
                           000291   763 	C$SpriteItem.c$115$3_0$198	= .
                                    764 	.globl	C$SpriteItem.c$115$3_0$198
                                    765 ;SpriteItem.c:115: case CAPE:
      000291                        766 00128$:
                           000291   767 	C$SpriteItem.c$116$3_0$198	= .
                                    768 	.globl	C$SpriteItem.c$116$3_0$198
                                    769 ;SpriteItem.c:116: THIS->x = s_horse->x;
      000291 D1               [12]  770 	pop	de
      000292 D5               [16]  771 	push	de
      000293 21 0C 00         [12]  772 	ld	hl, #0x000c
      000296 19               [ 8]  773 	add	hl, de
      000297 E5               [16]  774 	push	hl
      000298 7D               [ 4]  775 	ld	a, l
      000299 F8 09            [12]  776 	ldhl	sp,	#9
      00029B 77               [ 8]  777 	ld	(hl), a
      00029C E1               [12]  778 	pop	hl
      00029D 7C               [ 4]  779 	ld	a, h
      00029E F8 08            [12]  780 	ldhl	sp,	#8
      0002A0 77               [ 8]  781 	ld	(hl), a
      0002A1 21r00r00         [12]  782 	ld	hl, #_s_horse
      0002A4 2A               [ 8]  783 	ld	a, (hl+)
      0002A5 4F               [ 4]  784 	ld	c, a
      0002A6 46               [ 8]  785 	ld	b, (hl)
      0002A7 21 0C 00         [12]  786 	ld	hl, #0x000c
      0002AA 09               [ 8]  787 	add	hl, bc
      0002AB 2A               [ 8]  788 	ld	a, (hl+)
      0002AC 4F               [ 4]  789 	ld	c, a
      0002AD 46               [ 8]  790 	ld	b, (hl)
      0002AE F8 07            [12]  791 	ldhl	sp,	#7
      0002B0 2A               [ 8]  792 	ld	a,	(hl+)
      0002B1 66               [ 8]  793 	ld	h, (hl)
      0002B2 6F               [ 4]  794 	ld	l, a
      0002B3 79               [ 4]  795 	ld	a, c
      0002B4 22               [ 8]  796 	ld	(hl+), a
      0002B5 70               [ 8]  797 	ld	(hl), b
                           0002B6   798 	C$SpriteItem.c$117$3_0$198	= .
                                    799 	.globl	C$SpriteItem.c$117$3_0$198
                                    800 ;SpriteItem.c:117: THIS->y = s_horse->y - 24;
      0002B6 21r00r00         [12]  801 	ld	hl, #_THIS
      0002B9 2A               [ 8]  802 	ld	a, (hl+)
      0002BA 46               [ 8]  803 	ld	b, (hl)
      0002BB C6 0E            [ 8]  804 	add	a, #0x0e
      0002BD 4F               [ 4]  805 	ld	c, a
      0002BE 30 01            [12]  806 	jr	NC, 00298$
      0002C0 04               [ 4]  807 	inc	b
      0002C1                        808 00298$:
      0002C1 21r00r00         [12]  809 	ld	hl, #_s_horse
      0002C4 2A               [ 8]  810 	ld	a, (hl+)
      0002C5 5F               [ 4]  811 	ld	e, a
      0002C6 56               [ 8]  812 	ld	d, (hl)
      0002C7 21 0E 00         [12]  813 	ld	hl, #0x000e
      0002CA 19               [ 8]  814 	add	hl, de
      0002CB 2A               [ 8]  815 	ld	a, (hl+)
      0002CC 6E               [ 8]  816 	ld	l, (hl)
                                    817 ;	spillPairReg hl
      0002CD C6 E8            [ 8]  818 	add	a, #0xe8
      0002CF 5F               [ 4]  819 	ld	e, a
      0002D0 7D               [ 4]  820 	ld	a, l
      0002D1 CE FF            [ 8]  821 	adc	a, #0xff
      0002D3 57               [ 4]  822 	ld	d, a
      0002D4 7B               [ 4]  823 	ld	a, e
      0002D5 02               [ 8]  824 	ld	(bc), a
      0002D6 03               [ 8]  825 	inc	bc
      0002D7 7A               [ 4]  826 	ld	a, d
      0002D8 02               [ 8]  827 	ld	(bc), a
                           0002D9   828 	C$SpriteItem.c$118$3_0$198	= .
                                    829 	.globl	C$SpriteItem.c$118$3_0$198
                                    830 ;SpriteItem.c:118: item_data->hp--;
      0002D9 F8 05            [12]  831 	ldhl	sp,#5
      0002DB 2A               [ 8]  832 	ld	a, (hl+)
      0002DC 5F               [ 4]  833 	ld	e, a
      0002DD 56               [ 8]  834 	ld	d, (hl)
      0002DE 1A               [ 8]  835 	ld	a, (de)
      0002DF 4F               [ 4]  836 	ld	c, a
      0002E0 0D               [ 4]  837 	dec	c
      0002E1 3A               [ 8]  838 	ld	a, (hl-)
      0002E2 6E               [ 8]  839 	ld	l, (hl)
      0002E3 67               [ 4]  840 	ld	h, a
      0002E4 71               [ 8]  841 	ld	(hl), c
                           0002E5   842 	C$SpriteItem.c$119$3_0$198	= .
                                    843 	.globl	C$SpriteItem.c$119$3_0$198
                                    844 ;SpriteItem.c:119: if(item_data->hp <= 0){
      0002E5 59               [ 4]  845 	ld	e, c
      0002E6 AF               [ 4]  846 	xor	a, a
      0002E7 57               [ 4]  847 	ld	d, a
      0002E8 91               [ 4]  848 	sub	a, c
      0002E9 CB 7B            [ 8]  849 	bit	7, e
      0002EB 28 07            [12]  850 	jr	Z, 00299$
      0002ED CB 7A            [ 8]  851 	bit	7, d
      0002EF 20 08            [12]  852 	jr	NZ, 00300$
      0002F1 BF               [ 4]  853 	cp	a, a
      0002F2 18 05            [12]  854 	jr	00300$
      0002F4                        855 00299$:
      0002F4 CB 7A            [ 8]  856 	bit	7, d
      0002F6 28 01            [12]  857 	jr	Z, 00300$
      0002F8 37               [ 4]  858 	scf
      0002F9                        859 00300$:
      0002F9 DAr9Er03         [16]  860 	jp	C, 00137$
                           0002FC   861 	C$SpriteItem.c$120$4_0$199	= .
                                    862 	.globl	C$SpriteItem.c$120$4_0$199
                                    863 ;SpriteItem.c:120: consume_weapon_def();
      0002FC 1Er00            [ 8]  864 	ld	e, #b_consume_weapon_def
      0002FE 21r00r00         [12]  865 	ld	hl, #_consume_weapon_def
      000301 CDr00r00         [24]  866 	call	___sdcc_bcall_ehl
                           000304   867 	C$SpriteItem.c$121$4_0$199	= .
                                    868 	.globl	C$SpriteItem.c$121$4_0$199
                                    869 ;SpriteItem.c:121: SpriteManagerRemoveSprite(THIS);
      000304 21r00r00         [12]  870 	ld	hl, #_THIS
      000307 5E               [ 8]  871 	ld	e, (hl)
      000308 23               [ 8]  872 	inc	hl
      000309 56               [ 8]  873 	ld	d, (hl)
      00030A CDr00r00         [24]  874 	call	_SpriteManagerRemoveSprite
                           00030D   875 	C$SpriteItem.c$123$3_0$198	= .
                                    876 	.globl	C$SpriteItem.c$123$3_0$198
                                    877 ;SpriteItem.c:123: break;
      00030D C3r9Er03         [16]  878 	jp	00137$
                           000310   879 	C$SpriteItem.c$124$3_0$198	= .
                                    880 	.globl	C$SpriteItem.c$124$3_0$198
                                    881 ;SpriteItem.c:124: case LANCE:
      000310                        882 00131$:
                           000310   883 	C$SpriteItem.c$125$3_0$198	= .
                                    884 	.globl	C$SpriteItem.c$125$3_0$198
                                    885 ;SpriteItem.c:125: TranslateSprite(THIS, item_data->vx << delta_time, item_data->vy << delta_time);
      000310 F8 07            [12]  886 	ldhl	sp,#7
      000312 2A               [ 8]  887 	ld	a, (hl+)
      000313 5F               [ 4]  888 	ld	e, a
      000314 56               [ 8]  889 	ld	d, (hl)
      000315 1A               [ 8]  890 	ld	a, (de)
      000316 77               [ 8]  891 	ld	(hl), a
      000317 FAr00r00         [16]  892 	ld	a, (#_delta_time)
      00031A F5               [16]  893 	push	af
      00031B F8 0A            [12]  894 	ldhl	sp,	#10
      00031D 56               [ 8]  895 	ld	d, (hl)
      00031E F1               [12]  896 	pop	af
      00031F 3C               [ 4]  897 	inc	a
      000320 18 02            [12]  898 	jr	00302$
      000322                        899 00301$:
      000322 CB 22            [ 8]  900 	sla	d
      000324                        901 00302$:
      000324 3D               [ 4]  902 	dec	a
      000325 20 FB            [12]  903 	jr	NZ,00301$
      000327 0A               [ 8]  904 	ld	a, (bc)
      000328 21r00r00         [12]  905 	ld	hl, #_delta_time
      00032B 46               [ 8]  906 	ld	b, (hl)
      00032C 4F               [ 4]  907 	ld	c, a
      00032D 04               [ 4]  908 	inc	b
      00032E 18 02            [12]  909 	jr	00304$
      000330                        910 00303$:
      000330 CB 21            [ 8]  911 	sla	c
      000332                        912 00304$:
      000332 05               [ 4]  913 	dec	b
      000333 20 FB            [12]  914 	jr	NZ,00303$
      000335 D5               [16]  915 	push	de
      000336 33               [ 8]  916 	inc	sp
      000337 79               [ 4]  917 	ld	a, c
      000338 21r00r00         [12]  918 	ld	hl, #_THIS
      00033B 5E               [ 8]  919 	ld	e, (hl)
      00033C 23               [ 8]  920 	inc	hl
      00033D 56               [ 8]  921 	ld	d, (hl)
      00033E CDr00r00         [24]  922 	call	_TranslateSprite
                           000341   923 	C$SpriteItem.c$126$3_0$198	= .
                                    924 	.globl	C$SpriteItem.c$126$3_0$198
                                    925 ;SpriteItem.c:126: break;
      000341 18 5B            [12]  926 	jr	00137$
                           000343   927 	C$SpriteItem.c$127$3_0$198	= .
                                    928 	.globl	C$SpriteItem.c$127$3_0$198
                                    929 ;SpriteItem.c:127: case GLADIO:
      000343                        930 00132$:
                           000343   931 	C$SpriteItem.c$128$3_0$198	= .
                                    932 	.globl	C$SpriteItem.c$128$3_0$198
                                    933 ;SpriteItem.c:128: TranslateSprite(THIS, item_data->vx << delta_time, item_data->vy << delta_time);
      000343 F8 07            [12]  934 	ldhl	sp,#7
      000345 2A               [ 8]  935 	ld	a, (hl+)
      000346 5F               [ 4]  936 	ld	e, a
      000347 56               [ 8]  937 	ld	d, (hl)
      000348 1A               [ 8]  938 	ld	a, (de)
      000349 77               [ 8]  939 	ld	(hl), a
      00034A FAr00r00         [16]  940 	ld	a, (#_delta_time)
      00034D F5               [16]  941 	push	af
      00034E F8 0A            [12]  942 	ldhl	sp,	#10
      000350 56               [ 8]  943 	ld	d, (hl)
      000351 F1               [12]  944 	pop	af
      000352 3C               [ 4]  945 	inc	a
      000353 18 02            [12]  946 	jr	00306$
      000355                        947 00305$:
      000355 CB 22            [ 8]  948 	sla	d
      000357                        949 00306$:
      000357 3D               [ 4]  950 	dec	a
      000358 20 FB            [12]  951 	jr	NZ,00305$
      00035A 0A               [ 8]  952 	ld	a, (bc)
      00035B 21r00r00         [12]  953 	ld	hl, #_delta_time
      00035E 46               [ 8]  954 	ld	b, (hl)
      00035F 4F               [ 4]  955 	ld	c, a
      000360 04               [ 4]  956 	inc	b
      000361 18 02            [12]  957 	jr	00308$
      000363                        958 00307$:
      000363 CB 21            [ 8]  959 	sla	c
      000365                        960 00308$:
      000365 05               [ 4]  961 	dec	b
      000366 20 FB            [12]  962 	jr	NZ,00307$
      000368 D5               [16]  963 	push	de
      000369 33               [ 8]  964 	inc	sp
      00036A 79               [ 4]  965 	ld	a, c
      00036B 21r00r00         [12]  966 	ld	hl, #_THIS
      00036E 5E               [ 8]  967 	ld	e, (hl)
      00036F 23               [ 8]  968 	inc	hl
      000370 56               [ 8]  969 	ld	d, (hl)
      000371 CDr00r00         [24]  970 	call	_TranslateSprite
                           000374   971 	C$SpriteItem.c$129$3_0$198	= .
                                    972 	.globl	C$SpriteItem.c$129$3_0$198
                                    973 ;SpriteItem.c:129: item_data->hp--;
      000374 F8 05            [12]  974 	ldhl	sp,#5
      000376 2A               [ 8]  975 	ld	a, (hl+)
      000377 5F               [ 4]  976 	ld	e, a
      000378 56               [ 8]  977 	ld	d, (hl)
      000379 1A               [ 8]  978 	ld	a, (de)
      00037A 4F               [ 4]  979 	ld	c, a
      00037B 0D               [ 4]  980 	dec	c
      00037C 3A               [ 8]  981 	ld	a, (hl-)
      00037D 6E               [ 8]  982 	ld	l, (hl)
      00037E 67               [ 4]  983 	ld	h, a
      00037F 71               [ 8]  984 	ld	(hl), c
                           000380   985 	C$SpriteItem.c$130$3_0$198	= .
                                    986 	.globl	C$SpriteItem.c$130$3_0$198
                                    987 ;SpriteItem.c:130: if(item_data->hp <= 0){
      000380 59               [ 4]  988 	ld	e, c
      000381 AF               [ 4]  989 	xor	a, a
      000382 57               [ 4]  990 	ld	d, a
      000383 91               [ 4]  991 	sub	a, c
      000384 CB 7B            [ 8]  992 	bit	7, e
      000386 28 07            [12]  993 	jr	Z, 00309$
      000388 CB 7A            [ 8]  994 	bit	7, d
      00038A 20 08            [12]  995 	jr	NZ, 00310$
      00038C BF               [ 4]  996 	cp	a, a
      00038D 18 05            [12]  997 	jr	00310$
      00038F                        998 00309$:
      00038F CB 7A            [ 8]  999 	bit	7, d
      000391 28 01            [12] 1000 	jr	Z, 00310$
      000393 37               [ 4] 1001 	scf
      000394                       1002 00310$:
      000394 38 08            [12] 1003 	jr	C, 00137$
                           000396  1004 	C$SpriteItem.c$131$4_0$200	= .
                                   1005 	.globl	C$SpriteItem.c$131$4_0$200
                                   1006 ;SpriteItem.c:131: consume_weapon_atk();
      000396 1Er00            [ 8] 1007 	ld	e, #b_consume_weapon_atk
      000398 21r00r00         [12] 1008 	ld	hl, #_consume_weapon_atk
      00039B CDr00r00         [24] 1009 	call	___sdcc_bcall_ehl
                           00039E  1010 	C$SpriteItem.c$136$1_0$192	= .
                                   1011 	.globl	C$SpriteItem.c$136$1_0$192
                                   1012 ;SpriteItem.c:136: }
      00039E                       1013 00137$:
                           00039E  1014 	C$SpriteItem.c$137$1_0$192	= .
                                   1015 	.globl	C$SpriteItem.c$137$1_0$192
                                   1016 ;SpriteItem.c:137: }
      00039E E8 09            [16] 1017 	add	sp, #9
                           0003A0  1018 	C$SpriteItem.c$137$1_0$192	= .
                                   1019 	.globl	C$SpriteItem.c$137$1_0$192
                           0003A0  1020 	XG$Update_SpriteItem$0$0	= .
                                   1021 	.globl	XG$Update_SpriteItem$0$0
      0003A0 C9               [16] 1022 	ret
                           0003A1  1023 	G$Destroy_SpriteItem$0$0	= .
                                   1024 	.globl	G$Destroy_SpriteItem$0$0
                           0003A1  1025 	C$SpriteItem.c$139$1_0$202	= .
                                   1026 	.globl	C$SpriteItem.c$139$1_0$202
                                   1027 ;SpriteItem.c:139: void DESTROY() {
                                   1028 ;	---------------------------------
                                   1029 ; Function Destroy_SpriteItem
                                   1030 ; ---------------------------------
      0003A1                       1031 _Destroy_SpriteItem::
                           0003A1  1032 	C$SpriteItem.c$140$1_0$202	= .
                                   1033 	.globl	C$SpriteItem.c$140$1_0$202
                                   1034 ;SpriteItem.c:140: }
                           0003A1  1035 	C$SpriteItem.c$140$1_0$202	= .
                                   1036 	.globl	C$SpriteItem.c$140$1_0$202
                           0003A1  1037 	XG$Destroy_SpriteItem$0$0	= .
                                   1038 	.globl	XG$Destroy_SpriteItem$0$0
      0003A1 C9               [16] 1039 	ret
                                   1040 	.area _CODE_255
                                   1041 	.area _INITIALIZER
                                   1042 	.area _CABS (ABS)
