                                      1 ;--------------------------------------------------------
                                      2 ; File Created by SDCC : free open source ISO C Compiler 
                                      3 ; Version 4.3.2 #14228 (MINGW64)
                                      4 ;--------------------------------------------------------
                                      5 	.module biga_gbr
                                      6 	.optsdcc -msm83
                                      7 	
                                      8 ;--------------------------------------------------------
                                      9 ; Public variables in this module
                                     10 ;--------------------------------------------------------
                                     11 	.globl _biga
                                     12 	.globl _biga_metasprites
                                     13 	.globl _biga_metasprite5
                                     14 	.globl _biga_metasprite4
                                     15 	.globl _biga_metasprite3
                                     16 	.globl _biga_metasprite2
                                     17 	.globl _biga_metasprite1
                                     18 	.globl _biga_metasprite0
                                     19 	.globl _biga_tiles
                                     20 	.globl _biga_palettes
                                     21 	.globl b___func_biga
                                     22 	.globl ___func_biga
                                     23 ;--------------------------------------------------------
                                     24 ; special function registers
                                     25 ;--------------------------------------------------------
                                     26 ;--------------------------------------------------------
                                     27 ; ram data
                                     28 ;--------------------------------------------------------
                                     29 	.area _DATA
                                     30 ;--------------------------------------------------------
                                     31 ; ram data
                                     32 ;--------------------------------------------------------
                                     33 	.area _INITIALIZED
                                     34 ;--------------------------------------------------------
                                     35 ; absolute external ram data
                                     36 ;--------------------------------------------------------
                                     37 	.area _DABS (ABS)
                                     38 ;--------------------------------------------------------
                                     39 ; global & static initialisations
                                     40 ;--------------------------------------------------------
                                     41 	.area _HOME
                                     42 	.area _GSINIT
                                     43 	.area _GSFINAL
                                     44 	.area _GSINIT
                                     45 ;--------------------------------------------------------
                                     46 ; Home
                                     47 ;--------------------------------------------------------
                                     48 	.area _HOME
                                     49 	.area _HOME
                                     50 ;--------------------------------------------------------
                                     51 ; code
                                     52 ;--------------------------------------------------------
                                     53 	.area _CODE_255
                           000000    54 	G$__func_biga$0$0	= .
                                     55 	.globl	G$__func_biga$0$0
                           000000    56 	C$biga.gbr.c$9$0_0$161	= .
                                     57 	.globl	C$biga.gbr.c$9$0_0$161
                                     58 ;../DbgClr/res/sprites/biga.gbr.c:9: BANKREF(biga)
                                     59 ;	---------------------------------
                                     60 ; Function __func_biga
                                     61 ; ---------------------------------
                           0000FF    62 	b___func_biga	= 255
      000000                         63 ___func_biga::
                                     64 	.local b___func_biga 
                           0000FF    65 	___bank_biga = b___func_biga 
                                     66 	.globl ___bank_biga 
                                     67 	.area _CODE_255
                           000000    68 G$biga_palettes$0_0$0 == .
      000000                         69 _biga_palettes:
      000000 FF 7F                   70 	.dw #0x7fff
      000002 7E 4F                   71 	.dw #0x4f7e
      000004 79 01                   72 	.dw #0x0179
      000006 AA 04                   73 	.dw #0x04aa
                           000008    74 G$biga_tiles$0_0$0 == .
      000008                         75 _biga_tiles:
      000008 00                      76 	.db #0x00	; 0
      000009 00                      77 	.db #0x00	; 0
      00000A 00                      78 	.db #0x00	; 0
      00000B 00                      79 	.db #0x00	; 0
      00000C 00                      80 	.db #0x00	; 0
      00000D 00                      81 	.db #0x00	; 0
      00000E 00                      82 	.db #0x00	; 0
      00000F 00                      83 	.db #0x00	; 0
      000010 00                      84 	.db #0x00	; 0
      000011 00                      85 	.db #0x00	; 0
      000012 00                      86 	.db #0x00	; 0
      000013 00                      87 	.db #0x00	; 0
      000014 01                      88 	.db #0x01	; 1
      000015 01                      89 	.db #0x01	; 1
      000016 03                      90 	.db #0x03	; 3
      000017 03                      91 	.db #0x03	; 3
      000018 0F                      92 	.db #0x0f	; 15
      000019 0F                      93 	.db #0x0f	; 15
      00001A 02                      94 	.db #0x02	; 2
      00001B 03                      95 	.db #0x03	; 3
      00001C 04                      96 	.db #0x04	; 4
      00001D 07                      97 	.db #0x07	; 7
      00001E 01                      98 	.db #0x01	; 1
      00001F 07                      99 	.db #0x07	; 7
      000020 03                     100 	.db #0x03	; 3
      000021 0D                     101 	.db #0x0d	; 13
      000022 1F                     102 	.db #0x1f	; 31
      000023 1F                     103 	.db #0x1f	; 31
      000024 1B                     104 	.db #0x1b	; 27
      000025 03                     105 	.db #0x03	; 3
      000026 0D                     106 	.db #0x0d	; 13
      000027 00                     107 	.db #0x00	; 0
      000028 00                     108 	.db #0x00	; 0
      000029 00                     109 	.db #0x00	; 0
      00002A 00                     110 	.db #0x00	; 0
      00002B 00                     111 	.db #0x00	; 0
      00002C 00                     112 	.db #0x00	; 0
      00002D 00                     113 	.db #0x00	; 0
      00002E 38                     114 	.db #0x38	; 56	'8'
      00002F 38                     115 	.db #0x38	; 56	'8'
      000030 7C                     116 	.db #0x7c	; 124
      000031 7C                     117 	.db #0x7c	; 124
      000032 F0                     118 	.db #0xf0	; 240
      000033 FC                     119 	.db #0xfc	; 252
      000034 C4                     120 	.db #0xc4	; 196
      000035 F8                     121 	.db #0xf8	; 248
      000036 BC                     122 	.db #0xbc	; 188
      000037 C0                     123 	.db #0xc0	; 192
      000038 1C                     124 	.db #0x1c	; 28
      000039 E0                     125 	.db #0xe0	; 224
      00003A 04                     126 	.db #0x04	; 4
      00003B F8                     127 	.db #0xf8	; 248
      00003C 0C                     128 	.db #0x0c	; 12
      00003D F0                     129 	.db #0xf0	; 240
      00003E C0                     130 	.db #0xc0	; 192
      00003F BC                     131 	.db #0xbc	; 188
      000040 E4                     132 	.db #0xe4	; 228
      000041 FC                     133 	.db #0xfc	; 252
      000042 F8                     134 	.db #0xf8	; 248
      000043 F8                     135 	.db #0xf8	; 248
      000044 EC                     136 	.db #0xec	; 236
      000045 C0                     137 	.db #0xc0	; 192
      000046 D8                     138 	.db #0xd8	; 216
      000047 C0                     139 	.db #0xc0	; 192
      000048 00                     140 	.db #0x00	; 0
      000049 00                     141 	.db #0x00	; 0
      00004A 00                     142 	.db #0x00	; 0
      00004B 00                     143 	.db #0x00	; 0
      00004C 00                     144 	.db #0x00	; 0
      00004D 00                     145 	.db #0x00	; 0
      00004E 00                     146 	.db #0x00	; 0
      00004F 00                     147 	.db #0x00	; 0
      000050 00                     148 	.db #0x00	; 0
      000051 00                     149 	.db #0x00	; 0
      000052 01                     150 	.db #0x01	; 1
      000053 01                     151 	.db #0x01	; 1
      000054 03                     152 	.db #0x03	; 3
      000055 03                     153 	.db #0x03	; 3
      000056 0F                     154 	.db #0x0f	; 15
      000057 0F                     155 	.db #0x0f	; 15
      000058 00                     156 	.db #0x00	; 0
      000059 01                     157 	.db #0x01	; 1
      00005A 00                     158 	.db #0x00	; 0
      00005B 03                     159 	.db #0x03	; 3
      00005C 00                     160 	.db #0x00	; 0
      00005D 07                     161 	.db #0x07	; 7
      00005E 01                     162 	.db #0x01	; 1
      00005F 0E                     163 	.db #0x0e	; 14
      000060 1F                     164 	.db #0x1f	; 31
      000061 1F                     165 	.db #0x1f	; 31
      000062 1B                     166 	.db #0x1b	; 27
      000063 03                     167 	.db #0x03	; 3
      000064 1F                     168 	.db #0x1f	; 31
      000065 01                     169 	.db #0x01	; 1
      000066 0D                     170 	.db #0x0d	; 13
      000067 01                     171 	.db #0x01	; 1
      000068 00                     172 	.db #0x00	; 0
      000069 00                     173 	.db #0x00	; 0
      00006A 00                     174 	.db #0x00	; 0
      00006B 00                     175 	.db #0x00	; 0
      00006C 38                     176 	.db #0x38	; 56	'8'
      00006D 38                     177 	.db #0x38	; 56	'8'
      00006E 7C                     178 	.db #0x7c	; 124
      00006F 7C                     179 	.db #0x7c	; 124
      000070 F0                     180 	.db #0xf0	; 240
      000071 FC                     181 	.db #0xfc	; 252
      000072 C4                     182 	.db #0xc4	; 196
      000073 F8                     183 	.db #0xf8	; 248
      000074 BC                     184 	.db #0xbc	; 188
      000075 C0                     185 	.db #0xc0	; 192
      000076 1C                     186 	.db #0x1c	; 28
      000077 E0                     187 	.db #0xe0	; 224
      000078 04                     188 	.db #0x04	; 4
      000079 F8                     189 	.db #0xf8	; 248
      00007A 0C                     190 	.db #0x0c	; 12
      00007B F0                     191 	.db #0xf0	; 240
      00007C 00                     192 	.db #0x00	; 0
      00007D FC                     193 	.db #0xfc	; 252
      00007E C4                     194 	.db #0xc4	; 196
      00007F FC                     195 	.db #0xfc	; 252
      000080 F8                     196 	.db #0xf8	; 248
      000081 D8                     197 	.db #0xd8	; 216
      000082 EC                     198 	.db #0xec	; 236
      000083 E0                     199 	.db #0xe0	; 224
      000084 EC                     200 	.db #0xec	; 236
      000085 E0                     201 	.db #0xe0	; 224
      000086 D8                     202 	.db #0xd8	; 216
      000087 80                     203 	.db #0x80	; 128
      000088 00                     204 	.db #0x00	; 0
      000089 00                     205 	.db #0x00	; 0
      00008A 00                     206 	.db #0x00	; 0
      00008B 00                     207 	.db #0x00	; 0
      00008C 00                     208 	.db #0x00	; 0
      00008D 00                     209 	.db #0x00	; 0
      00008E 01                     210 	.db #0x01	; 1
      00008F 01                     211 	.db #0x01	; 1
      000090 06                     212 	.db #0x06	; 6
      000091 07                     213 	.db #0x07	; 7
      000092 39                     214 	.db #0x39	; 57	'9'
      000093 3E                     215 	.db #0x3e	; 62
      000094 70                     216 	.db #0x70	; 112	'p'
      000095 7F                     217 	.db #0x7f	; 127
      000096 F1                     218 	.db #0xf1	; 241
      000097 FE                     219 	.db #0xfe	; 254
      000098 F0                     220 	.db #0xf0	; 240
      000099 FF                     221 	.db #0xff	; 255
      00009A 18                     222 	.db #0x18	; 24
      00009B 1F                     223 	.db #0x1f	; 31
      00009C 06                     224 	.db #0x06	; 6
      00009D 07                     225 	.db #0x07	; 7
      00009E 01                     226 	.db #0x01	; 1
      00009F 01                     227 	.db #0x01	; 1
      0000A0 00                     228 	.db #0x00	; 0
      0000A1 00                     229 	.db #0x00	; 0
      0000A2 3F                     230 	.db #0x3f	; 63
      0000A3 00                     231 	.db #0x00	; 0
      0000A4 0F                     232 	.db #0x0f	; 15
      0000A5 00                     233 	.db #0x00	; 0
      0000A6 01                     234 	.db #0x01	; 1
      0000A7 00                     235 	.db #0x00	; 0
      0000A8 00                     236 	.db #0x00	; 0
      0000A9 00                     237 	.db #0x00	; 0
      0000AA 00                     238 	.db #0x00	; 0
      0000AB 00                     239 	.db #0x00	; 0
      0000AC 00                     240 	.db #0x00	; 0
      0000AD 00                     241 	.db #0x00	; 0
      0000AE F0                     242 	.db #0xf0	; 240
      0000AF F0                     243 	.db #0xf0	; 240
      0000B0 0C                     244 	.db #0x0c	; 12
      0000B1 FC                     245 	.db #0xfc	; 252
      0000B2 E2                     246 	.db #0xe2	; 226
      0000B3 1E                     247 	.db #0x1e	; 30
      0000B4 72                     248 	.db #0x72	; 114	'r'
      0000B5 8E                     249 	.db #0x8e	; 142
      0000B6 FA                     250 	.db #0xfa	; 250
      0000B7 06                     251 	.db #0x06	; 6
      0000B8 DA                     252 	.db #0xda	; 218
      0000B9 26                     253 	.db #0x26	; 38
      0000BA 4A                     254 	.db #0x4a	; 74	'J'
      0000BB B6                     255 	.db #0xb6	; 182
      0000BC 04                     256 	.db #0x04	; 4
      0000BD FC                     257 	.db #0xfc	; 252
      0000BE 84                     258 	.db #0x84	; 132
      0000BF FC                     259 	.db #0xfc	; 252
      0000C0 6E                     260 	.db #0x6e	; 110	'n'
      0000C1 7E                     261 	.db #0x7e	; 126
      0000C2 DC                     262 	.db #0xdc	; 220
      0000C3 1C                     263 	.db #0x1c	; 28
      0000C4 BA                     264 	.db #0xba	; 186
      0000C5 38                     265 	.db #0x38	; 56	'8'
      0000C6 D6                     266 	.db #0xd6	; 214
      0000C7 10                     267 	.db #0x10	; 16
      0000C8 00                     268 	.db #0x00	; 0
      0000C9 00                     269 	.db #0x00	; 0
      0000CA 00                     270 	.db #0x00	; 0
      0000CB 00                     271 	.db #0x00	; 0
      0000CC 00                     272 	.db #0x00	; 0
      0000CD 00                     273 	.db #0x00	; 0
      0000CE 00                     274 	.db #0x00	; 0
      0000CF 00                     275 	.db #0x00	; 0
      0000D0 03                     276 	.db #0x03	; 3
      0000D1 03                     277 	.db #0x03	; 3
      0000D2 2F                     278 	.db #0x2f	; 47
      0000D3 2C                     279 	.db #0x2c	; 44
      0000D4 7F                     280 	.db #0x7f	; 127
      0000D5 7B                     281 	.db #0x7b	; 123
      0000D6 FF                     282 	.db #0xff	; 255
      0000D7 F7                     283 	.db #0xf7	; 247
      0000D8 FF                     284 	.db #0xff	; 255
      0000D9 FF                     285 	.db #0xff	; 255
      0000DA 1B                     286 	.db #0x1b	; 27
      0000DB 1F                     287 	.db #0x1f	; 31
      0000DC 06                     288 	.db #0x06	; 6
      0000DD 07                     289 	.db #0x07	; 7
      0000DE 01                     290 	.db #0x01	; 1
      0000DF 01                     291 	.db #0x01	; 1
      0000E0 00                     292 	.db #0x00	; 0
      0000E1 00                     293 	.db #0x00	; 0
      0000E2 3F                     294 	.db #0x3f	; 63
      0000E3 00                     295 	.db #0x00	; 0
      0000E4 0F                     296 	.db #0x0f	; 15
      0000E5 00                     297 	.db #0x00	; 0
      0000E6 01                     298 	.db #0x01	; 1
      0000E7 00                     299 	.db #0x00	; 0
      0000E8 00                     300 	.db #0x00	; 0
      0000E9 00                     301 	.db #0x00	; 0
      0000EA 00                     302 	.db #0x00	; 0
      0000EB 00                     303 	.db #0x00	; 0
      0000EC 00                     304 	.db #0x00	; 0
      0000ED 00                     305 	.db #0x00	; 0
      0000EE 00                     306 	.db #0x00	; 0
      0000EF 00                     307 	.db #0x00	; 0
      0000F0 E0                     308 	.db #0xe0	; 224
      0000F1 E0                     309 	.db #0xe0	; 224
      0000F2 F0                     310 	.db #0xf0	; 240
      0000F3 10                     311 	.db #0x10	; 16
      0000F4 F8                     312 	.db #0xf8	; 248
      0000F5 E8                     313 	.db #0xe8	; 232
      0000F6 FC                     314 	.db #0xfc	; 252
      0000F7 F4                     315 	.db #0xf4	; 244
      0000F8 FC                     316 	.db #0xfc	; 252
      0000F9 F4                     317 	.db #0xf4	; 244
      0000FA FC                     318 	.db #0xfc	; 252
      0000FB F4                     319 	.db #0xf4	; 244
      0000FC FC                     320 	.db #0xfc	; 252
      0000FD F4                     321 	.db #0xf4	; 244
      0000FE B8                     322 	.db #0xb8	; 184
      0000FF E8                     323 	.db #0xe8	; 232
      000100 7E                     324 	.db #0x7e	; 126
      000101 7E                     325 	.db #0x7e	; 126
      000102 DC                     326 	.db #0xdc	; 220
      000103 1C                     327 	.db #0x1c	; 28
      000104 BA                     328 	.db #0xba	; 186
      000105 38                     329 	.db #0x38	; 56	'8'
      000106 D6                     330 	.db #0xd6	; 214
      000107 10                     331 	.db #0x10	; 16
      000108 00                     332 	.db #0x00	; 0
      000109 00                     333 	.db #0x00	; 0
      00010A 00                     334 	.db #0x00	; 0
      00010B 00                     335 	.db #0x00	; 0
      00010C 00                     336 	.db #0x00	; 0
      00010D 00                     337 	.db #0x00	; 0
      00010E 00                     338 	.db #0x00	; 0
      00010F 00                     339 	.db #0x00	; 0
      000110 00                     340 	.db #0x00	; 0
      000111 00                     341 	.db #0x00	; 0
      000112 00                     342 	.db #0x00	; 0
      000113 00                     343 	.db #0x00	; 0
      000114 01                     344 	.db #0x01	; 1
      000115 01                     345 	.db #0x01	; 1
      000116 03                     346 	.db #0x03	; 3
      000117 03                     347 	.db #0x03	; 3
      000118 0F                     348 	.db #0x0f	; 15
      000119 0F                     349 	.db #0x0f	; 15
      00011A 02                     350 	.db #0x02	; 2
      00011B 03                     351 	.db #0x03	; 3
      00011C 04                     352 	.db #0x04	; 4
      00011D 07                     353 	.db #0x07	; 7
      00011E 01                     354 	.db #0x01	; 1
      00011F 07                     355 	.db #0x07	; 7
      000120 03                     356 	.db #0x03	; 3
      000121 0F                     357 	.db #0x0f	; 15
      000122 1F                     358 	.db #0x1f	; 31
      000123 1D                     359 	.db #0x1d	; 29
      000124 1B                     360 	.db #0x1b	; 27
      000125 03                     361 	.db #0x03	; 3
      000126 0D                     362 	.db #0x0d	; 13
      000127 01                     363 	.db #0x01	; 1
      000128 00                     364 	.db #0x00	; 0
      000129 00                     365 	.db #0x00	; 0
      00012A 00                     366 	.db #0x00	; 0
      00012B 00                     367 	.db #0x00	; 0
      00012C 00                     368 	.db #0x00	; 0
      00012D 00                     369 	.db #0x00	; 0
      00012E 38                     370 	.db #0x38	; 56	'8'
      00012F 38                     371 	.db #0x38	; 56	'8'
      000130 7C                     372 	.db #0x7c	; 124
      000131 7C                     373 	.db #0x7c	; 124
      000132 F0                     374 	.db #0xf0	; 240
      000133 FC                     375 	.db #0xfc	; 252
      000134 C4                     376 	.db #0xc4	; 196
      000135 F8                     377 	.db #0xf8	; 248
      000136 BC                     378 	.db #0xbc	; 188
      000137 C0                     379 	.db #0xc0	; 192
      000138 1C                     380 	.db #0x1c	; 28
      000139 E0                     381 	.db #0xe0	; 224
      00013A 04                     382 	.db #0x04	; 4
      00013B F8                     383 	.db #0xf8	; 248
      00013C 0C                     384 	.db #0x0c	; 12
      00013D F0                     385 	.db #0xf0	; 240
      00013E C0                     386 	.db #0xc0	; 192
      00013F 7C                     387 	.db #0x7c	; 124
      000140 E4                     388 	.db #0xe4	; 228
      000141 FC                     389 	.db #0xfc	; 252
      000142 F8                     390 	.db #0xf8	; 248
      000143 D8                     391 	.db #0xd8	; 216
      000144 EC                     392 	.db #0xec	; 236
      000145 E0                     393 	.db #0xe0	; 224
      000146 D8                     394 	.db #0xd8	; 216
      000147 40                     395 	.db #0x40	; 64
                           000148   396 G$biga_metasprite0$0_0$0 == .
      000148                        397 _biga_metasprite0:
      000148 80                     398 	.db #0x80	; -128
      000149 00                     399 	.db #0x00	;  0
      00014A 00                     400 	.db #0x00	; 0
      00014B 00                     401 	.db #0x00	; 0
                           00014C   402 G$biga_metasprite1$0_0$0 == .
      00014C                        403 _biga_metasprite1:
      00014C F8                     404 	.db #0xf8	; -8
      00014D FC                     405 	.db #0xfc	; -4
      00014E 00                     406 	.db #0x00	; 0
      00014F 00                     407 	.db #0x00	; 0
      000150 00                     408 	.db #0x00	;  0
      000151 08                     409 	.db #0x08	;  8
      000152 02                     410 	.db #0x02	; 2
      000153 00                     411 	.db #0x00	; 0
      000154 80                     412 	.db #0x80	; -128
      000155 00                     413 	.db #0x00	;  0
      000156 00                     414 	.db #0x00	; 0
      000157 00                     415 	.db #0x00	; 0
                           000158   416 G$biga_metasprite2$0_0$0 == .
      000158                        417 _biga_metasprite2:
      000158 F8                     418 	.db #0xf8	; -8
      000159 FC                     419 	.db #0xfc	; -4
      00015A 04                     420 	.db #0x04	; 4
      00015B 00                     421 	.db #0x00	; 0
      00015C 00                     422 	.db #0x00	;  0
      00015D 08                     423 	.db #0x08	;  8
      00015E 06                     424 	.db #0x06	; 6
      00015F 00                     425 	.db #0x00	; 0
      000160 80                     426 	.db #0x80	; -128
      000161 00                     427 	.db #0x00	;  0
      000162 00                     428 	.db #0x00	; 0
      000163 00                     429 	.db #0x00	; 0
                           000164   430 G$biga_metasprite3$0_0$0 == .
      000164                        431 _biga_metasprite3:
      000164 F8                     432 	.db #0xf8	; -8
      000165 FC                     433 	.db #0xfc	; -4
      000166 08                     434 	.db #0x08	; 8
      000167 00                     435 	.db #0x00	; 0
      000168 00                     436 	.db #0x00	;  0
      000169 08                     437 	.db #0x08	;  8
      00016A 0A                     438 	.db #0x0a	; 10
      00016B 00                     439 	.db #0x00	; 0
      00016C 80                     440 	.db #0x80	; -128
      00016D 00                     441 	.db #0x00	;  0
      00016E 00                     442 	.db #0x00	; 0
      00016F 00                     443 	.db #0x00	; 0
                           000170   444 G$biga_metasprite4$0_0$0 == .
      000170                        445 _biga_metasprite4:
      000170 F8                     446 	.db #0xf8	; -8
      000171 FC                     447 	.db #0xfc	; -4
      000172 0C                     448 	.db #0x0c	; 12
      000173 00                     449 	.db #0x00	; 0
      000174 00                     450 	.db #0x00	;  0
      000175 08                     451 	.db #0x08	;  8
      000176 0E                     452 	.db #0x0e	; 14
      000177 00                     453 	.db #0x00	; 0
      000178 80                     454 	.db #0x80	; -128
      000179 00                     455 	.db #0x00	;  0
      00017A 00                     456 	.db #0x00	; 0
      00017B 00                     457 	.db #0x00	; 0
                           00017C   458 G$biga_metasprite5$0_0$0 == .
      00017C                        459 _biga_metasprite5:
      00017C F8                     460 	.db #0xf8	; -8
      00017D FC                     461 	.db #0xfc	; -4
      00017E 10                     462 	.db #0x10	; 16
      00017F 00                     463 	.db #0x00	; 0
      000180 00                     464 	.db #0x00	;  0
      000181 08                     465 	.db #0x08	;  8
      000182 12                     466 	.db #0x12	; 18
      000183 00                     467 	.db #0x00	; 0
      000184 80                     468 	.db #0x80	; -128
      000185 00                     469 	.db #0x00	;  0
      000186 00                     470 	.db #0x00	; 0
      000187 00                     471 	.db #0x00	; 0
                           000188   472 G$biga_metasprites$0_0$0 == .
      000188                        473 _biga_metasprites:
      000188r48r01                  474 	.dw _biga_metasprite0
      00018Ar4Cr01                  475 	.dw _biga_metasprite1
      00018Cr58r01                  476 	.dw _biga_metasprite2
      00018Er64r01                  477 	.dw _biga_metasprite3
      000190r70r01                  478 	.dw _biga_metasprite4
      000192r7Cr01                  479 	.dw _biga_metasprite5
                           000194   480 G$biga$0_0$0 == .
      000194                        481 _biga:
      000194 08                     482 	.db #0x08	; 8
      000195 08                     483 	.db #0x08	; 8
      000196 14                     484 	.db #0x14	; 20
      000197r08r00                  485 	.dw _biga_tiles
      000199 01                     486 	.db #0x01	; 1
      00019Ar00r00                  487 	.dw _biga_palettes
      00019C 06                     488 	.db #0x06	; 6
      00019Dr88r01                  489 	.dw _biga_metasprites
                                    490 	.area _INITIALIZER
                                    491 	.area _CABS (ABS)
