                                      1 ;--------------------------------------------------------
                                      2 ; File Created by SDCC : free open source ISO C Compiler 
                                      3 ; Version 4.3.2 #14228 (MINGW64)
                                      4 ;--------------------------------------------------------
                                      5 	.module compass_gbr
                                      6 	.optsdcc -msm83
                                      7 	
                                      8 ;--------------------------------------------------------
                                      9 ; Public variables in this module
                                     10 ;--------------------------------------------------------
                                     11 	.globl _compass
                                     12 	.globl _compass_metasprites
                                     13 	.globl _compass_metasprite3
                                     14 	.globl _compass_metasprite2
                                     15 	.globl _compass_metasprite1
                                     16 	.globl _compass_metasprite0
                                     17 	.globl _compass_tiles
                                     18 	.globl _compass_palettes
                                     19 	.globl b___func_compass
                                     20 	.globl ___func_compass
                                     21 ;--------------------------------------------------------
                                     22 ; special function registers
                                     23 ;--------------------------------------------------------
                                     24 ;--------------------------------------------------------
                                     25 ; ram data
                                     26 ;--------------------------------------------------------
                                     27 	.area _DATA
                                     28 ;--------------------------------------------------------
                                     29 ; ram data
                                     30 ;--------------------------------------------------------
                                     31 	.area _INITIALIZED
                                     32 ;--------------------------------------------------------
                                     33 ; absolute external ram data
                                     34 ;--------------------------------------------------------
                                     35 	.area _DABS (ABS)
                                     36 ;--------------------------------------------------------
                                     37 ; global & static initialisations
                                     38 ;--------------------------------------------------------
                                     39 	.area _HOME
                                     40 	.area _GSINIT
                                     41 	.area _GSFINAL
                                     42 	.area _GSINIT
                                     43 ;--------------------------------------------------------
                                     44 ; Home
                                     45 ;--------------------------------------------------------
                                     46 	.area _HOME
                                     47 	.area _HOME
                                     48 ;--------------------------------------------------------
                                     49 ; code
                                     50 ;--------------------------------------------------------
                                     51 	.area _CODE_255
                           000000    52 	G$__func_compass$0$0	= .
                                     53 	.globl	G$__func_compass$0$0
                           000000    54 	C$compass.gbr.c$9$0_0$161	= .
                                     55 	.globl	C$compass.gbr.c$9$0_0$161
                                     56 ;../DbgClr/res/sprites/compass.gbr.c:9: BANKREF(compass)
                                     57 ;	---------------------------------
                                     58 ; Function __func_compass
                                     59 ; ---------------------------------
                           0000FF    60 	b___func_compass	= 255
      000000                         61 ___func_compass::
                                     62 	.local b___func_compass 
                           0000FF    63 	___bank_compass = b___func_compass 
                                     64 	.globl ___bank_compass 
                                     65 	.area _CODE_255
                           000000    66 G$compass_palettes$0_0$0 == .
      000000                         67 _compass_palettes:
      000000 FF 7F                   68 	.dw #0x7fff
      000002 18 63                   69 	.dw #0x6318
      000004 10 42                   70 	.dw #0x4210
      000006 00 00                   71 	.dw #0x0000
                           000008    72 G$compass_tiles$0_0$0 == .
      000008                         73 _compass_tiles:
      000008 07                      74 	.db #0x07	; 7
      000009 07                      75 	.db #0x07	; 7
      00000A 18                      76 	.db #0x18	; 24
      00000B 18                      77 	.db #0x18	; 24
      00000C 20                      78 	.db #0x20	; 32
      00000D 20                      79 	.db #0x20	; 32
      00000E 40                      80 	.db #0x40	; 64
      00000F 40                      81 	.db #0x40	; 64
      000010 40                      82 	.db #0x40	; 64
      000011 40                      83 	.db #0x40	; 64
      000012 80                      84 	.db #0x80	; 128
      000013 80                      85 	.db #0x80	; 128
      000014 80                      86 	.db #0x80	; 128
      000015 80                      87 	.db #0x80	; 128
      000016 80                      88 	.db #0x80	; 128
      000017 81                      89 	.db #0x81	; 129
      000018 80                      90 	.db #0x80	; 128
      000019 81                      91 	.db #0x81	; 129
      00001A 80                      92 	.db #0x80	; 128
      00001B 80                      93 	.db #0x80	; 128
      00001C 80                      94 	.db #0x80	; 128
      00001D 80                      95 	.db #0x80	; 128
      00001E 40                      96 	.db #0x40	; 64
      00001F C0                      97 	.db #0xc0	; 192
      000020 40                      98 	.db #0x40	; 64
      000021 40                      99 	.db #0x40	; 64
      000022 20                     100 	.db #0x20	; 32
      000023 60                     101 	.db #0x60	; 96
      000024 18                     102 	.db #0x18	; 24
      000025 38                     103 	.db #0x38	; 56	'8'
      000026 07                     104 	.db #0x07	; 7
      000027 1F                     105 	.db #0x1f	; 31
      000028 E0                     106 	.db #0xe0	; 224
      000029 E0                     107 	.db #0xe0	; 224
      00002A 18                     108 	.db #0x18	; 24
      00002B 18                     109 	.db #0x18	; 24
      00002C 04                     110 	.db #0x04	; 4
      00002D 04                     111 	.db #0x04	; 4
      00002E 02                     112 	.db #0x02	; 2
      00002F 02                     113 	.db #0x02	; 2
      000030 02                     114 	.db #0x02	; 2
      000031 02                     115 	.db #0x02	; 2
      000032 01                     116 	.db #0x01	; 1
      000033 01                     117 	.db #0x01	; 1
      000034 01                     118 	.db #0x01	; 1
      000035 01                     119 	.db #0x01	; 1
      000036 7F                     120 	.db #0x7f	; 127
      000037 FF                     121 	.db #0xff	; 255
      000038 7F                     122 	.db #0x7f	; 127
      000039 FF                     123 	.db #0xff	; 255
      00003A 01                     124 	.db #0x01	; 1
      00003B 01                     125 	.db #0x01	; 1
      00003C 01                     126 	.db #0x01	; 1
      00003D 01                     127 	.db #0x01	; 1
      00003E 02                     128 	.db #0x02	; 2
      00003F 03                     129 	.db #0x03	; 3
      000040 02                     130 	.db #0x02	; 2
      000041 02                     131 	.db #0x02	; 2
      000042 04                     132 	.db #0x04	; 4
      000043 06                     133 	.db #0x06	; 6
      000044 18                     134 	.db #0x18	; 24
      000045 1C                     135 	.db #0x1c	; 28
      000046 E0                     136 	.db #0xe0	; 224
      000047 F8                     137 	.db #0xf8	; 248
      000048 E0                     138 	.db #0xe0	; 224
      000049 E0                     139 	.db #0xe0	; 224
      00004A 18                     140 	.db #0x18	; 24
      00004B 18                     141 	.db #0x18	; 24
      00004C 04                     142 	.db #0x04	; 4
      00004D 04                     143 	.db #0x04	; 4
      00004E 02                     144 	.db #0x02	; 2
      00004F 02                     145 	.db #0x02	; 2
      000050 06                     146 	.db #0x06	; 6
      000051 06                     147 	.db #0x06	; 6
      000052 1F                     148 	.db #0x1f	; 31
      000053 1F                     149 	.db #0x1f	; 31
      000054 79                     150 	.db #0x79	; 121	'y'
      000055 79                     151 	.db #0x79	; 121	'y'
      000056 61                     152 	.db #0x61	; 97	'a'
      000057 E1                     153 	.db #0xe1	; 225
      000058 01                     154 	.db #0x01	; 1
      000059 81                     155 	.db #0x81	; 129
      00005A 01                     156 	.db #0x01	; 1
      00005B 01                     157 	.db #0x01	; 1
      00005C 01                     158 	.db #0x01	; 1
      00005D 01                     159 	.db #0x01	; 1
      00005E 02                     160 	.db #0x02	; 2
      00005F 03                     161 	.db #0x03	; 3
      000060 02                     162 	.db #0x02	; 2
      000061 02                     163 	.db #0x02	; 2
      000062 04                     164 	.db #0x04	; 4
      000063 06                     165 	.db #0x06	; 6
      000064 18                     166 	.db #0x18	; 24
      000065 1C                     167 	.db #0x1c	; 28
      000066 E0                     168 	.db #0xe0	; 224
      000067 F8                     169 	.db #0xf8	; 248
      000068 E0                     170 	.db #0xe0	; 224
      000069 E0                     171 	.db #0xe0	; 224
      00006A 18                     172 	.db #0x18	; 24
      00006B 18                     173 	.db #0x18	; 24
      00006C 34                     174 	.db #0x34	; 52	'4'
      00006D 34                     175 	.db #0x34	; 52	'4'
      00006E 32                     176 	.db #0x32	; 50	'2'
      00006F 32                     177 	.db #0x32	; 50	'2'
      000070 62                     178 	.db #0x62	; 98	'b'
      000071 62                     179 	.db #0x62	; 98	'b'
      000072 C1                     180 	.db #0xc1	; 193
      000073 C1                     181 	.db #0xc1	; 193
      000074 C1                     182 	.db #0xc1	; 193
      000075 C1                     183 	.db #0xc1	; 193
      000076 01                     184 	.db #0x01	; 1
      000077 81                     185 	.db #0x81	; 129
      000078 01                     186 	.db #0x01	; 1
      000079 81                     187 	.db #0x81	; 129
      00007A 01                     188 	.db #0x01	; 1
      00007B 01                     189 	.db #0x01	; 1
      00007C 01                     190 	.db #0x01	; 1
      00007D 01                     191 	.db #0x01	; 1
      00007E 02                     192 	.db #0x02	; 2
      00007F 03                     193 	.db #0x03	; 3
      000080 02                     194 	.db #0x02	; 2
      000081 02                     195 	.db #0x02	; 2
      000082 04                     196 	.db #0x04	; 4
      000083 06                     197 	.db #0x06	; 6
      000084 18                     198 	.db #0x18	; 24
      000085 1C                     199 	.db #0x1c	; 28
      000086 E0                     200 	.db #0xe0	; 224
      000087 F8                     201 	.db #0xf8	; 248
      000088 07                     202 	.db #0x07	; 7
      000089 07                     203 	.db #0x07	; 7
      00008A 19                     204 	.db #0x19	; 25
      00008B 19                     205 	.db #0x19	; 25
      00008C 21                     206 	.db #0x21	; 33
      00008D 21                     207 	.db #0x21	; 33
      00008E 41                     208 	.db #0x41	; 65	'A'
      00008F 41                     209 	.db #0x41	; 65	'A'
      000090 41                     210 	.db #0x41	; 65	'A'
      000091 41                     211 	.db #0x41	; 65	'A'
      000092 81                     212 	.db #0x81	; 129
      000093 81                     213 	.db #0x81	; 129
      000094 81                     214 	.db #0x81	; 129
      000095 81                     215 	.db #0x81	; 129
      000096 80                     216 	.db #0x80	; 128
      000097 81                     217 	.db #0x81	; 129
      000098 80                     218 	.db #0x80	; 128
      000099 81                     219 	.db #0x81	; 129
      00009A 80                     220 	.db #0x80	; 128
      00009B 80                     221 	.db #0x80	; 128
      00009C 80                     222 	.db #0x80	; 128
      00009D 80                     223 	.db #0x80	; 128
      00009E 40                     224 	.db #0x40	; 64
      00009F C0                     225 	.db #0xc0	; 192
      0000A0 40                     226 	.db #0x40	; 64
      0000A1 40                     227 	.db #0x40	; 64
      0000A2 20                     228 	.db #0x20	; 32
      0000A3 60                     229 	.db #0x60	; 96
      0000A4 18                     230 	.db #0x18	; 24
      0000A5 38                     231 	.db #0x38	; 56	'8'
      0000A6 07                     232 	.db #0x07	; 7
      0000A7 1F                     233 	.db #0x1f	; 31
                           0000A8   234 G$compass_metasprite0$0_0$0 == .
      0000A8                        235 _compass_metasprite0:
      0000A8 00                     236 	.db #0x00	;  0
      0000A9 00                     237 	.db #0x00	;  0
      0000AA 00                     238 	.db #0x00	; 0
      0000AB 00                     239 	.db #0x00	; 0
      0000AC 00                     240 	.db #0x00	;  0
      0000AD 08                     241 	.db #0x08	;  8
      0000AE 02                     242 	.db #0x02	; 2
      0000AF 00                     243 	.db #0x00	; 0
      0000B0 80                     244 	.db #0x80	; -128
      0000B1 00                     245 	.db #0x00	;  0
      0000B2 00                     246 	.db #0x00	; 0
      0000B3 00                     247 	.db #0x00	; 0
                           0000B4   248 G$compass_metasprite1$0_0$0 == .
      0000B4                        249 _compass_metasprite1:
      0000B4 00                     250 	.db #0x00	;  0
      0000B5 00                     251 	.db #0x00	;  0
      0000B6 00                     252 	.db #0x00	; 0
      0000B7 00                     253 	.db #0x00	; 0
      0000B8 00                     254 	.db #0x00	;  0
      0000B9 08                     255 	.db #0x08	;  8
      0000BA 04                     256 	.db #0x04	; 4
      0000BB 00                     257 	.db #0x00	; 0
      0000BC 80                     258 	.db #0x80	; -128
      0000BD 00                     259 	.db #0x00	;  0
      0000BE 00                     260 	.db #0x00	; 0
      0000BF 00                     261 	.db #0x00	; 0
                           0000C0   262 G$compass_metasprite2$0_0$0 == .
      0000C0                        263 _compass_metasprite2:
      0000C0 00                     264 	.db #0x00	;  0
      0000C1 00                     265 	.db #0x00	;  0
      0000C2 00                     266 	.db #0x00	; 0
      0000C3 00                     267 	.db #0x00	; 0
      0000C4 00                     268 	.db #0x00	;  0
      0000C5 08                     269 	.db #0x08	;  8
      0000C6 06                     270 	.db #0x06	; 6
      0000C7 00                     271 	.db #0x00	; 0
      0000C8 80                     272 	.db #0x80	; -128
      0000C9 00                     273 	.db #0x00	;  0
      0000CA 00                     274 	.db #0x00	; 0
      0000CB 00                     275 	.db #0x00	; 0
                           0000CC   276 G$compass_metasprite3$0_0$0 == .
      0000CC                        277 _compass_metasprite3:
      0000CC 00                     278 	.db #0x00	;  0
      0000CD 00                     279 	.db #0x00	;  0
      0000CE 08                     280 	.db #0x08	; 8
      0000CF 00                     281 	.db #0x00	; 0
      0000D0 00                     282 	.db #0x00	;  0
      0000D1 08                     283 	.db #0x08	;  8
      0000D2 08                     284 	.db #0x08	; 8
      0000D3 20                     285 	.db #0x20	; 32
      0000D4 80                     286 	.db #0x80	; -128
      0000D5 00                     287 	.db #0x00	;  0
      0000D6 00                     288 	.db #0x00	; 0
      0000D7 00                     289 	.db #0x00	; 0
                           0000D8   290 G$compass_metasprites$0_0$0 == .
      0000D8                        291 _compass_metasprites:
      0000D8rA8r00                  292 	.dw _compass_metasprite0
      0000DArB4r00                  293 	.dw _compass_metasprite1
      0000DCrC0r00                  294 	.dw _compass_metasprite2
      0000DErCCr00                  295 	.dw _compass_metasprite3
                           0000E0   296 G$compass$0_0$0 == .
      0000E0                        297 _compass:
      0000E0 10                     298 	.db #0x10	; 16
      0000E1 10                     299 	.db #0x10	; 16
      0000E2 0A                     300 	.db #0x0a	; 10
      0000E3r08r00                  301 	.dw _compass_tiles
      0000E5 01                     302 	.db #0x01	; 1
      0000E6r00r00                  303 	.dw _compass_palettes
      0000E8 04                     304 	.db #0x04	; 4
      0000E9rD8r00                  305 	.dw _compass_metasprites
                                    306 	.area _INITIALIZER
                                    307 	.area _CABS (ABS)
