                                      1 ;--------------------------------------------------------
                                      2 ; File Created by SDCC : free open source ISO C Compiler 
                                      3 ; Version 4.3.2 #14228 (MINGW64)
                                      4 ;--------------------------------------------------------
                                      5 	.module fantoccio_gbr
                                      6 	.optsdcc -msm83
                                      7 	
                                      8 ;--------------------------------------------------------
                                      9 ; Public variables in this module
                                     10 ;--------------------------------------------------------
                                     11 	.globl _fantoccio
                                     12 	.globl _fantoccio_metasprites
                                     13 	.globl _fantoccio_metasprite5
                                     14 	.globl _fantoccio_metasprite4
                                     15 	.globl _fantoccio_metasprite3
                                     16 	.globl _fantoccio_metasprite2
                                     17 	.globl _fantoccio_metasprite1
                                     18 	.globl _fantoccio_metasprite0
                                     19 	.globl _fantoccio_tiles
                                     20 	.globl _fantoccio_palettes
                                     21 	.globl b___func_fantoccio
                                     22 	.globl ___func_fantoccio
                                     23 ;--------------------------------------------------------
                                     24 ; special function registers
                                     25 ;--------------------------------------------------------
                                     26 ;--------------------------------------------------------
                                     27 ; ram data
                                     28 ;--------------------------------------------------------
                                     29 	.area _DATA
                                     30 ;--------------------------------------------------------
                                     31 ; ram data
                                     32 ;--------------------------------------------------------
                                     33 	.area _INITIALIZED
                                     34 ;--------------------------------------------------------
                                     35 ; absolute external ram data
                                     36 ;--------------------------------------------------------
                                     37 	.area _DABS (ABS)
                                     38 ;--------------------------------------------------------
                                     39 ; global & static initialisations
                                     40 ;--------------------------------------------------------
                                     41 	.area _HOME
                                     42 	.area _GSINIT
                                     43 	.area _GSFINAL
                                     44 	.area _GSINIT
                                     45 ;--------------------------------------------------------
                                     46 ; Home
                                     47 ;--------------------------------------------------------
                                     48 	.area _HOME
                                     49 	.area _HOME
                                     50 ;--------------------------------------------------------
                                     51 ; code
                                     52 ;--------------------------------------------------------
                                     53 	.area _CODE_255
                           000000    54 	G$__func_fantoccio$0$0	= .
                                     55 	.globl	G$__func_fantoccio$0$0
                           000000    56 	C$fantoccio.gbr.c$9$0_0$161	= .
                                     57 	.globl	C$fantoccio.gbr.c$9$0_0$161
                                     58 ;../DbgClr/res/sprites/fantoccio.gbr.c:9: BANKREF(fantoccio)
                                     59 ;	---------------------------------
                                     60 ; Function __func_fantoccio
                                     61 ; ---------------------------------
                           0000FF    62 	b___func_fantoccio	= 255
      000000                         63 ___func_fantoccio::
                                     64 	.local b___func_fantoccio 
                           0000FF    65 	___bank_fantoccio = b___func_fantoccio 
                                     66 	.globl ___bank_fantoccio 
                                     67 	.area _CODE_255
                           000000    68 G$fantoccio_palettes$0_0$0 == .
      000000                         69 _fantoccio_palettes:
      000000 FF 7F                   70 	.dw #0x7fff
      000002 B5 56                   71 	.dw #0x56b5
      000004 4A 29                   72 	.dw #0x294a
      000006 00 00                   73 	.dw #0x0000
                           000008    74 G$fantoccio_tiles$0_0$0 == .
      000008                         75 _fantoccio_tiles:
      000008 00                      76 	.db #0x00	; 0
      000009 00                      77 	.db #0x00	; 0
      00000A 00                      78 	.db #0x00	; 0
      00000B 00                      79 	.db #0x00	; 0
      00000C 00                      80 	.db #0x00	; 0
      00000D 00                      81 	.db #0x00	; 0
      00000E 00                      82 	.db #0x00	; 0
      00000F 00                      83 	.db #0x00	; 0
      000010 00                      84 	.db #0x00	; 0
      000011 00                      85 	.db #0x00	; 0
      000012 00                      86 	.db #0x00	; 0
      000013 00                      87 	.db #0x00	; 0
      000014 00                      88 	.db #0x00	; 0
      000015 00                      89 	.db #0x00	; 0
      000016 03                      90 	.db #0x03	; 3
      000017 03                      91 	.db #0x03	; 3
      000018 06                      92 	.db #0x06	; 6
      000019 04                      93 	.db #0x04	; 4
      00001A 07                      94 	.db #0x07	; 7
      00001B 04                      95 	.db #0x04	; 4
      00001C 07                      96 	.db #0x07	; 7
      00001D 04                      97 	.db #0x04	; 4
      00001E 03                      98 	.db #0x03	; 3
      00001F 02                      99 	.db #0x02	; 2
      000020 FF                     100 	.db #0xff	; 255
      000021 FC                     101 	.db #0xfc	; 252
      000022 FF                     102 	.db #0xff	; 255
      000023 C3                     103 	.db #0xc3	; 195
      000024 7F                     104 	.db #0x7f	; 127
      000025 78                     105 	.db #0x78	; 120	'x'
      000026 0F                     106 	.db #0x0f	; 15
      000027 0C                     107 	.db #0x0c	; 12
      000028 07                     108 	.db #0x07	; 7
      000029 07                     109 	.db #0x07	; 7
      00002A 04                     110 	.db #0x04	; 4
      00002B 07                     111 	.db #0x07	; 7
      00002C 04                     112 	.db #0x04	; 4
      00002D 07                     113 	.db #0x07	; 7
      00002E 07                     114 	.db #0x07	; 7
      00002F 07                     115 	.db #0x07	; 7
      000030 04                     116 	.db #0x04	; 4
      000031 07                     117 	.db #0x07	; 7
      000032 02                     118 	.db #0x02	; 2
      000033 03                     119 	.db #0x03	; 3
      000034 02                     120 	.db #0x02	; 2
      000035 03                     121 	.db #0x03	; 3
      000036 01                     122 	.db #0x01	; 1
      000037 01                     123 	.db #0x01	; 1
      000038 03                     124 	.db #0x03	; 3
      000039 03                     125 	.db #0x03	; 3
      00003A 02                     126 	.db #0x02	; 2
      00003B 03                     127 	.db #0x03	; 3
      00003C 02                     128 	.db #0x02	; 2
      00003D 03                     129 	.db #0x03	; 3
      00003E 06                     130 	.db #0x06	; 6
      00003F 01                     131 	.db #0x01	; 1
      000040 4E                     132 	.db #0x4e	; 78	'N'
      000041 03                     133 	.db #0x03	; 3
      000042 06                     134 	.db #0x06	; 6
      000043 01                     135 	.db #0x01	; 1
      000044 51                     136 	.db #0x51	; 81	'Q'
      000045 00                     137 	.db #0x00	; 0
      000046 04                     138 	.db #0x04	; 4
      000047 00                     139 	.db #0x00	; 0
      000048 00                     140 	.db #0x00	; 0
      000049 00                     141 	.db #0x00	; 0
      00004A 00                     142 	.db #0x00	; 0
      00004B 00                     143 	.db #0x00	; 0
      00004C 00                     144 	.db #0x00	; 0
      00004D 00                     145 	.db #0x00	; 0
      00004E 00                     146 	.db #0x00	; 0
      00004F 00                     147 	.db #0x00	; 0
      000050 00                     148 	.db #0x00	; 0
      000051 00                     149 	.db #0x00	; 0
      000052 00                     150 	.db #0x00	; 0
      000053 00                     151 	.db #0x00	; 0
      000054 00                     152 	.db #0x00	; 0
      000055 00                     153 	.db #0x00	; 0
      000056 C0                     154 	.db #0xc0	; 192
      000057 C0                     155 	.db #0xc0	; 192
      000058 62                     156 	.db #0x62	; 98	'b'
      000059 22                     157 	.db #0x22	; 34
      00005A E7                     158 	.db #0xe7	; 231
      00005B 25                     159 	.db #0x25	; 37
      00005C EE                     160 	.db #0xee	; 238
      00005D 2A                     161 	.db #0x2a	; 42
      00005E DC                     162 	.db #0xdc	; 220
      00005F 54                     163 	.db #0x54	; 84	'T'
      000060 F8                     164 	.db #0xf8	; 248
      000061 28                     165 	.db #0x28	; 40
      000062 F8                     166 	.db #0xf8	; 248
      000063 C8                     167 	.db #0xc8	; 200
      000064 F0                     168 	.db #0xf0	; 240
      000065 10                     169 	.db #0x10	; 16
      000066 F0                     170 	.db #0xf0	; 240
      000067 30                     171 	.db #0x30	; 48	'0'
      000068 00                     172 	.db #0x00	; 0
      000069 00                     173 	.db #0x00	; 0
      00006A 00                     174 	.db #0x00	; 0
      00006B 00                     175 	.db #0x00	; 0
      00006C 00                     176 	.db #0x00	; 0
      00006D 00                     177 	.db #0x00	; 0
      00006E 00                     178 	.db #0x00	; 0
      00006F 00                     179 	.db #0x00	; 0
      000070 00                     180 	.db #0x00	; 0
      000071 00                     181 	.db #0x00	; 0
      000072 00                     182 	.db #0x00	; 0
      000073 00                     183 	.db #0x00	; 0
      000074 00                     184 	.db #0x00	; 0
      000075 00                     185 	.db #0x00	; 0
      000076 03                     186 	.db #0x03	; 3
      000077 03                     187 	.db #0x03	; 3
      000078 06                     188 	.db #0x06	; 6
      000079 04                     189 	.db #0x04	; 4
      00007A 07                     190 	.db #0x07	; 7
      00007B 04                     191 	.db #0x04	; 4
      00007C 07                     192 	.db #0x07	; 7
      00007D 04                     193 	.db #0x04	; 4
      00007E 03                     194 	.db #0x03	; 3
      00007F 02                     195 	.db #0x02	; 2
      000080 07                     196 	.db #0x07	; 7
      000081 04                     197 	.db #0x04	; 4
      000082 0F                     198 	.db #0x0f	; 15
      000083 0B                     199 	.db #0x0b	; 11
      000084 1F                     200 	.db #0x1f	; 31
      000085 10                     201 	.db #0x10	; 16
      000086 3F                     202 	.db #0x3f	; 63
      000087 2C                     203 	.db #0x2c	; 44
      000088 00                     204 	.db #0x00	; 0
      000089 00                     205 	.db #0x00	; 0
      00008A 00                     206 	.db #0x00	; 0
      00008B 00                     207 	.db #0x00	; 0
      00008C 00                     208 	.db #0x00	; 0
      00008D 00                     209 	.db #0x00	; 0
      00008E 00                     210 	.db #0x00	; 0
      00008F 00                     211 	.db #0x00	; 0
      000090 00                     212 	.db #0x00	; 0
      000091 00                     213 	.db #0x00	; 0
      000092 00                     214 	.db #0x00	; 0
      000093 00                     215 	.db #0x00	; 0
      000094 00                     216 	.db #0x00	; 0
      000095 00                     217 	.db #0x00	; 0
      000096 C0                     218 	.db #0xc0	; 192
      000097 C0                     219 	.db #0xc0	; 192
      000098 62                     220 	.db #0x62	; 98	'b'
      000099 22                     221 	.db #0x22	; 34
      00009A E7                     222 	.db #0xe7	; 231
      00009B 25                     223 	.db #0x25	; 37
      00009C EE                     224 	.db #0xee	; 238
      00009D 2A                     225 	.db #0x2a	; 42
      00009E DC                     226 	.db #0xdc	; 220
      00009F 54                     227 	.db #0x54	; 84	'T'
      0000A0 F8                     228 	.db #0xf8	; 248
      0000A1 28                     229 	.db #0x28	; 40
      0000A2 F8                     230 	.db #0xf8	; 248
      0000A3 C8                     231 	.db #0xc8	; 200
      0000A4 F0                     232 	.db #0xf0	; 240
      0000A5 10                     233 	.db #0x10	; 16
      0000A6 E0                     234 	.db #0xe0	; 224
      0000A7 20                     235 	.db #0x20	; 32
      0000A8 7F                     236 	.db #0x7f	; 127
      0000A9 5F                     237 	.db #0x5f	; 95
      0000AA E4                     238 	.db #0xe4	; 228
      0000AB A7                     239 	.db #0xa7	; 167
      0000AC 44                     240 	.db #0x44	; 68	'D'
      0000AD 47                     241 	.db #0x47	; 71	'G'
      0000AE 07                     242 	.db #0x07	; 7
      0000AF 07                     243 	.db #0x07	; 7
      0000B0 04                     244 	.db #0x04	; 4
      0000B1 07                     245 	.db #0x07	; 7
      0000B2 02                     246 	.db #0x02	; 2
      0000B3 03                     247 	.db #0x03	; 3
      0000B4 02                     248 	.db #0x02	; 2
      0000B5 03                     249 	.db #0x03	; 3
      0000B6 01                     250 	.db #0x01	; 1
      0000B7 01                     251 	.db #0x01	; 1
      0000B8 03                     252 	.db #0x03	; 3
      0000B9 03                     253 	.db #0x03	; 3
      0000BA 02                     254 	.db #0x02	; 2
      0000BB 03                     255 	.db #0x03	; 3
      0000BC 02                     256 	.db #0x02	; 2
      0000BD 03                     257 	.db #0x03	; 3
      0000BE 06                     258 	.db #0x06	; 6
      0000BF 01                     259 	.db #0x01	; 1
      0000C0 4E                     260 	.db #0x4e	; 78	'N'
      0000C1 03                     261 	.db #0x03	; 3
      0000C2 06                     262 	.db #0x06	; 6
      0000C3 01                     263 	.db #0x01	; 1
      0000C4 51                     264 	.db #0x51	; 81	'Q'
      0000C5 00                     265 	.db #0x00	; 0
      0000C6 04                     266 	.db #0x04	; 4
      0000C7 00                     267 	.db #0x00	; 0
      0000C8 00                     268 	.db #0x00	; 0
      0000C9 00                     269 	.db #0x00	; 0
      0000CA 00                     270 	.db #0x00	; 0
      0000CB 00                     271 	.db #0x00	; 0
      0000CC 00                     272 	.db #0x00	; 0
      0000CD 00                     273 	.db #0x00	; 0
      0000CE 01                     274 	.db #0x01	; 1
      0000CF 01                     275 	.db #0x01	; 1
      0000D0 03                     276 	.db #0x03	; 3
      0000D1 02                     277 	.db #0x02	; 2
      0000D2 03                     278 	.db #0x03	; 3
      0000D3 02                     279 	.db #0x02	; 2
      0000D4 03                     280 	.db #0x03	; 3
      0000D5 02                     281 	.db #0x02	; 2
      0000D6 03                     282 	.db #0x03	; 3
      0000D7 03                     283 	.db #0x03	; 3
      0000D8 06                     284 	.db #0x06	; 6
      0000D9 04                     285 	.db #0x04	; 4
      0000DA 07                     286 	.db #0x07	; 7
      0000DB 04                     287 	.db #0x04	; 4
      0000DC 07                     288 	.db #0x07	; 7
      0000DD 04                     289 	.db #0x04	; 4
      0000DE 03                     290 	.db #0x03	; 3
      0000DF 02                     291 	.db #0x02	; 2
      0000E0 07                     292 	.db #0x07	; 7
      0000E1 04                     293 	.db #0x04	; 4
      0000E2 07                     294 	.db #0x07	; 7
      0000E3 06                     295 	.db #0x06	; 6
      0000E4 0F                     296 	.db #0x0f	; 15
      0000E5 0A                     297 	.db #0x0a	; 10
      0000E6 0F                     298 	.db #0x0f	; 15
      0000E7 0E                     299 	.db #0x0e	; 14
      0000E8 00                     300 	.db #0x00	; 0
      0000E9 00                     301 	.db #0x00	; 0
      0000EA 00                     302 	.db #0x00	; 0
      0000EB 00                     303 	.db #0x00	; 0
      0000EC 00                     304 	.db #0x00	; 0
      0000ED 00                     305 	.db #0x00	; 0
      0000EE 80                     306 	.db #0x80	; 128
      0000EF 80                     307 	.db #0x80	; 128
      0000F0 C0                     308 	.db #0xc0	; 192
      0000F1 40                     309 	.db #0x40	; 64
      0000F2 C0                     310 	.db #0xc0	; 192
      0000F3 40                     311 	.db #0x40	; 64
      0000F4 C0                     312 	.db #0xc0	; 192
      0000F5 40                     313 	.db #0x40	; 64
      0000F6 C0                     314 	.db #0xc0	; 192
      0000F7 C0                     315 	.db #0xc0	; 192
      0000F8 60                     316 	.db #0x60	; 96
      0000F9 20                     317 	.db #0x20	; 32
      0000FA E0                     318 	.db #0xe0	; 224
      0000FB 20                     319 	.db #0x20	; 32
      0000FC E0                     320 	.db #0xe0	; 224
      0000FD 20                     321 	.db #0x20	; 32
      0000FE C0                     322 	.db #0xc0	; 192
      0000FF 40                     323 	.db #0x40	; 64
      000100 E0                     324 	.db #0xe0	; 224
      000101 20                     325 	.db #0x20	; 32
      000102 F0                     326 	.db #0xf0	; 240
      000103 50                     327 	.db #0x50	; 80	'P'
      000104 F0                     328 	.db #0xf0	; 240
      000105 50                     329 	.db #0x50	; 80	'P'
      000106 F0                     330 	.db #0xf0	; 240
      000107 70                     331 	.db #0x70	; 112	'p'
      000108 07                     332 	.db #0x07	; 7
      000109 06                     333 	.db #0x06	; 6
      00010A 07                     334 	.db #0x07	; 7
      00010B 06                     335 	.db #0x06	; 6
      00010C 07                     336 	.db #0x07	; 7
      00010D 06                     337 	.db #0x06	; 6
      00010E 07                     338 	.db #0x07	; 7
      00010F 07                     339 	.db #0x07	; 7
      000110 04                     340 	.db #0x04	; 4
      000111 07                     341 	.db #0x07	; 7
      000112 02                     342 	.db #0x02	; 2
      000113 03                     343 	.db #0x03	; 3
      000114 02                     344 	.db #0x02	; 2
      000115 03                     345 	.db #0x03	; 3
      000116 01                     346 	.db #0x01	; 1
      000117 01                     347 	.db #0x01	; 1
      000118 03                     348 	.db #0x03	; 3
      000119 03                     349 	.db #0x03	; 3
      00011A 02                     350 	.db #0x02	; 2
      00011B 03                     351 	.db #0x03	; 3
      00011C 02                     352 	.db #0x02	; 2
      00011D 03                     353 	.db #0x03	; 3
      00011E 06                     354 	.db #0x06	; 6
      00011F 01                     355 	.db #0x01	; 1
      000120 4E                     356 	.db #0x4e	; 78	'N'
      000121 03                     357 	.db #0x03	; 3
      000122 06                     358 	.db #0x06	; 6
      000123 01                     359 	.db #0x01	; 1
      000124 51                     360 	.db #0x51	; 81	'Q'
      000125 00                     361 	.db #0x00	; 0
      000126 04                     362 	.db #0x04	; 4
      000127 00                     363 	.db #0x00	; 0
                           000128   364 G$fantoccio_metasprite0$0_0$0 == .
      000128                        365 _fantoccio_metasprite0:
      000128 00                     366 	.db #0x00	;  0
      000129 08                     367 	.db #0x08	;  8
      00012A 00                     368 	.db #0x00	; 0
      00012B 00                     369 	.db #0x00	; 0
      00012C 00                     370 	.db #0x00	;  0
      00012D 08                     371 	.db #0x08	;  8
      00012E 00                     372 	.db #0x00	; 0
      00012F 20                     373 	.db #0x20	; 32
      000130 10                     374 	.db #0x10	;  16
      000131 F8                     375 	.db #0xf8	; -8
      000132 02                     376 	.db #0x02	; 2
      000133 00                     377 	.db #0x00	; 0
      000134 00                     378 	.db #0x00	;  0
      000135 08                     379 	.db #0x08	;  8
      000136 02                     380 	.db #0x02	; 2
      000137 20                     381 	.db #0x20	; 32
      000138 80                     382 	.db #0x80	; -128
      000139 00                     383 	.db #0x00	;  0
      00013A 00                     384 	.db #0x00	; 0
      00013B 00                     385 	.db #0x00	; 0
                           00013C   386 G$fantoccio_metasprite1$0_0$0 == .
      00013C                        387 _fantoccio_metasprite1:
      00013C 00                     388 	.db #0x00	;  0
      00013D 08                     389 	.db #0x08	;  8
      00013E 00                     390 	.db #0x00	; 0
      00013F 00                     391 	.db #0x00	; 0
      000140 00                     392 	.db #0x00	;  0
      000141 08                     393 	.db #0x08	;  8
      000142 04                     394 	.db #0x04	; 4
      000143 00                     395 	.db #0x00	; 0
      000144 10                     396 	.db #0x10	;  16
      000145 F8                     397 	.db #0xf8	; -8
      000146 02                     398 	.db #0x02	; 2
      000147 00                     399 	.db #0x00	; 0
      000148 00                     400 	.db #0x00	;  0
      000149 08                     401 	.db #0x08	;  8
      00014A 02                     402 	.db #0x02	; 2
      00014B 20                     403 	.db #0x20	; 32
      00014C 80                     404 	.db #0x80	; -128
      00014D 00                     405 	.db #0x00	;  0
      00014E 00                     406 	.db #0x00	; 0
      00014F 00                     407 	.db #0x00	; 0
                           000150   408 G$fantoccio_metasprite2$0_0$0 == .
      000150                        409 _fantoccio_metasprite2:
      000150 00                     410 	.db #0x00	;  0
      000151 08                     411 	.db #0x08	;  8
      000152 06                     412 	.db #0x06	; 6
      000153 00                     413 	.db #0x00	; 0
      000154 00                     414 	.db #0x00	;  0
      000155 08                     415 	.db #0x08	;  8
      000156 08                     416 	.db #0x08	; 8
      000157 00                     417 	.db #0x00	; 0
      000158 10                     418 	.db #0x10	;  16
      000159 F8                     419 	.db #0xf8	; -8
      00015A 0A                     420 	.db #0x0a	; 10
      00015B 00                     421 	.db #0x00	; 0
      00015C 00                     422 	.db #0x00	;  0
      00015D 08                     423 	.db #0x08	;  8
      00015E 02                     424 	.db #0x02	; 2
      00015F 20                     425 	.db #0x20	; 32
      000160 80                     426 	.db #0x80	; -128
      000161 00                     427 	.db #0x00	;  0
      000162 00                     428 	.db #0x00	; 0
      000163 00                     429 	.db #0x00	; 0
                           000164   430 G$fantoccio_metasprite3$0_0$0 == .
      000164                        431 _fantoccio_metasprite3:
      000164 00                     432 	.db #0x00	;  0
      000165 08                     433 	.db #0x08	;  8
      000166 0C                     434 	.db #0x0c	; 12
      000167 00                     435 	.db #0x00	; 0
      000168 00                     436 	.db #0x00	;  0
      000169 08                     437 	.db #0x08	;  8
      00016A 0E                     438 	.db #0x0e	; 14
      00016B 00                     439 	.db #0x00	; 0
      00016C 10                     440 	.db #0x10	;  16
      00016D F8                     441 	.db #0xf8	; -8
      00016E 10                     442 	.db #0x10	; 16
      00016F 00                     443 	.db #0x00	; 0
      000170 00                     444 	.db #0x00	;  0
      000171 08                     445 	.db #0x08	;  8
      000172 10                     446 	.db #0x10	; 16
      000173 20                     447 	.db #0x20	; 32
      000174 80                     448 	.db #0x80	; -128
      000175 00                     449 	.db #0x00	;  0
      000176 00                     450 	.db #0x00	; 0
      000177 00                     451 	.db #0x00	; 0
                           000178   452 G$fantoccio_metasprite4$0_0$0 == .
      000178                        453 _fantoccio_metasprite4:
      000178 00                     454 	.db #0x00	;  0
      000179 08                     455 	.db #0x08	;  8
      00017A 08                     456 	.db #0x08	; 8
      00017B 20                     457 	.db #0x20	; 32
      00017C 00                     458 	.db #0x00	;  0
      00017D 08                     459 	.db #0x08	;  8
      00017E 06                     460 	.db #0x06	; 6
      00017F 20                     461 	.db #0x20	; 32
      000180 10                     462 	.db #0x10	;  16
      000181 F8                     463 	.db #0xf8	; -8
      000182 02                     464 	.db #0x02	; 2
      000183 00                     465 	.db #0x00	; 0
      000184 00                     466 	.db #0x00	;  0
      000185 08                     467 	.db #0x08	;  8
      000186 0A                     468 	.db #0x0a	; 10
      000187 20                     469 	.db #0x20	; 32
      000188 80                     470 	.db #0x80	; -128
      000189 00                     471 	.db #0x00	;  0
      00018A 00                     472 	.db #0x00	; 0
      00018B 00                     473 	.db #0x00	; 0
                           00018C   474 G$fantoccio_metasprite5$0_0$0 == .
      00018C                        475 _fantoccio_metasprite5:
      00018C 00                     476 	.db #0x00	;  0
      00018D 08                     477 	.db #0x08	;  8
      00018E 04                     478 	.db #0x04	; 4
      00018F 20                     479 	.db #0x20	; 32
      000190 00                     480 	.db #0x00	;  0
      000191 08                     481 	.db #0x08	;  8
      000192 00                     482 	.db #0x00	; 0
      000193 20                     483 	.db #0x20	; 32
      000194 10                     484 	.db #0x10	;  16
      000195 F8                     485 	.db #0xf8	; -8
      000196 02                     486 	.db #0x02	; 2
      000197 00                     487 	.db #0x00	; 0
      000198 00                     488 	.db #0x00	;  0
      000199 08                     489 	.db #0x08	;  8
      00019A 02                     490 	.db #0x02	; 2
      00019B 20                     491 	.db #0x20	; 32
      00019C 80                     492 	.db #0x80	; -128
      00019D 00                     493 	.db #0x00	;  0
      00019E 00                     494 	.db #0x00	; 0
      00019F 00                     495 	.db #0x00	; 0
                           0001A0   496 G$fantoccio_metasprites$0_0$0 == .
      0001A0                        497 _fantoccio_metasprites:
      0001A0r28r01                  498 	.dw _fantoccio_metasprite0
      0001A2r3Cr01                  499 	.dw _fantoccio_metasprite1
      0001A4r50r01                  500 	.dw _fantoccio_metasprite2
      0001A6r64r01                  501 	.dw _fantoccio_metasprite3
      0001A8r78r01                  502 	.dw _fantoccio_metasprite4
      0001AAr8Cr01                  503 	.dw _fantoccio_metasprite5
                           0001AC   504 G$fantoccio$0_0$0 == .
      0001AC                        505 _fantoccio:
      0001AC 20                     506 	.db #0x20	; 32
      0001AD 20                     507 	.db #0x20	; 32
      0001AE 12                     508 	.db #0x12	; 18
      0001AFr08r00                  509 	.dw _fantoccio_tiles
      0001B1 01                     510 	.db #0x01	; 1
      0001B2r00r00                  511 	.dw _fantoccio_palettes
      0001B4 06                     512 	.db #0x06	; 6
      0001B5rA0r01                  513 	.dw _fantoccio_metasprites
                                    514 	.area _INITIALIZER
                                    515 	.area _CABS (ABS)
