                                      1 ;--------------------------------------------------------
                                      2 ; File Created by SDCC : free open source ISO C Compiler 
                                      3 ; Version 4.3.2 #14228 (MINGW64)
                                      4 ;--------------------------------------------------------
                                      5 	.module horse5frames_gbr
                                      6 	.optsdcc -msm83
                                      7 	
                                      8 ;--------------------------------------------------------
                                      9 ; Public variables in this module
                                     10 ;--------------------------------------------------------
                                     11 	.globl _horse5frames
                                     12 	.globl _horse5frames_metasprites
                                     13 	.globl _horse5frames_metasprite4
                                     14 	.globl _horse5frames_metasprite3
                                     15 	.globl _horse5frames_metasprite2
                                     16 	.globl _horse5frames_metasprite1
                                     17 	.globl _horse5frames_metasprite0
                                     18 	.globl _horse5frames_tiles
                                     19 	.globl _horse5frames_palettes
                                     20 	.globl b___func_horse5frames
                                     21 	.globl ___func_horse5frames
                                     22 ;--------------------------------------------------------
                                     23 ; special function registers
                                     24 ;--------------------------------------------------------
                                     25 ;--------------------------------------------------------
                                     26 ; ram data
                                     27 ;--------------------------------------------------------
                                     28 	.area _DATA
                                     29 ;--------------------------------------------------------
                                     30 ; ram data
                                     31 ;--------------------------------------------------------
                                     32 	.area _INITIALIZED
                                     33 ;--------------------------------------------------------
                                     34 ; absolute external ram data
                                     35 ;--------------------------------------------------------
                                     36 	.area _DABS (ABS)
                                     37 ;--------------------------------------------------------
                                     38 ; global & static initialisations
                                     39 ;--------------------------------------------------------
                                     40 	.area _HOME
                                     41 	.area _GSINIT
                                     42 	.area _GSFINAL
                                     43 	.area _GSINIT
                                     44 ;--------------------------------------------------------
                                     45 ; Home
                                     46 ;--------------------------------------------------------
                                     47 	.area _HOME
                                     48 	.area _HOME
                                     49 ;--------------------------------------------------------
                                     50 ; code
                                     51 ;--------------------------------------------------------
                                     52 	.area _CODE_255
                           000000    53 	G$__func_horse5frames$0$0	= .
                                     54 	.globl	G$__func_horse5frames$0$0
                           000000    55 	C$horse5frames.gbr.c$9$0_0$161	= .
                                     56 	.globl	C$horse5frames.gbr.c$9$0_0$161
                                     57 ;../DbgClr/res/sprites/horse5frames.gbr.c:9: BANKREF(horse5frames)
                                     58 ;	---------------------------------
                                     59 ; Function __func_horse5frames
                                     60 ; ---------------------------------
                           0000FF    61 	b___func_horse5frames	= 255
      000000                         62 ___func_horse5frames::
                                     63 	.local b___func_horse5frames 
                           0000FF    64 	___bank_horse5frames = b___func_horse5frames 
                                     65 	.globl ___bank_horse5frames 
                                     66 	.area _CODE_255
                           000000    67 G$horse5frames_palettes$0_0$0 == .
      000000                         68 _horse5frames_palettes:
      000000 FF 7F                   69 	.dw #0x7fff
      000002 7E 4F                   70 	.dw #0x4f7e
      000004 79 01                   71 	.dw #0x0179
      000006 AA 04                   72 	.dw #0x04aa
                           000008    73 G$horse5frames_tiles$0_0$0 == .
      000008                         74 _horse5frames_tiles:
      000008 00                      75 	.db #0x00	; 0
      000009 00                      76 	.db #0x00	; 0
      00000A 00                      77 	.db #0x00	; 0
      00000B 19                      78 	.db #0x19	; 25
      00000C 00                      79 	.db #0x00	; 0
      00000D 07                      80 	.db #0x07	; 7
      00000E 00                      81 	.db #0x00	; 0
      00000F 00                      82 	.db #0x00	; 0
      000010 00                      83 	.db #0x00	; 0
      000011 00                      84 	.db #0x00	; 0
      000012 00                      85 	.db #0x00	; 0
      000013 00                      86 	.db #0x00	; 0
      000014 00                      87 	.db #0x00	; 0
      000015 00                      88 	.db #0x00	; 0
      000016 0F                      89 	.db #0x0f	; 15
      000017 0F                      90 	.db #0x0f	; 15
      000018 1E                      91 	.db #0x1e	; 30
      000019 1F                      92 	.db #0x1f	; 31
      00001A F0                      93 	.db #0xf0	; 240
      00001B F3                      94 	.db #0xf3	; 243
      00001C 80                      95 	.db #0x80	; 128
      00001D 86                      96 	.db #0x86	; 134
      00001E 00                      97 	.db #0x00	; 0
      00001F 1C                      98 	.db #0x1c	; 28
      000020 00                      99 	.db #0x00	; 0
      000021 70                     100 	.db #0x70	; 112	'p'
      000022 00                     101 	.db #0x00	; 0
      000023 C0                     102 	.db #0xc0	; 192
      000024 00                     103 	.db #0x00	; 0
      000025 00                     104 	.db #0x00	; 0
      000026 00                     105 	.db #0x00	; 0
      000027 00                     106 	.db #0x00	; 0
      000028 00                     107 	.db #0x00	; 0
      000029 00                     108 	.db #0x00	; 0
      00002A 00                     109 	.db #0x00	; 0
      00002B 80                     110 	.db #0x80	; 128
      00002C 00                     111 	.db #0x00	; 0
      00002D C0                     112 	.db #0xc0	; 192
      00002E 00                     113 	.db #0x00	; 0
      00002F 7E                     114 	.db #0x7e	; 126
      000030 00                     115 	.db #0x00	; 0
      000031 FF                     116 	.db #0xff	; 255
      000032 00                     117 	.db #0x00	; 0
      000033 FF                     118 	.db #0xff	; 255
      000034 04                     119 	.db #0x04	; 4
      000035 FF                     120 	.db #0xff	; 255
      000036 83                     121 	.db #0x83	; 131
      000037 FF                     122 	.db #0xff	; 255
      000038 33                     123 	.db #0x33	; 51	'3'
      000039 F3                     124 	.db #0xf3	; 243
      00003A 40                     125 	.db #0x40	; 64
      00003B C0                     126 	.db #0xc0	; 192
      00003C 00                     127 	.db #0x00	; 0
      00003D 00                     128 	.db #0x00	; 0
      00003E 00                     129 	.db #0x00	; 0
      00003F 00                     130 	.db #0x00	; 0
      000040 00                     131 	.db #0x00	; 0
      000041 00                     132 	.db #0x00	; 0
      000042 00                     133 	.db #0x00	; 0
      000043 00                     134 	.db #0x00	; 0
      000044 00                     135 	.db #0x00	; 0
      000045 00                     136 	.db #0x00	; 0
      000046 00                     137 	.db #0x00	; 0
      000047 00                     138 	.db #0x00	; 0
      000048 00                     139 	.db #0x00	; 0
      000049 00                     140 	.db #0x00	; 0
      00004A 00                     141 	.db #0x00	; 0
      00004B 00                     142 	.db #0x00	; 0
      00004C 00                     143 	.db #0x00	; 0
      00004D 03                     144 	.db #0x03	; 3
      00004E 30                     145 	.db #0x30	; 48	'0'
      00004F 3F                     146 	.db #0x3f	; 63
      000050 30                     147 	.db #0x30	; 48	'0'
      000051 FF                     148 	.db #0xff	; 255
      000052 20                     149 	.db #0x20	; 32
      000053 FF                     150 	.db #0xff	; 255
      000054 30                     151 	.db #0x30	; 48	'0'
      000055 FF                     152 	.db #0xff	; 255
      000056 54                     153 	.db #0x54	; 84	'T'
      000057 FF                     154 	.db #0xff	; 255
      000058 FE                     155 	.db #0xfe	; 254
      000059 FF                     156 	.db #0xff	; 255
      00005A 18                     157 	.db #0x18	; 24
      00005B 18                     158 	.db #0x18	; 24
      00005C 30                     159 	.db #0x30	; 48	'0'
      00005D 30                     160 	.db #0x30	; 48	'0'
      00005E 30                     161 	.db #0x30	; 48	'0'
      00005F 30                     162 	.db #0x30	; 48	'0'
      000060 20                     163 	.db #0x20	; 32
      000061 20                     164 	.db #0x20	; 32
      000062 60                     165 	.db #0x60	; 96
      000063 60                     166 	.db #0x60	; 96
      000064 20                     167 	.db #0x20	; 32
      000065 20                     168 	.db #0x20	; 32
      000066 10                     169 	.db #0x10	; 16
      000067 10                     170 	.db #0x10	; 16
      000068 00                     171 	.db #0x00	; 0
      000069 1E                     172 	.db #0x1e	; 30
      00006A 80                     173 	.db #0x80	; 128
      00006B FE                     174 	.db #0xfe	; 254
      00006C 60                     175 	.db #0x60	; 96
      00006D FF                     176 	.db #0xff	; 255
      00006E 18                     177 	.db #0x18	; 24
      00006F FF                     178 	.db #0xff	; 255
      000070 26                     179 	.db #0x26	; 38
      000071 E7                     180 	.db #0xe7	; 231
      000072 40                     181 	.db #0x40	; 64
      000073 C1                     182 	.db #0xc1	; 193
      000074 00                     183 	.db #0x00	; 0
      000075 80                     184 	.db #0x80	; 128
      000076 00                     185 	.db #0x00	; 0
      000077 80                     186 	.db #0x80	; 128
      000078 00                     187 	.db #0x00	; 0
      000079 C0                     188 	.db #0xc0	; 192
      00007A 00                     189 	.db #0x00	; 0
      00007B E0                     190 	.db #0xe0	; 224
      00007C 00                     191 	.db #0x00	; 0
      00007D 70                     192 	.db #0x70	; 112	'p'
      00007E 00                     193 	.db #0x00	; 0
      00007F 18                     194 	.db #0x18	; 24
      000080 00                     195 	.db #0x00	; 0
      000081 0E                     196 	.db #0x0e	; 14
      000082 00                     197 	.db #0x00	; 0
      000083 03                     198 	.db #0x03	; 3
      000084 00                     199 	.db #0x00	; 0
      000085 01                     200 	.db #0x01	; 1
      000086 00                     201 	.db #0x00	; 0
      000087 00                     202 	.db #0x00	; 0
      000088 00                     203 	.db #0x00	; 0
      000089 01                     204 	.db #0x01	; 1
      00008A 00                     205 	.db #0x00	; 0
      00008B 02                     206 	.db #0x02	; 2
      00008C 00                     207 	.db #0x00	; 0
      00008D 3D                     208 	.db #0x3d	; 61
      00008E 00                     209 	.db #0x00	; 0
      00008F 19                     210 	.db #0x19	; 25
      000090 00                     211 	.db #0x00	; 0
      000091 01                     212 	.db #0x01	; 1
      000092 00                     213 	.db #0x00	; 0
      000093 00                     214 	.db #0x00	; 0
      000094 00                     215 	.db #0x00	; 0
      000095 07                     216 	.db #0x07	; 7
      000096 00                     217 	.db #0x00	; 0
      000097 07                     218 	.db #0x07	; 7
      000098 01                     219 	.db #0x01	; 1
      000099 03                     220 	.db #0x03	; 3
      00009A 01                     221 	.db #0x01	; 1
      00009B 03                     222 	.db #0x03	; 3
      00009C 00                     223 	.db #0x00	; 0
      00009D 06                     224 	.db #0x06	; 6
      00009E 00                     225 	.db #0x00	; 0
      00009F 04                     226 	.db #0x04	; 4
      0000A0 00                     227 	.db #0x00	; 0
      0000A1 00                     228 	.db #0x00	; 0
      0000A2 00                     229 	.db #0x00	; 0
      0000A3 00                     230 	.db #0x00	; 0
      0000A4 00                     231 	.db #0x00	; 0
      0000A5 00                     232 	.db #0x00	; 0
      0000A6 00                     233 	.db #0x00	; 0
      0000A7 00                     234 	.db #0x00	; 0
      0000A8 00                     235 	.db #0x00	; 0
      0000A9 F0                     236 	.db #0xf0	; 240
      0000AA 00                     237 	.db #0x00	; 0
      0000AB FC                     238 	.db #0xfc	; 252
      0000AC 00                     239 	.db #0x00	; 0
      0000AD FF                     240 	.db #0xff	; 255
      0000AE 00                     241 	.db #0x00	; 0
      0000AF FF                     242 	.db #0xff	; 255
      0000B0 02                     243 	.db #0x02	; 2
      0000B1 FF                     244 	.db #0xff	; 255
      0000B2 04                     245 	.db #0x04	; 4
      0000B3 FF                     246 	.db #0xff	; 255
      0000B4 8F                     247 	.db #0x8f	; 143
      0000B5 FF                     248 	.db #0xff	; 255
      0000B6 07                     249 	.db #0x07	; 7
      0000B7 F7                     250 	.db #0xf7	; 247
      0000B8 80                     251 	.db #0x80	; 128
      0000B9 80                     252 	.db #0x80	; 128
      0000BA 00                     253 	.db #0x00	; 0
      0000BB 00                     254 	.db #0x00	; 0
      0000BC 80                     255 	.db #0x80	; 128
      0000BD 80                     256 	.db #0x80	; 128
      0000BE 42                     257 	.db #0x42	; 66	'B'
      0000BF 42                     258 	.db #0x42	; 66	'B'
      0000C0 C1                     259 	.db #0xc1	; 193
      0000C1 C1                     260 	.db #0xc1	; 193
      0000C2 80                     261 	.db #0x80	; 128
      0000C3 80                     262 	.db #0x80	; 128
      0000C4 00                     263 	.db #0x00	; 0
      0000C5 00                     264 	.db #0x00	; 0
      0000C6 00                     265 	.db #0x00	; 0
      0000C7 00                     266 	.db #0x00	; 0
      0000C8 00                     267 	.db #0x00	; 0
      0000C9 00                     268 	.db #0x00	; 0
      0000CA 00                     269 	.db #0x00	; 0
      0000CB 00                     270 	.db #0x00	; 0
      0000CC 21                     271 	.db #0x21	; 33
      0000CD FB                     272 	.db #0xfb	; 251
      0000CE 20                     273 	.db #0x20	; 32
      0000CF FF                     274 	.db #0xff	; 255
      0000D0 30                     275 	.db #0x30	; 48	'0'
      0000D1 FF                     276 	.db #0xff	; 255
      0000D2 00                     277 	.db #0x00	; 0
      0000D3 FF                     278 	.db #0xff	; 255
      0000D4 50                     279 	.db #0x50	; 80	'P'
      0000D5 FF                     280 	.db #0xff	; 255
      0000D6 E0                     281 	.db #0xe0	; 224
      0000D7 FF                     282 	.db #0xff	; 255
      0000D8 C0                     283 	.db #0xc0	; 192
      0000D9 FE                     284 	.db #0xfe	; 254
      0000DA 00                     285 	.db #0x00	; 0
      0000DB 3E                     286 	.db #0x3e	; 62
      0000DC 00                     287 	.db #0x00	; 0
      0000DD 34                     288 	.db #0x34	; 52	'4'
      0000DE 10                     289 	.db #0x10	; 16
      0000DF 30                     290 	.db #0x30	; 48	'0'
      0000E0 90                     291 	.db #0x90	; 144
      0000E1 F0                     292 	.db #0xf0	; 240
      0000E2 00                     293 	.db #0x00	; 0
      0000E3 40                     294 	.db #0x40	; 64
      0000E4 00                     295 	.db #0x00	; 0
      0000E5 80                     296 	.db #0x80	; 128
      0000E6 00                     297 	.db #0x00	; 0
      0000E7 40                     298 	.db #0x40	; 64
      0000E8 00                     299 	.db #0x00	; 0
      0000E9 20                     300 	.db #0x20	; 32
      0000EA 00                     301 	.db #0x00	; 0
      0000EB F0                     302 	.db #0xf0	; 240
      0000EC 00                     303 	.db #0x00	; 0
      0000ED F8                     304 	.db #0xf8	; 248
      0000EE 80                     305 	.db #0x80	; 128
      0000EF F8                     306 	.db #0xf8	; 248
      0000F0 68                     307 	.db #0x68	; 104	'h'
      0000F1 FC                     308 	.db #0xfc	; 252
      0000F2 B0                     309 	.db #0xb0	; 176
      0000F3 BC                     310 	.db #0xbc	; 188
      0000F4 00                     311 	.db #0x00	; 0
      0000F5 00                     312 	.db #0x00	; 0
      0000F6 00                     313 	.db #0x00	; 0
      0000F7 00                     314 	.db #0x00	; 0
      0000F8 00                     315 	.db #0x00	; 0
      0000F9 00                     316 	.db #0x00	; 0
      0000FA 00                     317 	.db #0x00	; 0
      0000FB 00                     318 	.db #0x00	; 0
      0000FC 00                     319 	.db #0x00	; 0
      0000FD 00                     320 	.db #0x00	; 0
      0000FE 00                     321 	.db #0x00	; 0
      0000FF 00                     322 	.db #0x00	; 0
      000100 00                     323 	.db #0x00	; 0
      000101 00                     324 	.db #0x00	; 0
      000102 00                     325 	.db #0x00	; 0
      000103 00                     326 	.db #0x00	; 0
      000104 00                     327 	.db #0x00	; 0
      000105 00                     328 	.db #0x00	; 0
      000106 00                     329 	.db #0x00	; 0
      000107 00                     330 	.db #0x00	; 0
      000108 00                     331 	.db #0x00	; 0
      000109 00                     332 	.db #0x00	; 0
      00010A 00                     333 	.db #0x00	; 0
      00010B 00                     334 	.db #0x00	; 0
      00010C 00                     335 	.db #0x00	; 0
      00010D 00                     336 	.db #0x00	; 0
      00010E 00                     337 	.db #0x00	; 0
      00010F 00                     338 	.db #0x00	; 0
      000110 00                     339 	.db #0x00	; 0
      000111 2F                     340 	.db #0x2f	; 47
      000112 00                     341 	.db #0x00	; 0
      000113 7D                     342 	.db #0x7d	; 125
      000114 00                     343 	.db #0x00	; 0
      000115 19                     344 	.db #0x19	; 25
      000116 00                     345 	.db #0x00	; 0
      000117 01                     346 	.db #0x01	; 1
      000118 00                     347 	.db #0x00	; 0
      000119 00                     348 	.db #0x00	; 0
      00011A 00                     349 	.db #0x00	; 0
      00011B 00                     350 	.db #0x00	; 0
      00011C 00                     351 	.db #0x00	; 0
      00011D 01                     352 	.db #0x01	; 1
      00011E 00                     353 	.db #0x00	; 0
      00011F 00                     354 	.db #0x00	; 0
      000120 00                     355 	.db #0x00	; 0
      000121 00                     356 	.db #0x00	; 0
      000122 00                     357 	.db #0x00	; 0
      000123 00                     358 	.db #0x00	; 0
      000124 00                     359 	.db #0x00	; 0
      000125 00                     360 	.db #0x00	; 0
      000126 00                     361 	.db #0x00	; 0
      000127 00                     362 	.db #0x00	; 0
      000128 00                     363 	.db #0x00	; 0
      000129 00                     364 	.db #0x00	; 0
      00012A 00                     365 	.db #0x00	; 0
      00012B 00                     366 	.db #0x00	; 0
      00012C 00                     367 	.db #0x00	; 0
      00012D 00                     368 	.db #0x00	; 0
      00012E 00                     369 	.db #0x00	; 0
      00012F F8                     370 	.db #0xf8	; 248
      000130 00                     371 	.db #0x00	; 0
      000131 FF                     372 	.db #0xff	; 255
      000132 00                     373 	.db #0x00	; 0
      000133 FF                     374 	.db #0xff	; 255
      000134 02                     375 	.db #0x02	; 2
      000135 FF                     376 	.db #0xff	; 255
      000136 06                     377 	.db #0x06	; 6
      000137 FF                     378 	.db #0xff	; 255
      000138 0D                     379 	.db #0x0d	; 13
      000139 7F                     380 	.db #0x7f	; 127
      00013A 03                     381 	.db #0x03	; 3
      00013B F3                     382 	.db #0xf3	; 243
      00013C 30                     383 	.db #0x30	; 48	'0'
      00013D F0                     384 	.db #0xf0	; 240
      00013E 30                     385 	.db #0x30	; 48	'0'
      00013F B0                     386 	.db #0xb0	; 176
      000140 10                     387 	.db #0x10	; 16
      000141 D2                     388 	.db #0xd2	; 210
      000142 10                     389 	.db #0x10	; 16
      000143 71                     390 	.db #0x71	; 113	'q'
      000144 0C                     391 	.db #0x0c	; 12
      000145 1C                     392 	.db #0x1c	; 28
      000146 02                     393 	.db #0x02	; 2
      000147 32                     394 	.db #0x32	; 50	'2'
      000148 00                     395 	.db #0x00	; 0
      000149 00                     396 	.db #0x00	; 0
      00014A 00                     397 	.db #0x00	; 0
      00014B 01                     398 	.db #0x01	; 1
      00014C 07                     399 	.db #0x07	; 7
      00014D 07                     400 	.db #0x07	; 7
      00014E 00                     401 	.db #0x00	; 0
      00014F 07                     402 	.db #0x07	; 7
      000150 40                     403 	.db #0x40	; 64
      000151 FF                     404 	.db #0xff	; 255
      000152 40                     405 	.db #0x40	; 64
      000153 FF                     406 	.db #0xff	; 255
      000154 60                     407 	.db #0x60	; 96
      000155 FF                     408 	.db #0xff	; 255
      000156 80                     409 	.db #0x80	; 128
      000157 FF                     410 	.db #0xff	; 255
      000158 60                     411 	.db #0x60	; 96
      000159 FF                     412 	.db #0xff	; 255
      00015A C0                     413 	.db #0xc0	; 192
      00015B FE                     414 	.db #0xfe	; 254
      00015C 03                     415 	.db #0x03	; 3
      00015D 3F                     416 	.db #0x3f	; 63
      00015E 01                     417 	.db #0x01	; 1
      00015F 31                     418 	.db #0x31	; 49	'1'
      000160 00                     419 	.db #0x00	; 0
      000161 30                     420 	.db #0x30	; 48	'0'
      000162 01                     421 	.db #0x01	; 1
      000163 21                     422 	.db #0x21	; 33
      000164 03                     423 	.db #0x03	; 3
      000165 E3                     424 	.db #0xe3	; 227
      000166 0C                     425 	.db #0x0c	; 12
      000167 4C                     426 	.db #0x4c	; 76	'L'
      000168 00                     427 	.db #0x00	; 0
      000169 70                     428 	.db #0x70	; 112	'p'
      00016A 00                     429 	.db #0x00	; 0
      00016B F8                     430 	.db #0xf8	; 248
      00016C 00                     431 	.db #0x00	; 0
      00016D FC                     432 	.db #0xfc	; 252
      00016E F8                     433 	.db #0xf8	; 248
      00016F FC                     434 	.db #0xfc	; 252
      000170 40                     435 	.db #0x40	; 64
      000171 C4                     436 	.db #0xc4	; 196
      000172 00                     437 	.db #0x00	; 0
      000173 C0                     438 	.db #0xc0	; 192
      000174 00                     439 	.db #0x00	; 0
      000175 80                     440 	.db #0x80	; 128
      000176 00                     441 	.db #0x00	; 0
      000177 00                     442 	.db #0x00	; 0
      000178 00                     443 	.db #0x00	; 0
      000179 00                     444 	.db #0x00	; 0
      00017A 00                     445 	.db #0x00	; 0
      00017B 00                     446 	.db #0x00	; 0
      00017C 00                     447 	.db #0x00	; 0
      00017D 00                     448 	.db #0x00	; 0
      00017E 80                     449 	.db #0x80	; 128
      00017F 80                     450 	.db #0x80	; 128
      000180 80                     451 	.db #0x80	; 128
      000181 80                     452 	.db #0x80	; 128
      000182 80                     453 	.db #0x80	; 128
      000183 80                     454 	.db #0x80	; 128
      000184 00                     455 	.db #0x00	; 0
      000185 00                     456 	.db #0x00	; 0
      000186 00                     457 	.db #0x00	; 0
      000187 00                     458 	.db #0x00	; 0
      000188 00                     459 	.db #0x00	; 0
      000189 00                     460 	.db #0x00	; 0
      00018A 00                     461 	.db #0x00	; 0
      00018B 00                     462 	.db #0x00	; 0
      00018C 00                     463 	.db #0x00	; 0
      00018D 00                     464 	.db #0x00	; 0
      00018E 00                     465 	.db #0x00	; 0
      00018F 00                     466 	.db #0x00	; 0
      000190 00                     467 	.db #0x00	; 0
      000191 00                     468 	.db #0x00	; 0
      000192 00                     469 	.db #0x00	; 0
      000193 03                     470 	.db #0x03	; 3
      000194 00                     471 	.db #0x00	; 0
      000195 3E                     472 	.db #0x3e	; 62
      000196 00                     473 	.db #0x00	; 0
      000197 1C                     474 	.db #0x1c	; 28
      000198 00                     475 	.db #0x00	; 0
      000199 70                     476 	.db #0x70	; 112	'p'
      00019A 00                     477 	.db #0x00	; 0
      00019B 00                     478 	.db #0x00	; 0
      00019C 00                     479 	.db #0x00	; 0
      00019D 00                     480 	.db #0x00	; 0
      00019E 00                     481 	.db #0x00	; 0
      00019F 00                     482 	.db #0x00	; 0
      0001A0 01                     483 	.db #0x01	; 1
      0001A1 01                     484 	.db #0x01	; 1
      0001A2 03                     485 	.db #0x03	; 3
      0001A3 03                     486 	.db #0x03	; 3
      0001A4 01                     487 	.db #0x01	; 1
      0001A5 01                     488 	.db #0x01	; 1
      0001A6 01                     489 	.db #0x01	; 1
      0001A7 01                     490 	.db #0x01	; 1
      0001A8 00                     491 	.db #0x00	; 0
      0001A9 00                     492 	.db #0x00	; 0
      0001AA 00                     493 	.db #0x00	; 0
      0001AB 00                     494 	.db #0x00	; 0
      0001AC 00                     495 	.db #0x00	; 0
      0001AD 00                     496 	.db #0x00	; 0
      0001AE 00                     497 	.db #0x00	; 0
      0001AF 00                     498 	.db #0x00	; 0
      0001B0 00                     499 	.db #0x00	; 0
      0001B1 3C                     500 	.db #0x3c	; 60
      0001B2 00                     501 	.db #0x00	; 0
      0001B3 FF                     502 	.db #0xff	; 255
      0001B4 00                     503 	.db #0x00	; 0
      0001B5 7F                     504 	.db #0x7f	; 127
      0001B6 00                     505 	.db #0x00	; 0
      0001B7 FF                     506 	.db #0xff	; 255
      0001B8 02                     507 	.db #0x02	; 2
      0001B9 FF                     508 	.db #0xff	; 255
      0001BA 07                     509 	.db #0x07	; 7
      0001BB FF                     510 	.db #0xff	; 255
      0001BC 87                     511 	.db #0x87	; 135
      0001BD FF                     512 	.db #0xff	; 255
      0001BE C0                     513 	.db #0xc0	; 192
      0001BF F8                     514 	.db #0xf8	; 248
      0001C0 C0                     515 	.db #0xc0	; 192
      0001C1 D8                     516 	.db #0xd8	; 216
      0001C2 80                     517 	.db #0x80	; 128
      0001C3 98                     518 	.db #0x98	; 152
      0001C4 00                     519 	.db #0x00	; 0
      0001C5 0C                     520 	.db #0x0c	; 12
      0001C6 00                     521 	.db #0x00	; 0
      0001C7 06                     522 	.db #0x06	; 6
      0001C8 00                     523 	.db #0x00	; 0
      0001C9 00                     524 	.db #0x00	; 0
      0001CA 00                     525 	.db #0x00	; 0
      0001CB 00                     526 	.db #0x00	; 0
      0001CC 01                     527 	.db #0x01	; 1
      0001CD 01                     528 	.db #0x01	; 1
      0001CE 00                     529 	.db #0x00	; 0
      0001CF 03                     530 	.db #0x03	; 3
      0001D0 30                     531 	.db #0x30	; 48	'0'
      0001D1 3F                     532 	.db #0x3f	; 63
      0001D2 20                     533 	.db #0x20	; 32
      0001D3 FF                     534 	.db #0xff	; 255
      0001D4 30                     535 	.db #0x30	; 48	'0'
      0001D5 FF                     536 	.db #0xff	; 255
      0001D6 00                     537 	.db #0x00	; 0
      0001D7 FF                     538 	.db #0xff	; 255
      0001D8 A8                     539 	.db #0xa8	; 168
      0001D9 FF                     540 	.db #0xff	; 255
      0001DA 58                     541 	.db #0x58	; 88	'X'
      0001DB FF                     542 	.db #0xff	; 255
      0001DC FC                     543 	.db #0xfc	; 252
      0001DD FF                     544 	.db #0xff	; 255
      0001DE 06                     545 	.db #0x06	; 6
      0001DF 07                     546 	.db #0x07	; 7
      0001E0 00                     547 	.db #0x00	; 0
      0001E1 00                     548 	.db #0x00	; 0
      0001E2 00                     549 	.db #0x00	; 0
      0001E3 00                     550 	.db #0x00	; 0
      0001E4 00                     551 	.db #0x00	; 0
      0001E5 00                     552 	.db #0x00	; 0
      0001E6 00                     553 	.db #0x00	; 0
      0001E7 00                     554 	.db #0x00	; 0
      0001E8 00                     555 	.db #0x00	; 0
      0001E9 18                     556 	.db #0x18	; 24
      0001EA 00                     557 	.db #0x00	; 0
      0001EB 7C                     558 	.db #0x7c	; 124
      0001EC 80                     559 	.db #0x80	; 128
      0001ED FC                     560 	.db #0xfc	; 252
      0001EE 80                     561 	.db #0x80	; 128
      0001EF FC                     562 	.db #0xfc	; 252
      0001F0 70                     563 	.db #0x70	; 112	'p'
      0001F1 FE                     564 	.db #0xfe	; 254
      0001F2 28                     565 	.db #0x28	; 40
      0001F3 EE                     566 	.db #0xee	; 238
      0001F4 00                     567 	.db #0x00	; 0
      0001F5 C4                     568 	.db #0xc4	; 196
      0001F6 00                     569 	.db #0x00	; 0
      0001F7 80                     570 	.db #0x80	; 128
      0001F8 00                     571 	.db #0x00	; 0
      0001F9 80                     572 	.db #0x80	; 128
      0001FA 00                     573 	.db #0x00	; 0
      0001FB 80                     574 	.db #0x80	; 128
      0001FC 00                     575 	.db #0x00	; 0
      0001FD C0                     576 	.db #0xc0	; 192
      0001FE 00                     577 	.db #0x00	; 0
      0001FF E0                     578 	.db #0xe0	; 224
      000200 10                     579 	.db #0x10	; 16
      000201 30                     580 	.db #0x30	; 48	'0'
      000202 18                     581 	.db #0x18	; 24
      000203 78                     582 	.db #0x78	; 120	'x'
      000204 0C                     583 	.db #0x0c	; 12
      000205 8C                     584 	.db #0x8c	; 140
      000206 06                     585 	.db #0x06	; 6
      000207 06                     586 	.db #0x06	; 6
      000208 00                     587 	.db #0x00	; 0
      000209 00                     588 	.db #0x00	; 0
      00020A 00                     589 	.db #0x00	; 0
      00020B 00                     590 	.db #0x00	; 0
      00020C 00                     591 	.db #0x00	; 0
      00020D CF                     592 	.db #0xcf	; 207
      00020E 00                     593 	.db #0x00	; 0
      00020F 3C                     594 	.db #0x3c	; 60
      000210 00                     595 	.db #0x00	; 0
      000211 30                     596 	.db #0x30	; 48	'0'
      000212 00                     597 	.db #0x00	; 0
      000213 00                     598 	.db #0x00	; 0
      000214 01                     599 	.db #0x01	; 1
      000215 01                     600 	.db #0x01	; 1
      000216 01                     601 	.db #0x01	; 1
      000217 01                     602 	.db #0x01	; 1
      000218 03                     603 	.db #0x03	; 3
      000219 03                     604 	.db #0x03	; 3
      00021A 0E                     605 	.db #0x0e	; 14
      00021B 0E                     606 	.db #0x0e	; 14
      00021C 0C                     607 	.db #0x0c	; 12
      00021D 0D                     608 	.db #0x0d	; 13
      00021E 10                     609 	.db #0x10	; 16
      00021F 11                     610 	.db #0x11	; 17
      000220 30                     611 	.db #0x30	; 48	'0'
      000221 30                     612 	.db #0x30	; 48	'0'
      000222 40                     613 	.db #0x40	; 64
      000223 40                     614 	.db #0x40	; 64
      000224 00                     615 	.db #0x00	; 0
      000225 00                     616 	.db #0x00	; 0
      000226 00                     617 	.db #0x00	; 0
      000227 00                     618 	.db #0x00	; 0
      000228 00                     619 	.db #0x00	; 0
      000229 00                     620 	.db #0x00	; 0
      00022A 00                     621 	.db #0x00	; 0
      00022B 00                     622 	.db #0x00	; 0
      00022C 00                     623 	.db #0x00	; 0
      00022D 7E                     624 	.db #0x7e	; 126
      00022E 00                     625 	.db #0x00	; 0
      00022F FF                     626 	.db #0xff	; 255
      000230 00                     627 	.db #0x00	; 0
      000231 FF                     628 	.db #0xff	; 255
      000232 02                     629 	.db #0x02	; 2
      000233 FF                     630 	.db #0xff	; 255
      000234 03                     631 	.db #0x03	; 3
      000235 FF                     632 	.db #0xff	; 255
      000236 82                     633 	.db #0x82	; 130
      000237 FE                     634 	.db #0xfe	; 254
      000238 80                     635 	.db #0x80	; 128
      000239 F8                     636 	.db #0xf8	; 248
      00023A 00                     637 	.db #0x00	; 0
      00023B F0                     638 	.db #0xf0	; 240
      00023C 00                     639 	.db #0x00	; 0
      00023D C0                     640 	.db #0xc0	; 192
      00023E 00                     641 	.db #0x00	; 0
      00023F 80                     642 	.db #0x80	; 128
      000240 00                     643 	.db #0x00	; 0
      000241 80                     644 	.db #0x80	; 128
      000242 00                     645 	.db #0x00	; 0
      000243 C0                     646 	.db #0xc0	; 192
      000244 00                     647 	.db #0x00	; 0
      000245 70                     648 	.db #0x70	; 112	'p'
      000246 00                     649 	.db #0x00	; 0
      000247 10                     650 	.db #0x10	; 16
      000248 00                     651 	.db #0x00	; 0
      000249 00                     652 	.db #0x00	; 0
      00024A 00                     653 	.db #0x00	; 0
      00024B 01                     654 	.db #0x01	; 1
      00024C 18                     655 	.db #0x18	; 24
      00024D 1F                     656 	.db #0x1f	; 31
      00024E 10                     657 	.db #0x10	; 16
      00024F FF                     658 	.db #0xff	; 255
      000250 18                     659 	.db #0x18	; 24
      000251 FF                     660 	.db #0xff	; 255
      000252 A8                     661 	.db #0xa8	; 168
      000253 FF                     662 	.db #0xff	; 255
      000254 DC                     663 	.db #0xdc	; 220
      000255 FF                     664 	.db #0xff	; 255
      000256 FC                     665 	.db #0xfc	; 252
      000257 FF                     666 	.db #0xff	; 255
      000258 00                     667 	.db #0x00	; 0
      000259 03                     668 	.db #0x03	; 3
      00025A 03                     669 	.db #0x03	; 3
      00025B 03                     670 	.db #0x03	; 3
      00025C 01                     671 	.db #0x01	; 1
      00025D 01                     672 	.db #0x01	; 1
      00025E 01                     673 	.db #0x01	; 1
      00025F 01                     674 	.db #0x01	; 1
      000260 00                     675 	.db #0x00	; 0
      000261 00                     676 	.db #0x00	; 0
      000262 00                     677 	.db #0x00	; 0
      000263 00                     678 	.db #0x00	; 0
      000264 00                     679 	.db #0x00	; 0
      000265 00                     680 	.db #0x00	; 0
      000266 00                     681 	.db #0x00	; 0
      000267 00                     682 	.db #0x00	; 0
      000268 00                     683 	.db #0x00	; 0
      000269 3E                     684 	.db #0x3e	; 62
      00026A 40                     685 	.db #0x40	; 64
      00026B FE                     686 	.db #0xfe	; 254
      00026C 30                     687 	.db #0x30	; 48	'0'
      00026D FF                     688 	.db #0xff	; 255
      00026E 2E                     689 	.db #0x2e	; 46
      00026F EF                     690 	.db #0xef	; 239
      000270 00                     691 	.db #0x00	; 0
      000271 C3                     692 	.db #0xc3	; 195
      000272 00                     693 	.db #0x00	; 0
      000273 C1                     694 	.db #0xc1	; 193
      000274 00                     695 	.db #0x00	; 0
      000275 00                     696 	.db #0x00	; 0
      000276 00                     697 	.db #0x00	; 0
      000277 80                     698 	.db #0x80	; 128
      000278 00                     699 	.db #0x00	; 0
      000279 E0                     700 	.db #0xe0	; 224
      00027A 00                     701 	.db #0x00	; 0
      00027B 30                     702 	.db #0x30	; 48	'0'
      00027C 80                     703 	.db #0x80	; 128
      00027D 98                     704 	.db #0x98	; 152
      00027E 80                     705 	.db #0x80	; 128
      00027F 88                     706 	.db #0x88	; 136
      000280 C0                     707 	.db #0xc0	; 192
      000281 C8                     708 	.db #0xc8	; 200
      000282 40                     709 	.db #0x40	; 64
      000283 40                     710 	.db #0x40	; 64
      000284 30                     711 	.db #0x30	; 48	'0'
      000285 30                     712 	.db #0x30	; 48	'0'
      000286 18                     713 	.db #0x18	; 24
      000287 18                     714 	.db #0x18	; 24
                           000288   715 G$horse5frames_metasprite0$0_0$0 == .
      000288                        716 _horse5frames_metasprite0:
      000288 10                     717 	.db #0x10	;  16
      000289 00                     718 	.db #0x00	;  0
      00028A 00                     719 	.db #0x00	; 0
      00028B 00                     720 	.db #0x00	; 0
      00028C 00                     721 	.db #0x00	;  0
      00028D 08                     722 	.db #0x08	;  8
      00028E 02                     723 	.db #0x02	; 2
      00028F 00                     724 	.db #0x00	; 0
      000290 00                     725 	.db #0x00	;  0
      000291 08                     726 	.db #0x08	;  8
      000292 04                     727 	.db #0x04	; 4
      000293 00                     728 	.db #0x00	; 0
      000294 00                     729 	.db #0x00	;  0
      000295 08                     730 	.db #0x08	;  8
      000296 06                     731 	.db #0x06	; 6
      000297 00                     732 	.db #0x00	; 0
      000298 80                     733 	.db #0x80	; -128
      000299 00                     734 	.db #0x00	;  0
      00029A 00                     735 	.db #0x00	; 0
      00029B 00                     736 	.db #0x00	; 0
                           00029C   737 G$horse5frames_metasprite1$0_0$0 == .
      00029C                        738 _horse5frames_metasprite1:
      00029C 10                     739 	.db #0x10	;  16
      00029D 00                     740 	.db #0x00	;  0
      00029E 08                     741 	.db #0x08	; 8
      00029F 00                     742 	.db #0x00	; 0
      0002A0 00                     743 	.db #0x00	;  0
      0002A1 08                     744 	.db #0x08	;  8
      0002A2 0A                     745 	.db #0x0a	; 10
      0002A3 00                     746 	.db #0x00	; 0
      0002A4 00                     747 	.db #0x00	;  0
      0002A5 08                     748 	.db #0x08	;  8
      0002A6 0C                     749 	.db #0x0c	; 12
      0002A7 00                     750 	.db #0x00	; 0
      0002A8 00                     751 	.db #0x00	;  0
      0002A9 08                     752 	.db #0x08	;  8
      0002AA 0E                     753 	.db #0x0e	; 14
      0002AB 00                     754 	.db #0x00	; 0
      0002AC 80                     755 	.db #0x80	; -128
      0002AD 00                     756 	.db #0x00	;  0
      0002AE 00                     757 	.db #0x00	; 0
      0002AF 00                     758 	.db #0x00	; 0
                           0002B0   759 G$horse5frames_metasprite2$0_0$0 == .
      0002B0                        760 _horse5frames_metasprite2:
      0002B0 10                     761 	.db #0x10	;  16
      0002B1 00                     762 	.db #0x00	;  0
      0002B2 10                     763 	.db #0x10	; 16
      0002B3 00                     764 	.db #0x00	; 0
      0002B4 00                     765 	.db #0x00	;  0
      0002B5 08                     766 	.db #0x08	;  8
      0002B6 12                     767 	.db #0x12	; 18
      0002B7 00                     768 	.db #0x00	; 0
      0002B8 00                     769 	.db #0x00	;  0
      0002B9 08                     770 	.db #0x08	;  8
      0002BA 14                     771 	.db #0x14	; 20
      0002BB 00                     772 	.db #0x00	; 0
      0002BC 00                     773 	.db #0x00	;  0
      0002BD 08                     774 	.db #0x08	;  8
      0002BE 16                     775 	.db #0x16	; 22
      0002BF 00                     776 	.db #0x00	; 0
      0002C0 80                     777 	.db #0x80	; -128
      0002C1 00                     778 	.db #0x00	;  0
      0002C2 00                     779 	.db #0x00	; 0
      0002C3 00                     780 	.db #0x00	; 0
                           0002C4   781 G$horse5frames_metasprite3$0_0$0 == .
      0002C4                        782 _horse5frames_metasprite3:
      0002C4 10                     783 	.db #0x10	;  16
      0002C5 00                     784 	.db #0x00	;  0
      0002C6 18                     785 	.db #0x18	; 24
      0002C7 00                     786 	.db #0x00	; 0
      0002C8 00                     787 	.db #0x00	;  0
      0002C9 08                     788 	.db #0x08	;  8
      0002CA 1A                     789 	.db #0x1a	; 26
      0002CB 00                     790 	.db #0x00	; 0
      0002CC 00                     791 	.db #0x00	;  0
      0002CD 08                     792 	.db #0x08	;  8
      0002CE 1C                     793 	.db #0x1c	; 28
      0002CF 00                     794 	.db #0x00	; 0
      0002D0 00                     795 	.db #0x00	;  0
      0002D1 08                     796 	.db #0x08	;  8
      0002D2 1E                     797 	.db #0x1e	; 30
      0002D3 00                     798 	.db #0x00	; 0
      0002D4 80                     799 	.db #0x80	; -128
      0002D5 00                     800 	.db #0x00	;  0
      0002D6 00                     801 	.db #0x00	; 0
      0002D7 00                     802 	.db #0x00	; 0
                           0002D8   803 G$horse5frames_metasprite4$0_0$0 == .
      0002D8                        804 _horse5frames_metasprite4:
      0002D8 10                     805 	.db #0x10	;  16
      0002D9 00                     806 	.db #0x00	;  0
      0002DA 20                     807 	.db #0x20	; 32
      0002DB 00                     808 	.db #0x00	; 0
      0002DC 00                     809 	.db #0x00	;  0
      0002DD 08                     810 	.db #0x08	;  8
      0002DE 22                     811 	.db #0x22	; 34
      0002DF 00                     812 	.db #0x00	; 0
      0002E0 00                     813 	.db #0x00	;  0
      0002E1 08                     814 	.db #0x08	;  8
      0002E2 24                     815 	.db #0x24	; 36
      0002E3 00                     816 	.db #0x00	; 0
      0002E4 00                     817 	.db #0x00	;  0
      0002E5 08                     818 	.db #0x08	;  8
      0002E6 26                     819 	.db #0x26	; 38
      0002E7 00                     820 	.db #0x00	; 0
      0002E8 80                     821 	.db #0x80	; -128
      0002E9 00                     822 	.db #0x00	;  0
      0002EA 00                     823 	.db #0x00	; 0
      0002EB 00                     824 	.db #0x00	; 0
                           0002EC   825 G$horse5frames_metasprites$0_0$0 == .
      0002EC                        826 _horse5frames_metasprites:
      0002ECr88r02                  827 	.dw _horse5frames_metasprite0
      0002EEr9Cr02                  828 	.dw _horse5frames_metasprite1
      0002F0rB0r02                  829 	.dw _horse5frames_metasprite2
      0002F2rC4r02                  830 	.dw _horse5frames_metasprite3
      0002F4rD8r02                  831 	.dw _horse5frames_metasprite4
                           0002F6   832 G$horse5frames$0_0$0 == .
      0002F6                        833 _horse5frames:
      0002F6 20                     834 	.db #0x20	; 32
      0002F7 20                     835 	.db #0x20	; 32
      0002F8 28                     836 	.db #0x28	; 40
      0002F9r08r00                  837 	.dw _horse5frames_tiles
      0002FB 01                     838 	.db #0x01	; 1
      0002FCr00r00                  839 	.dw _horse5frames_palettes
      0002FE 05                     840 	.db #0x05	; 5
      0002FFrECr02                  841 	.dw _horse5frames_metasprites
                                    842 	.area _INITIALIZER
                                    843 	.area _CABS (ABS)
