                                      1 ;--------------------------------------------------------
                                      2 ; File Created by SDCC : free open source ISO C Compiler 
                                      3 ; Version 4.3.2 #14228 (MINGW64)
                                      4 ;--------------------------------------------------------
                                      5 	.module oldhorse_gbr
                                      6 	.optsdcc -msm83
                                      7 	
                                      8 ;--------------------------------------------------------
                                      9 ; Public variables in this module
                                     10 ;--------------------------------------------------------
                                     11 	.globl _oldhorse
                                     12 	.globl _oldhorse_metasprites
                                     13 	.globl _oldhorse_metasprite7
                                     14 	.globl _oldhorse_metasprite6
                                     15 	.globl _oldhorse_metasprite5
                                     16 	.globl _oldhorse_metasprite4
                                     17 	.globl _oldhorse_metasprite3
                                     18 	.globl _oldhorse_metasprite2
                                     19 	.globl _oldhorse_metasprite1
                                     20 	.globl _oldhorse_metasprite0
                                     21 	.globl _oldhorse_tiles
                                     22 	.globl _oldhorse_palettes
                                     23 	.globl b___func_oldhorse
                                     24 	.globl ___func_oldhorse
                                     25 ;--------------------------------------------------------
                                     26 ; special function registers
                                     27 ;--------------------------------------------------------
                                     28 ;--------------------------------------------------------
                                     29 ; ram data
                                     30 ;--------------------------------------------------------
                                     31 	.area _DATA
                                     32 ;--------------------------------------------------------
                                     33 ; ram data
                                     34 ;--------------------------------------------------------
                                     35 	.area _INITIALIZED
                                     36 ;--------------------------------------------------------
                                     37 ; absolute external ram data
                                     38 ;--------------------------------------------------------
                                     39 	.area _DABS (ABS)
                                     40 ;--------------------------------------------------------
                                     41 ; global & static initialisations
                                     42 ;--------------------------------------------------------
                                     43 	.area _HOME
                                     44 	.area _GSINIT
                                     45 	.area _GSFINAL
                                     46 	.area _GSINIT
                                     47 ;--------------------------------------------------------
                                     48 ; Home
                                     49 ;--------------------------------------------------------
                                     50 	.area _HOME
                                     51 	.area _HOME
                                     52 ;--------------------------------------------------------
                                     53 ; code
                                     54 ;--------------------------------------------------------
                                     55 	.area _CODE_255
                           000000    56 	G$__func_oldhorse$0$0	= .
                                     57 	.globl	G$__func_oldhorse$0$0
                           000000    58 	C$oldhorse.gbr.c$9$0_0$161	= .
                                     59 	.globl	C$oldhorse.gbr.c$9$0_0$161
                                     60 ;../DbgClr/res/sprites/oldhorse.gbr.c:9: BANKREF(oldhorse)
                                     61 ;	---------------------------------
                                     62 ; Function __func_oldhorse
                                     63 ; ---------------------------------
                           0000FF    64 	b___func_oldhorse	= 255
      000000                         65 ___func_oldhorse::
                                     66 	.local b___func_oldhorse 
                           0000FF    67 	___bank_oldhorse = b___func_oldhorse 
                                     68 	.globl ___bank_oldhorse 
                                     69 	.area _CODE_255
                           000000    70 G$oldhorse_palettes$0_0$0 == .
      000000                         71 _oldhorse_palettes:
      000000 FF 7F                   72 	.dw #0x7fff
      000002 7E 4F                   73 	.dw #0x4f7e
      000004 79 01                   74 	.dw #0x0179
      000006 AA 04                   75 	.dw #0x04aa
                           000008    76 G$oldhorse_tiles$0_0$0 == .
      000008                         77 _oldhorse_tiles:
      000008 00                      78 	.db #0x00	; 0
      000009 00                      79 	.db #0x00	; 0
      00000A 00                      80 	.db #0x00	; 0
      00000B 19                      81 	.db #0x19	; 25
      00000C 00                      82 	.db #0x00	; 0
      00000D 07                      83 	.db #0x07	; 7
      00000E 00                      84 	.db #0x00	; 0
      00000F 00                      85 	.db #0x00	; 0
      000010 00                      86 	.db #0x00	; 0
      000011 00                      87 	.db #0x00	; 0
      000012 00                      88 	.db #0x00	; 0
      000013 00                      89 	.db #0x00	; 0
      000014 00                      90 	.db #0x00	; 0
      000015 00                      91 	.db #0x00	; 0
      000016 0F                      92 	.db #0x0f	; 15
      000017 0F                      93 	.db #0x0f	; 15
      000018 1E                      94 	.db #0x1e	; 30
      000019 1F                      95 	.db #0x1f	; 31
      00001A F0                      96 	.db #0xf0	; 240
      00001B F3                      97 	.db #0xf3	; 243
      00001C 80                      98 	.db #0x80	; 128
      00001D 86                      99 	.db #0x86	; 134
      00001E 00                     100 	.db #0x00	; 0
      00001F 1C                     101 	.db #0x1c	; 28
      000020 00                     102 	.db #0x00	; 0
      000021 70                     103 	.db #0x70	; 112	'p'
      000022 00                     104 	.db #0x00	; 0
      000023 C0                     105 	.db #0xc0	; 192
      000024 00                     106 	.db #0x00	; 0
      000025 00                     107 	.db #0x00	; 0
      000026 00                     108 	.db #0x00	; 0
      000027 00                     109 	.db #0x00	; 0
      000028 00                     110 	.db #0x00	; 0
      000029 00                     111 	.db #0x00	; 0
      00002A 00                     112 	.db #0x00	; 0
      00002B 80                     113 	.db #0x80	; 128
      00002C 00                     114 	.db #0x00	; 0
      00002D C0                     115 	.db #0xc0	; 192
      00002E 00                     116 	.db #0x00	; 0
      00002F 7E                     117 	.db #0x7e	; 126
      000030 00                     118 	.db #0x00	; 0
      000031 FF                     119 	.db #0xff	; 255
      000032 00                     120 	.db #0x00	; 0
      000033 FF                     121 	.db #0xff	; 255
      000034 04                     122 	.db #0x04	; 4
      000035 FF                     123 	.db #0xff	; 255
      000036 83                     124 	.db #0x83	; 131
      000037 FF                     125 	.db #0xff	; 255
      000038 33                     126 	.db #0x33	; 51	'3'
      000039 F3                     127 	.db #0xf3	; 243
      00003A 40                     128 	.db #0x40	; 64
      00003B C0                     129 	.db #0xc0	; 192
      00003C 00                     130 	.db #0x00	; 0
      00003D 00                     131 	.db #0x00	; 0
      00003E 00                     132 	.db #0x00	; 0
      00003F 00                     133 	.db #0x00	; 0
      000040 00                     134 	.db #0x00	; 0
      000041 00                     135 	.db #0x00	; 0
      000042 00                     136 	.db #0x00	; 0
      000043 00                     137 	.db #0x00	; 0
      000044 00                     138 	.db #0x00	; 0
      000045 00                     139 	.db #0x00	; 0
      000046 00                     140 	.db #0x00	; 0
      000047 00                     141 	.db #0x00	; 0
      000048 00                     142 	.db #0x00	; 0
      000049 00                     143 	.db #0x00	; 0
      00004A 00                     144 	.db #0x00	; 0
      00004B 00                     145 	.db #0x00	; 0
      00004C 00                     146 	.db #0x00	; 0
      00004D 03                     147 	.db #0x03	; 3
      00004E 30                     148 	.db #0x30	; 48	'0'
      00004F 3F                     149 	.db #0x3f	; 63
      000050 30                     150 	.db #0x30	; 48	'0'
      000051 FF                     151 	.db #0xff	; 255
      000052 20                     152 	.db #0x20	; 32
      000053 FF                     153 	.db #0xff	; 255
      000054 30                     154 	.db #0x30	; 48	'0'
      000055 FF                     155 	.db #0xff	; 255
      000056 54                     156 	.db #0x54	; 84	'T'
      000057 FF                     157 	.db #0xff	; 255
      000058 FE                     158 	.db #0xfe	; 254
      000059 FF                     159 	.db #0xff	; 255
      00005A 18                     160 	.db #0x18	; 24
      00005B 18                     161 	.db #0x18	; 24
      00005C 30                     162 	.db #0x30	; 48	'0'
      00005D 30                     163 	.db #0x30	; 48	'0'
      00005E 30                     164 	.db #0x30	; 48	'0'
      00005F 30                     165 	.db #0x30	; 48	'0'
      000060 20                     166 	.db #0x20	; 32
      000061 20                     167 	.db #0x20	; 32
      000062 60                     168 	.db #0x60	; 96
      000063 60                     169 	.db #0x60	; 96
      000064 20                     170 	.db #0x20	; 32
      000065 20                     171 	.db #0x20	; 32
      000066 10                     172 	.db #0x10	; 16
      000067 10                     173 	.db #0x10	; 16
      000068 00                     174 	.db #0x00	; 0
      000069 1E                     175 	.db #0x1e	; 30
      00006A 80                     176 	.db #0x80	; 128
      00006B FE                     177 	.db #0xfe	; 254
      00006C 60                     178 	.db #0x60	; 96
      00006D FF                     179 	.db #0xff	; 255
      00006E 18                     180 	.db #0x18	; 24
      00006F FF                     181 	.db #0xff	; 255
      000070 26                     182 	.db #0x26	; 38
      000071 E7                     183 	.db #0xe7	; 231
      000072 40                     184 	.db #0x40	; 64
      000073 C1                     185 	.db #0xc1	; 193
      000074 00                     186 	.db #0x00	; 0
      000075 80                     187 	.db #0x80	; 128
      000076 00                     188 	.db #0x00	; 0
      000077 80                     189 	.db #0x80	; 128
      000078 00                     190 	.db #0x00	; 0
      000079 C0                     191 	.db #0xc0	; 192
      00007A 00                     192 	.db #0x00	; 0
      00007B E0                     193 	.db #0xe0	; 224
      00007C 00                     194 	.db #0x00	; 0
      00007D 70                     195 	.db #0x70	; 112	'p'
      00007E 00                     196 	.db #0x00	; 0
      00007F 18                     197 	.db #0x18	; 24
      000080 00                     198 	.db #0x00	; 0
      000081 0E                     199 	.db #0x0e	; 14
      000082 00                     200 	.db #0x00	; 0
      000083 03                     201 	.db #0x03	; 3
      000084 00                     202 	.db #0x00	; 0
      000085 01                     203 	.db #0x01	; 1
      000086 00                     204 	.db #0x00	; 0
      000087 00                     205 	.db #0x00	; 0
      000088 00                     206 	.db #0x00	; 0
      000089 00                     207 	.db #0x00	; 0
      00008A 00                     208 	.db #0x00	; 0
      00008B 11                     209 	.db #0x11	; 17
      00008C 00                     210 	.db #0x00	; 0
      00008D 0F                     211 	.db #0x0f	; 15
      00008E 00                     212 	.db #0x00	; 0
      00008F 0C                     213 	.db #0x0c	; 12
      000090 00                     214 	.db #0x00	; 0
      000091 00                     215 	.db #0x00	; 0
      000092 00                     216 	.db #0x00	; 0
      000093 00                     217 	.db #0x00	; 0
      000094 00                     218 	.db #0x00	; 0
      000095 00                     219 	.db #0x00	; 0
      000096 00                     220 	.db #0x00	; 0
      000097 06                     221 	.db #0x06	; 6
      000098 00                     222 	.db #0x00	; 0
      000099 0F                     223 	.db #0x0f	; 15
      00009A 03                     224 	.db #0x03	; 3
      00009B 5B                     225 	.db #0x5b	; 91
      00009C 02                     226 	.db #0x02	; 2
      00009D 62                     227 	.db #0x62	; 98	'b'
      00009E 0C                     228 	.db #0x0c	; 12
      00009F 0C                     229 	.db #0x0c	; 12
      0000A0 08                     230 	.db #0x08	; 8
      0000A1 08                     231 	.db #0x08	; 8
      0000A2 00                     232 	.db #0x00	; 0
      0000A3 00                     233 	.db #0x00	; 0
      0000A4 00                     234 	.db #0x00	; 0
      0000A5 00                     235 	.db #0x00	; 0
      0000A6 00                     236 	.db #0x00	; 0
      0000A7 00                     237 	.db #0x00	; 0
      0000A8 00                     238 	.db #0x00	; 0
      0000A9 00                     239 	.db #0x00	; 0
      0000AA 00                     240 	.db #0x00	; 0
      0000AB DC                     241 	.db #0xdc	; 220
      0000AC 00                     242 	.db #0x00	; 0
      0000AD 7F                     243 	.db #0x7f	; 127
      0000AE 00                     244 	.db #0x00	; 0
      0000AF FF                     245 	.db #0xff	; 255
      0000B0 00                     246 	.db #0x00	; 0
      0000B1 FF                     247 	.db #0xff	; 255
      0000B2 02                     248 	.db #0x02	; 2
      0000B3 FF                     249 	.db #0xff	; 255
      0000B4 05                     250 	.db #0x05	; 5
      0000B5 7F                     251 	.db #0x7f	; 127
      0000B6 07                     252 	.db #0x07	; 7
      0000B7 F7                     253 	.db #0xf7	; 247
      0000B8 01                     254 	.db #0x01	; 1
      0000B9 E1                     255 	.db #0xe1	; 225
      0000BA 00                     256 	.db #0x00	; 0
      0000BB 40                     257 	.db #0x40	; 64
      0000BC 00                     258 	.db #0x00	; 0
      0000BD 00                     259 	.db #0x00	; 0
      0000BE 00                     260 	.db #0x00	; 0
      0000BF 00                     261 	.db #0x00	; 0
      0000C0 01                     262 	.db #0x01	; 1
      0000C1 01                     263 	.db #0x01	; 1
      0000C2 0E                     264 	.db #0x0e	; 14
      0000C3 0E                     265 	.db #0x0e	; 14
      0000C4 00                     266 	.db #0x00	; 0
      0000C5 00                     267 	.db #0x00	; 0
      0000C6 00                     268 	.db #0x00	; 0
      0000C7 00                     269 	.db #0x00	; 0
      0000C8 00                     270 	.db #0x00	; 0
      0000C9 00                     271 	.db #0x00	; 0
      0000CA 00                     272 	.db #0x00	; 0
      0000CB 01                     273 	.db #0x01	; 1
      0000CC 00                     274 	.db #0x00	; 0
      0000CD 07                     275 	.db #0x07	; 7
      0000CE 20                     276 	.db #0x20	; 32
      0000CF FF                     277 	.db #0xff	; 255
      0000D0 20                     278 	.db #0x20	; 32
      0000D1 FF                     279 	.db #0xff	; 255
      0000D2 30                     280 	.db #0x30	; 48	'0'
      0000D3 FF                     281 	.db #0xff	; 255
      0000D4 A0                     282 	.db #0xa0	; 160
      0000D5 FF                     283 	.db #0xff	; 255
      0000D6 58                     284 	.db #0x58	; 88	'X'
      0000D7 FF                     285 	.db #0xff	; 255
      0000D8 F8                     286 	.db #0xf8	; 248
      0000D9 FF                     287 	.db #0xff	; 255
      0000DA 38                     288 	.db #0x38	; 56	'8'
      0000DB 3F                     289 	.db #0x3f	; 63
      0000DC 74                     290 	.db #0x74	; 116	't'
      0000DD 77                     291 	.db #0x77	; 119	'w'
      0000DE 60                     292 	.db #0x60	; 96
      0000DF 61                     293 	.db #0x61	; 97	'a'
      0000E0 C0                     294 	.db #0xc0	; 192
      0000E1 C1                     295 	.db #0xc1	; 193
      0000E2 00                     296 	.db #0x00	; 0
      0000E3 01                     297 	.db #0x01	; 1
      0000E4 00                     298 	.db #0x00	; 0
      0000E5 00                     299 	.db #0x00	; 0
      0000E6 00                     300 	.db #0x00	; 0
      0000E7 00                     301 	.db #0x00	; 0
      0000E8 00                     302 	.db #0x00	; 0
      0000E9 F8                     303 	.db #0xf8	; 248
      0000EA 80                     304 	.db #0x80	; 128
      0000EB FC                     305 	.db #0xfc	; 252
      0000EC 40                     306 	.db #0x40	; 64
      0000ED FE                     307 	.db #0xfe	; 254
      0000EE 3C                     308 	.db #0x3c	; 60
      0000EF FE                     309 	.db #0xfe	; 254
      0000F0 58                     310 	.db #0x58	; 88	'X'
      0000F1 DE                     311 	.db #0xde	; 222
      0000F2 00                     312 	.db #0x00	; 0
      0000F3 80                     313 	.db #0x80	; 128
      0000F4 00                     314 	.db #0x00	; 0
      0000F5 80                     315 	.db #0x80	; 128
      0000F6 00                     316 	.db #0x00	; 0
      0000F7 00                     317 	.db #0x00	; 0
      0000F8 00                     318 	.db #0x00	; 0
      0000F9 00                     319 	.db #0x00	; 0
      0000FA 00                     320 	.db #0x00	; 0
      0000FB 00                     321 	.db #0x00	; 0
      0000FC 00                     322 	.db #0x00	; 0
      0000FD 00                     323 	.db #0x00	; 0
      0000FE 00                     324 	.db #0x00	; 0
      0000FF 00                     325 	.db #0x00	; 0
      000100 00                     326 	.db #0x00	; 0
      000101 00                     327 	.db #0x00	; 0
      000102 00                     328 	.db #0x00	; 0
      000103 80                     329 	.db #0x80	; 128
      000104 00                     330 	.db #0x00	; 0
      000105 80                     331 	.db #0x80	; 128
      000106 00                     332 	.db #0x00	; 0
      000107 C0                     333 	.db #0xc0	; 192
      000108 00                     334 	.db #0x00	; 0
      000109 01                     335 	.db #0x01	; 1
      00010A 00                     336 	.db #0x00	; 0
      00010B 02                     337 	.db #0x02	; 2
      00010C 00                     338 	.db #0x00	; 0
      00010D 3D                     339 	.db #0x3d	; 61
      00010E 00                     340 	.db #0x00	; 0
      00010F 19                     341 	.db #0x19	; 25
      000110 00                     342 	.db #0x00	; 0
      000111 01                     343 	.db #0x01	; 1
      000112 00                     344 	.db #0x00	; 0
      000113 00                     345 	.db #0x00	; 0
      000114 00                     346 	.db #0x00	; 0
      000115 07                     347 	.db #0x07	; 7
      000116 00                     348 	.db #0x00	; 0
      000117 07                     349 	.db #0x07	; 7
      000118 01                     350 	.db #0x01	; 1
      000119 03                     351 	.db #0x03	; 3
      00011A 01                     352 	.db #0x01	; 1
      00011B 03                     353 	.db #0x03	; 3
      00011C 00                     354 	.db #0x00	; 0
      00011D 06                     355 	.db #0x06	; 6
      00011E 00                     356 	.db #0x00	; 0
      00011F 04                     357 	.db #0x04	; 4
      000120 00                     358 	.db #0x00	; 0
      000121 00                     359 	.db #0x00	; 0
      000122 00                     360 	.db #0x00	; 0
      000123 00                     361 	.db #0x00	; 0
      000124 00                     362 	.db #0x00	; 0
      000125 00                     363 	.db #0x00	; 0
      000126 00                     364 	.db #0x00	; 0
      000127 00                     365 	.db #0x00	; 0
      000128 00                     366 	.db #0x00	; 0
      000129 F0                     367 	.db #0xf0	; 240
      00012A 00                     368 	.db #0x00	; 0
      00012B FC                     369 	.db #0xfc	; 252
      00012C 00                     370 	.db #0x00	; 0
      00012D FF                     371 	.db #0xff	; 255
      00012E 00                     372 	.db #0x00	; 0
      00012F FF                     373 	.db #0xff	; 255
      000130 02                     374 	.db #0x02	; 2
      000131 FF                     375 	.db #0xff	; 255
      000132 04                     376 	.db #0x04	; 4
      000133 FF                     377 	.db #0xff	; 255
      000134 8F                     378 	.db #0x8f	; 143
      000135 FF                     379 	.db #0xff	; 255
      000136 07                     380 	.db #0x07	; 7
      000137 F7                     381 	.db #0xf7	; 247
      000138 80                     382 	.db #0x80	; 128
      000139 80                     383 	.db #0x80	; 128
      00013A 00                     384 	.db #0x00	; 0
      00013B 00                     385 	.db #0x00	; 0
      00013C 80                     386 	.db #0x80	; 128
      00013D 80                     387 	.db #0x80	; 128
      00013E 42                     388 	.db #0x42	; 66	'B'
      00013F 42                     389 	.db #0x42	; 66	'B'
      000140 C1                     390 	.db #0xc1	; 193
      000141 C1                     391 	.db #0xc1	; 193
      000142 80                     392 	.db #0x80	; 128
      000143 80                     393 	.db #0x80	; 128
      000144 00                     394 	.db #0x00	; 0
      000145 00                     395 	.db #0x00	; 0
      000146 00                     396 	.db #0x00	; 0
      000147 00                     397 	.db #0x00	; 0
      000148 00                     398 	.db #0x00	; 0
      000149 00                     399 	.db #0x00	; 0
      00014A 00                     400 	.db #0x00	; 0
      00014B 00                     401 	.db #0x00	; 0
      00014C 21                     402 	.db #0x21	; 33
      00014D FB                     403 	.db #0xfb	; 251
      00014E 20                     404 	.db #0x20	; 32
      00014F FF                     405 	.db #0xff	; 255
      000150 30                     406 	.db #0x30	; 48	'0'
      000151 FF                     407 	.db #0xff	; 255
      000152 00                     408 	.db #0x00	; 0
      000153 FF                     409 	.db #0xff	; 255
      000154 50                     410 	.db #0x50	; 80	'P'
      000155 FF                     411 	.db #0xff	; 255
      000156 E0                     412 	.db #0xe0	; 224
      000157 FF                     413 	.db #0xff	; 255
      000158 C0                     414 	.db #0xc0	; 192
      000159 FE                     415 	.db #0xfe	; 254
      00015A 00                     416 	.db #0x00	; 0
      00015B 3E                     417 	.db #0x3e	; 62
      00015C 00                     418 	.db #0x00	; 0
      00015D 34                     419 	.db #0x34	; 52	'4'
      00015E 10                     420 	.db #0x10	; 16
      00015F 30                     421 	.db #0x30	; 48	'0'
      000160 90                     422 	.db #0x90	; 144
      000161 F0                     423 	.db #0xf0	; 240
      000162 00                     424 	.db #0x00	; 0
      000163 40                     425 	.db #0x40	; 64
      000164 00                     426 	.db #0x00	; 0
      000165 80                     427 	.db #0x80	; 128
      000166 00                     428 	.db #0x00	; 0
      000167 40                     429 	.db #0x40	; 64
      000168 00                     430 	.db #0x00	; 0
      000169 20                     431 	.db #0x20	; 32
      00016A 00                     432 	.db #0x00	; 0
      00016B F0                     433 	.db #0xf0	; 240
      00016C 00                     434 	.db #0x00	; 0
      00016D F8                     435 	.db #0xf8	; 248
      00016E 80                     436 	.db #0x80	; 128
      00016F F8                     437 	.db #0xf8	; 248
      000170 68                     438 	.db #0x68	; 104	'h'
      000171 FC                     439 	.db #0xfc	; 252
      000172 B0                     440 	.db #0xb0	; 176
      000173 BC                     441 	.db #0xbc	; 188
      000174 00                     442 	.db #0x00	; 0
      000175 00                     443 	.db #0x00	; 0
      000176 00                     444 	.db #0x00	; 0
      000177 00                     445 	.db #0x00	; 0
      000178 00                     446 	.db #0x00	; 0
      000179 00                     447 	.db #0x00	; 0
      00017A 00                     448 	.db #0x00	; 0
      00017B 00                     449 	.db #0x00	; 0
      00017C 00                     450 	.db #0x00	; 0
      00017D 00                     451 	.db #0x00	; 0
      00017E 00                     452 	.db #0x00	; 0
      00017F 00                     453 	.db #0x00	; 0
      000180 00                     454 	.db #0x00	; 0
      000181 00                     455 	.db #0x00	; 0
      000182 00                     456 	.db #0x00	; 0
      000183 00                     457 	.db #0x00	; 0
      000184 00                     458 	.db #0x00	; 0
      000185 00                     459 	.db #0x00	; 0
      000186 00                     460 	.db #0x00	; 0
      000187 00                     461 	.db #0x00	; 0
      000188 00                     462 	.db #0x00	; 0
      000189 00                     463 	.db #0x00	; 0
      00018A 00                     464 	.db #0x00	; 0
      00018B 00                     465 	.db #0x00	; 0
      00018C 00                     466 	.db #0x00	; 0
      00018D 00                     467 	.db #0x00	; 0
      00018E 00                     468 	.db #0x00	; 0
      00018F 4F                     469 	.db #0x4f	; 79	'O'
      000190 00                     470 	.db #0x00	; 0
      000191 39                     471 	.db #0x39	; 57	'9'
      000192 00                     472 	.db #0x00	; 0
      000193 11                     473 	.db #0x11	; 17
      000194 00                     474 	.db #0x00	; 0
      000195 00                     475 	.db #0x00	; 0
      000196 00                     476 	.db #0x00	; 0
      000197 00                     477 	.db #0x00	; 0
      000198 00                     478 	.db #0x00	; 0
      000199 07                     479 	.db #0x07	; 7
      00019A 00                     480 	.db #0x00	; 0
      00019B 07                     481 	.db #0x07	; 7
      00019C 00                     482 	.db #0x00	; 0
      00019D 01                     483 	.db #0x01	; 1
      00019E 00                     484 	.db #0x00	; 0
      00019F 01                     485 	.db #0x01	; 1
      0001A0 00                     486 	.db #0x00	; 0
      0001A1 01                     487 	.db #0x01	; 1
      0001A2 00                     488 	.db #0x00	; 0
      0001A3 02                     489 	.db #0x02	; 2
      0001A4 00                     490 	.db #0x00	; 0
      0001A5 00                     491 	.db #0x00	; 0
      0001A6 00                     492 	.db #0x00	; 0
      0001A7 00                     493 	.db #0x00	; 0
      0001A8 00                     494 	.db #0x00	; 0
      0001A9 00                     495 	.db #0x00	; 0
      0001AA 00                     496 	.db #0x00	; 0
      0001AB 30                     497 	.db #0x30	; 48	'0'
      0001AC 00                     498 	.db #0x00	; 0
      0001AD FE                     499 	.db #0xfe	; 254
      0001AE 00                     500 	.db #0x00	; 0
      0001AF FF                     501 	.db #0xff	; 255
      0001B0 00                     502 	.db #0x00	; 0
      0001B1 FF                     503 	.db #0xff	; 255
      0001B2 04                     504 	.db #0x04	; 4
      0001B3 FF                     505 	.db #0xff	; 255
      0001B4 0A                     506 	.db #0x0a	; 10
      0001B5 FF                     507 	.db #0xff	; 255
      0001B6 0D                     508 	.db #0x0d	; 13
      0001B7 FF                     509 	.db #0xff	; 255
      0001B8 02                     510 	.db #0x02	; 2
      0001B9 F3                     511 	.db #0xf3	; 243
      0001BA 01                     512 	.db #0x01	; 1
      0001BB F1                     513 	.db #0xf1	; 241
      0001BC 60                     514 	.db #0x60	; 96
      0001BD 60                     515 	.db #0x60	; 96
      0001BE 70                     516 	.db #0x70	; 112	'p'
      0001BF 70                     517 	.db #0x70	; 112	'p'
      0001C0 10                     518 	.db #0x10	; 16
      0001C1 10                     519 	.db #0x10	; 16
      0001C2 10                     520 	.db #0x10	; 16
      0001C3 10                     521 	.db #0x10	; 16
      0001C4 10                     522 	.db #0x10	; 16
      0001C5 11                     523 	.db #0x11	; 17
      0001C6 00                     524 	.db #0x00	; 0
      0001C7 03                     525 	.db #0x03	; 3
      0001C8 00                     526 	.db #0x00	; 0
      0001C9 00                     527 	.db #0x00	; 0
      0001CA 00                     528 	.db #0x00	; 0
      0001CB 01                     529 	.db #0x01	; 1
      0001CC 03                     530 	.db #0x03	; 3
      0001CD 07                     531 	.db #0x07	; 7
      0001CE 30                     532 	.db #0x30	; 48	'0'
      0001CF BF                     533 	.db #0xbf	; 191
      0001D0 20                     534 	.db #0x20	; 32
      0001D1 FF                     535 	.db #0xff	; 255
      0001D2 20                     536 	.db #0x20	; 32
      0001D3 FF                     537 	.db #0xff	; 255
      0001D4 30                     538 	.db #0x30	; 48	'0'
      0001D5 FF                     539 	.db #0xff	; 255
      0001D6 40                     540 	.db #0x40	; 64
      0001D7 FF                     541 	.db #0xff	; 255
      0001D8 F0                     542 	.db #0xf0	; 240
      0001D9 FF                     543 	.db #0xff	; 255
      0001DA E0                     544 	.db #0xe0	; 224
      0001DB FE                     545 	.db #0xfe	; 254
      0001DC 00                     546 	.db #0x00	; 0
      0001DD 3C                     547 	.db #0x3c	; 60
      0001DE 80                     548 	.db #0x80	; 128
      0001DF B8                     549 	.db #0xb8	; 184
      0001E0 88                     550 	.db #0x88	; 136
      0001E1 F8                     551 	.db #0xf8	; 248
      0001E2 08                     552 	.db #0x08	; 8
      0001E3 E8                     553 	.db #0xe8	; 232
      0001E4 38                     554 	.db #0x38	; 56	'8'
      0001E5 B8                     555 	.db #0xb8	; 184
      0001E6 10                     556 	.db #0x10	; 16
      0001E7 10                     557 	.db #0x10	; 16
      0001E8 00                     558 	.db #0x00	; 0
      0001E9 78                     559 	.db #0x78	; 120	'x'
      0001EA 00                     560 	.db #0x00	; 0
      0001EB FC                     561 	.db #0xfc	; 252
      0001EC 00                     562 	.db #0x00	; 0
      0001ED FE                     563 	.db #0xfe	; 254
      0001EE D0                     564 	.db #0xd0	; 208
      0001EF FE                     565 	.db #0xfe	; 254
      0001F0 3C                     566 	.db #0x3c	; 60
      0001F1 FE                     567 	.db #0xfe	; 254
      0001F2 40                     568 	.db #0x40	; 64
      0001F3 C2                     569 	.db #0xc2	; 194
      0001F4 00                     570 	.db #0x00	; 0
      0001F5 80                     571 	.db #0x80	; 128
      0001F6 00                     572 	.db #0x00	; 0
      0001F7 00                     573 	.db #0x00	; 0
      0001F8 00                     574 	.db #0x00	; 0
      0001F9 00                     575 	.db #0x00	; 0
      0001FA 00                     576 	.db #0x00	; 0
      0001FB 00                     577 	.db #0x00	; 0
      0001FC 00                     578 	.db #0x00	; 0
      0001FD 00                     579 	.db #0x00	; 0
      0001FE 00                     580 	.db #0x00	; 0
      0001FF 00                     581 	.db #0x00	; 0
      000200 00                     582 	.db #0x00	; 0
      000201 00                     583 	.db #0x00	; 0
      000202 00                     584 	.db #0x00	; 0
      000203 00                     585 	.db #0x00	; 0
      000204 00                     586 	.db #0x00	; 0
      000205 00                     587 	.db #0x00	; 0
      000206 00                     588 	.db #0x00	; 0
      000207 00                     589 	.db #0x00	; 0
      000208 00                     590 	.db #0x00	; 0
      000209 00                     591 	.db #0x00	; 0
      00020A 00                     592 	.db #0x00	; 0
      00020B 00                     593 	.db #0x00	; 0
      00020C 00                     594 	.db #0x00	; 0
      00020D 00                     595 	.db #0x00	; 0
      00020E 00                     596 	.db #0x00	; 0
      00020F 00                     597 	.db #0x00	; 0
      000210 00                     598 	.db #0x00	; 0
      000211 2F                     599 	.db #0x2f	; 47
      000212 00                     600 	.db #0x00	; 0
      000213 7D                     601 	.db #0x7d	; 125
      000214 00                     602 	.db #0x00	; 0
      000215 19                     603 	.db #0x19	; 25
      000216 00                     604 	.db #0x00	; 0
      000217 01                     605 	.db #0x01	; 1
      000218 00                     606 	.db #0x00	; 0
      000219 00                     607 	.db #0x00	; 0
      00021A 00                     608 	.db #0x00	; 0
      00021B 00                     609 	.db #0x00	; 0
      00021C 00                     610 	.db #0x00	; 0
      00021D 01                     611 	.db #0x01	; 1
      00021E 00                     612 	.db #0x00	; 0
      00021F 00                     613 	.db #0x00	; 0
      000220 00                     614 	.db #0x00	; 0
      000221 00                     615 	.db #0x00	; 0
      000222 00                     616 	.db #0x00	; 0
      000223 00                     617 	.db #0x00	; 0
      000224 00                     618 	.db #0x00	; 0
      000225 00                     619 	.db #0x00	; 0
      000226 00                     620 	.db #0x00	; 0
      000227 00                     621 	.db #0x00	; 0
      000228 00                     622 	.db #0x00	; 0
      000229 00                     623 	.db #0x00	; 0
      00022A 00                     624 	.db #0x00	; 0
      00022B 00                     625 	.db #0x00	; 0
      00022C 00                     626 	.db #0x00	; 0
      00022D 00                     627 	.db #0x00	; 0
      00022E 00                     628 	.db #0x00	; 0
      00022F F8                     629 	.db #0xf8	; 248
      000230 00                     630 	.db #0x00	; 0
      000231 FF                     631 	.db #0xff	; 255
      000232 00                     632 	.db #0x00	; 0
      000233 FF                     633 	.db #0xff	; 255
      000234 02                     634 	.db #0x02	; 2
      000235 FF                     635 	.db #0xff	; 255
      000236 06                     636 	.db #0x06	; 6
      000237 FF                     637 	.db #0xff	; 255
      000238 0D                     638 	.db #0x0d	; 13
      000239 7F                     639 	.db #0x7f	; 127
      00023A 03                     640 	.db #0x03	; 3
      00023B F3                     641 	.db #0xf3	; 243
      00023C 30                     642 	.db #0x30	; 48	'0'
      00023D F0                     643 	.db #0xf0	; 240
      00023E 30                     644 	.db #0x30	; 48	'0'
      00023F B0                     645 	.db #0xb0	; 176
      000240 10                     646 	.db #0x10	; 16
      000241 D2                     647 	.db #0xd2	; 210
      000242 10                     648 	.db #0x10	; 16
      000243 71                     649 	.db #0x71	; 113	'q'
      000244 0C                     650 	.db #0x0c	; 12
      000245 1C                     651 	.db #0x1c	; 28
      000246 02                     652 	.db #0x02	; 2
      000247 32                     653 	.db #0x32	; 50	'2'
      000248 00                     654 	.db #0x00	; 0
      000249 00                     655 	.db #0x00	; 0
      00024A 00                     656 	.db #0x00	; 0
      00024B 01                     657 	.db #0x01	; 1
      00024C 07                     658 	.db #0x07	; 7
      00024D 07                     659 	.db #0x07	; 7
      00024E 00                     660 	.db #0x00	; 0
      00024F 07                     661 	.db #0x07	; 7
      000250 40                     662 	.db #0x40	; 64
      000251 FF                     663 	.db #0xff	; 255
      000252 40                     664 	.db #0x40	; 64
      000253 FF                     665 	.db #0xff	; 255
      000254 60                     666 	.db #0x60	; 96
      000255 FF                     667 	.db #0xff	; 255
      000256 80                     668 	.db #0x80	; 128
      000257 FF                     669 	.db #0xff	; 255
      000258 60                     670 	.db #0x60	; 96
      000259 FF                     671 	.db #0xff	; 255
      00025A C0                     672 	.db #0xc0	; 192
      00025B FE                     673 	.db #0xfe	; 254
      00025C 03                     674 	.db #0x03	; 3
      00025D 3F                     675 	.db #0x3f	; 63
      00025E 01                     676 	.db #0x01	; 1
      00025F 31                     677 	.db #0x31	; 49	'1'
      000260 00                     678 	.db #0x00	; 0
      000261 30                     679 	.db #0x30	; 48	'0'
      000262 01                     680 	.db #0x01	; 1
      000263 21                     681 	.db #0x21	; 33
      000264 03                     682 	.db #0x03	; 3
      000265 E3                     683 	.db #0xe3	; 227
      000266 0C                     684 	.db #0x0c	; 12
      000267 4C                     685 	.db #0x4c	; 76	'L'
      000268 00                     686 	.db #0x00	; 0
      000269 70                     687 	.db #0x70	; 112	'p'
      00026A 00                     688 	.db #0x00	; 0
      00026B F8                     689 	.db #0xf8	; 248
      00026C 00                     690 	.db #0x00	; 0
      00026D FC                     691 	.db #0xfc	; 252
      00026E F8                     692 	.db #0xf8	; 248
      00026F FC                     693 	.db #0xfc	; 252
      000270 40                     694 	.db #0x40	; 64
      000271 C4                     695 	.db #0xc4	; 196
      000272 00                     696 	.db #0x00	; 0
      000273 C0                     697 	.db #0xc0	; 192
      000274 00                     698 	.db #0x00	; 0
      000275 80                     699 	.db #0x80	; 128
      000276 00                     700 	.db #0x00	; 0
      000277 00                     701 	.db #0x00	; 0
      000278 00                     702 	.db #0x00	; 0
      000279 00                     703 	.db #0x00	; 0
      00027A 00                     704 	.db #0x00	; 0
      00027B 00                     705 	.db #0x00	; 0
      00027C 00                     706 	.db #0x00	; 0
      00027D 00                     707 	.db #0x00	; 0
      00027E 80                     708 	.db #0x80	; 128
      00027F 80                     709 	.db #0x80	; 128
      000280 80                     710 	.db #0x80	; 128
      000281 80                     711 	.db #0x80	; 128
      000282 80                     712 	.db #0x80	; 128
      000283 80                     713 	.db #0x80	; 128
      000284 00                     714 	.db #0x00	; 0
      000285 00                     715 	.db #0x00	; 0
      000286 00                     716 	.db #0x00	; 0
      000287 00                     717 	.db #0x00	; 0
      000288 00                     718 	.db #0x00	; 0
      000289 00                     719 	.db #0x00	; 0
      00028A 00                     720 	.db #0x00	; 0
      00028B 00                     721 	.db #0x00	; 0
      00028C 00                     722 	.db #0x00	; 0
      00028D 00                     723 	.db #0x00	; 0
      00028E 00                     724 	.db #0x00	; 0
      00028F 00                     725 	.db #0x00	; 0
      000290 00                     726 	.db #0x00	; 0
      000291 00                     727 	.db #0x00	; 0
      000292 00                     728 	.db #0x00	; 0
      000293 03                     729 	.db #0x03	; 3
      000294 00                     730 	.db #0x00	; 0
      000295 1F                     731 	.db #0x1f	; 31
      000296 00                     732 	.db #0x00	; 0
      000297 39                     733 	.db #0x39	; 57	'9'
      000298 00                     734 	.db #0x00	; 0
      000299 71                     735 	.db #0x71	; 113	'q'
      00029A 00                     736 	.db #0x00	; 0
      00029B 00                     737 	.db #0x00	; 0
      00029C 00                     738 	.db #0x00	; 0
      00029D 00                     739 	.db #0x00	; 0
      00029E 00                     740 	.db #0x00	; 0
      00029F 00                     741 	.db #0x00	; 0
      0002A0 00                     742 	.db #0x00	; 0
      0002A1 00                     743 	.db #0x00	; 0
      0002A2 00                     744 	.db #0x00	; 0
      0002A3 00                     745 	.db #0x00	; 0
      0002A4 00                     746 	.db #0x00	; 0
      0002A5 00                     747 	.db #0x00	; 0
      0002A6 00                     748 	.db #0x00	; 0
      0002A7 00                     749 	.db #0x00	; 0
      0002A8 00                     750 	.db #0x00	; 0
      0002A9 00                     751 	.db #0x00	; 0
      0002AA 00                     752 	.db #0x00	; 0
      0002AB 00                     753 	.db #0x00	; 0
      0002AC 00                     754 	.db #0x00	; 0
      0002AD 00                     755 	.db #0x00	; 0
      0002AE 00                     756 	.db #0x00	; 0
      0002AF 00                     757 	.db #0x00	; 0
      0002B0 00                     758 	.db #0x00	; 0
      0002B1 FC                     759 	.db #0xfc	; 252
      0002B2 00                     760 	.db #0x00	; 0
      0002B3 FF                     761 	.db #0xff	; 255
      0002B4 00                     762 	.db #0x00	; 0
      0002B5 FF                     763 	.db #0xff	; 255
      0002B6 00                     764 	.db #0x00	; 0
      0002B7 FF                     765 	.db #0xff	; 255
      0002B8 08                     766 	.db #0x08	; 8
      0002B9 FF                     767 	.db #0xff	; 255
      0002BA 0D                     768 	.db #0x0d	; 13
      0002BB FF                     769 	.db #0xff	; 255
      0002BC 06                     770 	.db #0x06	; 6
      0002BD 7F                     771 	.db #0x7f	; 127
      0002BE 07                     772 	.db #0x07	; 7
      0002BF 3F                     773 	.db #0x3f	; 63
      0002C0 20                     774 	.db #0x20	; 32
      0002C1 38                     775 	.db #0x38	; 56	'8'
      0002C2 20                     776 	.db #0x20	; 32
      0002C3 3F                     777 	.db #0x3f	; 63
      0002C4 10                     778 	.db #0x10	; 16
      0002C5 13                     779 	.db #0x13	; 19
      0002C6 10                     780 	.db #0x10	; 16
      0002C7 10                     781 	.db #0x10	; 16
      0002C8 00                     782 	.db #0x00	; 0
      0002C9 00                     783 	.db #0x00	; 0
      0002CA 00                     784 	.db #0x00	; 0
      0002CB 00                     785 	.db #0x00	; 0
      0002CC 01                     786 	.db #0x01	; 1
      0002CD 03                     787 	.db #0x03	; 3
      0002CE 00                     788 	.db #0x00	; 0
      0002CF 07                     789 	.db #0x07	; 7
      0002D0 10                     790 	.db #0x10	; 16
      0002D1 1F                     791 	.db #0x1f	; 31
      0002D2 20                     792 	.db #0x20	; 32
      0002D3 FF                     793 	.db #0xff	; 255
      0002D4 20                     794 	.db #0x20	; 32
      0002D5 FF                     795 	.db #0xff	; 255
      0002D6 30                     796 	.db #0x30	; 48	'0'
      0002D7 FF                     797 	.db #0xff	; 255
      0002D8 00                     798 	.db #0x00	; 0
      0002D9 FF                     799 	.db #0xff	; 255
      0002DA 40                     800 	.db #0x40	; 64
      0002DB FF                     801 	.db #0xff	; 255
      0002DC A0                     802 	.db #0xa0	; 160
      0002DD FF                     803 	.db #0xff	; 255
      0002DE E1                     804 	.db #0xe1	; 225
      0002DF FF                     805 	.db #0xff	; 255
      0002E0 00                     806 	.db #0x00	; 0
      0002E1 1C                     807 	.db #0x1c	; 28
      0002E2 00                     808 	.db #0x00	; 0
      0002E3 0E                     809 	.db #0x0e	; 14
      0002E4 00                     810 	.db #0x00	; 0
      0002E5 A2                     811 	.db #0xa2	; 162
      0002E6 00                     812 	.db #0x00	; 0
      0002E7 5C                     813 	.db #0x5c	; 92
      0002E8 00                     814 	.db #0x00	; 0
      0002E9 18                     815 	.db #0x18	; 24
      0002EA 00                     816 	.db #0x00	; 0
      0002EB FC                     817 	.db #0xfc	; 252
      0002EC 80                     818 	.db #0x80	; 128
      0002ED FC                     819 	.db #0xfc	; 252
      0002EE 70                     820 	.db #0x70	; 112	'p'
      0002EF FE                     821 	.db #0xfe	; 254
      0002F0 2C                     822 	.db #0x2c	; 44
      0002F1 EE                     823 	.db #0xee	; 238
      0002F2 00                     824 	.db #0x00	; 0
      0002F3 C2                     825 	.db #0xc2	; 194
      0002F4 00                     826 	.db #0x00	; 0
      0002F5 C0                     827 	.db #0xc0	; 192
      0002F6 00                     828 	.db #0x00	; 0
      0002F7 80                     829 	.db #0x80	; 128
      0002F8 00                     830 	.db #0x00	; 0
      0002F9 80                     831 	.db #0x80	; 128
      0002FA 00                     832 	.db #0x00	; 0
      0002FB 80                     833 	.db #0x80	; 128
      0002FC 00                     834 	.db #0x00	; 0
      0002FD 00                     835 	.db #0x00	; 0
      0002FE 80                     836 	.db #0x80	; 128
      0002FF 80                     837 	.db #0x80	; 128
      000300 C0                     838 	.db #0xc0	; 192
      000301 C0                     839 	.db #0xc0	; 192
      000302 60                     840 	.db #0x60	; 96
      000303 60                     841 	.db #0x60	; 96
      000304 20                     842 	.db #0x20	; 32
      000305 20                     843 	.db #0x20	; 32
      000306 20                     844 	.db #0x20	; 32
      000307 20                     845 	.db #0x20	; 32
      000308 00                     846 	.db #0x00	; 0
      000309 00                     847 	.db #0x00	; 0
      00030A 00                     848 	.db #0x00	; 0
      00030B 00                     849 	.db #0x00	; 0
      00030C 00                     850 	.db #0x00	; 0
      00030D 00                     851 	.db #0x00	; 0
      00030E 00                     852 	.db #0x00	; 0
      00030F 00                     853 	.db #0x00	; 0
      000310 00                     854 	.db #0x00	; 0
      000311 00                     855 	.db #0x00	; 0
      000312 00                     856 	.db #0x00	; 0
      000313 03                     857 	.db #0x03	; 3
      000314 00                     858 	.db #0x00	; 0
      000315 3E                     859 	.db #0x3e	; 62
      000316 00                     860 	.db #0x00	; 0
      000317 1C                     861 	.db #0x1c	; 28
      000318 00                     862 	.db #0x00	; 0
      000319 70                     863 	.db #0x70	; 112	'p'
      00031A 00                     864 	.db #0x00	; 0
      00031B 00                     865 	.db #0x00	; 0
      00031C 00                     866 	.db #0x00	; 0
      00031D 00                     867 	.db #0x00	; 0
      00031E 00                     868 	.db #0x00	; 0
      00031F 00                     869 	.db #0x00	; 0
      000320 01                     870 	.db #0x01	; 1
      000321 01                     871 	.db #0x01	; 1
      000322 03                     872 	.db #0x03	; 3
      000323 03                     873 	.db #0x03	; 3
      000324 01                     874 	.db #0x01	; 1
      000325 01                     875 	.db #0x01	; 1
      000326 01                     876 	.db #0x01	; 1
      000327 01                     877 	.db #0x01	; 1
      000328 00                     878 	.db #0x00	; 0
      000329 00                     879 	.db #0x00	; 0
      00032A 00                     880 	.db #0x00	; 0
      00032B 00                     881 	.db #0x00	; 0
      00032C 00                     882 	.db #0x00	; 0
      00032D 00                     883 	.db #0x00	; 0
      00032E 00                     884 	.db #0x00	; 0
      00032F 00                     885 	.db #0x00	; 0
      000330 00                     886 	.db #0x00	; 0
      000331 3C                     887 	.db #0x3c	; 60
      000332 00                     888 	.db #0x00	; 0
      000333 FF                     889 	.db #0xff	; 255
      000334 00                     890 	.db #0x00	; 0
      000335 7F                     891 	.db #0x7f	; 127
      000336 00                     892 	.db #0x00	; 0
      000337 FF                     893 	.db #0xff	; 255
      000338 02                     894 	.db #0x02	; 2
      000339 FF                     895 	.db #0xff	; 255
      00033A 07                     896 	.db #0x07	; 7
      00033B FF                     897 	.db #0xff	; 255
      00033C 87                     898 	.db #0x87	; 135
      00033D FF                     899 	.db #0xff	; 255
      00033E C0                     900 	.db #0xc0	; 192
      00033F F8                     901 	.db #0xf8	; 248
      000340 C0                     902 	.db #0xc0	; 192
      000341 D8                     903 	.db #0xd8	; 216
      000342 80                     904 	.db #0x80	; 128
      000343 98                     905 	.db #0x98	; 152
      000344 00                     906 	.db #0x00	; 0
      000345 0C                     907 	.db #0x0c	; 12
      000346 00                     908 	.db #0x00	; 0
      000347 06                     909 	.db #0x06	; 6
      000348 00                     910 	.db #0x00	; 0
      000349 00                     911 	.db #0x00	; 0
      00034A 00                     912 	.db #0x00	; 0
      00034B 00                     913 	.db #0x00	; 0
      00034C 01                     914 	.db #0x01	; 1
      00034D 01                     915 	.db #0x01	; 1
      00034E 00                     916 	.db #0x00	; 0
      00034F 03                     917 	.db #0x03	; 3
      000350 30                     918 	.db #0x30	; 48	'0'
      000351 3F                     919 	.db #0x3f	; 63
      000352 20                     920 	.db #0x20	; 32
      000353 FF                     921 	.db #0xff	; 255
      000354 30                     922 	.db #0x30	; 48	'0'
      000355 FF                     923 	.db #0xff	; 255
      000356 00                     924 	.db #0x00	; 0
      000357 FF                     925 	.db #0xff	; 255
      000358 A8                     926 	.db #0xa8	; 168
      000359 FF                     927 	.db #0xff	; 255
      00035A 58                     928 	.db #0x58	; 88	'X'
      00035B FF                     929 	.db #0xff	; 255
      00035C FC                     930 	.db #0xfc	; 252
      00035D FF                     931 	.db #0xff	; 255
      00035E 06                     932 	.db #0x06	; 6
      00035F 07                     933 	.db #0x07	; 7
      000360 00                     934 	.db #0x00	; 0
      000361 00                     935 	.db #0x00	; 0
      000362 00                     936 	.db #0x00	; 0
      000363 00                     937 	.db #0x00	; 0
      000364 00                     938 	.db #0x00	; 0
      000365 00                     939 	.db #0x00	; 0
      000366 00                     940 	.db #0x00	; 0
      000367 00                     941 	.db #0x00	; 0
      000368 00                     942 	.db #0x00	; 0
      000369 18                     943 	.db #0x18	; 24
      00036A 00                     944 	.db #0x00	; 0
      00036B 7C                     945 	.db #0x7c	; 124
      00036C 80                     946 	.db #0x80	; 128
      00036D FC                     947 	.db #0xfc	; 252
      00036E 80                     948 	.db #0x80	; 128
      00036F FC                     949 	.db #0xfc	; 252
      000370 70                     950 	.db #0x70	; 112	'p'
      000371 FE                     951 	.db #0xfe	; 254
      000372 28                     952 	.db #0x28	; 40
      000373 EE                     953 	.db #0xee	; 238
      000374 00                     954 	.db #0x00	; 0
      000375 C4                     955 	.db #0xc4	; 196
      000376 00                     956 	.db #0x00	; 0
      000377 80                     957 	.db #0x80	; 128
      000378 00                     958 	.db #0x00	; 0
      000379 80                     959 	.db #0x80	; 128
      00037A 00                     960 	.db #0x00	; 0
      00037B 80                     961 	.db #0x80	; 128
      00037C 00                     962 	.db #0x00	; 0
      00037D C0                     963 	.db #0xc0	; 192
      00037E 00                     964 	.db #0x00	; 0
      00037F E0                     965 	.db #0xe0	; 224
      000380 10                     966 	.db #0x10	; 16
      000381 30                     967 	.db #0x30	; 48	'0'
      000382 18                     968 	.db #0x18	; 24
      000383 78                     969 	.db #0x78	; 120	'x'
      000384 0C                     970 	.db #0x0c	; 12
      000385 8C                     971 	.db #0x8c	; 140
      000386 06                     972 	.db #0x06	; 6
      000387 06                     973 	.db #0x06	; 6
      000388 00                     974 	.db #0x00	; 0
      000389 00                     975 	.db #0x00	; 0
      00038A 00                     976 	.db #0x00	; 0
      00038B 00                     977 	.db #0x00	; 0
      00038C 00                     978 	.db #0x00	; 0
      00038D CF                     979 	.db #0xcf	; 207
      00038E 00                     980 	.db #0x00	; 0
      00038F 3C                     981 	.db #0x3c	; 60
      000390 00                     982 	.db #0x00	; 0
      000391 30                     983 	.db #0x30	; 48	'0'
      000392 00                     984 	.db #0x00	; 0
      000393 00                     985 	.db #0x00	; 0
      000394 01                     986 	.db #0x01	; 1
      000395 01                     987 	.db #0x01	; 1
      000396 01                     988 	.db #0x01	; 1
      000397 01                     989 	.db #0x01	; 1
      000398 03                     990 	.db #0x03	; 3
      000399 03                     991 	.db #0x03	; 3
      00039A 0E                     992 	.db #0x0e	; 14
      00039B 0E                     993 	.db #0x0e	; 14
      00039C 0C                     994 	.db #0x0c	; 12
      00039D 0D                     995 	.db #0x0d	; 13
      00039E 10                     996 	.db #0x10	; 16
      00039F 11                     997 	.db #0x11	; 17
      0003A0 30                     998 	.db #0x30	; 48	'0'
      0003A1 30                     999 	.db #0x30	; 48	'0'
      0003A2 40                    1000 	.db #0x40	; 64
      0003A3 40                    1001 	.db #0x40	; 64
      0003A4 00                    1002 	.db #0x00	; 0
      0003A5 00                    1003 	.db #0x00	; 0
      0003A6 00                    1004 	.db #0x00	; 0
      0003A7 00                    1005 	.db #0x00	; 0
      0003A8 00                    1006 	.db #0x00	; 0
      0003A9 00                    1007 	.db #0x00	; 0
      0003AA 00                    1008 	.db #0x00	; 0
      0003AB 00                    1009 	.db #0x00	; 0
      0003AC 00                    1010 	.db #0x00	; 0
      0003AD 7E                    1011 	.db #0x7e	; 126
      0003AE 00                    1012 	.db #0x00	; 0
      0003AF FF                    1013 	.db #0xff	; 255
      0003B0 00                    1014 	.db #0x00	; 0
      0003B1 FF                    1015 	.db #0xff	; 255
      0003B2 02                    1016 	.db #0x02	; 2
      0003B3 FF                    1017 	.db #0xff	; 255
      0003B4 03                    1018 	.db #0x03	; 3
      0003B5 FF                    1019 	.db #0xff	; 255
      0003B6 82                    1020 	.db #0x82	; 130
      0003B7 FE                    1021 	.db #0xfe	; 254
      0003B8 80                    1022 	.db #0x80	; 128
      0003B9 F8                    1023 	.db #0xf8	; 248
      0003BA 00                    1024 	.db #0x00	; 0
      0003BB F0                    1025 	.db #0xf0	; 240
      0003BC 00                    1026 	.db #0x00	; 0
      0003BD C0                    1027 	.db #0xc0	; 192
      0003BE 00                    1028 	.db #0x00	; 0
      0003BF 80                    1029 	.db #0x80	; 128
      0003C0 00                    1030 	.db #0x00	; 0
      0003C1 80                    1031 	.db #0x80	; 128
      0003C2 00                    1032 	.db #0x00	; 0
      0003C3 C0                    1033 	.db #0xc0	; 192
      0003C4 00                    1034 	.db #0x00	; 0
      0003C5 70                    1035 	.db #0x70	; 112	'p'
      0003C6 00                    1036 	.db #0x00	; 0
      0003C7 10                    1037 	.db #0x10	; 16
      0003C8 00                    1038 	.db #0x00	; 0
      0003C9 00                    1039 	.db #0x00	; 0
      0003CA 00                    1040 	.db #0x00	; 0
      0003CB 01                    1041 	.db #0x01	; 1
      0003CC 18                    1042 	.db #0x18	; 24
      0003CD 1F                    1043 	.db #0x1f	; 31
      0003CE 10                    1044 	.db #0x10	; 16
      0003CF FF                    1045 	.db #0xff	; 255
      0003D0 18                    1046 	.db #0x18	; 24
      0003D1 FF                    1047 	.db #0xff	; 255
      0003D2 A8                    1048 	.db #0xa8	; 168
      0003D3 FF                    1049 	.db #0xff	; 255
      0003D4 DC                    1050 	.db #0xdc	; 220
      0003D5 FF                    1051 	.db #0xff	; 255
      0003D6 FC                    1052 	.db #0xfc	; 252
      0003D7 FF                    1053 	.db #0xff	; 255
      0003D8 00                    1054 	.db #0x00	; 0
      0003D9 03                    1055 	.db #0x03	; 3
      0003DA 03                    1056 	.db #0x03	; 3
      0003DB 03                    1057 	.db #0x03	; 3
      0003DC 01                    1058 	.db #0x01	; 1
      0003DD 01                    1059 	.db #0x01	; 1
      0003DE 01                    1060 	.db #0x01	; 1
      0003DF 01                    1061 	.db #0x01	; 1
      0003E0 00                    1062 	.db #0x00	; 0
      0003E1 00                    1063 	.db #0x00	; 0
      0003E2 00                    1064 	.db #0x00	; 0
      0003E3 00                    1065 	.db #0x00	; 0
      0003E4 00                    1066 	.db #0x00	; 0
      0003E5 00                    1067 	.db #0x00	; 0
      0003E6 00                    1068 	.db #0x00	; 0
      0003E7 00                    1069 	.db #0x00	; 0
      0003E8 00                    1070 	.db #0x00	; 0
      0003E9 3E                    1071 	.db #0x3e	; 62
      0003EA 40                    1072 	.db #0x40	; 64
      0003EB FE                    1073 	.db #0xfe	; 254
      0003EC 30                    1074 	.db #0x30	; 48	'0'
      0003ED FF                    1075 	.db #0xff	; 255
      0003EE 2E                    1076 	.db #0x2e	; 46
      0003EF EF                    1077 	.db #0xef	; 239
      0003F0 00                    1078 	.db #0x00	; 0
      0003F1 C3                    1079 	.db #0xc3	; 195
      0003F2 00                    1080 	.db #0x00	; 0
      0003F3 C1                    1081 	.db #0xc1	; 193
      0003F4 00                    1082 	.db #0x00	; 0
      0003F5 00                    1083 	.db #0x00	; 0
      0003F6 00                    1084 	.db #0x00	; 0
      0003F7 80                    1085 	.db #0x80	; 128
      0003F8 00                    1086 	.db #0x00	; 0
      0003F9 E0                    1087 	.db #0xe0	; 224
      0003FA 00                    1088 	.db #0x00	; 0
      0003FB 30                    1089 	.db #0x30	; 48	'0'
      0003FC 80                    1090 	.db #0x80	; 128
      0003FD 98                    1091 	.db #0x98	; 152
      0003FE 80                    1092 	.db #0x80	; 128
      0003FF 88                    1093 	.db #0x88	; 136
      000400 C0                    1094 	.db #0xc0	; 192
      000401 C8                    1095 	.db #0xc8	; 200
      000402 40                    1096 	.db #0x40	; 64
      000403 40                    1097 	.db #0x40	; 64
      000404 30                    1098 	.db #0x30	; 48	'0'
      000405 30                    1099 	.db #0x30	; 48	'0'
      000406 18                    1100 	.db #0x18	; 24
      000407 18                    1101 	.db #0x18	; 24
                           000408  1102 G$oldhorse_metasprite0$0_0$0 == .
      000408                       1103 _oldhorse_metasprite0:
      000408 10                    1104 	.db #0x10	;  16
      000409 00                    1105 	.db #0x00	;  0
      00040A 00                    1106 	.db #0x00	; 0
      00040B 00                    1107 	.db #0x00	; 0
      00040C 00                    1108 	.db #0x00	;  0
      00040D 08                    1109 	.db #0x08	;  8
      00040E 02                    1110 	.db #0x02	; 2
      00040F 00                    1111 	.db #0x00	; 0
      000410 00                    1112 	.db #0x00	;  0
      000411 08                    1113 	.db #0x08	;  8
      000412 04                    1114 	.db #0x04	; 4
      000413 00                    1115 	.db #0x00	; 0
      000414 00                    1116 	.db #0x00	;  0
      000415 08                    1117 	.db #0x08	;  8
      000416 06                    1118 	.db #0x06	; 6
      000417 00                    1119 	.db #0x00	; 0
      000418 80                    1120 	.db #0x80	; -128
      000419 00                    1121 	.db #0x00	;  0
      00041A 00                    1122 	.db #0x00	; 0
      00041B 00                    1123 	.db #0x00	; 0
                           00041C  1124 G$oldhorse_metasprite1$0_0$0 == .
      00041C                       1125 _oldhorse_metasprite1:
      00041C 10                    1126 	.db #0x10	;  16
      00041D 00                    1127 	.db #0x00	;  0
      00041E 08                    1128 	.db #0x08	; 8
      00041F 00                    1129 	.db #0x00	; 0
      000420 00                    1130 	.db #0x00	;  0
      000421 08                    1131 	.db #0x08	;  8
      000422 0A                    1132 	.db #0x0a	; 10
      000423 00                    1133 	.db #0x00	; 0
      000424 00                    1134 	.db #0x00	;  0
      000425 08                    1135 	.db #0x08	;  8
      000426 0C                    1136 	.db #0x0c	; 12
      000427 00                    1137 	.db #0x00	; 0
      000428 00                    1138 	.db #0x00	;  0
      000429 08                    1139 	.db #0x08	;  8
      00042A 0E                    1140 	.db #0x0e	; 14
      00042B 00                    1141 	.db #0x00	; 0
      00042C 80                    1142 	.db #0x80	; -128
      00042D 00                    1143 	.db #0x00	;  0
      00042E 00                    1144 	.db #0x00	; 0
      00042F 00                    1145 	.db #0x00	; 0
                           000430  1146 G$oldhorse_metasprite2$0_0$0 == .
      000430                       1147 _oldhorse_metasprite2:
      000430 10                    1148 	.db #0x10	;  16
      000431 00                    1149 	.db #0x00	;  0
      000432 10                    1150 	.db #0x10	; 16
      000433 00                    1151 	.db #0x00	; 0
      000434 00                    1152 	.db #0x00	;  0
      000435 08                    1153 	.db #0x08	;  8
      000436 12                    1154 	.db #0x12	; 18
      000437 00                    1155 	.db #0x00	; 0
      000438 00                    1156 	.db #0x00	;  0
      000439 08                    1157 	.db #0x08	;  8
      00043A 14                    1158 	.db #0x14	; 20
      00043B 00                    1159 	.db #0x00	; 0
      00043C 00                    1160 	.db #0x00	;  0
      00043D 08                    1161 	.db #0x08	;  8
      00043E 16                    1162 	.db #0x16	; 22
      00043F 00                    1163 	.db #0x00	; 0
      000440 80                    1164 	.db #0x80	; -128
      000441 00                    1165 	.db #0x00	;  0
      000442 00                    1166 	.db #0x00	; 0
      000443 00                    1167 	.db #0x00	; 0
                           000444  1168 G$oldhorse_metasprite3$0_0$0 == .
      000444                       1169 _oldhorse_metasprite3:
      000444 10                    1170 	.db #0x10	;  16
      000445 00                    1171 	.db #0x00	;  0
      000446 18                    1172 	.db #0x18	; 24
      000447 00                    1173 	.db #0x00	; 0
      000448 00                    1174 	.db #0x00	;  0
      000449 08                    1175 	.db #0x08	;  8
      00044A 1A                    1176 	.db #0x1a	; 26
      00044B 00                    1177 	.db #0x00	; 0
      00044C 00                    1178 	.db #0x00	;  0
      00044D 08                    1179 	.db #0x08	;  8
      00044E 1C                    1180 	.db #0x1c	; 28
      00044F 00                    1181 	.db #0x00	; 0
      000450 00                    1182 	.db #0x00	;  0
      000451 08                    1183 	.db #0x08	;  8
      000452 1E                    1184 	.db #0x1e	; 30
      000453 00                    1185 	.db #0x00	; 0
      000454 80                    1186 	.db #0x80	; -128
      000455 00                    1187 	.db #0x00	;  0
      000456 00                    1188 	.db #0x00	; 0
      000457 00                    1189 	.db #0x00	; 0
                           000458  1190 G$oldhorse_metasprite4$0_0$0 == .
      000458                       1191 _oldhorse_metasprite4:
      000458 10                    1192 	.db #0x10	;  16
      000459 00                    1193 	.db #0x00	;  0
      00045A 20                    1194 	.db #0x20	; 32
      00045B 00                    1195 	.db #0x00	; 0
      00045C 00                    1196 	.db #0x00	;  0
      00045D 08                    1197 	.db #0x08	;  8
      00045E 22                    1198 	.db #0x22	; 34
      00045F 00                    1199 	.db #0x00	; 0
      000460 00                    1200 	.db #0x00	;  0
      000461 08                    1201 	.db #0x08	;  8
      000462 24                    1202 	.db #0x24	; 36
      000463 00                    1203 	.db #0x00	; 0
      000464 00                    1204 	.db #0x00	;  0
      000465 08                    1205 	.db #0x08	;  8
      000466 26                    1206 	.db #0x26	; 38
      000467 00                    1207 	.db #0x00	; 0
      000468 80                    1208 	.db #0x80	; -128
      000469 00                    1209 	.db #0x00	;  0
      00046A 00                    1210 	.db #0x00	; 0
      00046B 00                    1211 	.db #0x00	; 0
                           00046C  1212 G$oldhorse_metasprite5$0_0$0 == .
      00046C                       1213 _oldhorse_metasprite5:
      00046C 10                    1214 	.db #0x10	;  16
      00046D 00                    1215 	.db #0x00	;  0
      00046E 28                    1216 	.db #0x28	; 40
      00046F 00                    1217 	.db #0x00	; 0
      000470 00                    1218 	.db #0x00	;  0
      000471 08                    1219 	.db #0x08	;  8
      000472 2A                    1220 	.db #0x2a	; 42
      000473 00                    1221 	.db #0x00	; 0
      000474 00                    1222 	.db #0x00	;  0
      000475 08                    1223 	.db #0x08	;  8
      000476 2C                    1224 	.db #0x2c	; 44
      000477 00                    1225 	.db #0x00	; 0
      000478 00                    1226 	.db #0x00	;  0
      000479 08                    1227 	.db #0x08	;  8
      00047A 2E                    1228 	.db #0x2e	; 46
      00047B 00                    1229 	.db #0x00	; 0
      00047C 80                    1230 	.db #0x80	; -128
      00047D 00                    1231 	.db #0x00	;  0
      00047E 00                    1232 	.db #0x00	; 0
      00047F 00                    1233 	.db #0x00	; 0
                           000480  1234 G$oldhorse_metasprite6$0_0$0 == .
      000480                       1235 _oldhorse_metasprite6:
      000480 10                    1236 	.db #0x10	;  16
      000481 00                    1237 	.db #0x00	;  0
      000482 30                    1238 	.db #0x30	; 48	'0'
      000483 00                    1239 	.db #0x00	; 0
      000484 00                    1240 	.db #0x00	;  0
      000485 08                    1241 	.db #0x08	;  8
      000486 32                    1242 	.db #0x32	; 50	'2'
      000487 00                    1243 	.db #0x00	; 0
      000488 00                    1244 	.db #0x00	;  0
      000489 08                    1245 	.db #0x08	;  8
      00048A 34                    1246 	.db #0x34	; 52	'4'
      00048B 00                    1247 	.db #0x00	; 0
      00048C 00                    1248 	.db #0x00	;  0
      00048D 08                    1249 	.db #0x08	;  8
      00048E 36                    1250 	.db #0x36	; 54	'6'
      00048F 00                    1251 	.db #0x00	; 0
      000490 80                    1252 	.db #0x80	; -128
      000491 00                    1253 	.db #0x00	;  0
      000492 00                    1254 	.db #0x00	; 0
      000493 00                    1255 	.db #0x00	; 0
                           000494  1256 G$oldhorse_metasprite7$0_0$0 == .
      000494                       1257 _oldhorse_metasprite7:
      000494 10                    1258 	.db #0x10	;  16
      000495 00                    1259 	.db #0x00	;  0
      000496 38                    1260 	.db #0x38	; 56	'8'
      000497 00                    1261 	.db #0x00	; 0
      000498 00                    1262 	.db #0x00	;  0
      000499 08                    1263 	.db #0x08	;  8
      00049A 3A                    1264 	.db #0x3a	; 58
      00049B 00                    1265 	.db #0x00	; 0
      00049C 00                    1266 	.db #0x00	;  0
      00049D 08                    1267 	.db #0x08	;  8
      00049E 3C                    1268 	.db #0x3c	; 60
      00049F 00                    1269 	.db #0x00	; 0
      0004A0 00                    1270 	.db #0x00	;  0
      0004A1 08                    1271 	.db #0x08	;  8
      0004A2 3E                    1272 	.db #0x3e	; 62
      0004A3 00                    1273 	.db #0x00	; 0
      0004A4 80                    1274 	.db #0x80	; -128
      0004A5 00                    1275 	.db #0x00	;  0
      0004A6 00                    1276 	.db #0x00	; 0
      0004A7 00                    1277 	.db #0x00	; 0
                           0004A8  1278 G$oldhorse_metasprites$0_0$0 == .
      0004A8                       1279 _oldhorse_metasprites:
      0004A8r08r04                 1280 	.dw _oldhorse_metasprite0
      0004AAr1Cr04                 1281 	.dw _oldhorse_metasprite1
      0004ACr30r04                 1282 	.dw _oldhorse_metasprite2
      0004AEr44r04                 1283 	.dw _oldhorse_metasprite3
      0004B0r58r04                 1284 	.dw _oldhorse_metasprite4
      0004B2r6Cr04                 1285 	.dw _oldhorse_metasprite5
      0004B4r80r04                 1286 	.dw _oldhorse_metasprite6
      0004B6r94r04                 1287 	.dw _oldhorse_metasprite7
                           0004B8  1288 G$oldhorse$0_0$0 == .
      0004B8                       1289 _oldhorse:
      0004B8 20                    1290 	.db #0x20	; 32
      0004B9 20                    1291 	.db #0x20	; 32
      0004BA 40                    1292 	.db #0x40	; 64
      0004BBr08r00                 1293 	.dw _oldhorse_tiles
      0004BD 01                    1294 	.db #0x01	; 1
      0004BEr00r00                 1295 	.dw _oldhorse_palettes
      0004C0 08                    1296 	.db #0x08	; 8
      0004C1rA8r04                 1297 	.dw _oldhorse_metasprites
                                   1298 	.area _INITIALIZER
                                   1299 	.area _CABS (ABS)
