                                      1 ;--------------------------------------------------------
                                      2 ; File Created by SDCC : free open source ISO C Compiler 
                                      3 ; Version 4.3.2 #14228 (MINGW64)
                                      4 ;--------------------------------------------------------
                                      5 	.module player_gbr
                                      6 	.optsdcc -msm83
                                      7 	
                                      8 ;--------------------------------------------------------
                                      9 ; Public variables in this module
                                     10 ;--------------------------------------------------------
                                     11 	.globl _player
                                     12 	.globl _player_metasprites
                                     13 	.globl _player_metasprite0
                                     14 	.globl _player_tiles
                                     15 	.globl _player_palettes
                                     16 	.globl b___func_player
                                     17 	.globl ___func_player
                                     18 ;--------------------------------------------------------
                                     19 ; special function registers
                                     20 ;--------------------------------------------------------
                                     21 ;--------------------------------------------------------
                                     22 ; ram data
                                     23 ;--------------------------------------------------------
                                     24 	.area _DATA
                                     25 ;--------------------------------------------------------
                                     26 ; ram data
                                     27 ;--------------------------------------------------------
                                     28 	.area _INITIALIZED
                                     29 ;--------------------------------------------------------
                                     30 ; absolute external ram data
                                     31 ;--------------------------------------------------------
                                     32 	.area _DABS (ABS)
                                     33 ;--------------------------------------------------------
                                     34 ; global & static initialisations
                                     35 ;--------------------------------------------------------
                                     36 	.area _HOME
                                     37 	.area _GSINIT
                                     38 	.area _GSFINAL
                                     39 	.area _GSINIT
                                     40 ;--------------------------------------------------------
                                     41 ; Home
                                     42 ;--------------------------------------------------------
                                     43 	.area _HOME
                                     44 	.area _HOME
                                     45 ;--------------------------------------------------------
                                     46 ; code
                                     47 ;--------------------------------------------------------
                                     48 	.area _CODE_255
                           000000    49 	G$__func_player$0$0	= .
                                     50 	.globl	G$__func_player$0$0
                           000000    51 	C$player.gbr.c$9$0_0$161	= .
                                     52 	.globl	C$player.gbr.c$9$0_0$161
                                     53 ;../DbgClr/res/sprites/player.gbr.c:9: BANKREF(player)
                                     54 ;	---------------------------------
                                     55 ; Function __func_player
                                     56 ; ---------------------------------
                           0000FF    57 	b___func_player	= 255
      000000                         58 ___func_player::
                                     59 	.local b___func_player 
                           0000FF    60 	___bank_player = b___func_player 
                                     61 	.globl ___bank_player 
                                     62 	.area _CODE_255
                           000000    63 G$player_palettes$0_0$0 == .
      000000                         64 _player_palettes:
      000000 BC 17                   65 	.dw #0x17bc
      000002 E7 22                   66 	.dw #0x22e7
      000004 C4 19                   67 	.dw #0x19c4
      000006 E0 14                   68 	.dw #0x14e0
                           000008    69 G$player_tiles$0_0$0 == .
      000008                         70 _player_tiles:
      000008 1F                      71 	.db #0x1f	; 31
      000009 1F                      72 	.db #0x1f	; 31
      00000A 20                      73 	.db #0x20	; 32
      00000B 3F                      74 	.db #0x3f	; 63
      00000C 2F                      75 	.db #0x2f	; 47
      00000D 30                      76 	.db #0x30	; 48	'0'
      00000E 2F                      77 	.db #0x2f	; 47
      00000F 30                      78 	.db #0x30	; 48	'0'
      000010 2F                      79 	.db #0x2f	; 47
      000011 30                      80 	.db #0x30	; 48	'0'
      000012 2F                      81 	.db #0x2f	; 47
      000013 30                      82 	.db #0x30	; 48	'0'
      000014 2F                      83 	.db #0x2f	; 47
      000015 30                      84 	.db #0x30	; 48	'0'
      000016 2F                      85 	.db #0x2f	; 47
      000017 30                      86 	.db #0x30	; 48	'0'
      000018 20                      87 	.db #0x20	; 32
      000019 3F                      88 	.db #0x3f	; 63
      00001A 24                      89 	.db #0x24	; 36
      00001B 3F                      90 	.db #0x3f	; 63
      00001C 2E                      91 	.db #0x2e	; 46
      00001D 3F                      92 	.db #0x3f	; 63
      00001E 24                      93 	.db #0x24	; 36
      00001F 3F                      94 	.db #0x3f	; 63
      000020 20                      95 	.db #0x20	; 32
      000021 3F                      96 	.db #0x3f	; 63
      000022 26                      97 	.db #0x26	; 38
      000023 3F                      98 	.db #0x3f	; 63
      000024 20                      99 	.db #0x20	; 32
      000025 3F                     100 	.db #0x3f	; 63
      000026 1F                     101 	.db #0x1f	; 31
      000027 1F                     102 	.db #0x1f	; 31
      000028 F8                     103 	.db #0xf8	; 248
      000029 F8                     104 	.db #0xf8	; 248
      00002A 04                     105 	.db #0x04	; 4
      00002B FC                     106 	.db #0xfc	; 252
      00002C F4                     107 	.db #0xf4	; 244
      00002D 0C                     108 	.db #0x0c	; 12
      00002E F4                     109 	.db #0xf4	; 244
      00002F 0C                     110 	.db #0x0c	; 12
      000030 F4                     111 	.db #0xf4	; 244
      000031 0C                     112 	.db #0x0c	; 12
      000032 F4                     113 	.db #0xf4	; 244
      000033 0C                     114 	.db #0x0c	; 12
      000034 F4                     115 	.db #0xf4	; 244
      000035 0C                     116 	.db #0x0c	; 12
      000036 F4                     117 	.db #0xf4	; 244
      000037 0C                     118 	.db #0x0c	; 12
      000038 04                     119 	.db #0x04	; 4
      000039 FC                     120 	.db #0xfc	; 252
      00003A 04                     121 	.db #0x04	; 4
      00003B FC                     122 	.db #0xfc	; 252
      00003C 14                     123 	.db #0x14	; 20
      00003D FC                     124 	.db #0xfc	; 252
      00003E 44                     125 	.db #0x44	; 68	'D'
      00003F FC                     126 	.db #0xfc	; 252
      000040 04                     127 	.db #0x04	; 4
      000041 FC                     128 	.db #0xfc	; 252
      000042 C4                     129 	.db #0xc4	; 196
      000043 FC                     130 	.db #0xfc	; 252
      000044 04                     131 	.db #0x04	; 4
      000045 FC                     132 	.db #0xfc	; 252
      000046 F8                     133 	.db #0xf8	; 248
      000047 F8                     134 	.db #0xf8	; 248
                           000048   135 G$player_metasprite0$0_0$0 == .
      000048                        136 _player_metasprite0:
      000048 00                     137 	.db #0x00	;  0
      000049 00                     138 	.db #0x00	;  0
      00004A 00                     139 	.db #0x00	; 0
      00004B 00                     140 	.db #0x00	; 0
      00004C 00                     141 	.db #0x00	;  0
      00004D 08                     142 	.db #0x08	;  8
      00004E 02                     143 	.db #0x02	; 2
      00004F 00                     144 	.db #0x00	; 0
      000050 80                     145 	.db #0x80	; -128
      000051 00                     146 	.db #0x00	;  0
      000052 00                     147 	.db #0x00	; 0
      000053 00                     148 	.db #0x00	; 0
                           000054   149 G$player_metasprites$0_0$0 == .
      000054                        150 _player_metasprites:
      000054r48r00                  151 	.dw _player_metasprite0
                           000056   152 G$player$0_0$0 == .
      000056                        153 _player:
      000056 10                     154 	.db #0x10	; 16
      000057 10                     155 	.db #0x10	; 16
      000058 04                     156 	.db #0x04	; 4
      000059r08r00                  157 	.dw _player_tiles
      00005B 01                     158 	.db #0x01	; 1
      00005Cr00r00                  159 	.dw _player_palettes
      00005E 01                     160 	.db #0x01	; 1
      00005Fr54r00                  161 	.dw _player_metasprites
                                    162 	.area _INITIALIZER
                                    163 	.area _CABS (ABS)
