                                      1 ;--------------------------------------------------------
                                      2 ; File Created by SDCC : free open source ISO C Compiler 
                                      3 ; Version 4.3.2 #14228 (MINGW64)
                                      4 ;--------------------------------------------------------
                                      5 	.module hudm_gbm
                                      6 	.optsdcc -msm83
                                      7 	
                                      8 ;--------------------------------------------------------
                                      9 ; Public variables in this module
                                     10 ;--------------------------------------------------------
                                     11 	.globl _hudm
                                     12 	.globl ___bank_hudm
                                     13 	.globl _hudm_map
                                     14 ;--------------------------------------------------------
                                     15 ; special function registers
                                     16 ;--------------------------------------------------------
                                     17 ;--------------------------------------------------------
                                     18 ; ram data
                                     19 ;--------------------------------------------------------
                                     20 	.area _DATA
                                     21 ;--------------------------------------------------------
                                     22 ; ram data
                                     23 ;--------------------------------------------------------
                                     24 	.area _INITIALIZED
                                     25 ;--------------------------------------------------------
                                     26 ; absolute external ram data
                                     27 ;--------------------------------------------------------
                                     28 	.area _DABS (ABS)
                                     29 ;--------------------------------------------------------
                                     30 ; global & static initialisations
                                     31 ;--------------------------------------------------------
                                     32 	.area _HOME
                                     33 	.area _GSINIT
                                     34 	.area _GSFINAL
                                     35 	.area _GSINIT
                                     36 ;--------------------------------------------------------
                                     37 ; Home
                                     38 ;--------------------------------------------------------
                                     39 	.area _HOME
                                     40 	.area _HOME
                                     41 ;--------------------------------------------------------
                                     42 ; code
                                     43 ;--------------------------------------------------------
                                     44 	.area _CODE_255
                                     45 	.area _CODE_255
                           000000    46 G$hudm_map$0_0$0 == .
      000000                         47 _hudm_map:
      000000 32                      48 	.db #0x32	; 50	'2'
      000001 03                      49 	.db #0x03	; 3
      000002 04                      50 	.db #0x04	; 4
      000003 05                      51 	.db #0x05	; 5
      000004 06                      52 	.db #0x06	; 6
      000005 01                      53 	.db #0x01	; 1
      000006 33                      54 	.db #0x33	; 51	'3'
      000007 3C                      55 	.db #0x3c	; 60
      000008 3C                      56 	.db #0x3c	; 60
      000009 3C                      57 	.db #0x3c	; 60
      00000A 3C                      58 	.db #0x3c	; 60
      00000B 3C                      59 	.db #0x3c	; 60
      00000C 3C                      60 	.db #0x3c	; 60
      00000D 3C                      61 	.db #0x3c	; 60
      00000E 3C                      62 	.db #0x3c	; 60
      00000F 3C                      63 	.db #0x3c	; 60
      000010 3C                      64 	.db #0x3c	; 60
      000011 3C                      65 	.db #0x3c	; 60
      000012 3C                      66 	.db #0x3c	; 60
      000013 3D                      67 	.db #0x3d	; 61
      000014 01                      68 	.db #0x01	; 1
      000015 01                      69 	.db #0x01	; 1
      000016 01                      70 	.db #0x01	; 1
      000017 01                      71 	.db #0x01	; 1
      000018 01                      72 	.db #0x01	; 1
      000019 01                      73 	.db #0x01	; 1
      00001A 01                      74 	.db #0x01	; 1
      00001B 01                      75 	.db #0x01	; 1
      00001C 01                      76 	.db #0x01	; 1
      00001D 01                      77 	.db #0x01	; 1
      00001E 01                      78 	.db #0x01	; 1
      00001F 01                      79 	.db #0x01	; 1
      000020 01                      80 	.db #0x01	; 1
      000021 01                      81 	.db #0x01	; 1
      000022 01                      82 	.db #0x01	; 1
      000023 01                      83 	.db #0x01	; 1
      000024 01                      84 	.db #0x01	; 1
      000025 01                      85 	.db #0x01	; 1
      000026 01                      86 	.db #0x01	; 1
      000027 01                      87 	.db #0x01	; 1
      000028 01                      88 	.db #0x01	; 1
      000029 3F                      89 	.db #0x3f	; 63
      00002A 01                      90 	.db #0x01	; 1
      00002B 30                      91 	.db #0x30	; 48	'0'
      00002C 01                      92 	.db #0x01	; 1
      00002D 4D                      93 	.db #0x4d	; 77	'M'
      00002E 33                      94 	.db #0x33	; 51	'3'
      00002F 3C                      95 	.db #0x3c	; 60
      000030 3C                      96 	.db #0x3c	; 60
      000031 3D                      97 	.db #0x3d	; 61
      000032 01                      98 	.db #0x01	; 1
      000033 3E                      99 	.db #0x3e	; 62
      000034 02                     100 	.db #0x02	; 2
      000035 0B                     101 	.db #0x0b	; 11
      000036 33                     102 	.db #0x33	; 51	'3'
      000037 3C                     103 	.db #0x3c	; 60
      000038 3C                     104 	.db #0x3c	; 60
      000039 3C                     105 	.db #0x3c	; 60
      00003A 3C                     106 	.db #0x3c	; 60
      00003B 3D                     107 	.db #0x3d	; 61
      00003C 01                     108 	.db #0x01	; 1
      00003D 01                     109 	.db #0x01	; 1
      00003E 01                     110 	.db #0x01	; 1
      00003F 31                     111 	.db #0x31	; 49	'1'
      000040 01                     112 	.db #0x01	; 1
      000041 14                     113 	.db #0x14	; 20
      000042 16                     114 	.db #0x16	; 22
      000043 01                     115 	.db #0x01	; 1
      000044 01                     116 	.db #0x01	; 1
      000045 01                     117 	.db #0x01	; 1
      000046 01                     118 	.db #0x01	; 1
      000047 01                     119 	.db #0x01	; 1
      000048 01                     120 	.db #0x01	; 1
      000049 18                     121 	.db #0x18	; 24
      00004A 1A                     122 	.db #0x1a	; 26
      00004B 01                     123 	.db #0x01	; 1
      00004C 01                     124 	.db #0x01	; 1
      00004D 01                     125 	.db #0x01	; 1
      00004E 01                     126 	.db #0x01	; 1
      00004F 01                     127 	.db #0x01	; 1
      000050 01                     128 	.db #0x01	; 1
      000051 0C                     129 	.db #0x0c	; 12
      000052 0D                     130 	.db #0x0d	; 13
      000053 0E                     131 	.db #0x0e	; 14
      000054 0F                     132 	.db #0x0f	; 15
      000055 15                     133 	.db #0x15	; 21
      000056 17                     134 	.db #0x17	; 23
      000057 01                     135 	.db #0x01	; 1
      000058 01                     136 	.db #0x01	; 1
      000059 01                     137 	.db #0x01	; 1
      00005A 01                     138 	.db #0x01	; 1
      00005B 01                     139 	.db #0x01	; 1
      00005C 01                     140 	.db #0x01	; 1
      00005D 19                     141 	.db #0x19	; 25
      00005E 1B                     142 	.db #0x1b	; 27
      00005F 10                     143 	.db #0x10	; 16
      000060 11                     144 	.db #0x11	; 17
      000061 12                     145 	.db #0x12	; 18
      000062 13                     146 	.db #0x13	; 19
      000063 01                     147 	.db #0x01	; 1
                           0000FF   148 G$__bank_hudm$0_0$0 == 0x00ff
                           0000FF   149 ___bank_hudm	=	0x00ff
                           000064   150 G$hudm$0_0$0 == .
      000064                        151 _hudm:
      000064r00r00                  152 	.dw _hudm_map
      000066 14                     153 	.db #0x14	; 20
      000067 05                     154 	.db #0x05	; 5
      000068 00 00                  155 	.dw #0x0000
      00006Ar00                     156 	.byte ___bank_hudt
      00006Br00r00                  157 	.dw _hudt
                                    158 	.area _INITIALIZER
                                    159 	.area _CABS (ABS)
