                                      1 ;--------------------------------------------------------
                                      2 ; File Created by SDCC : free open source ISO C Compiler 
                                      3 ; Version 4.3.2 #14228 (MINGW64)
                                      4 ;--------------------------------------------------------
                                      5 	.module font_gbr
                                      6 	.optsdcc -msm83
                                      7 	
                                      8 ;--------------------------------------------------------
                                      9 ; Public variables in this module
                                     10 ;--------------------------------------------------------
                                     11 	.globl _font
                                     12 	.globl ___bank_font
                                     13 	.globl _font_tiles
                                     14 ;--------------------------------------------------------
                                     15 ; special function registers
                                     16 ;--------------------------------------------------------
                                     17 ;--------------------------------------------------------
                                     18 ; ram data
                                     19 ;--------------------------------------------------------
                                     20 	.area _DATA
                                     21 ;--------------------------------------------------------
                                     22 ; ram data
                                     23 ;--------------------------------------------------------
                                     24 	.area _INITIALIZED
                                     25 ;--------------------------------------------------------
                                     26 ; absolute external ram data
                                     27 ;--------------------------------------------------------
                                     28 	.area _DABS (ABS)
                                     29 ;--------------------------------------------------------
                                     30 ; global & static initialisations
                                     31 ;--------------------------------------------------------
                                     32 	.area _HOME
                                     33 	.area _GSINIT
                                     34 	.area _GSFINAL
                                     35 	.area _GSINIT
                                     36 ;--------------------------------------------------------
                                     37 ; Home
                                     38 ;--------------------------------------------------------
                                     39 	.area _HOME
                                     40 	.area _HOME
                                     41 ;--------------------------------------------------------
                                     42 ; code
                                     43 ;--------------------------------------------------------
                                     44 	.area _CODE_255
                                     45 	.area _CODE_255
                           000000    46 G$font_tiles$0_0$0 == .
      000000                         47 _font_tiles:
      000000 FF                      48 	.db #0xff	; 255
      000001 FF                      49 	.db #0xff	; 255
      000002 FF                      50 	.db #0xff	; 255
      000003 FF                      51 	.db #0xff	; 255
      000004 FF                      52 	.db #0xff	; 255
      000005 FF                      53 	.db #0xff	; 255
      000006 FF                      54 	.db #0xff	; 255
      000007 FF                      55 	.db #0xff	; 255
      000008 FF                      56 	.db #0xff	; 255
      000009 FF                      57 	.db #0xff	; 255
      00000A FF                      58 	.db #0xff	; 255
      00000B FF                      59 	.db #0xff	; 255
      00000C FF                      60 	.db #0xff	; 255
      00000D FF                      61 	.db #0xff	; 255
      00000E FF                      62 	.db #0xff	; 255
      00000F FF                      63 	.db #0xff	; 255
      000010 FF                      64 	.db #0xff	; 255
      000011 FF                      65 	.db #0xff	; 255
      000012 F7                      66 	.db #0xf7	; 247
      000013 F7                      67 	.db #0xf7	; 247
      000014 EB                      68 	.db #0xeb	; 235
      000015 EB                      69 	.db #0xeb	; 235
      000016 DB                      70 	.db #0xdb	; 219
      000017 DB                      71 	.db #0xdb	; 219
      000018 CD                      72 	.db #0xcd	; 205
      000019 CD                      73 	.db #0xcd	; 205
      00001A B1                      74 	.db #0xb1	; 177
      00001B B1                      75 	.db #0xb1	; 177
      00001C BD                      76 	.db #0xbd	; 189
      00001D BD                      77 	.db #0xbd	; 189
      00001E FF                      78 	.db #0xff	; 255
      00001F FF                      79 	.db #0xff	; 255
      000020 FF                      80 	.db #0xff	; 255
      000021 FF                      81 	.db #0xff	; 255
      000022 F3                      82 	.db #0xf3	; 243
      000023 F3                      83 	.db #0xf3	; 243
      000024 ED                      84 	.db #0xed	; 237
      000025 ED                      85 	.db #0xed	; 237
      000026 EB                      86 	.db #0xeb	; 235
      000027 EB                      87 	.db #0xeb	; 235
      000028 D7                      88 	.db #0xd7	; 215
      000029 D7                      89 	.db #0xd7	; 215
      00002A DB                      90 	.db #0xdb	; 219
      00002B DB                      91 	.db #0xdb	; 219
      00002C 87                      92 	.db #0x87	; 135
      00002D 87                      93 	.db #0x87	; 135
      00002E FF                      94 	.db #0xff	; 255
      00002F FF                      95 	.db #0xff	; 255
      000030 FF                      96 	.db #0xff	; 255
      000031 FF                      97 	.db #0xff	; 255
      000032 F1                      98 	.db #0xf1	; 241
      000033 F1                      99 	.db #0xf1	; 241
      000034 EF                     100 	.db #0xef	; 239
      000035 EF                     101 	.db #0xef	; 239
      000036 DF                     102 	.db #0xdf	; 223
      000037 DF                     103 	.db #0xdf	; 223
      000038 DF                     104 	.db #0xdf	; 223
      000039 DF                     105 	.db #0xdf	; 223
      00003A DF                     106 	.db #0xdf	; 223
      00003B DF                     107 	.db #0xdf	; 223
      00003C E7                     108 	.db #0xe7	; 231
      00003D E7                     109 	.db #0xe7	; 231
      00003E FF                     110 	.db #0xff	; 255
      00003F FF                     111 	.db #0xff	; 255
      000040 FF                     112 	.db #0xff	; 255
      000041 FF                     113 	.db #0xff	; 255
      000042 E7                     114 	.db #0xe7	; 231
      000043 E7                     115 	.db #0xe7	; 231
      000044 EB                     116 	.db #0xeb	; 235
      000045 EB                     117 	.db #0xeb	; 235
      000046 DD                     118 	.db #0xdd	; 221
      000047 DD                     119 	.db #0xdd	; 221
      000048 DD                     120 	.db #0xdd	; 221
      000049 DD                     121 	.db #0xdd	; 221
      00004A BB                     122 	.db #0xbb	; 187
      00004B BB                     123 	.db #0xbb	; 187
      00004C 87                     124 	.db #0x87	; 135
      00004D 87                     125 	.db #0x87	; 135
      00004E FF                     126 	.db #0xff	; 255
      00004F FF                     127 	.db #0xff	; 255
      000050 FF                     128 	.db #0xff	; 255
      000051 FF                     129 	.db #0xff	; 255
      000052 E3                     130 	.db #0xe3	; 227
      000053 E3                     131 	.db #0xe3	; 227
      000054 EF                     132 	.db #0xef	; 239
      000055 EF                     133 	.db #0xef	; 239
      000056 DF                     134 	.db #0xdf	; 223
      000057 DF                     135 	.db #0xdf	; 223
      000058 CF                     136 	.db #0xcf	; 207
      000059 CF                     137 	.db #0xcf	; 207
      00005A BF                     138 	.db #0xbf	; 191
      00005B BF                     139 	.db #0xbf	; 191
      00005C 83                     140 	.db #0x83	; 131
      00005D 83                     141 	.db #0x83	; 131
      00005E FF                     142 	.db #0xff	; 255
      00005F FF                     143 	.db #0xff	; 255
      000060 FF                     144 	.db #0xff	; 255
      000061 FF                     145 	.db #0xff	; 255
      000062 E1                     146 	.db #0xe1	; 225
      000063 E1                     147 	.db #0xe1	; 225
      000064 EF                     148 	.db #0xef	; 239
      000065 EF                     149 	.db #0xef	; 239
      000066 DF                     150 	.db #0xdf	; 223
      000067 DF                     151 	.db #0xdf	; 223
      000068 C7                     152 	.db #0xc7	; 199
      000069 C7                     153 	.db #0xc7	; 199
      00006A BF                     154 	.db #0xbf	; 191
      00006B BF                     155 	.db #0xbf	; 191
      00006C BF                     156 	.db #0xbf	; 191
      00006D BF                     157 	.db #0xbf	; 191
      00006E FF                     158 	.db #0xff	; 255
      00006F FF                     159 	.db #0xff	; 255
      000070 FF                     160 	.db #0xff	; 255
      000071 FF                     161 	.db #0xff	; 255
      000072 F1                     162 	.db #0xf1	; 241
      000073 F1                     163 	.db #0xf1	; 241
      000074 EF                     164 	.db #0xef	; 239
      000075 EF                     165 	.db #0xef	; 239
      000076 DF                     166 	.db #0xdf	; 223
      000077 DF                     167 	.db #0xdf	; 223
      000078 D3                     168 	.db #0xd3	; 211
      000079 D3                     169 	.db #0xd3	; 211
      00007A BB                     170 	.db #0xbb	; 187
      00007B BB                     171 	.db #0xbb	; 187
      00007C C7                     172 	.db #0xc7	; 199
      00007D C7                     173 	.db #0xc7	; 199
      00007E FF                     174 	.db #0xff	; 255
      00007F FF                     175 	.db #0xff	; 255
      000080 FF                     176 	.db #0xff	; 255
      000081 FF                     177 	.db #0xff	; 255
      000082 ED                     178 	.db #0xed	; 237
      000083 ED                     179 	.db #0xed	; 237
      000084 ED                     180 	.db #0xed	; 237
      000085 ED                     181 	.db #0xed	; 237
      000086 DB                     182 	.db #0xdb	; 219
      000087 DB                     183 	.db #0xdb	; 219
      000088 C3                     184 	.db #0xc3	; 195
      000089 C3                     185 	.db #0xc3	; 195
      00008A B7                     186 	.db #0xb7	; 183
      00008B B7                     187 	.db #0xb7	; 183
      00008C B7                     188 	.db #0xb7	; 183
      00008D B7                     189 	.db #0xb7	; 183
      00008E FF                     190 	.db #0xff	; 255
      00008F FF                     191 	.db #0xff	; 255
      000090 FF                     192 	.db #0xff	; 255
      000091 FF                     193 	.db #0xff	; 255
      000092 E3                     194 	.db #0xe3	; 227
      000093 E3                     195 	.db #0xe3	; 227
      000094 F7                     196 	.db #0xf7	; 247
      000095 F7                     197 	.db #0xf7	; 247
      000096 EF                     198 	.db #0xef	; 239
      000097 EF                     199 	.db #0xef	; 239
      000098 EF                     200 	.db #0xef	; 239
      000099 EF                     201 	.db #0xef	; 239
      00009A DF                     202 	.db #0xdf	; 223
      00009B DF                     203 	.db #0xdf	; 223
      00009C 8F                     204 	.db #0x8f	; 143
      00009D 8F                     205 	.db #0x8f	; 143
      00009E FF                     206 	.db #0xff	; 255
      00009F FF                     207 	.db #0xff	; 255
      0000A0 FF                     208 	.db #0xff	; 255
      0000A1 FF                     209 	.db #0xff	; 255
      0000A2 E1                     210 	.db #0xe1	; 225
      0000A3 E1                     211 	.db #0xe1	; 225
      0000A4 F7                     212 	.db #0xf7	; 247
      0000A5 F7                     213 	.db #0xf7	; 247
      0000A6 F7                     214 	.db #0xf7	; 247
      0000A7 F7                     215 	.db #0xf7	; 247
      0000A8 B7                     216 	.db #0xb7	; 183
      0000A9 B7                     217 	.db #0xb7	; 183
      0000AA AF                     218 	.db #0xaf	; 175
      0000AB AF                     219 	.db #0xaf	; 175
      0000AC CF                     220 	.db #0xcf	; 207
      0000AD CF                     221 	.db #0xcf	; 207
      0000AE FF                     222 	.db #0xff	; 255
      0000AF FF                     223 	.db #0xff	; 255
      0000B0 FF                     224 	.db #0xff	; 255
      0000B1 FF                     225 	.db #0xff	; 255
      0000B2 ED                     226 	.db #0xed	; 237
      0000B3 ED                     227 	.db #0xed	; 237
      0000B4 EB                     228 	.db #0xeb	; 235
      0000B5 EB                     229 	.db #0xeb	; 235
      0000B6 D7                     230 	.db #0xd7	; 215
      0000B7 D7                     231 	.db #0xd7	; 215
      0000B8 CF                     232 	.db #0xcf	; 207
      0000B9 CF                     233 	.db #0xcf	; 207
      0000BA B7                     234 	.db #0xb7	; 183
      0000BB B7                     235 	.db #0xb7	; 183
      0000BC BB                     236 	.db #0xbb	; 187
      0000BD BB                     237 	.db #0xbb	; 187
      0000BE FF                     238 	.db #0xff	; 255
      0000BF FF                     239 	.db #0xff	; 255
      0000C0 FF                     240 	.db #0xff	; 255
      0000C1 FF                     241 	.db #0xff	; 255
      0000C2 F7                     242 	.db #0xf7	; 247
      0000C3 F7                     243 	.db #0xf7	; 247
      0000C4 EF                     244 	.db #0xef	; 239
      0000C5 EF                     245 	.db #0xef	; 239
      0000C6 DF                     246 	.db #0xdf	; 223
      0000C7 DF                     247 	.db #0xdf	; 223
      0000C8 DF                     248 	.db #0xdf	; 223
      0000C9 DF                     249 	.db #0xdf	; 223
      0000CA BF                     250 	.db #0xbf	; 191
      0000CB BF                     251 	.db #0xbf	; 191
      0000CC 83                     252 	.db #0x83	; 131
      0000CD 83                     253 	.db #0x83	; 131
      0000CE FF                     254 	.db #0xff	; 255
      0000CF FF                     255 	.db #0xff	; 255
      0000D0 FF                     256 	.db #0xff	; 255
      0000D1 FF                     257 	.db #0xff	; 255
      0000D2 ED                     258 	.db #0xed	; 237
      0000D3 ED                     259 	.db #0xed	; 237
      0000D4 E1                     260 	.db #0xe1	; 225
      0000D5 E1                     261 	.db #0xe1	; 225
      0000D6 D5                     262 	.db #0xd5	; 213
      0000D7 D5                     263 	.db #0xd5	; 213
      0000D8 D5                     264 	.db #0xd5	; 213
      0000D9 D5                     265 	.db #0xd5	; 213
      0000DA BD                     266 	.db #0xbd	; 189
      0000DB BD                     267 	.db #0xbd	; 189
      0000DC BB                     268 	.db #0xbb	; 187
      0000DD BB                     269 	.db #0xbb	; 187
      0000DE FF                     270 	.db #0xff	; 255
      0000DF FF                     271 	.db #0xff	; 255
      0000E0 FF                     272 	.db #0xff	; 255
      0000E1 FF                     273 	.db #0xff	; 255
      0000E2 ED                     274 	.db #0xed	; 237
      0000E3 ED                     275 	.db #0xed	; 237
      0000E4 ED                     276 	.db #0xed	; 237
      0000E5 ED                     277 	.db #0xed	; 237
      0000E6 D5                     278 	.db #0xd5	; 213
      0000E7 D5                     279 	.db #0xd5	; 213
      0000E8 D5                     280 	.db #0xd5	; 213
      0000E9 D5                     281 	.db #0xd5	; 213
      0000EA BB                     282 	.db #0xbb	; 187
      0000EB BB                     283 	.db #0xbb	; 187
      0000EC BB                     284 	.db #0xbb	; 187
      0000ED BB                     285 	.db #0xbb	; 187
      0000EE FF                     286 	.db #0xff	; 255
      0000EF FF                     287 	.db #0xff	; 255
      0000F0 FF                     288 	.db #0xff	; 255
      0000F1 FF                     289 	.db #0xff	; 255
      0000F2 E3                     290 	.db #0xe3	; 227
      0000F3 E3                     291 	.db #0xe3	; 227
      0000F4 DD                     292 	.db #0xdd	; 221
      0000F5 DD                     293 	.db #0xdd	; 221
      0000F6 DD                     294 	.db #0xdd	; 221
      0000F7 DD                     295 	.db #0xdd	; 221
      0000F8 BD                     296 	.db #0xbd	; 189
      0000F9 BD                     297 	.db #0xbd	; 189
      0000FA BB                     298 	.db #0xbb	; 187
      0000FB BB                     299 	.db #0xbb	; 187
      0000FC C7                     300 	.db #0xc7	; 199
      0000FD C7                     301 	.db #0xc7	; 199
      0000FE FF                     302 	.db #0xff	; 255
      0000FF FF                     303 	.db #0xff	; 255
      000100 FF                     304 	.db #0xff	; 255
      000101 FF                     305 	.db #0xff	; 255
      000102 E3                     306 	.db #0xe3	; 227
      000103 E3                     307 	.db #0xe3	; 227
      000104 ED                     308 	.db #0xed	; 237
      000105 ED                     309 	.db #0xed	; 237
      000106 DD                     310 	.db #0xdd	; 221
      000107 DD                     311 	.db #0xdd	; 221
      000108 C3                     312 	.db #0xc3	; 195
      000109 C3                     313 	.db #0xc3	; 195
      00010A BF                     314 	.db #0xbf	; 191
      00010B BF                     315 	.db #0xbf	; 191
      00010C BF                     316 	.db #0xbf	; 191
      00010D BF                     317 	.db #0xbf	; 191
      00010E FF                     318 	.db #0xff	; 255
      00010F FF                     319 	.db #0xff	; 255
      000110 FF                     320 	.db #0xff	; 255
      000111 FF                     321 	.db #0xff	; 255
      000112 E3                     322 	.db #0xe3	; 227
      000113 E3                     323 	.db #0xe3	; 227
      000114 DD                     324 	.db #0xdd	; 221
      000115 DD                     325 	.db #0xdd	; 221
      000116 DD                     326 	.db #0xdd	; 221
      000117 DD                     327 	.db #0xdd	; 221
      000118 AB                     328 	.db #0xab	; 171
      000119 AB                     329 	.db #0xab	; 171
      00011A B7                     330 	.db #0xb7	; 183
      00011B B7                     331 	.db #0xb7	; 183
      00011C CB                     332 	.db #0xcb	; 203
      00011D CB                     333 	.db #0xcb	; 203
      00011E FF                     334 	.db #0xff	; 255
      00011F FF                     335 	.db #0xff	; 255
      000120 FF                     336 	.db #0xff	; 255
      000121 FF                     337 	.db #0xff	; 255
      000122 E3                     338 	.db #0xe3	; 227
      000123 E3                     339 	.db #0xe3	; 227
      000124 ED                     340 	.db #0xed	; 237
      000125 ED                     341 	.db #0xed	; 237
      000126 DD                     342 	.db #0xdd	; 221
      000127 DD                     343 	.db #0xdd	; 221
      000128 C3                     344 	.db #0xc3	; 195
      000129 C3                     345 	.db #0xc3	; 195
      00012A B7                     346 	.db #0xb7	; 183
      00012B B7                     347 	.db #0xb7	; 183
      00012C BB                     348 	.db #0xbb	; 187
      00012D BB                     349 	.db #0xbb	; 187
      00012E FF                     350 	.db #0xff	; 255
      00012F FF                     351 	.db #0xff	; 255
      000130 FF                     352 	.db #0xff	; 255
      000131 FF                     353 	.db #0xff	; 255
      000132 E3                     354 	.db #0xe3	; 227
      000133 E3                     355 	.db #0xe3	; 227
      000134 DF                     356 	.db #0xdf	; 223
      000135 DF                     357 	.db #0xdf	; 223
      000136 E7                     358 	.db #0xe7	; 231
      000137 E7                     359 	.db #0xe7	; 231
      000138 FB                     360 	.db #0xfb	; 251
      000139 FB                     361 	.db #0xfb	; 251
      00013A FB                     362 	.db #0xfb	; 251
      00013B FB                     363 	.db #0xfb	; 251
      00013C C7                     364 	.db #0xc7	; 199
      00013D C7                     365 	.db #0xc7	; 199
      00013E FF                     366 	.db #0xff	; 255
      00013F FF                     367 	.db #0xff	; 255
      000140 FF                     368 	.db #0xff	; 255
      000141 FF                     369 	.db #0xff	; 255
      000142 C1                     370 	.db #0xc1	; 193
      000143 C1                     371 	.db #0xc1	; 193
      000144 F7                     372 	.db #0xf7	; 247
      000145 F7                     373 	.db #0xf7	; 247
      000146 F7                     374 	.db #0xf7	; 247
      000147 F7                     375 	.db #0xf7	; 247
      000148 EF                     376 	.db #0xef	; 239
      000149 EF                     377 	.db #0xef	; 239
      00014A EF                     378 	.db #0xef	; 239
      00014B EF                     379 	.db #0xef	; 239
      00014C DF                     380 	.db #0xdf	; 223
      00014D DF                     381 	.db #0xdf	; 223
      00014E FF                     382 	.db #0xff	; 255
      00014F FF                     383 	.db #0xff	; 255
      000150 FF                     384 	.db #0xff	; 255
      000151 FF                     385 	.db #0xff	; 255
      000152 ED                     386 	.db #0xed	; 237
      000153 ED                     387 	.db #0xed	; 237
      000154 DD                     388 	.db #0xdd	; 221
      000155 DD                     389 	.db #0xdd	; 221
      000156 DB                     390 	.db #0xdb	; 219
      000157 DB                     391 	.db #0xdb	; 219
      000158 BB                     392 	.db #0xbb	; 187
      000159 BB                     393 	.db #0xbb	; 187
      00015A B7                     394 	.db #0xb7	; 183
      00015B B7                     395 	.db #0xb7	; 183
      00015C CF                     396 	.db #0xcf	; 207
      00015D CF                     397 	.db #0xcf	; 207
      00015E FF                     398 	.db #0xff	; 255
      00015F FF                     399 	.db #0xff	; 255
      000160 FF                     400 	.db #0xff	; 255
      000161 FF                     401 	.db #0xff	; 255
      000162 ED                     402 	.db #0xed	; 237
      000163 ED                     403 	.db #0xed	; 237
      000164 ED                     404 	.db #0xed	; 237
      000165 ED                     405 	.db #0xed	; 237
      000166 DB                     406 	.db #0xdb	; 219
      000167 DB                     407 	.db #0xdb	; 219
      000168 DB                     408 	.db #0xdb	; 219
      000169 DB                     409 	.db #0xdb	; 219
      00016A D7                     410 	.db #0xd7	; 215
      00016B D7                     411 	.db #0xd7	; 215
      00016C EF                     412 	.db #0xef	; 239
      00016D EF                     413 	.db #0xef	; 239
      00016E FF                     414 	.db #0xff	; 255
      00016F FF                     415 	.db #0xff	; 255
      000170 FF                     416 	.db #0xff	; 255
      000171 FF                     417 	.db #0xff	; 255
      000172 DD                     418 	.db #0xdd	; 221
      000173 DD                     419 	.db #0xdd	; 221
      000174 DD                     420 	.db #0xdd	; 221
      000175 DD                     421 	.db #0xdd	; 221
      000176 BB                     422 	.db #0xbb	; 187
      000177 BB                     423 	.db #0xbb	; 187
      000178 AB                     424 	.db #0xab	; 171
      000179 AB                     425 	.db #0xab	; 171
      00017A 87                     426 	.db #0x87	; 135
      00017B 87                     427 	.db #0x87	; 135
      00017C B7                     428 	.db #0xb7	; 183
      00017D B7                     429 	.db #0xb7	; 183
      00017E FF                     430 	.db #0xff	; 255
      00017F FF                     431 	.db #0xff	; 255
      000180 FF                     432 	.db #0xff	; 255
      000181 FF                     433 	.db #0xff	; 255
      000182 BB                     434 	.db #0xbb	; 187
      000183 BB                     435 	.db #0xbb	; 187
      000184 DB                     436 	.db #0xdb	; 219
      000185 DB                     437 	.db #0xdb	; 219
      000186 E7                     438 	.db #0xe7	; 231
      000187 E7                     439 	.db #0xe7	; 231
      000188 E7                     440 	.db #0xe7	; 231
      000189 E7                     441 	.db #0xe7	; 231
      00018A DB                     442 	.db #0xdb	; 219
      00018B DB                     443 	.db #0xdb	; 219
      00018C BB                     444 	.db #0xbb	; 187
      00018D BB                     445 	.db #0xbb	; 187
      00018E FF                     446 	.db #0xff	; 255
      00018F FF                     447 	.db #0xff	; 255
      000190 FF                     448 	.db #0xff	; 255
      000191 FF                     449 	.db #0xff	; 255
      000192 DB                     450 	.db #0xdb	; 219
      000193 DB                     451 	.db #0xdb	; 219
      000194 DB                     452 	.db #0xdb	; 219
      000195 DB                     453 	.db #0xdb	; 219
      000196 E7                     454 	.db #0xe7	; 231
      000197 E7                     455 	.db #0xe7	; 231
      000198 F7                     456 	.db #0xf7	; 247
      000199 F7                     457 	.db #0xf7	; 247
      00019A EF                     458 	.db #0xef	; 239
      00019B EF                     459 	.db #0xef	; 239
      00019C DF                     460 	.db #0xdf	; 223
      00019D DF                     461 	.db #0xdf	; 223
      00019E FF                     462 	.db #0xff	; 255
      00019F FF                     463 	.db #0xff	; 255
      0001A0 FF                     464 	.db #0xff	; 255
      0001A1 FF                     465 	.db #0xff	; 255
      0001A2 C3                     466 	.db #0xc3	; 195
      0001A3 C3                     467 	.db #0xc3	; 195
      0001A4 FB                     468 	.db #0xfb	; 251
      0001A5 FB                     469 	.db #0xfb	; 251
      0001A6 E7                     470 	.db #0xe7	; 231
      0001A7 E7                     471 	.db #0xe7	; 231
      0001A8 EB                     472 	.db #0xeb	; 235
      0001A9 EB                     473 	.db #0xeb	; 235
      0001AA DF                     474 	.db #0xdf	; 223
      0001AB DF                     475 	.db #0xdf	; 223
      0001AC C3                     476 	.db #0xc3	; 195
      0001AD C3                     477 	.db #0xc3	; 195
      0001AE FF                     478 	.db #0xff	; 255
      0001AF FF                     479 	.db #0xff	; 255
      0001B0 FF                     480 	.db #0xff	; 255
      0001B1 FF                     481 	.db #0xff	; 255
      0001B2 E7                     482 	.db #0xe7	; 231
      0001B3 E7                     483 	.db #0xe7	; 231
      0001B4 DB                     484 	.db #0xdb	; 219
      0001B5 DB                     485 	.db #0xdb	; 219
      0001B6 D3                     486 	.db #0xd3	; 211
      0001B7 D3                     487 	.db #0xd3	; 211
      0001B8 CB                     488 	.db #0xcb	; 203
      0001B9 CB                     489 	.db #0xcb	; 203
      0001BA DB                     490 	.db #0xdb	; 219
      0001BB DB                     491 	.db #0xdb	; 219
      0001BC E7                     492 	.db #0xe7	; 231
      0001BD E7                     493 	.db #0xe7	; 231
      0001BE FF                     494 	.db #0xff	; 255
      0001BF FF                     495 	.db #0xff	; 255
      0001C0 FF                     496 	.db #0xff	; 255
      0001C1 FF                     497 	.db #0xff	; 255
      0001C2 F7                     498 	.db #0xf7	; 247
      0001C3 F7                     499 	.db #0xf7	; 247
      0001C4 E7                     500 	.db #0xe7	; 231
      0001C5 E7                     501 	.db #0xe7	; 231
      0001C6 F7                     502 	.db #0xf7	; 247
      0001C7 F7                     503 	.db #0xf7	; 247
      0001C8 F7                     504 	.db #0xf7	; 247
      0001C9 F7                     505 	.db #0xf7	; 247
      0001CA F7                     506 	.db #0xf7	; 247
      0001CB F7                     507 	.db #0xf7	; 247
      0001CC E3                     508 	.db #0xe3	; 227
      0001CD E3                     509 	.db #0xe3	; 227
      0001CE FF                     510 	.db #0xff	; 255
      0001CF FF                     511 	.db #0xff	; 255
      0001D0 FF                     512 	.db #0xff	; 255
      0001D1 FF                     513 	.db #0xff	; 255
      0001D2 E7                     514 	.db #0xe7	; 231
      0001D3 E7                     515 	.db #0xe7	; 231
      0001D4 DB                     516 	.db #0xdb	; 219
      0001D5 DB                     517 	.db #0xdb	; 219
      0001D6 F7                     518 	.db #0xf7	; 247
      0001D7 F7                     519 	.db #0xf7	; 247
      0001D8 EF                     520 	.db #0xef	; 239
      0001D9 EF                     521 	.db #0xef	; 239
      0001DA DF                     522 	.db #0xdf	; 223
      0001DB DF                     523 	.db #0xdf	; 223
      0001DC C3                     524 	.db #0xc3	; 195
      0001DD C3                     525 	.db #0xc3	; 195
      0001DE FF                     526 	.db #0xff	; 255
      0001DF FF                     527 	.db #0xff	; 255
      0001E0 FF                     528 	.db #0xff	; 255
      0001E1 FF                     529 	.db #0xff	; 255
      0001E2 C3                     530 	.db #0xc3	; 195
      0001E3 C3                     531 	.db #0xc3	; 195
      0001E4 FB                     532 	.db #0xfb	; 251
      0001E5 FB                     533 	.db #0xfb	; 251
      0001E6 E3                     534 	.db #0xe3	; 227
      0001E7 E3                     535 	.db #0xe3	; 227
      0001E8 FB                     536 	.db #0xfb	; 251
      0001E9 FB                     537 	.db #0xfb	; 251
      0001EA DB                     538 	.db #0xdb	; 219
      0001EB DB                     539 	.db #0xdb	; 219
      0001EC E7                     540 	.db #0xe7	; 231
      0001ED E7                     541 	.db #0xe7	; 231
      0001EE FF                     542 	.db #0xff	; 255
      0001EF FF                     543 	.db #0xff	; 255
      0001F0 FF                     544 	.db #0xff	; 255
      0001F1 FF                     545 	.db #0xff	; 255
      0001F2 F3                     546 	.db #0xf3	; 243
      0001F3 F3                     547 	.db #0xf3	; 243
      0001F4 EB                     548 	.db #0xeb	; 235
      0001F5 EB                     549 	.db #0xeb	; 235
      0001F6 DB                     550 	.db #0xdb	; 219
      0001F7 DB                     551 	.db #0xdb	; 219
      0001F8 C3                     552 	.db #0xc3	; 195
      0001F9 C3                     553 	.db #0xc3	; 195
      0001FA FB                     554 	.db #0xfb	; 251
      0001FB FB                     555 	.db #0xfb	; 251
      0001FC FB                     556 	.db #0xfb	; 251
      0001FD FB                     557 	.db #0xfb	; 251
      0001FE FF                     558 	.db #0xff	; 255
      0001FF FF                     559 	.db #0xff	; 255
      000200 FF                     560 	.db #0xff	; 255
      000201 FF                     561 	.db #0xff	; 255
      000202 C3                     562 	.db #0xc3	; 195
      000203 C3                     563 	.db #0xc3	; 195
      000204 DF                     564 	.db #0xdf	; 223
      000205 DF                     565 	.db #0xdf	; 223
      000206 C7                     566 	.db #0xc7	; 199
      000207 C7                     567 	.db #0xc7	; 199
      000208 FB                     568 	.db #0xfb	; 251
      000209 FB                     569 	.db #0xfb	; 251
      00020A DB                     570 	.db #0xdb	; 219
      00020B DB                     571 	.db #0xdb	; 219
      00020C E7                     572 	.db #0xe7	; 231
      00020D E7                     573 	.db #0xe7	; 231
      00020E FF                     574 	.db #0xff	; 255
      00020F FF                     575 	.db #0xff	; 255
      000210 FF                     576 	.db #0xff	; 255
      000211 FF                     577 	.db #0xff	; 255
      000212 E3                     578 	.db #0xe3	; 227
      000213 E3                     579 	.db #0xe3	; 227
      000214 DF                     580 	.db #0xdf	; 223
      000215 DF                     581 	.db #0xdf	; 223
      000216 C7                     582 	.db #0xc7	; 199
      000217 C7                     583 	.db #0xc7	; 199
      000218 DB                     584 	.db #0xdb	; 219
      000219 DB                     585 	.db #0xdb	; 219
      00021A DB                     586 	.db #0xdb	; 219
      00021B DB                     587 	.db #0xdb	; 219
      00021C E7                     588 	.db #0xe7	; 231
      00021D E7                     589 	.db #0xe7	; 231
      00021E FF                     590 	.db #0xff	; 255
      00021F FF                     591 	.db #0xff	; 255
      000220 FF                     592 	.db #0xff	; 255
      000221 FF                     593 	.db #0xff	; 255
      000222 C3                     594 	.db #0xc3	; 195
      000223 C3                     595 	.db #0xc3	; 195
      000224 FB                     596 	.db #0xfb	; 251
      000225 FB                     597 	.db #0xfb	; 251
      000226 FB                     598 	.db #0xfb	; 251
      000227 FB                     599 	.db #0xfb	; 251
      000228 FB                     600 	.db #0xfb	; 251
      000229 FB                     601 	.db #0xfb	; 251
      00022A FB                     602 	.db #0xfb	; 251
      00022B FB                     603 	.db #0xfb	; 251
      00022C FB                     604 	.db #0xfb	; 251
      00022D FB                     605 	.db #0xfb	; 251
      00022E FF                     606 	.db #0xff	; 255
      00022F FF                     607 	.db #0xff	; 255
      000230 FF                     608 	.db #0xff	; 255
      000231 FF                     609 	.db #0xff	; 255
      000232 E7                     610 	.db #0xe7	; 231
      000233 E7                     611 	.db #0xe7	; 231
      000234 DB                     612 	.db #0xdb	; 219
      000235 DB                     613 	.db #0xdb	; 219
      000236 E7                     614 	.db #0xe7	; 231
      000237 E7                     615 	.db #0xe7	; 231
      000238 DB                     616 	.db #0xdb	; 219
      000239 DB                     617 	.db #0xdb	; 219
      00023A DB                     618 	.db #0xdb	; 219
      00023B DB                     619 	.db #0xdb	; 219
      00023C E7                     620 	.db #0xe7	; 231
      00023D E7                     621 	.db #0xe7	; 231
      00023E FF                     622 	.db #0xff	; 255
      00023F FF                     623 	.db #0xff	; 255
      000240 FF                     624 	.db #0xff	; 255
      000241 FF                     625 	.db #0xff	; 255
      000242 E7                     626 	.db #0xe7	; 231
      000243 E7                     627 	.db #0xe7	; 231
      000244 DB                     628 	.db #0xdb	; 219
      000245 DB                     629 	.db #0xdb	; 219
      000246 E3                     630 	.db #0xe3	; 227
      000247 E3                     631 	.db #0xe3	; 227
      000248 FB                     632 	.db #0xfb	; 251
      000249 FB                     633 	.db #0xfb	; 251
      00024A FB                     634 	.db #0xfb	; 251
      00024B FB                     635 	.db #0xfb	; 251
      00024C E7                     636 	.db #0xe7	; 231
      00024D E7                     637 	.db #0xe7	; 231
      00024E FF                     638 	.db #0xff	; 255
      00024F FF                     639 	.db #0xff	; 255
      000250 FF                     640 	.db #0xff	; 255
      000251 FF                     641 	.db #0xff	; 255
      000252 F9                     642 	.db #0xf9	; 249
      000253 F9                     643 	.db #0xf9	; 249
      000254 F9                     644 	.db #0xf9	; 249
      000255 F9                     645 	.db #0xf9	; 249
      000256 F3                     646 	.db #0xf3	; 243
      000257 F3                     647 	.db #0xf3	; 243
      000258 E7                     648 	.db #0xe7	; 231
      000259 E7                     649 	.db #0xe7	; 231
      00025A FF                     650 	.db #0xff	; 255
      00025B FF                     651 	.db #0xff	; 255
      00025C DF                     652 	.db #0xdf	; 223
      00025D DF                     653 	.db #0xdf	; 223
      00025E FF                     654 	.db #0xff	; 255
      00025F FF                     655 	.db #0xff	; 255
      000260 FF                     656 	.db #0xff	; 255
      000261 FF                     657 	.db #0xff	; 255
      000262 F3                     658 	.db #0xf3	; 243
      000263 F3                     659 	.db #0xf3	; 243
      000264 F3                     660 	.db #0xf3	; 243
      000265 F3                     661 	.db #0xf3	; 243
      000266 F7                     662 	.db #0xf7	; 247
      000267 F7                     663 	.db #0xf7	; 247
      000268 EF                     664 	.db #0xef	; 239
      000269 EF                     665 	.db #0xef	; 239
      00026A FF                     666 	.db #0xff	; 255
      00026B FF                     667 	.db #0xff	; 255
      00026C FF                     668 	.db #0xff	; 255
      00026D FF                     669 	.db #0xff	; 255
      00026E FF                     670 	.db #0xff	; 255
      00026F FF                     671 	.db #0xff	; 255
      000270 E7                     672 	.db #0xe7	; 231
      000271 E7                     673 	.db #0xe7	; 231
      000272 81                     674 	.db #0x81	; 129
      000273 81                     675 	.db #0x81	; 129
      000274 81                     676 	.db #0x81	; 129
      000275 81                     677 	.db #0x81	; 129
      000276 24                     678 	.db #0x24	; 36
      000277 24                     679 	.db #0x24	; 36
      000278 66                     680 	.db #0x66	; 102	'f'
      000279 66                     681 	.db #0x66	; 102	'f'
      00027A 10                     682 	.db #0x10	; 16
      00027B 10                     683 	.db #0x10	; 16
      00027C 81                     684 	.db #0x81	; 129
      00027D 81                     685 	.db #0x81	; 129
      00027E AB                     686 	.db #0xab	; 171
      00027F AB                     687 	.db #0xab	; 171
      000280 FF                     688 	.db #0xff	; 255
      000281 FF                     689 	.db #0xff	; 255
      000282 C3                     690 	.db #0xc3	; 195
      000283 C3                     691 	.db #0xc3	; 195
      000284 81                     692 	.db #0x81	; 129
      000285 81                     693 	.db #0x81	; 129
      000286 81                     694 	.db #0x81	; 129
      000287 81                     695 	.db #0x81	; 129
      000288 81                     696 	.db #0x81	; 129
      000289 81                     697 	.db #0x81	; 129
      00028A 81                     698 	.db #0x81	; 129
      00028B 81                     699 	.db #0x81	; 129
      00028C C3                     700 	.db #0xc3	; 195
      00028D C3                     701 	.db #0xc3	; 195
      00028E FF                     702 	.db #0xff	; 255
      00028F FF                     703 	.db #0xff	; 255
      000290 FF                     704 	.db #0xff	; 255
      000291 FF                     705 	.db #0xff	; 255
      000292 FF                     706 	.db #0xff	; 255
      000293 FF                     707 	.db #0xff	; 255
      000294 FF                     708 	.db #0xff	; 255
      000295 FF                     709 	.db #0xff	; 255
      000296 E1                     710 	.db #0xe1	; 225
      000297 E1                     711 	.db #0xe1	; 225
      000298 FF                     712 	.db #0xff	; 255
      000299 FF                     713 	.db #0xff	; 255
      00029A FF                     714 	.db #0xff	; 255
      00029B FF                     715 	.db #0xff	; 255
      00029C FF                     716 	.db #0xff	; 255
      00029D FF                     717 	.db #0xff	; 255
      00029E FF                     718 	.db #0xff	; 255
      00029F FF                     719 	.db #0xff	; 255
      0002A0 FF                     720 	.db #0xff	; 255
      0002A1 FF                     721 	.db #0xff	; 255
      0002A2 FF                     722 	.db #0xff	; 255
      0002A3 FF                     723 	.db #0xff	; 255
      0002A4 FF                     724 	.db #0xff	; 255
      0002A5 FF                     725 	.db #0xff	; 255
      0002A6 FF                     726 	.db #0xff	; 255
      0002A7 FF                     727 	.db #0xff	; 255
      0002A8 FF                     728 	.db #0xff	; 255
      0002A9 FF                     729 	.db #0xff	; 255
      0002AA FF                     730 	.db #0xff	; 255
      0002AB FF                     731 	.db #0xff	; 255
      0002AC EF                     732 	.db #0xef	; 239
      0002AD EF                     733 	.db #0xef	; 239
      0002AE FF                     734 	.db #0xff	; 255
      0002AF FF                     735 	.db #0xff	; 255
      0002B0 FF                     736 	.db #0xff	; 255
      0002B1 FF                     737 	.db #0xff	; 255
      0002B2 FF                     738 	.db #0xff	; 255
      0002B3 FF                     739 	.db #0xff	; 255
      0002B4 FB                     740 	.db #0xfb	; 251
      0002B5 FB                     741 	.db #0xfb	; 251
      0002B6 FF                     742 	.db #0xff	; 255
      0002B7 FF                     743 	.db #0xff	; 255
      0002B8 FF                     744 	.db #0xff	; 255
      0002B9 FF                     745 	.db #0xff	; 255
      0002BA FF                     746 	.db #0xff	; 255
      0002BB FF                     747 	.db #0xff	; 255
      0002BC DF                     748 	.db #0xdf	; 223
      0002BD DF                     749 	.db #0xdf	; 223
      0002BE FF                     750 	.db #0xff	; 255
      0002BF FF                     751 	.db #0xff	; 255
      0002C0 FF                     752 	.db #0xff	; 255
      0002C1 FF                     753 	.db #0xff	; 255
      0002C2 E3                     754 	.db #0xe3	; 227
      0002C3 E3                     755 	.db #0xe3	; 227
      0002C4 FD                     756 	.db #0xfd	; 253
      0002C5 FD                     757 	.db #0xfd	; 253
      0002C6 FD                     758 	.db #0xfd	; 253
      0002C7 FD                     759 	.db #0xfd	; 253
      0002C8 F3                     760 	.db #0xf3	; 243
      0002C9 F3                     761 	.db #0xf3	; 243
      0002CA FF                     762 	.db #0xff	; 255
      0002CB FF                     763 	.db #0xff	; 255
      0002CC DF                     764 	.db #0xdf	; 223
      0002CD DF                     765 	.db #0xdf	; 223
      0002CE FF                     766 	.db #0xff	; 255
      0002CF FF                     767 	.db #0xff	; 255
                           0000FF   768 G$__bank_font$0_0$0 == 0x00ff
                           0000FF   769 ___bank_font	=	0x00ff
                           0002D0   770 G$font$0_0$0 == .
      0002D0                        771 _font:
      0002D0 2D                     772 	.db #0x2d	; 45
      0002D1r00r00                  773 	.dw _font_tiles
      0002D3 00                     774 	.db #0x00	; 0
      0002D4 00 00                  775 	.dw #0x0000
      0002D6 00 00                  776 	.dw #0x0000
                                    777 	.area _INITIALIZER
                                    778 	.area _CABS (ABS)
