                                      1 ;--------------------------------------------------------
                                      2 ; File Created by SDCC : free open source ISO C Compiler 
                                      3 ; Version 4.3.2 #14228 (MINGW64)
                                      4 ;--------------------------------------------------------
                                      5 	.module mapcredit0_gbm
                                      6 	.optsdcc -msm83
                                      7 	
                                      8 ;--------------------------------------------------------
                                      9 ; Public variables in this module
                                     10 ;--------------------------------------------------------
                                     11 	.globl _mapcredit0
                                     12 	.globl ___bank_mapcredit0
                                     13 	.globl _mapcredit0_map
                                     14 ;--------------------------------------------------------
                                     15 ; special function registers
                                     16 ;--------------------------------------------------------
                                     17 ;--------------------------------------------------------
                                     18 ; ram data
                                     19 ;--------------------------------------------------------
                                     20 	.area _DATA
                                     21 ;--------------------------------------------------------
                                     22 ; ram data
                                     23 ;--------------------------------------------------------
                                     24 	.area _INITIALIZED
                                     25 ;--------------------------------------------------------
                                     26 ; absolute external ram data
                                     27 ;--------------------------------------------------------
                                     28 	.area _DABS (ABS)
                                     29 ;--------------------------------------------------------
                                     30 ; global & static initialisations
                                     31 ;--------------------------------------------------------
                                     32 	.area _HOME
                                     33 	.area _GSINIT
                                     34 	.area _GSFINAL
                                     35 	.area _GSINIT
                                     36 ;--------------------------------------------------------
                                     37 ; Home
                                     38 ;--------------------------------------------------------
                                     39 	.area _HOME
                                     40 	.area _HOME
                                     41 ;--------------------------------------------------------
                                     42 ; code
                                     43 ;--------------------------------------------------------
                                     44 	.area _CODE_255
                                     45 	.area _CODE_255
                           000000    46 G$mapcredit0_map$0_0$0 == .
      000000                         47 _mapcredit0_map:
      000000 00                      48 	.db #0x00	; 0
      000001 00                      49 	.db #0x00	; 0
      000002 00                      50 	.db #0x00	; 0
      000003 00                      51 	.db #0x00	; 0
      000004 00                      52 	.db #0x00	; 0
      000005 00                      53 	.db #0x00	; 0
      000006 00                      54 	.db #0x00	; 0
      000007 00                      55 	.db #0x00	; 0
      000008 00                      56 	.db #0x00	; 0
      000009 00                      57 	.db #0x00	; 0
      00000A 00                      58 	.db #0x00	; 0
      00000B 00                      59 	.db #0x00	; 0
      00000C 00                      60 	.db #0x00	; 0
      00000D 00                      61 	.db #0x00	; 0
      00000E 00                      62 	.db #0x00	; 0
      00000F 00                      63 	.db #0x00	; 0
      000010 00                      64 	.db #0x00	; 0
      000011 00                      65 	.db #0x00	; 0
      000012 00                      66 	.db #0x00	; 0
      000013 00                      67 	.db #0x00	; 0
      000014 00                      68 	.db #0x00	; 0
      000015 00                      69 	.db #0x00	; 0
      000016 00                      70 	.db #0x00	; 0
      000017 00                      71 	.db #0x00	; 0
      000018 00                      72 	.db #0x00	; 0
      000019 00                      73 	.db #0x00	; 0
      00001A 00                      74 	.db #0x00	; 0
      00001B 00                      75 	.db #0x00	; 0
      00001C 00                      76 	.db #0x00	; 0
      00001D 00                      77 	.db #0x00	; 0
      00001E 00                      78 	.db #0x00	; 0
      00001F 00                      79 	.db #0x00	; 0
      000020 00                      80 	.db #0x00	; 0
      000021 00                      81 	.db #0x00	; 0
      000022 00                      82 	.db #0x00	; 0
      000023 00                      83 	.db #0x00	; 0
      000024 00                      84 	.db #0x00	; 0
      000025 00                      85 	.db #0x00	; 0
      000026 00                      86 	.db #0x00	; 0
      000027 00                      87 	.db #0x00	; 0
      000028 00                      88 	.db #0x00	; 0
      000029 00                      89 	.db #0x00	; 0
      00002A 01                      90 	.db #0x01	; 1
      00002B 02                      91 	.db #0x02	; 2
      00002C 02                      92 	.db #0x02	; 2
      00002D 02                      93 	.db #0x02	; 2
      00002E 02                      94 	.db #0x02	; 2
      00002F 02                      95 	.db #0x02	; 2
      000030 02                      96 	.db #0x02	; 2
      000031 02                      97 	.db #0x02	; 2
      000032 02                      98 	.db #0x02	; 2
      000033 02                      99 	.db #0x02	; 2
      000034 02                     100 	.db #0x02	; 2
      000035 02                     101 	.db #0x02	; 2
      000036 02                     102 	.db #0x02	; 2
      000037 02                     103 	.db #0x02	; 2
      000038 02                     104 	.db #0x02	; 2
      000039 03                     105 	.db #0x03	; 3
      00003A 00                     106 	.db #0x00	; 0
      00003B 00                     107 	.db #0x00	; 0
      00003C 00                     108 	.db #0x00	; 0
      00003D 00                     109 	.db #0x00	; 0
      00003E 04                     110 	.db #0x04	; 4
      00003F 05                     111 	.db #0x05	; 5
      000040 06                     112 	.db #0x06	; 6
      000041 07                     113 	.db #0x07	; 7
      000042 08                     114 	.db #0x08	; 8
      000043 09                     115 	.db #0x09	; 9
      000044 0A                     116 	.db #0x0a	; 10
      000045 0B                     117 	.db #0x0b	; 11
      000046 0C                     118 	.db #0x0c	; 12
      000047 0D                     119 	.db #0x0d	; 13
      000048 0E                     120 	.db #0x0e	; 14
      000049 0E                     121 	.db #0x0e	; 14
      00004A 0E                     122 	.db #0x0e	; 14
      00004B 0E                     123 	.db #0x0e	; 14
      00004C 0E                     124 	.db #0x0e	; 14
      00004D 0F                     125 	.db #0x0f	; 15
      00004E 00                     126 	.db #0x00	; 0
      00004F 00                     127 	.db #0x00	; 0
      000050 00                     128 	.db #0x00	; 0
      000051 00                     129 	.db #0x00	; 0
      000052 04                     130 	.db #0x04	; 4
      000053 10                     131 	.db #0x10	; 16
      000054 11                     132 	.db #0x11	; 17
      000055 12                     133 	.db #0x12	; 18
      000056 13                     134 	.db #0x13	; 19
      000057 14                     135 	.db #0x14	; 20
      000058 15                     136 	.db #0x15	; 21
      000059 16                     137 	.db #0x16	; 22
      00005A 17                     138 	.db #0x17	; 23
      00005B 18                     139 	.db #0x18	; 24
      00005C 0E                     140 	.db #0x0e	; 14
      00005D 0E                     141 	.db #0x0e	; 14
      00005E 0E                     142 	.db #0x0e	; 14
      00005F 0E                     143 	.db #0x0e	; 14
      000060 0E                     144 	.db #0x0e	; 14
      000061 0F                     145 	.db #0x0f	; 15
      000062 00                     146 	.db #0x00	; 0
      000063 00                     147 	.db #0x00	; 0
      000064 00                     148 	.db #0x00	; 0
      000065 00                     149 	.db #0x00	; 0
      000066 19                     150 	.db #0x19	; 25
      000067 1A                     151 	.db #0x1a	; 26
      000068 1B                     152 	.db #0x1b	; 27
      000069 1C                     153 	.db #0x1c	; 28
      00006A 1D                     154 	.db #0x1d	; 29
      00006B 1E                     155 	.db #0x1e	; 30
      00006C 1F                     156 	.db #0x1f	; 31
      00006D 20                     157 	.db #0x20	; 32
      00006E 21                     158 	.db #0x21	; 33
      00006F 22                     159 	.db #0x22	; 34
      000070 23                     160 	.db #0x23	; 35
      000071 24                     161 	.db #0x24	; 36
      000072 25                     162 	.db #0x25	; 37
      000073 26                     163 	.db #0x26	; 38
      000074 27                     164 	.db #0x27	; 39
      000075 0F                     165 	.db #0x0f	; 15
      000076 00                     166 	.db #0x00	; 0
      000077 00                     167 	.db #0x00	; 0
      000078 00                     168 	.db #0x00	; 0
      000079 00                     169 	.db #0x00	; 0
      00007A 28                     170 	.db #0x28	; 40
      00007B 29                     171 	.db #0x29	; 41
      00007C 2A                     172 	.db #0x2a	; 42
      00007D 2B                     173 	.db #0x2b	; 43
      00007E 2C                     174 	.db #0x2c	; 44
      00007F 2D                     175 	.db #0x2d	; 45
      000080 2E                     176 	.db #0x2e	; 46
      000081 2F                     177 	.db #0x2f	; 47
      000082 30                     178 	.db #0x30	; 48	'0'
      000083 31                     179 	.db #0x31	; 49	'1'
      000084 32                     180 	.db #0x32	; 50	'2'
      000085 33                     181 	.db #0x33	; 51	'3'
      000086 34                     182 	.db #0x34	; 52	'4'
      000087 35                     183 	.db #0x35	; 53	'5'
      000088 36                     184 	.db #0x36	; 54	'6'
      000089 0F                     185 	.db #0x0f	; 15
      00008A 00                     186 	.db #0x00	; 0
      00008B 00                     187 	.db #0x00	; 0
      00008C 00                     188 	.db #0x00	; 0
      00008D 00                     189 	.db #0x00	; 0
      00008E 37                     190 	.db #0x37	; 55	'7'
      00008F 38                     191 	.db #0x38	; 56	'8'
      000090 38                     192 	.db #0x38	; 56	'8'
      000091 38                     193 	.db #0x38	; 56	'8'
      000092 38                     194 	.db #0x38	; 56	'8'
      000093 38                     195 	.db #0x38	; 56	'8'
      000094 38                     196 	.db #0x38	; 56	'8'
      000095 38                     197 	.db #0x38	; 56	'8'
      000096 38                     198 	.db #0x38	; 56	'8'
      000097 38                     199 	.db #0x38	; 56	'8'
      000098 38                     200 	.db #0x38	; 56	'8'
      000099 38                     201 	.db #0x38	; 56	'8'
      00009A 38                     202 	.db #0x38	; 56	'8'
      00009B 38                     203 	.db #0x38	; 56	'8'
      00009C 38                     204 	.db #0x38	; 56	'8'
      00009D 39                     205 	.db #0x39	; 57	'9'
      00009E 00                     206 	.db #0x00	; 0
      00009F 00                     207 	.db #0x00	; 0
      0000A0 00                     208 	.db #0x00	; 0
      0000A1 00                     209 	.db #0x00	; 0
      0000A2 00                     210 	.db #0x00	; 0
      0000A3 00                     211 	.db #0x00	; 0
      0000A4 00                     212 	.db #0x00	; 0
      0000A5 00                     213 	.db #0x00	; 0
      0000A6 00                     214 	.db #0x00	; 0
      0000A7 00                     215 	.db #0x00	; 0
      0000A8 00                     216 	.db #0x00	; 0
      0000A9 00                     217 	.db #0x00	; 0
      0000AA 00                     218 	.db #0x00	; 0
      0000AB 00                     219 	.db #0x00	; 0
      0000AC 00                     220 	.db #0x00	; 0
      0000AD 00                     221 	.db #0x00	; 0
      0000AE 00                     222 	.db #0x00	; 0
      0000AF 00                     223 	.db #0x00	; 0
      0000B0 00                     224 	.db #0x00	; 0
      0000B1 00                     225 	.db #0x00	; 0
      0000B2 00                     226 	.db #0x00	; 0
      0000B3 00                     227 	.db #0x00	; 0
      0000B4 00                     228 	.db #0x00	; 0
      0000B5 00                     229 	.db #0x00	; 0
      0000B6 00                     230 	.db #0x00	; 0
      0000B7 00                     231 	.db #0x00	; 0
      0000B8 00                     232 	.db #0x00	; 0
      0000B9 00                     233 	.db #0x00	; 0
      0000BA 00                     234 	.db #0x00	; 0
      0000BB 00                     235 	.db #0x00	; 0
      0000BC 00                     236 	.db #0x00	; 0
      0000BD 00                     237 	.db #0x00	; 0
      0000BE 00                     238 	.db #0x00	; 0
      0000BF 00                     239 	.db #0x00	; 0
      0000C0 00                     240 	.db #0x00	; 0
      0000C1 00                     241 	.db #0x00	; 0
      0000C2 00                     242 	.db #0x00	; 0
      0000C3 00                     243 	.db #0x00	; 0
      0000C4 00                     244 	.db #0x00	; 0
      0000C5 00                     245 	.db #0x00	; 0
      0000C6 00                     246 	.db #0x00	; 0
      0000C7 00                     247 	.db #0x00	; 0
      0000C8 00                     248 	.db #0x00	; 0
      0000C9 00                     249 	.db #0x00	; 0
      0000CA 00                     250 	.db #0x00	; 0
      0000CB 00                     251 	.db #0x00	; 0
      0000CC 00                     252 	.db #0x00	; 0
      0000CD 00                     253 	.db #0x00	; 0
      0000CE 00                     254 	.db #0x00	; 0
      0000CF 00                     255 	.db #0x00	; 0
      0000D0 00                     256 	.db #0x00	; 0
      0000D1 00                     257 	.db #0x00	; 0
      0000D2 00                     258 	.db #0x00	; 0
      0000D3 00                     259 	.db #0x00	; 0
      0000D4 00                     260 	.db #0x00	; 0
      0000D5 00                     261 	.db #0x00	; 0
      0000D6 00                     262 	.db #0x00	; 0
      0000D7 00                     263 	.db #0x00	; 0
      0000D8 00                     264 	.db #0x00	; 0
      0000D9 00                     265 	.db #0x00	; 0
      0000DA 00                     266 	.db #0x00	; 0
      0000DB 00                     267 	.db #0x00	; 0
      0000DC 00                     268 	.db #0x00	; 0
      0000DD 00                     269 	.db #0x00	; 0
      0000DE 00                     270 	.db #0x00	; 0
      0000DF 00                     271 	.db #0x00	; 0
      0000E0 00                     272 	.db #0x00	; 0
      0000E1 00                     273 	.db #0x00	; 0
      0000E2 00                     274 	.db #0x00	; 0
      0000E3 00                     275 	.db #0x00	; 0
      0000E4 00                     276 	.db #0x00	; 0
      0000E5 00                     277 	.db #0x00	; 0
      0000E6 00                     278 	.db #0x00	; 0
      0000E7 00                     279 	.db #0x00	; 0
      0000E8 00                     280 	.db #0x00	; 0
      0000E9 00                     281 	.db #0x00	; 0
      0000EA 00                     282 	.db #0x00	; 0
      0000EB 00                     283 	.db #0x00	; 0
      0000EC 00                     284 	.db #0x00	; 0
      0000ED 00                     285 	.db #0x00	; 0
      0000EE 00                     286 	.db #0x00	; 0
      0000EF 00                     287 	.db #0x00	; 0
      0000F0 00                     288 	.db #0x00	; 0
      0000F1 00                     289 	.db #0x00	; 0
      0000F2 00                     290 	.db #0x00	; 0
      0000F3 00                     291 	.db #0x00	; 0
      0000F4 00                     292 	.db #0x00	; 0
      0000F5 00                     293 	.db #0x00	; 0
      0000F6 00                     294 	.db #0x00	; 0
      0000F7 00                     295 	.db #0x00	; 0
      0000F8 00                     296 	.db #0x00	; 0
      0000F9 00                     297 	.db #0x00	; 0
      0000FA 00                     298 	.db #0x00	; 0
      0000FB 00                     299 	.db #0x00	; 0
      0000FC 00                     300 	.db #0x00	; 0
      0000FD 00                     301 	.db #0x00	; 0
      0000FE 00                     302 	.db #0x00	; 0
      0000FF 00                     303 	.db #0x00	; 0
      000100 00                     304 	.db #0x00	; 0
      000101 00                     305 	.db #0x00	; 0
      000102 00                     306 	.db #0x00	; 0
      000103 00                     307 	.db #0x00	; 0
      000104 00                     308 	.db #0x00	; 0
      000105 00                     309 	.db #0x00	; 0
      000106 00                     310 	.db #0x00	; 0
      000107 00                     311 	.db #0x00	; 0
      000108 00                     312 	.db #0x00	; 0
      000109 00                     313 	.db #0x00	; 0
      00010A 00                     314 	.db #0x00	; 0
      00010B 00                     315 	.db #0x00	; 0
      00010C 00                     316 	.db #0x00	; 0
      00010D 00                     317 	.db #0x00	; 0
      00010E 00                     318 	.db #0x00	; 0
      00010F 00                     319 	.db #0x00	; 0
      000110 00                     320 	.db #0x00	; 0
      000111 00                     321 	.db #0x00	; 0
      000112 00                     322 	.db #0x00	; 0
      000113 00                     323 	.db #0x00	; 0
      000114 00                     324 	.db #0x00	; 0
      000115 00                     325 	.db #0x00	; 0
      000116 00                     326 	.db #0x00	; 0
      000117 00                     327 	.db #0x00	; 0
      000118 00                     328 	.db #0x00	; 0
      000119 00                     329 	.db #0x00	; 0
      00011A 00                     330 	.db #0x00	; 0
      00011B 00                     331 	.db #0x00	; 0
      00011C 00                     332 	.db #0x00	; 0
      00011D 00                     333 	.db #0x00	; 0
      00011E 00                     334 	.db #0x00	; 0
      00011F 00                     335 	.db #0x00	; 0
      000120 00                     336 	.db #0x00	; 0
      000121 00                     337 	.db #0x00	; 0
      000122 00                     338 	.db #0x00	; 0
      000123 00                     339 	.db #0x00	; 0
      000124 00                     340 	.db #0x00	; 0
      000125 00                     341 	.db #0x00	; 0
      000126 00                     342 	.db #0x00	; 0
      000127 00                     343 	.db #0x00	; 0
      000128 00                     344 	.db #0x00	; 0
      000129 00                     345 	.db #0x00	; 0
      00012A 00                     346 	.db #0x00	; 0
      00012B 00                     347 	.db #0x00	; 0
      00012C 00                     348 	.db #0x00	; 0
      00012D 00                     349 	.db #0x00	; 0
      00012E 00                     350 	.db #0x00	; 0
      00012F 00                     351 	.db #0x00	; 0
      000130 00                     352 	.db #0x00	; 0
      000131 00                     353 	.db #0x00	; 0
      000132 00                     354 	.db #0x00	; 0
      000133 00                     355 	.db #0x00	; 0
      000134 00                     356 	.db #0x00	; 0
      000135 00                     357 	.db #0x00	; 0
      000136 00                     358 	.db #0x00	; 0
      000137 00                     359 	.db #0x00	; 0
      000138 00                     360 	.db #0x00	; 0
      000139 00                     361 	.db #0x00	; 0
      00013A 00                     362 	.db #0x00	; 0
      00013B 00                     363 	.db #0x00	; 0
      00013C 00                     364 	.db #0x00	; 0
      00013D 00                     365 	.db #0x00	; 0
      00013E 00                     366 	.db #0x00	; 0
      00013F 00                     367 	.db #0x00	; 0
      000140 00                     368 	.db #0x00	; 0
      000141 00                     369 	.db #0x00	; 0
      000142 00                     370 	.db #0x00	; 0
      000143 00                     371 	.db #0x00	; 0
      000144 00                     372 	.db #0x00	; 0
      000145 00                     373 	.db #0x00	; 0
      000146 00                     374 	.db #0x00	; 0
      000147 00                     375 	.db #0x00	; 0
      000148 00                     376 	.db #0x00	; 0
      000149 00                     377 	.db #0x00	; 0
      00014A 00                     378 	.db #0x00	; 0
      00014B 00                     379 	.db #0x00	; 0
      00014C 00                     380 	.db #0x00	; 0
      00014D 00                     381 	.db #0x00	; 0
      00014E 00                     382 	.db #0x00	; 0
      00014F 00                     383 	.db #0x00	; 0
      000150 00                     384 	.db #0x00	; 0
      000151 00                     385 	.db #0x00	; 0
      000152 00                     386 	.db #0x00	; 0
      000153 00                     387 	.db #0x00	; 0
      000154 00                     388 	.db #0x00	; 0
      000155 00                     389 	.db #0x00	; 0
      000156 00                     390 	.db #0x00	; 0
      000157 00                     391 	.db #0x00	; 0
      000158 00                     392 	.db #0x00	; 0
      000159 00                     393 	.db #0x00	; 0
      00015A 00                     394 	.db #0x00	; 0
      00015B 00                     395 	.db #0x00	; 0
      00015C 00                     396 	.db #0x00	; 0
      00015D 00                     397 	.db #0x00	; 0
      00015E 00                     398 	.db #0x00	; 0
      00015F 00                     399 	.db #0x00	; 0
      000160 00                     400 	.db #0x00	; 0
      000161 00                     401 	.db #0x00	; 0
      000162 00                     402 	.db #0x00	; 0
      000163 00                     403 	.db #0x00	; 0
      000164 00                     404 	.db #0x00	; 0
      000165 00                     405 	.db #0x00	; 0
      000166 00                     406 	.db #0x00	; 0
      000167 00                     407 	.db #0x00	; 0
                           0000FF   408 G$__bank_mapcredit0$0_0$0 == 0x00ff
                           0000FF   409 ___bank_mapcredit0	=	0x00ff
                           000168   410 G$mapcredit0$0_0$0 == .
      000168                        411 _mapcredit0:
      000168r00r00                  412 	.dw _mapcredit0_map
      00016A 14                     413 	.db #0x14	; 20
      00016B 12                     414 	.db #0x12	; 18
      00016C 00 00                  415 	.dw #0x0000
      00016Er00                     416 	.byte ___bank_mapcredit0t
      00016Fr00r00                  417 	.dw _mapcredit0t
                                    418 	.area _INITIALIZER
                                    419 	.area _CABS (ABS)
