                                      1 ;--------------------------------------------------------
                                      2 ; File Created by SDCC : free open source ISO C Compiler 
                                      3 ; Version 4.3.2 #14228 (MINGW64)
                                      4 ;--------------------------------------------------------
                                      5 	.module mapcredit0t_gbr
                                      6 	.optsdcc -msm83
                                      7 	
                                      8 ;--------------------------------------------------------
                                      9 ; Public variables in this module
                                     10 ;--------------------------------------------------------
                                     11 	.globl _mapcredit0t
                                     12 	.globl ___bank_mapcredit0t
                                     13 	.globl _mapcredit0t_tiles
                                     14 	.globl _mapcredit0tCGB
                                     15 	.globl _mapcredit0t_palettes
                                     16 ;--------------------------------------------------------
                                     17 ; special function registers
                                     18 ;--------------------------------------------------------
                                     19 ;--------------------------------------------------------
                                     20 ; ram data
                                     21 ;--------------------------------------------------------
                                     22 	.area _DATA
                                     23 ;--------------------------------------------------------
                                     24 ; ram data
                                     25 ;--------------------------------------------------------
                                     26 	.area _INITIALIZED
                                     27 ;--------------------------------------------------------
                                     28 ; absolute external ram data
                                     29 ;--------------------------------------------------------
                                     30 	.area _DABS (ABS)
                                     31 ;--------------------------------------------------------
                                     32 ; global & static initialisations
                                     33 ;--------------------------------------------------------
                                     34 	.area _HOME
                                     35 	.area _GSINIT
                                     36 	.area _GSFINAL
                                     37 	.area _GSINIT
                                     38 ;--------------------------------------------------------
                                     39 ; Home
                                     40 ;--------------------------------------------------------
                                     41 	.area _HOME
                                     42 	.area _HOME
                                     43 ;--------------------------------------------------------
                                     44 ; code
                                     45 ;--------------------------------------------------------
                                     46 	.area _CODE_255
                                     47 	.area _CODE_255
                           000000    48 G$mapcredit0t_palettes$0_0$0 == .
      000000                         49 _mapcredit0t_palettes:
      000000 FF 7F                   50 	.dw #0x7fff
      000002 18 63                   51 	.dw #0x6318
      000004 00 00                   52 	.dw #0x0000
      000006 00 04                   53 	.dw #0x0400
                           000008    54 G$mapcredit0tCGB$0_0$0 == .
      000008                         55 _mapcredit0tCGB:
      000008 00                      56 	.db #0x00	; 0
      000009 00                      57 	.db #0x00	; 0
      00000A 00                      58 	.db #0x00	; 0
      00000B 00                      59 	.db #0x00	; 0
      00000C 00                      60 	.db #0x00	; 0
      00000D 00                      61 	.db #0x00	; 0
      00000E 00                      62 	.db #0x00	; 0
      00000F 00                      63 	.db #0x00	; 0
      000010 00                      64 	.db #0x00	; 0
      000011 00                      65 	.db #0x00	; 0
      000012 00                      66 	.db #0x00	; 0
      000013 00                      67 	.db #0x00	; 0
      000014 00                      68 	.db #0x00	; 0
      000015 00                      69 	.db #0x00	; 0
      000016 00                      70 	.db #0x00	; 0
      000017 00                      71 	.db #0x00	; 0
      000018 00                      72 	.db #0x00	; 0
      000019 00                      73 	.db #0x00	; 0
      00001A 00                      74 	.db #0x00	; 0
      00001B 00                      75 	.db #0x00	; 0
      00001C 00                      76 	.db #0x00	; 0
      00001D 00                      77 	.db #0x00	; 0
      00001E 00                      78 	.db #0x00	; 0
      00001F 00                      79 	.db #0x00	; 0
      000020 00                      80 	.db #0x00	; 0
      000021 00                      81 	.db #0x00	; 0
      000022 00                      82 	.db #0x00	; 0
      000023 00                      83 	.db #0x00	; 0
      000024 00                      84 	.db #0x00	; 0
      000025 00                      85 	.db #0x00	; 0
      000026 00                      86 	.db #0x00	; 0
      000027 00                      87 	.db #0x00	; 0
      000028 00                      88 	.db #0x00	; 0
      000029 00                      89 	.db #0x00	; 0
      00002A 00                      90 	.db #0x00	; 0
      00002B 00                      91 	.db #0x00	; 0
      00002C 00                      92 	.db #0x00	; 0
      00002D 00                      93 	.db #0x00	; 0
      00002E 00                      94 	.db #0x00	; 0
      00002F 00                      95 	.db #0x00	; 0
      000030 00                      96 	.db #0x00	; 0
      000031 00                      97 	.db #0x00	; 0
      000032 00                      98 	.db #0x00	; 0
      000033 00                      99 	.db #0x00	; 0
      000034 00                     100 	.db #0x00	; 0
      000035 00                     101 	.db #0x00	; 0
      000036 00                     102 	.db #0x00	; 0
      000037 00                     103 	.db #0x00	; 0
      000038 00                     104 	.db #0x00	; 0
      000039 00                     105 	.db #0x00	; 0
      00003A 00                     106 	.db #0x00	; 0
      00003B 00                     107 	.db #0x00	; 0
      00003C 00                     108 	.db #0x00	; 0
      00003D 00                     109 	.db #0x00	; 0
      00003E 00                     110 	.db #0x00	; 0
      00003F 00                     111 	.db #0x00	; 0
      000040 00                     112 	.db #0x00	; 0
      000041 00                     113 	.db #0x00	; 0
      000042 00                     114 	.db #0x00	; 0
      000043 00                     115 	.db #0x00	; 0
      000044 00                     116 	.db #0x00	; 0
      000045 00                     117 	.db #0x00	; 0
      000046 00                     118 	.db #0x00	; 0
      000047 00                     119 	.db #0x00	; 0
                           000048   120 G$mapcredit0t_tiles$0_0$0 == .
      000048                        121 _mapcredit0t_tiles:
      000048 FF                     122 	.db #0xff	; 255
      000049 FF                     123 	.db #0xff	; 255
      00004A FF                     124 	.db #0xff	; 255
      00004B FF                     125 	.db #0xff	; 255
      00004C FF                     126 	.db #0xff	; 255
      00004D FF                     127 	.db #0xff	; 255
      00004E FF                     128 	.db #0xff	; 255
      00004F FF                     129 	.db #0xff	; 255
      000050 FF                     130 	.db #0xff	; 255
      000051 FF                     131 	.db #0xff	; 255
      000052 FF                     132 	.db #0xff	; 255
      000053 FF                     133 	.db #0xff	; 255
      000054 FF                     134 	.db #0xff	; 255
      000055 FF                     135 	.db #0xff	; 255
      000056 FF                     136 	.db #0xff	; 255
      000057 FF                     137 	.db #0xff	; 255
      000058 FF                     138 	.db #0xff	; 255
      000059 FF                     139 	.db #0xff	; 255
      00005A FF                     140 	.db #0xff	; 255
      00005B FF                     141 	.db #0xff	; 255
      00005C FF                     142 	.db #0xff	; 255
      00005D FF                     143 	.db #0xff	; 255
      00005E FF                     144 	.db #0xff	; 255
      00005F FF                     145 	.db #0xff	; 255
      000060 FF                     146 	.db #0xff	; 255
      000061 FF                     147 	.db #0xff	; 255
      000062 FF                     148 	.db #0xff	; 255
      000063 FF                     149 	.db #0xff	; 255
      000064 FF                     150 	.db #0xff	; 255
      000065 FF                     151 	.db #0xff	; 255
      000066 80                     152 	.db #0x80	; 128
      000067 80                     153 	.db #0x80	; 128
      000068 FF                     154 	.db #0xff	; 255
      000069 FF                     155 	.db #0xff	; 255
      00006A FF                     156 	.db #0xff	; 255
      00006B FF                     157 	.db #0xff	; 255
      00006C FF                     158 	.db #0xff	; 255
      00006D FF                     159 	.db #0xff	; 255
      00006E FF                     160 	.db #0xff	; 255
      00006F FF                     161 	.db #0xff	; 255
      000070 FF                     162 	.db #0xff	; 255
      000071 FF                     163 	.db #0xff	; 255
      000072 FF                     164 	.db #0xff	; 255
      000073 FF                     165 	.db #0xff	; 255
      000074 FF                     166 	.db #0xff	; 255
      000075 FF                     167 	.db #0xff	; 255
      000076 00                     168 	.db #0x00	; 0
      000077 00                     169 	.db #0x00	; 0
      000078 FF                     170 	.db #0xff	; 255
      000079 FF                     171 	.db #0xff	; 255
      00007A FF                     172 	.db #0xff	; 255
      00007B FF                     173 	.db #0xff	; 255
      00007C FF                     174 	.db #0xff	; 255
      00007D FF                     175 	.db #0xff	; 255
      00007E FF                     176 	.db #0xff	; 255
      00007F FF                     177 	.db #0xff	; 255
      000080 FF                     178 	.db #0xff	; 255
      000081 FF                     179 	.db #0xff	; 255
      000082 FF                     180 	.db #0xff	; 255
      000083 FF                     181 	.db #0xff	; 255
      000084 FF                     182 	.db #0xff	; 255
      000085 FF                     183 	.db #0xff	; 255
      000086 01                     184 	.db #0x01	; 1
      000087 03                     185 	.db #0x03	; 3
      000088 80                     186 	.db #0x80	; 128
      000089 80                     187 	.db #0x80	; 128
      00008A 80                     188 	.db #0x80	; 128
      00008B 80                     189 	.db #0x80	; 128
      00008C 80                     190 	.db #0x80	; 128
      00008D 80                     191 	.db #0x80	; 128
      00008E 80                     192 	.db #0x80	; 128
      00008F 80                     193 	.db #0x80	; 128
      000090 80                     194 	.db #0x80	; 128
      000091 80                     195 	.db #0x80	; 128
      000092 80                     196 	.db #0x80	; 128
      000093 80                     197 	.db #0x80	; 128
      000094 80                     198 	.db #0x80	; 128
      000095 80                     199 	.db #0x80	; 128
      000096 80                     200 	.db #0x80	; 128
      000097 80                     201 	.db #0x80	; 128
      000098 00                     202 	.db #0x00	; 0
      000099 00                     203 	.db #0x00	; 0
      00009A 00                     204 	.db #0x00	; 0
      00009B 00                     205 	.db #0x00	; 0
      00009C 00                     206 	.db #0x00	; 0
      00009D 00                     207 	.db #0x00	; 0
      00009E 00                     208 	.db #0x00	; 0
      00009F 00                     209 	.db #0x00	; 0
      0000A0 00                     210 	.db #0x00	; 0
      0000A1 00                     211 	.db #0x00	; 0
      0000A2 00                     212 	.db #0x00	; 0
      0000A3 00                     213 	.db #0x00	; 0
      0000A4 00                     214 	.db #0x00	; 0
      0000A5 1F                     215 	.db #0x1f	; 31
      0000A6 00                     216 	.db #0x00	; 0
      0000A7 30                     217 	.db #0x30	; 48	'0'
      0000A8 00                     218 	.db #0x00	; 0
      0000A9 00                     219 	.db #0x00	; 0
      0000AA 00                     220 	.db #0x00	; 0
      0000AB 00                     221 	.db #0x00	; 0
      0000AC 00                     222 	.db #0x00	; 0
      0000AD 00                     223 	.db #0x00	; 0
      0000AE 00                     224 	.db #0x00	; 0
      0000AF 00                     225 	.db #0x00	; 0
      0000B0 00                     226 	.db #0x00	; 0
      0000B1 00                     227 	.db #0x00	; 0
      0000B2 00                     228 	.db #0x00	; 0
      0000B3 00                     229 	.db #0x00	; 0
      0000B4 00                     230 	.db #0x00	; 0
      0000B5 C1                     231 	.db #0xc1	; 193
      0000B6 00                     232 	.db #0x00	; 0
      0000B7 C0                     233 	.db #0xc0	; 192
      0000B8 00                     234 	.db #0x00	; 0
      0000B9 00                     235 	.db #0x00	; 0
      0000BA 00                     236 	.db #0x00	; 0
      0000BB 00                     237 	.db #0x00	; 0
      0000BC 00                     238 	.db #0x00	; 0
      0000BD 00                     239 	.db #0x00	; 0
      0000BE 00                     240 	.db #0x00	; 0
      0000BF 00                     241 	.db #0x00	; 0
      0000C0 00                     242 	.db #0x00	; 0
      0000C1 00                     243 	.db #0x00	; 0
      0000C2 00                     244 	.db #0x00	; 0
      0000C3 00                     245 	.db #0x00	; 0
      0000C4 00                     246 	.db #0x00	; 0
      0000C5 FC                     247 	.db #0xfc	; 252
      0000C6 00                     248 	.db #0x00	; 0
      0000C7 70                     249 	.db #0x70	; 112	'p'
      0000C8 00                     250 	.db #0x00	; 0
      0000C9 00                     251 	.db #0x00	; 0
      0000CA 00                     252 	.db #0x00	; 0
      0000CB 00                     253 	.db #0x00	; 0
      0000CC 00                     254 	.db #0x00	; 0
      0000CD 00                     255 	.db #0x00	; 0
      0000CE 00                     256 	.db #0x00	; 0
      0000CF 00                     257 	.db #0x00	; 0
      0000D0 00                     258 	.db #0x00	; 0
      0000D1 00                     259 	.db #0x00	; 0
      0000D2 00                     260 	.db #0x00	; 0
      0000D3 00                     261 	.db #0x00	; 0
      0000D4 00                     262 	.db #0x00	; 0
      0000D5 18                     263 	.db #0x18	; 24
      0000D6 00                     264 	.db #0x00	; 0
      0000D7 18                     265 	.db #0x18	; 24
      0000D8 00                     266 	.db #0x00	; 0
      0000D9 00                     267 	.db #0x00	; 0
      0000DA 00                     268 	.db #0x00	; 0
      0000DB 00                     269 	.db #0x00	; 0
      0000DC 00                     270 	.db #0x00	; 0
      0000DD 00                     271 	.db #0x00	; 0
      0000DE 00                     272 	.db #0x00	; 0
      0000DF 00                     273 	.db #0x00	; 0
      0000E0 00                     274 	.db #0x00	; 0
      0000E1 00                     275 	.db #0x00	; 0
      0000E2 00                     276 	.db #0x00	; 0
      0000E3 00                     277 	.db #0x00	; 0
      0000E4 00                     278 	.db #0x00	; 0
      0000E5 60                     279 	.db #0x60	; 96
      0000E6 00                     280 	.db #0x00	; 0
      0000E7 60                     281 	.db #0x60	; 96
      0000E8 00                     282 	.db #0x00	; 0
      0000E9 00                     283 	.db #0x00	; 0
      0000EA 00                     284 	.db #0x00	; 0
      0000EB 00                     285 	.db #0x00	; 0
      0000EC 00                     286 	.db #0x00	; 0
      0000ED 00                     287 	.db #0x00	; 0
      0000EE 00                     288 	.db #0x00	; 0
      0000EF 00                     289 	.db #0x00	; 0
      0000F0 00                     290 	.db #0x00	; 0
      0000F1 00                     291 	.db #0x00	; 0
      0000F2 00                     292 	.db #0x00	; 0
      0000F3 00                     293 	.db #0x00	; 0
      0000F4 00                     294 	.db #0x00	; 0
      0000F5 FC                     295 	.db #0xfc	; 252
      0000F6 00                     296 	.db #0x00	; 0
      0000F7 CE                     297 	.db #0xce	; 206
      0000F8 00                     298 	.db #0x00	; 0
      0000F9 00                     299 	.db #0x00	; 0
      0000FA 00                     300 	.db #0x00	; 0
      0000FB 00                     301 	.db #0x00	; 0
      0000FC 00                     302 	.db #0x00	; 0
      0000FD 00                     303 	.db #0x00	; 0
      0000FE 00                     304 	.db #0x00	; 0
      0000FF 00                     305 	.db #0x00	; 0
      000100 00                     306 	.db #0x00	; 0
      000101 00                     307 	.db #0x00	; 0
      000102 00                     308 	.db #0x00	; 0
      000103 00                     309 	.db #0x00	; 0
      000104 00                     310 	.db #0x00	; 0
      000105 07                     311 	.db #0x07	; 7
      000106 00                     312 	.db #0x00	; 0
      000107 03                     313 	.db #0x03	; 3
      000108 00                     314 	.db #0x00	; 0
      000109 00                     315 	.db #0x00	; 0
      00010A 00                     316 	.db #0x00	; 0
      00010B 00                     317 	.db #0x00	; 0
      00010C 00                     318 	.db #0x00	; 0
      00010D 00                     319 	.db #0x00	; 0
      00010E 00                     320 	.db #0x00	; 0
      00010F 00                     321 	.db #0x00	; 0
      000110 00                     322 	.db #0x00	; 0
      000111 00                     323 	.db #0x00	; 0
      000112 00                     324 	.db #0x00	; 0
      000113 00                     325 	.db #0x00	; 0
      000114 00                     326 	.db #0x00	; 0
      000115 81                     327 	.db #0x81	; 129
      000116 00                     328 	.db #0x00	; 0
      000117 03                     329 	.db #0x03	; 3
      000118 00                     330 	.db #0x00	; 0
      000119 00                     331 	.db #0x00	; 0
      00011A 00                     332 	.db #0x00	; 0
      00011B 00                     333 	.db #0x00	; 0
      00011C 00                     334 	.db #0x00	; 0
      00011D 00                     335 	.db #0x00	; 0
      00011E 00                     336 	.db #0x00	; 0
      00011F 00                     337 	.db #0x00	; 0
      000120 00                     338 	.db #0x00	; 0
      000121 00                     339 	.db #0x00	; 0
      000122 00                     340 	.db #0x00	; 0
      000123 00                     341 	.db #0x00	; 0
      000124 00                     342 	.db #0x00	; 0
      000125 F0                     343 	.db #0xf0	; 240
      000126 00                     344 	.db #0x00	; 0
      000127 18                     345 	.db #0x18	; 24
      000128 00                     346 	.db #0x00	; 0
      000129 00                     347 	.db #0x00	; 0
      00012A 00                     348 	.db #0x00	; 0
      00012B 00                     349 	.db #0x00	; 0
      00012C 00                     350 	.db #0x00	; 0
      00012D 00                     351 	.db #0x00	; 0
      00012E 00                     352 	.db #0x00	; 0
      00012F 00                     353 	.db #0x00	; 0
      000130 00                     354 	.db #0x00	; 0
      000131 00                     355 	.db #0x00	; 0
      000132 00                     356 	.db #0x00	; 0
      000133 00                     357 	.db #0x00	; 0
      000134 00                     358 	.db #0x00	; 0
      000135 00                     359 	.db #0x00	; 0
      000136 00                     360 	.db #0x00	; 0
      000137 00                     361 	.db #0x00	; 0
      000138 01                     362 	.db #0x01	; 1
      000139 03                     363 	.db #0x03	; 3
      00013A 01                     364 	.db #0x01	; 1
      00013B 03                     365 	.db #0x03	; 3
      00013C 01                     366 	.db #0x01	; 1
      00013D 03                     367 	.db #0x03	; 3
      00013E 01                     368 	.db #0x01	; 1
      00013F 03                     369 	.db #0x03	; 3
      000140 01                     370 	.db #0x01	; 1
      000141 03                     371 	.db #0x03	; 3
      000142 01                     372 	.db #0x01	; 1
      000143 03                     373 	.db #0x03	; 3
      000144 01                     374 	.db #0x01	; 1
      000145 03                     375 	.db #0x03	; 3
      000146 01                     376 	.db #0x01	; 1
      000147 03                     377 	.db #0x03	; 3
      000148 00                     378 	.db #0x00	; 0
      000149 30                     379 	.db #0x30	; 48	'0'
      00014A 00                     380 	.db #0x00	; 0
      00014B 1F                     381 	.db #0x1f	; 31
      00014C 00                     382 	.db #0x00	; 0
      00014D 1F                     383 	.db #0x1f	; 31
      00014E 00                     384 	.db #0x00	; 0
      00014F 00                     385 	.db #0x00	; 0
      000150 00                     386 	.db #0x00	; 0
      000151 30                     387 	.db #0x30	; 48	'0'
      000152 00                     388 	.db #0x00	; 0
      000153 3F                     389 	.db #0x3f	; 63
      000154 00                     390 	.db #0x00	; 0
      000155 00                     391 	.db #0x00	; 0
      000156 00                     392 	.db #0x00	; 0
      000157 00                     393 	.db #0x00	; 0
      000158 00                     394 	.db #0x00	; 0
      000159 00                     395 	.db #0x00	; 0
      00015A 00                     396 	.db #0x00	; 0
      00015B 80                     397 	.db #0x80	; 128
      00015C 00                     398 	.db #0x00	; 0
      00015D 80                     399 	.db #0x80	; 128
      00015E 00                     400 	.db #0x00	; 0
      00015F C0                     401 	.db #0xc0	; 192
      000160 00                     402 	.db #0x00	; 0
      000161 C0                     403 	.db #0xc0	; 192
      000162 00                     404 	.db #0x00	; 0
      000163 80                     405 	.db #0x80	; 128
      000164 00                     406 	.db #0x00	; 0
      000165 00                     407 	.db #0x00	; 0
      000166 00                     408 	.db #0x00	; 0
      000167 00                     409 	.db #0x00	; 0
      000168 00                     410 	.db #0x00	; 0
      000169 70                     411 	.db #0x70	; 112	'p'
      00016A 00                     412 	.db #0x00	; 0
      00016B 70                     413 	.db #0x70	; 112	'p'
      00016C 00                     414 	.db #0x00	; 0
      00016D 70                     415 	.db #0x70	; 112	'p'
      00016E 00                     416 	.db #0x00	; 0
      00016F 70                     417 	.db #0x70	; 112	'p'
      000170 00                     418 	.db #0x00	; 0
      000171 70                     419 	.db #0x70	; 112	'p'
      000172 00                     420 	.db #0x00	; 0
      000173 70                     421 	.db #0x70	; 112	'p'
      000174 00                     422 	.db #0x00	; 0
      000175 00                     423 	.db #0x00	; 0
      000176 00                     424 	.db #0x00	; 0
      000177 00                     425 	.db #0x00	; 0
      000178 00                     426 	.db #0x00	; 0
      000179 18                     427 	.db #0x18	; 24
      00017A 00                     428 	.db #0x00	; 0
      00017B 18                     429 	.db #0x18	; 24
      00017C 00                     430 	.db #0x00	; 0
      00017D 18                     431 	.db #0x18	; 24
      00017E 00                     432 	.db #0x00	; 0
      00017F 18                     433 	.db #0x18	; 24
      000180 00                     434 	.db #0x00	; 0
      000181 18                     435 	.db #0x18	; 24
      000182 00                     436 	.db #0x00	; 0
      000183 0F                     437 	.db #0x0f	; 15
      000184 00                     438 	.db #0x00	; 0
      000185 00                     439 	.db #0x00	; 0
      000186 00                     440 	.db #0x00	; 0
      000187 00                     441 	.db #0x00	; 0
      000188 00                     442 	.db #0x00	; 0
      000189 60                     443 	.db #0x60	; 96
      00018A 00                     444 	.db #0x00	; 0
      00018B 60                     445 	.db #0x60	; 96
      00018C 00                     446 	.db #0x00	; 0
      00018D 60                     447 	.db #0x60	; 96
      00018E 00                     448 	.db #0x00	; 0
      00018F 60                     449 	.db #0x60	; 96
      000190 00                     450 	.db #0x00	; 0
      000191 60                     451 	.db #0x60	; 96
      000192 00                     452 	.db #0x00	; 0
      000193 C0                     453 	.db #0xc0	; 192
      000194 00                     454 	.db #0x00	; 0
      000195 00                     455 	.db #0x00	; 0
      000196 00                     456 	.db #0x00	; 0
      000197 00                     457 	.db #0x00	; 0
      000198 00                     458 	.db #0x00	; 0
      000199 C6                     459 	.db #0xc6	; 198
      00019A 00                     460 	.db #0x00	; 0
      00019B C6                     461 	.db #0xc6	; 198
      00019C 00                     462 	.db #0x00	; 0
      00019D C6                     463 	.db #0xc6	; 198
      00019E 00                     464 	.db #0x00	; 0
      00019F C6                     465 	.db #0xc6	; 198
      0001A0 00                     466 	.db #0x00	; 0
      0001A1 CE                     467 	.db #0xce	; 206
      0001A2 00                     468 	.db #0x00	; 0
      0001A3 FC                     469 	.db #0xfc	; 252
      0001A4 00                     470 	.db #0x00	; 0
      0001A5 00                     471 	.db #0x00	; 0
      0001A6 00                     472 	.db #0x00	; 0
      0001A7 00                     473 	.db #0x00	; 0
      0001A8 00                     474 	.db #0x00	; 0
      0001A9 03                     475 	.db #0x03	; 3
      0001AA 00                     476 	.db #0x00	; 0
      0001AB 03                     477 	.db #0x03	; 3
      0001AC 00                     478 	.db #0x00	; 0
      0001AD 03                     479 	.db #0x03	; 3
      0001AE 00                     480 	.db #0x00	; 0
      0001AF 03                     481 	.db #0x03	; 3
      0001B0 00                     482 	.db #0x00	; 0
      0001B1 03                     483 	.db #0x03	; 3
      0001B2 00                     484 	.db #0x00	; 0
      0001B3 07                     485 	.db #0x07	; 7
      0001B4 00                     486 	.db #0x00	; 0
      0001B5 00                     487 	.db #0x00	; 0
      0001B6 00                     488 	.db #0x00	; 0
      0001B7 00                     489 	.db #0x00	; 0
      0001B8 00                     490 	.db #0x00	; 0
      0001B9 03                     491 	.db #0x03	; 3
      0001BA 00                     492 	.db #0x00	; 0
      0001BB 03                     493 	.db #0x03	; 3
      0001BC 00                     494 	.db #0x00	; 0
      0001BD 03                     495 	.db #0x03	; 3
      0001BE 00                     496 	.db #0x00	; 0
      0001BF 03                     497 	.db #0x03	; 3
      0001C0 00                     498 	.db #0x00	; 0
      0001C1 03                     499 	.db #0x03	; 3
      0001C2 00                     500 	.db #0x00	; 0
      0001C3 81                     501 	.db #0x81	; 129
      0001C4 00                     502 	.db #0x00	; 0
      0001C5 00                     503 	.db #0x00	; 0
      0001C6 00                     504 	.db #0x00	; 0
      0001C7 00                     505 	.db #0x00	; 0
      0001C8 00                     506 	.db #0x00	; 0
      0001C9 18                     507 	.db #0x18	; 24
      0001CA 00                     508 	.db #0x00	; 0
      0001CB 18                     509 	.db #0x18	; 24
      0001CC 00                     510 	.db #0x00	; 0
      0001CD 18                     511 	.db #0x18	; 24
      0001CE 00                     512 	.db #0x00	; 0
      0001CF 18                     513 	.db #0x18	; 24
      0001D0 00                     514 	.db #0x00	; 0
      0001D1 18                     515 	.db #0x18	; 24
      0001D2 00                     516 	.db #0x00	; 0
      0001D3 F0                     517 	.db #0xf0	; 240
      0001D4 00                     518 	.db #0x00	; 0
      0001D5 00                     519 	.db #0x00	; 0
      0001D6 00                     520 	.db #0x00	; 0
      0001D7 00                     521 	.db #0x00	; 0
      0001D8 80                     522 	.db #0x80	; 128
      0001D9 81                     523 	.db #0x81	; 129
      0001DA 80                     524 	.db #0x80	; 128
      0001DB 81                     525 	.db #0x81	; 129
      0001DC 80                     526 	.db #0x80	; 128
      0001DD 81                     527 	.db #0x81	; 129
      0001DE 80                     528 	.db #0x80	; 128
      0001DF 81                     529 	.db #0x81	; 129
      0001E0 80                     530 	.db #0x80	; 128
      0001E1 81                     531 	.db #0x81	; 129
      0001E2 80                     532 	.db #0x80	; 128
      0001E3 81                     533 	.db #0x81	; 129
      0001E4 80                     534 	.db #0x80	; 128
      0001E5 81                     535 	.db #0x81	; 129
      0001E6 80                     536 	.db #0x80	; 128
      0001E7 81                     537 	.db #0x81	; 129
      0001E8 00                     538 	.db #0x00	; 0
      0001E9 FF                     539 	.db #0xff	; 255
      0001EA 00                     540 	.db #0x00	; 0
      0001EB 00                     541 	.db #0x00	; 0
      0001EC 00                     542 	.db #0x00	; 0
      0001ED 7F                     543 	.db #0x7f	; 127
      0001EE 00                     544 	.db #0x00	; 0
      0001EF 7F                     545 	.db #0x7f	; 127
      0001F0 00                     546 	.db #0x00	; 0
      0001F1 67                     547 	.db #0x67	; 103	'g'
      0001F2 00                     548 	.db #0x00	; 0
      0001F3 67                     549 	.db #0x67	; 103	'g'
      0001F4 00                     550 	.db #0x00	; 0
      0001F5 67                     551 	.db #0x67	; 103	'g'
      0001F6 00                     552 	.db #0x00	; 0
      0001F7 67                     553 	.db #0x67	; 103	'g'
      0001F8 00                     554 	.db #0x00	; 0
      0001F9 FF                     555 	.db #0xff	; 255
      0001FA 00                     556 	.db #0x00	; 0
      0001FB 00                     557 	.db #0x00	; 0
      0001FC 00                     558 	.db #0x00	; 0
      0001FD F7                     559 	.db #0xf7	; 247
      0001FE 00                     560 	.db #0x00	; 0
      0001FF F7                     561 	.db #0xf7	; 247
      000200 00                     562 	.db #0x00	; 0
      000201 F7                     563 	.db #0xf7	; 247
      000202 00                     564 	.db #0x00	; 0
      000203 F6                     565 	.db #0xf6	; 246
      000204 00                     566 	.db #0x00	; 0
      000205 F6                     567 	.db #0xf6	; 246
      000206 00                     568 	.db #0x00	; 0
      000207 F6                     569 	.db #0xf6	; 246
      000208 00                     570 	.db #0x00	; 0
      000209 FF                     571 	.db #0xff	; 255
      00020A 00                     572 	.db #0x00	; 0
      00020B 00                     573 	.db #0x00	; 0
      00020C 00                     574 	.db #0x00	; 0
      00020D FF                     575 	.db #0xff	; 255
      00020E 00                     576 	.db #0x00	; 0
      00020F FF                     577 	.db #0xff	; 255
      000210 00                     578 	.db #0x00	; 0
      000211 07                     579 	.db #0x07	; 7
      000212 00                     580 	.db #0x00	; 0
      000213 73                     581 	.db #0x73	; 115	's'
      000214 00                     582 	.db #0x00	; 0
      000215 73                     583 	.db #0x73	; 115	's'
      000216 00                     584 	.db #0x00	; 0
      000217 73                     585 	.db #0x73	; 115	's'
      000218 00                     586 	.db #0x00	; 0
      000219 FF                     587 	.db #0xff	; 255
      00021A 00                     588 	.db #0x00	; 0
      00021B 00                     589 	.db #0x00	; 0
      00021C 00                     590 	.db #0x00	; 0
      00021D 7F                     591 	.db #0x7f	; 127
      00021E 00                     592 	.db #0x00	; 0
      00021F 7F                     593 	.db #0x7f	; 127
      000220 00                     594 	.db #0x00	; 0
      000221 78                     595 	.db #0x78	; 120	'x'
      000222 00                     596 	.db #0x00	; 0
      000223 72                     597 	.db #0x72	; 114	'r'
      000224 00                     598 	.db #0x00	; 0
      000225 67                     599 	.db #0x67	; 103	'g'
      000226 00                     600 	.db #0x00	; 0
      000227 67                     601 	.db #0x67	; 103	'g'
      000228 00                     602 	.db #0x00	; 0
      000229 FF                     603 	.db #0xff	; 255
      00022A 00                     604 	.db #0x00	; 0
      00022B 00                     605 	.db #0x00	; 0
      00022C 00                     606 	.db #0x00	; 0
      00022D F7                     607 	.db #0xf7	; 247
      00022E 00                     608 	.db #0x00	; 0
      00022F F7                     609 	.db #0xf7	; 247
      000230 00                     610 	.db #0x00	; 0
      000231 F7                     611 	.db #0xf7	; 247
      000232 00                     612 	.db #0x00	; 0
      000233 77                     613 	.db #0x77	; 119	'w'
      000234 00                     614 	.db #0x00	; 0
      000235 37                     615 	.db #0x37	; 55	'7'
      000236 00                     616 	.db #0x00	; 0
      000237 37                     617 	.db #0x37	; 55	'7'
      000238 00                     618 	.db #0x00	; 0
      000239 FF                     619 	.db #0xff	; 255
      00023A 00                     620 	.db #0x00	; 0
      00023B 00                     621 	.db #0x00	; 0
      00023C 00                     622 	.db #0x00	; 0
      00023D FF                     623 	.db #0xff	; 255
      00023E 00                     624 	.db #0x00	; 0
      00023F FF                     625 	.db #0xff	; 255
      000240 00                     626 	.db #0x00	; 0
      000241 03                     627 	.db #0x03	; 3
      000242 00                     628 	.db #0x00	; 0
      000243 39                     629 	.db #0x39	; 57	'9'
      000244 00                     630 	.db #0x00	; 0
      000245 39                     631 	.db #0x39	; 57	'9'
      000246 00                     632 	.db #0x00	; 0
      000247 39                     633 	.db #0x39	; 57	'9'
      000248 00                     634 	.db #0x00	; 0
      000249 FF                     635 	.db #0xff	; 255
      00024A 00                     636 	.db #0x00	; 0
      00024B 00                     637 	.db #0x00	; 0
      00024C 00                     638 	.db #0x00	; 0
      00024D BF                     639 	.db #0xbf	; 191
      00024E 00                     640 	.db #0x00	; 0
      00024F BF                     641 	.db #0xbf	; 191
      000250 00                     642 	.db #0x00	; 0
      000251 B8                     643 	.db #0xb8	; 184
      000252 00                     644 	.db #0x00	; 0
      000253 BC                     645 	.db #0xbc	; 188
      000254 00                     646 	.db #0x00	; 0
      000255 BC                     647 	.db #0xbc	; 188
      000256 00                     648 	.db #0x00	; 0
      000257 BC                     649 	.db #0xbc	; 188
      000258 00                     650 	.db #0x00	; 0
      000259 FF                     651 	.db #0xff	; 255
      00025A 00                     652 	.db #0x00	; 0
      00025B 00                     653 	.db #0x00	; 0
      00025C 00                     654 	.db #0x00	; 0
      00025D FB                     655 	.db #0xfb	; 251
      00025E 00                     656 	.db #0x00	; 0
      00025F FB                     657 	.db #0xfb	; 251
      000260 00                     658 	.db #0x00	; 0
      000261 3B                     659 	.db #0x3b	; 59
      000262 00                     660 	.db #0x00	; 0
      000263 FB                     661 	.db #0xfb	; 251
      000264 00                     662 	.db #0x00	; 0
      000265 FB                     663 	.db #0xfb	; 251
      000266 00                     664 	.db #0x00	; 0
      000267 FB                     665 	.db #0xfb	; 251
      000268 00                     666 	.db #0x00	; 0
      000269 FF                     667 	.db #0xff	; 255
      00026A 00                     668 	.db #0x00	; 0
      00026B 00                     669 	.db #0x00	; 0
      00026C 00                     670 	.db #0x00	; 0
      00026D FF                     671 	.db #0xff	; 255
      00026E 00                     672 	.db #0x00	; 0
      00026F FF                     673 	.db #0xff	; 255
      000270 00                     674 	.db #0x00	; 0
      000271 BC                     675 	.db #0xbc	; 188
      000272 00                     676 	.db #0x00	; 0
      000273 9C                     677 	.db #0x9c	; 156
      000274 00                     678 	.db #0x00	; 0
      000275 8C                     679 	.db #0x8c	; 140
      000276 00                     680 	.db #0x00	; 0
      000277 94                     681 	.db #0x94	; 148
      000278 00                     682 	.db #0x00	; 0
      000279 FF                     683 	.db #0xff	; 255
      00027A 00                     684 	.db #0x00	; 0
      00027B 00                     685 	.db #0x00	; 0
      00027C 00                     686 	.db #0x00	; 0
      00027D BF                     687 	.db #0xbf	; 191
      00027E 00                     688 	.db #0x00	; 0
      00027F BF                     689 	.db #0xbf	; 191
      000280 00                     690 	.db #0x00	; 0
      000281 BC                     691 	.db #0xbc	; 188
      000282 00                     692 	.db #0x00	; 0
      000283 B9                     693 	.db #0xb9	; 185
      000284 00                     694 	.db #0x00	; 0
      000285 B9                     695 	.db #0xb9	; 185
      000286 00                     696 	.db #0x00	; 0
      000287 B9                     697 	.db #0xb9	; 185
      000288 00                     698 	.db #0x00	; 0
      000289 FF                     699 	.db #0xff	; 255
      00028A 00                     700 	.db #0x00	; 0
      00028B 00                     701 	.db #0x00	; 0
      00028C 00                     702 	.db #0x00	; 0
      00028D FD                     703 	.db #0xfd	; 253
      00028E 00                     704 	.db #0x00	; 0
      00028F FD                     705 	.db #0xfd	; 253
      000290 00                     706 	.db #0x00	; 0
      000291 1D                     707 	.db #0x1d	; 29
      000292 00                     708 	.db #0x00	; 0
      000293 CD                     709 	.db #0xcd	; 205
      000294 00                     710 	.db #0x00	; 0
      000295 FD                     711 	.db #0xfd	; 253
      000296 00                     712 	.db #0x00	; 0
      000297 0D                     713 	.db #0x0d	; 13
      000298 00                     714 	.db #0x00	; 0
      000299 FF                     715 	.db #0xff	; 255
      00029A 00                     716 	.db #0x00	; 0
      00029B 00                     717 	.db #0x00	; 0
      00029C 00                     718 	.db #0x00	; 0
      00029D FF                     719 	.db #0xff	; 255
      00029E 00                     720 	.db #0x00	; 0
      00029F 00                     721 	.db #0x00	; 0
      0002A0 00                     722 	.db #0x00	; 0
      0002A1 00                     723 	.db #0x00	; 0
      0002A2 00                     724 	.db #0x00	; 0
      0002A3 00                     725 	.db #0x00	; 0
      0002A4 00                     726 	.db #0x00	; 0
      0002A5 00                     727 	.db #0x00	; 0
      0002A6 00                     728 	.db #0x00	; 0
      0002A7 00                     729 	.db #0x00	; 0
      0002A8 00                     730 	.db #0x00	; 0
      0002A9 FF                     731 	.db #0xff	; 255
      0002AA 00                     732 	.db #0x00	; 0
      0002AB 00                     733 	.db #0x00	; 0
      0002AC 00                     734 	.db #0x00	; 0
      0002AD DF                     735 	.db #0xdf	; 223
      0002AE 00                     736 	.db #0x00	; 0
      0002AF 50                     737 	.db #0x50	; 80	'P'
      0002B0 00                     738 	.db #0x00	; 0
      0002B1 50                     739 	.db #0x50	; 80	'P'
      0002B2 00                     740 	.db #0x00	; 0
      0002B3 50                     741 	.db #0x50	; 80	'P'
      0002B4 00                     742 	.db #0x00	; 0
      0002B5 50                     743 	.db #0x50	; 80	'P'
      0002B6 00                     744 	.db #0x00	; 0
      0002B7 50                     745 	.db #0x50	; 80	'P'
      0002B8 00                     746 	.db #0x00	; 0
      0002B9 FF                     747 	.db #0xff	; 255
      0002BA 00                     748 	.db #0x00	; 0
      0002BB 01                     749 	.db #0x01	; 1
      0002BC 00                     750 	.db #0x00	; 0
      0002BD FD                     751 	.db #0xfd	; 253
      0002BE 00                     752 	.db #0x00	; 0
      0002BF 05                     753 	.db #0x05	; 5
      0002C0 00                     754 	.db #0x00	; 0
      0002C1 05                     755 	.db #0x05	; 5
      0002C2 00                     756 	.db #0x00	; 0
      0002C3 05                     757 	.db #0x05	; 5
      0002C4 00                     758 	.db #0x00	; 0
      0002C5 05                     759 	.db #0x05	; 5
      0002C6 00                     760 	.db #0x00	; 0
      0002C7 05                     761 	.db #0x05	; 5
      0002C8 80                     762 	.db #0x80	; 128
      0002C9 81                     763 	.db #0x81	; 129
      0002CA 80                     764 	.db #0x80	; 128
      0002CB 81                     765 	.db #0x81	; 129
      0002CC 80                     766 	.db #0x80	; 128
      0002CD 81                     767 	.db #0x81	; 129
      0002CE 80                     768 	.db #0x80	; 128
      0002CF 81                     769 	.db #0x81	; 129
      0002D0 80                     770 	.db #0x80	; 128
      0002D1 81                     771 	.db #0x81	; 129
      0002D2 80                     772 	.db #0x80	; 128
      0002D3 81                     773 	.db #0x81	; 129
      0002D4 80                     774 	.db #0x80	; 128
      0002D5 81                     775 	.db #0x81	; 129
      0002D6 80                     776 	.db #0x80	; 128
      0002D7 80                     777 	.db #0x80	; 128
      0002D8 00                     778 	.db #0x00	; 0
      0002D9 67                     779 	.db #0x67	; 103	'g'
      0002DA 00                     780 	.db #0x00	; 0
      0002DB 67                     781 	.db #0x67	; 103	'g'
      0002DC 00                     782 	.db #0x00	; 0
      0002DD 60                     783 	.db #0x60	; 96
      0002DE 00                     784 	.db #0x00	; 0
      0002DF 7F                     785 	.db #0x7f	; 127
      0002E0 00                     786 	.db #0x00	; 0
      0002E1 7F                     787 	.db #0x7f	; 127
      0002E2 00                     788 	.db #0x00	; 0
      0002E3 00                     789 	.db #0x00	; 0
      0002E4 00                     790 	.db #0x00	; 0
      0002E5 FF                     791 	.db #0xff	; 255
      0002E6 00                     792 	.db #0x00	; 0
      0002E7 00                     793 	.db #0x00	; 0
      0002E8 00                     794 	.db #0x00	; 0
      0002E9 F6                     795 	.db #0xf6	; 246
      0002EA 00                     796 	.db #0x00	; 0
      0002EB F6                     797 	.db #0xf6	; 246
      0002EC 00                     798 	.db #0x00	; 0
      0002ED 37                     799 	.db #0x37	; 55	'7'
      0002EE 00                     800 	.db #0x00	; 0
      0002EF F7                     801 	.db #0xf7	; 247
      0002F0 00                     802 	.db #0x00	; 0
      0002F1 F7                     803 	.db #0xf7	; 247
      0002F2 00                     804 	.db #0x00	; 0
      0002F3 00                     805 	.db #0x00	; 0
      0002F4 00                     806 	.db #0x00	; 0
      0002F5 FF                     807 	.db #0xff	; 255
      0002F6 00                     808 	.db #0x00	; 0
      0002F7 00                     809 	.db #0x00	; 0
      0002F8 00                     810 	.db #0x00	; 0
      0002F9 73                     811 	.db #0x73	; 115	's'
      0002FA 00                     812 	.db #0x00	; 0
      0002FB 73                     813 	.db #0x73	; 115	's'
      0002FC 00                     814 	.db #0x00	; 0
      0002FD 07                     815 	.db #0x07	; 7
      0002FE 00                     816 	.db #0x00	; 0
      0002FF FF                     817 	.db #0xff	; 255
      000300 00                     818 	.db #0x00	; 0
      000301 FF                     819 	.db #0xff	; 255
      000302 00                     820 	.db #0x00	; 0
      000303 00                     821 	.db #0x00	; 0
      000304 00                     822 	.db #0x00	; 0
      000305 FF                     823 	.db #0xff	; 255
      000306 00                     824 	.db #0x00	; 0
      000307 00                     825 	.db #0x00	; 0
      000308 00                     826 	.db #0x00	; 0
      000309 60                     827 	.db #0x60	; 96
      00030A 00                     828 	.db #0x00	; 0
      00030B 67                     829 	.db #0x67	; 103	'g'
      00030C 00                     830 	.db #0x00	; 0
      00030D 67                     831 	.db #0x67	; 103	'g'
      00030E 00                     832 	.db #0x00	; 0
      00030F 7F                     833 	.db #0x7f	; 127
      000310 00                     834 	.db #0x00	; 0
      000311 7F                     835 	.db #0x7f	; 127
      000312 00                     836 	.db #0x00	; 0
      000313 00                     837 	.db #0x00	; 0
      000314 00                     838 	.db #0x00	; 0
      000315 FF                     839 	.db #0xff	; 255
      000316 00                     840 	.db #0x00	; 0
      000317 00                     841 	.db #0x00	; 0
      000318 00                     842 	.db #0x00	; 0
      000319 37                     843 	.db #0x37	; 55	'7'
      00031A 00                     844 	.db #0x00	; 0
      00031B 37                     845 	.db #0x37	; 55	'7'
      00031C 00                     846 	.db #0x00	; 0
      00031D 37                     847 	.db #0x37	; 55	'7'
      00031E 00                     848 	.db #0x00	; 0
      00031F F7                     849 	.db #0xf7	; 247
      000320 00                     850 	.db #0x00	; 0
      000321 F7                     851 	.db #0xf7	; 247
      000322 00                     852 	.db #0x00	; 0
      000323 00                     853 	.db #0x00	; 0
      000324 00                     854 	.db #0x00	; 0
      000325 FF                     855 	.db #0xff	; 255
      000326 00                     856 	.db #0x00	; 0
      000327 00                     857 	.db #0x00	; 0
      000328 00                     858 	.db #0x00	; 0
      000329 39                     859 	.db #0x39	; 57	'9'
      00032A 00                     860 	.db #0x00	; 0
      00032B 39                     861 	.db #0x39	; 57	'9'
      00032C 00                     862 	.db #0x00	; 0
      00032D 03                     863 	.db #0x03	; 3
      00032E 00                     864 	.db #0x00	; 0
      00032F FF                     865 	.db #0xff	; 255
      000330 00                     866 	.db #0x00	; 0
      000331 FF                     867 	.db #0xff	; 255
      000332 00                     868 	.db #0x00	; 0
      000333 00                     869 	.db #0x00	; 0
      000334 00                     870 	.db #0x00	; 0
      000335 FF                     871 	.db #0xff	; 255
      000336 00                     872 	.db #0x00	; 0
      000337 00                     873 	.db #0x00	; 0
      000338 00                     874 	.db #0x00	; 0
      000339 BC                     875 	.db #0xbc	; 188
      00033A 00                     876 	.db #0x00	; 0
      00033B BC                     877 	.db #0xbc	; 188
      00033C 00                     878 	.db #0x00	; 0
      00033D B8                     879 	.db #0xb8	; 184
      00033E 00                     880 	.db #0x00	; 0
      00033F BF                     881 	.db #0xbf	; 191
      000340 00                     882 	.db #0x00	; 0
      000341 BF                     883 	.db #0xbf	; 191
      000342 00                     884 	.db #0x00	; 0
      000343 00                     885 	.db #0x00	; 0
      000344 00                     886 	.db #0x00	; 0
      000345 FF                     887 	.db #0xff	; 255
      000346 00                     888 	.db #0x00	; 0
      000347 00                     889 	.db #0x00	; 0
      000348 00                     890 	.db #0x00	; 0
      000349 FB                     891 	.db #0xfb	; 251
      00034A 00                     892 	.db #0x00	; 0
      00034B FB                     893 	.db #0xfb	; 251
      00034C 00                     894 	.db #0x00	; 0
      00034D 3B                     895 	.db #0x3b	; 59
      00034E 00                     896 	.db #0x00	; 0
      00034F FB                     897 	.db #0xfb	; 251
      000350 00                     898 	.db #0x00	; 0
      000351 FB                     899 	.db #0xfb	; 251
      000352 00                     900 	.db #0x00	; 0
      000353 00                     901 	.db #0x00	; 0
      000354 00                     902 	.db #0x00	; 0
      000355 FF                     903 	.db #0xff	; 255
      000356 00                     904 	.db #0x00	; 0
      000357 00                     905 	.db #0x00	; 0
      000358 00                     906 	.db #0x00	; 0
      000359 98                     907 	.db #0x98	; 152
      00035A 00                     908 	.db #0x00	; 0
      00035B 9C                     909 	.db #0x9c	; 156
      00035C 00                     910 	.db #0x00	; 0
      00035D 9C                     911 	.db #0x9c	; 156
      00035E 00                     912 	.db #0x00	; 0
      00035F FF                     913 	.db #0xff	; 255
      000360 00                     914 	.db #0x00	; 0
      000361 FF                     915 	.db #0xff	; 255
      000362 00                     916 	.db #0x00	; 0
      000363 00                     917 	.db #0x00	; 0
      000364 00                     918 	.db #0x00	; 0
      000365 FF                     919 	.db #0xff	; 255
      000366 00                     920 	.db #0x00	; 0
      000367 00                     921 	.db #0x00	; 0
      000368 00                     922 	.db #0x00	; 0
      000369 B9                     923 	.db #0xb9	; 185
      00036A 00                     924 	.db #0x00	; 0
      00036B B9                     925 	.db #0xb9	; 185
      00036C 00                     926 	.db #0x00	; 0
      00036D BC                     927 	.db #0xbc	; 188
      00036E 00                     928 	.db #0x00	; 0
      00036F BF                     929 	.db #0xbf	; 191
      000370 00                     930 	.db #0x00	; 0
      000371 BF                     931 	.db #0xbf	; 191
      000372 00                     932 	.db #0x00	; 0
      000373 00                     933 	.db #0x00	; 0
      000374 00                     934 	.db #0x00	; 0
      000375 FF                     935 	.db #0xff	; 255
      000376 00                     936 	.db #0x00	; 0
      000377 00                     937 	.db #0x00	; 0
      000378 00                     938 	.db #0x00	; 0
      000379 CD                     939 	.db #0xcd	; 205
      00037A 00                     940 	.db #0x00	; 0
      00037B CD                     941 	.db #0xcd	; 205
      00037C 00                     942 	.db #0x00	; 0
      00037D 1D                     943 	.db #0x1d	; 29
      00037E 00                     944 	.db #0x00	; 0
      00037F FD                     945 	.db #0xfd	; 253
      000380 00                     946 	.db #0x00	; 0
      000381 FD                     947 	.db #0xfd	; 253
      000382 00                     948 	.db #0x00	; 0
      000383 00                     949 	.db #0x00	; 0
      000384 00                     950 	.db #0x00	; 0
      000385 FF                     951 	.db #0xff	; 255
      000386 00                     952 	.db #0x00	; 0
      000387 00                     953 	.db #0x00	; 0
      000388 00                     954 	.db #0x00	; 0
      000389 00                     955 	.db #0x00	; 0
      00038A 00                     956 	.db #0x00	; 0
      00038B 00                     957 	.db #0x00	; 0
      00038C 00                     958 	.db #0x00	; 0
      00038D 00                     959 	.db #0x00	; 0
      00038E 00                     960 	.db #0x00	; 0
      00038F 00                     961 	.db #0x00	; 0
      000390 00                     962 	.db #0x00	; 0
      000391 FF                     963 	.db #0xff	; 255
      000392 00                     964 	.db #0x00	; 0
      000393 00                     965 	.db #0x00	; 0
      000394 00                     966 	.db #0x00	; 0
      000395 FF                     967 	.db #0xff	; 255
      000396 00                     968 	.db #0x00	; 0
      000397 00                     969 	.db #0x00	; 0
      000398 00                     970 	.db #0x00	; 0
      000399 50                     971 	.db #0x50	; 80	'P'
      00039A 00                     972 	.db #0x00	; 0
      00039B 50                     973 	.db #0x50	; 80	'P'
      00039C 00                     974 	.db #0x00	; 0
      00039D 50                     975 	.db #0x50	; 80	'P'
      00039E 00                     976 	.db #0x00	; 0
      00039F 50                     977 	.db #0x50	; 80	'P'
      0003A0 00                     978 	.db #0x00	; 0
      0003A1 DF                     979 	.db #0xdf	; 223
      0003A2 00                     980 	.db #0x00	; 0
      0003A3 00                     981 	.db #0x00	; 0
      0003A4 00                     982 	.db #0x00	; 0
      0003A5 FF                     983 	.db #0xff	; 255
      0003A6 00                     984 	.db #0x00	; 0
      0003A7 00                     985 	.db #0x00	; 0
      0003A8 00                     986 	.db #0x00	; 0
      0003A9 05                     987 	.db #0x05	; 5
      0003AA 00                     988 	.db #0x00	; 0
      0003AB 05                     989 	.db #0x05	; 5
      0003AC 00                     990 	.db #0x00	; 0
      0003AD 05                     991 	.db #0x05	; 5
      0003AE 00                     992 	.db #0x00	; 0
      0003AF 05                     993 	.db #0x05	; 5
      0003B0 00                     994 	.db #0x00	; 0
      0003B1 FD                     995 	.db #0xfd	; 253
      0003B2 00                     996 	.db #0x00	; 0
      0003B3 01                     997 	.db #0x01	; 1
      0003B4 00                     998 	.db #0x00	; 0
      0003B5 FF                     999 	.db #0xff	; 255
      0003B6 00                    1000 	.db #0x00	; 0
      0003B7 00                    1001 	.db #0x00	; 0
      0003B8 80                    1002 	.db #0x80	; 128
      0003B9 80                    1003 	.db #0x80	; 128
      0003BA 80                    1004 	.db #0x80	; 128
      0003BB 80                    1005 	.db #0x80	; 128
      0003BC 80                    1006 	.db #0x80	; 128
      0003BD 80                    1007 	.db #0x80	; 128
      0003BE 80                    1008 	.db #0x80	; 128
      0003BF 80                    1009 	.db #0x80	; 128
      0003C0 80                    1010 	.db #0x80	; 128
      0003C1 80                    1011 	.db #0x80	; 128
      0003C2 80                    1012 	.db #0x80	; 128
      0003C3 80                    1013 	.db #0x80	; 128
      0003C4 80                    1014 	.db #0x80	; 128
      0003C5 FF                    1015 	.db #0xff	; 255
      0003C6 FF                    1016 	.db #0xff	; 255
      0003C7 FF                    1017 	.db #0xff	; 255
      0003C8 00                    1018 	.db #0x00	; 0
      0003C9 00                    1019 	.db #0x00	; 0
      0003CA 00                    1020 	.db #0x00	; 0
      0003CB 00                    1021 	.db #0x00	; 0
      0003CC 00                    1022 	.db #0x00	; 0
      0003CD 00                    1023 	.db #0x00	; 0
      0003CE 00                    1024 	.db #0x00	; 0
      0003CF 00                    1025 	.db #0x00	; 0
      0003D0 00                    1026 	.db #0x00	; 0
      0003D1 00                    1027 	.db #0x00	; 0
      0003D2 00                    1028 	.db #0x00	; 0
      0003D3 00                    1029 	.db #0x00	; 0
      0003D4 00                    1030 	.db #0x00	; 0
      0003D5 FF                    1031 	.db #0xff	; 255
      0003D6 FF                    1032 	.db #0xff	; 255
      0003D7 FF                    1033 	.db #0xff	; 255
      0003D8 01                    1034 	.db #0x01	; 1
      0003D9 03                    1035 	.db #0x03	; 3
      0003DA 01                    1036 	.db #0x01	; 1
      0003DB 03                    1037 	.db #0x03	; 3
      0003DC 01                    1038 	.db #0x01	; 1
      0003DD 03                    1039 	.db #0x03	; 3
      0003DE 01                    1040 	.db #0x01	; 1
      0003DF 03                    1041 	.db #0x03	; 3
      0003E0 01                    1042 	.db #0x01	; 1
      0003E1 03                    1043 	.db #0x03	; 3
      0003E2 01                    1044 	.db #0x01	; 1
      0003E3 03                    1045 	.db #0x03	; 3
      0003E4 01                    1046 	.db #0x01	; 1
      0003E5 FF                    1047 	.db #0xff	; 255
      0003E6 FF                    1048 	.db #0xff	; 255
      0003E7 FF                    1049 	.db #0xff	; 255
      0003E8 00                    1050 	.db #0x00	; 0
      0003E9 00                    1051 	.db #0x00	; 0
      0003EA 00                    1052 	.db #0x00	; 0
      0003EB 00                    1053 	.db #0x00	; 0
      0003EC 00                    1054 	.db #0x00	; 0
      0003ED 00                    1055 	.db #0x00	; 0
      0003EE 00                    1056 	.db #0x00	; 0
      0003EF 00                    1057 	.db #0x00	; 0
      0003F0 00                    1058 	.db #0x00	; 0
      0003F1 00                    1059 	.db #0x00	; 0
      0003F2 00                    1060 	.db #0x00	; 0
      0003F3 00                    1061 	.db #0x00	; 0
      0003F4 00                    1062 	.db #0x00	; 0
      0003F5 00                    1063 	.db #0x00	; 0
      0003F6 00                    1064 	.db #0x00	; 0
      0003F7 00                    1065 	.db #0x00	; 0
      0003F8 00                    1066 	.db #0x00	; 0
      0003F9 00                    1067 	.db #0x00	; 0
      0003FA 00                    1068 	.db #0x00	; 0
      0003FB 00                    1069 	.db #0x00	; 0
      0003FC 00                    1070 	.db #0x00	; 0
      0003FD 00                    1071 	.db #0x00	; 0
      0003FE 00                    1072 	.db #0x00	; 0
      0003FF 00                    1073 	.db #0x00	; 0
      000400 00                    1074 	.db #0x00	; 0
      000401 00                    1075 	.db #0x00	; 0
      000402 00                    1076 	.db #0x00	; 0
      000403 00                    1077 	.db #0x00	; 0
      000404 00                    1078 	.db #0x00	; 0
      000405 00                    1079 	.db #0x00	; 0
      000406 00                    1080 	.db #0x00	; 0
      000407 00                    1081 	.db #0x00	; 0
      000408 00                    1082 	.db #0x00	; 0
      000409 00                    1083 	.db #0x00	; 0
      00040A 00                    1084 	.db #0x00	; 0
      00040B 00                    1085 	.db #0x00	; 0
      00040C 00                    1086 	.db #0x00	; 0
      00040D 00                    1087 	.db #0x00	; 0
      00040E 00                    1088 	.db #0x00	; 0
      00040F 00                    1089 	.db #0x00	; 0
      000410 00                    1090 	.db #0x00	; 0
      000411 00                    1091 	.db #0x00	; 0
      000412 00                    1092 	.db #0x00	; 0
      000413 00                    1093 	.db #0x00	; 0
      000414 00                    1094 	.db #0x00	; 0
      000415 00                    1095 	.db #0x00	; 0
      000416 00                    1096 	.db #0x00	; 0
      000417 00                    1097 	.db #0x00	; 0
      000418 00                    1098 	.db #0x00	; 0
      000419 00                    1099 	.db #0x00	; 0
      00041A 00                    1100 	.db #0x00	; 0
      00041B 00                    1101 	.db #0x00	; 0
      00041C 00                    1102 	.db #0x00	; 0
      00041D 00                    1103 	.db #0x00	; 0
      00041E 00                    1104 	.db #0x00	; 0
      00041F 00                    1105 	.db #0x00	; 0
      000420 00                    1106 	.db #0x00	; 0
      000421 00                    1107 	.db #0x00	; 0
      000422 00                    1108 	.db #0x00	; 0
      000423 00                    1109 	.db #0x00	; 0
      000424 00                    1110 	.db #0x00	; 0
      000425 00                    1111 	.db #0x00	; 0
      000426 00                    1112 	.db #0x00	; 0
      000427 00                    1113 	.db #0x00	; 0
      000428 00                    1114 	.db #0x00	; 0
      000429 00                    1115 	.db #0x00	; 0
      00042A 00                    1116 	.db #0x00	; 0
      00042B 00                    1117 	.db #0x00	; 0
      00042C 00                    1118 	.db #0x00	; 0
      00042D 00                    1119 	.db #0x00	; 0
      00042E 00                    1120 	.db #0x00	; 0
      00042F 00                    1121 	.db #0x00	; 0
      000430 00                    1122 	.db #0x00	; 0
      000431 00                    1123 	.db #0x00	; 0
      000432 00                    1124 	.db #0x00	; 0
      000433 00                    1125 	.db #0x00	; 0
      000434 00                    1126 	.db #0x00	; 0
      000435 00                    1127 	.db #0x00	; 0
      000436 00                    1128 	.db #0x00	; 0
      000437 00                    1129 	.db #0x00	; 0
      000438 00                    1130 	.db #0x00	; 0
      000439 00                    1131 	.db #0x00	; 0
      00043A 00                    1132 	.db #0x00	; 0
      00043B 00                    1133 	.db #0x00	; 0
      00043C 00                    1134 	.db #0x00	; 0
      00043D 00                    1135 	.db #0x00	; 0
      00043E 00                    1136 	.db #0x00	; 0
      00043F 00                    1137 	.db #0x00	; 0
      000440 00                    1138 	.db #0x00	; 0
      000441 00                    1139 	.db #0x00	; 0
      000442 00                    1140 	.db #0x00	; 0
      000443 00                    1141 	.db #0x00	; 0
      000444 00                    1142 	.db #0x00	; 0
      000445 00                    1143 	.db #0x00	; 0
      000446 00                    1144 	.db #0x00	; 0
      000447 00                    1145 	.db #0x00	; 0
                           0000FF  1146 G$__bank_mapcredit0t$0_0$0 == 0x00ff
                           0000FF  1147 ___bank_mapcredit0t	=	0x00ff
                           000448  1148 G$mapcredit0t$0_0$0 == .
      000448                       1149 _mapcredit0t:
      000448 40                    1150 	.db #0x40	; 64
      000449r48r00                 1151 	.dw _mapcredit0t_tiles
      00044B 01                    1152 	.db #0x01	; 1
      00044Cr00r00                 1153 	.dw _mapcredit0t_palettes
      00044Er08r00                 1154 	.dw _mapcredit0tCGB
                                   1155 	.area _INITIALIZER
                                   1156 	.area _CABS (ABS)
