                                      1 ;--------------------------------------------------------
                                      2 ; File Created by SDCC : free open source ISO C Compiler 
                                      3 ; Version 4.3.2 #14228 (MINGW64)
                                      4 ;--------------------------------------------------------
                                      5 	.module titlescreen_gbm
                                      6 	.optsdcc -msm83
                                      7 	
                                      8 ;--------------------------------------------------------
                                      9 ; Public variables in this module
                                     10 ;--------------------------------------------------------
                                     11 	.globl _titlescreenmap
                                     12 	.globl ___bank_titlescreenmap
                                     13 	.globl _titlescreenmap_map
                                     14 ;--------------------------------------------------------
                                     15 ; special function registers
                                     16 ;--------------------------------------------------------
                                     17 ;--------------------------------------------------------
                                     18 ; ram data
                                     19 ;--------------------------------------------------------
                                     20 	.area _DATA
                                     21 ;--------------------------------------------------------
                                     22 ; ram data
                                     23 ;--------------------------------------------------------
                                     24 	.area _INITIALIZED
                                     25 ;--------------------------------------------------------
                                     26 ; absolute external ram data
                                     27 ;--------------------------------------------------------
                                     28 	.area _DABS (ABS)
                                     29 ;--------------------------------------------------------
                                     30 ; global & static initialisations
                                     31 ;--------------------------------------------------------
                                     32 	.area _HOME
                                     33 	.area _GSINIT
                                     34 	.area _GSFINAL
                                     35 	.area _GSINIT
                                     36 ;--------------------------------------------------------
                                     37 ; Home
                                     38 ;--------------------------------------------------------
                                     39 	.area _HOME
                                     40 	.area _HOME
                                     41 ;--------------------------------------------------------
                                     42 ; code
                                     43 ;--------------------------------------------------------
                                     44 	.area _CODE_255
                                     45 	.area _CODE_255
                           000000    46 G$titlescreenmap_map$0_0$0 == .
      000000                         47 _titlescreenmap_map:
      000000 00                      48 	.db #0x00	; 0
      000001 00                      49 	.db #0x00	; 0
      000002 00                      50 	.db #0x00	; 0
      000003 00                      51 	.db #0x00	; 0
      000004 00                      52 	.db #0x00	; 0
      000005 00                      53 	.db #0x00	; 0
      000006 00                      54 	.db #0x00	; 0
      000007 00                      55 	.db #0x00	; 0
      000008 00                      56 	.db #0x00	; 0
      000009 00                      57 	.db #0x00	; 0
      00000A 00                      58 	.db #0x00	; 0
      00000B 00                      59 	.db #0x00	; 0
      00000C 00                      60 	.db #0x00	; 0
      00000D 00                      61 	.db #0x00	; 0
      00000E 00                      62 	.db #0x00	; 0
      00000F 00                      63 	.db #0x00	; 0
      000010 00                      64 	.db #0x00	; 0
      000011 00                      65 	.db #0x00	; 0
      000012 00                      66 	.db #0x00	; 0
      000013 00                      67 	.db #0x00	; 0
      000014 00                      68 	.db #0x00	; 0
      000015 00                      69 	.db #0x00	; 0
      000016 00                      70 	.db #0x00	; 0
      000017 00                      71 	.db #0x00	; 0
      000018 00                      72 	.db #0x00	; 0
      000019 00                      73 	.db #0x00	; 0
      00001A 00                      74 	.db #0x00	; 0
      00001B 01                      75 	.db #0x01	; 1
      00001C 02                      76 	.db #0x02	; 2
      00001D 03                      77 	.db #0x03	; 3
      00001E 04                      78 	.db #0x04	; 4
      00001F 05                      79 	.db #0x05	; 5
      000020 00                      80 	.db #0x00	; 0
      000021 00                      81 	.db #0x00	; 0
      000022 00                      82 	.db #0x00	; 0
      000023 00                      83 	.db #0x00	; 0
      000024 00                      84 	.db #0x00	; 0
      000025 00                      85 	.db #0x00	; 0
      000026 00                      86 	.db #0x00	; 0
      000027 00                      87 	.db #0x00	; 0
      000028 00                      88 	.db #0x00	; 0
      000029 00                      89 	.db #0x00	; 0
      00002A 00                      90 	.db #0x00	; 0
      00002B 00                      91 	.db #0x00	; 0
      00002C 00                      92 	.db #0x00	; 0
      00002D 00                      93 	.db #0x00	; 0
      00002E 00                      94 	.db #0x00	; 0
      00002F 06                      95 	.db #0x06	; 6
      000030 07                      96 	.db #0x07	; 7
      000031 08                      97 	.db #0x08	; 8
      000032 09                      98 	.db #0x09	; 9
      000033 0A                      99 	.db #0x0a	; 10
      000034 00                     100 	.db #0x00	; 0
      000035 00                     101 	.db #0x00	; 0
      000036 00                     102 	.db #0x00	; 0
      000037 00                     103 	.db #0x00	; 0
      000038 00                     104 	.db #0x00	; 0
      000039 00                     105 	.db #0x00	; 0
      00003A 00                     106 	.db #0x00	; 0
      00003B 00                     107 	.db #0x00	; 0
      00003C 00                     108 	.db #0x00	; 0
      00003D 00                     109 	.db #0x00	; 0
      00003E 00                     110 	.db #0x00	; 0
      00003F 00                     111 	.db #0x00	; 0
      000040 00                     112 	.db #0x00	; 0
      000041 00                     113 	.db #0x00	; 0
      000042 00                     114 	.db #0x00	; 0
      000043 00                     115 	.db #0x00	; 0
      000044 0B                     116 	.db #0x0b	; 11
      000045 0C                     117 	.db #0x0c	; 12
      000046 0D                     118 	.db #0x0d	; 13
      000047 0E                     119 	.db #0x0e	; 14
      000048 0F                     120 	.db #0x0f	; 15
      000049 00                     121 	.db #0x00	; 0
      00004A 00                     122 	.db #0x00	; 0
      00004B 00                     123 	.db #0x00	; 0
      00004C 00                     124 	.db #0x00	; 0
      00004D 00                     125 	.db #0x00	; 0
      00004E 00                     126 	.db #0x00	; 0
      00004F 00                     127 	.db #0x00	; 0
      000050 00                     128 	.db #0x00	; 0
      000051 00                     129 	.db #0x00	; 0
      000052 00                     130 	.db #0x00	; 0
      000053 00                     131 	.db #0x00	; 0
      000054 00                     132 	.db #0x00	; 0
      000055 00                     133 	.db #0x00	; 0
      000056 00                     134 	.db #0x00	; 0
      000057 00                     135 	.db #0x00	; 0
      000058 10                     136 	.db #0x10	; 16
      000059 11                     137 	.db #0x11	; 17
      00005A 12                     138 	.db #0x12	; 18
      00005B 11                     139 	.db #0x11	; 17
      00005C 00                     140 	.db #0x00	; 0
      00005D 00                     141 	.db #0x00	; 0
      00005E 00                     142 	.db #0x00	; 0
      00005F 00                     143 	.db #0x00	; 0
      000060 00                     144 	.db #0x00	; 0
      000061 00                     145 	.db #0x00	; 0
      000062 00                     146 	.db #0x00	; 0
      000063 00                     147 	.db #0x00	; 0
      000064 13                     148 	.db #0x13	; 19
      000065 14                     149 	.db #0x14	; 20
      000066 15                     150 	.db #0x15	; 21
      000067 16                     151 	.db #0x16	; 22
      000068 17                     152 	.db #0x17	; 23
      000069 18                     153 	.db #0x18	; 24
      00006A 19                     154 	.db #0x19	; 25
      00006B 1A                     155 	.db #0x1a	; 26
      00006C 1B                     156 	.db #0x1b	; 27
      00006D 1C                     157 	.db #0x1c	; 28
      00006E 1D                     158 	.db #0x1d	; 29
      00006F 1E                     159 	.db #0x1e	; 30
      000070 1F                     160 	.db #0x1f	; 31
      000071 20                     161 	.db #0x20	; 32
      000072 21                     162 	.db #0x21	; 33
      000073 22                     163 	.db #0x22	; 34
      000074 23                     164 	.db #0x23	; 35
      000075 24                     165 	.db #0x24	; 36
      000076 25                     166 	.db #0x25	; 37
      000077 00                     167 	.db #0x00	; 0
      000078 11                     168 	.db #0x11	; 17
      000079 26                     169 	.db #0x26	; 38
      00007A 27                     170 	.db #0x27	; 39
      00007B 28                     171 	.db #0x28	; 40
      00007C 29                     172 	.db #0x29	; 41
      00007D 2A                     173 	.db #0x2a	; 42
      00007E 2B                     174 	.db #0x2b	; 43
      00007F 2C                     175 	.db #0x2c	; 44
      000080 2D                     176 	.db #0x2d	; 45
      000081 2E                     177 	.db #0x2e	; 46
      000082 2F                     178 	.db #0x2f	; 47
      000083 30                     179 	.db #0x30	; 48	'0'
      000084 31                     180 	.db #0x31	; 49	'1'
      000085 32                     181 	.db #0x32	; 50	'2'
      000086 33                     182 	.db #0x33	; 51	'3'
      000087 34                     183 	.db #0x34	; 52	'4'
      000088 35                     184 	.db #0x35	; 53	'5'
      000089 36                     185 	.db #0x36	; 54	'6'
      00008A 37                     186 	.db #0x37	; 55	'7'
      00008B 38                     187 	.db #0x38	; 56	'8'
      00008C 00                     188 	.db #0x00	; 0
      00008D 39                     189 	.db #0x39	; 57	'9'
      00008E 3A                     190 	.db #0x3a	; 58
      00008F 3B                     191 	.db #0x3b	; 59
      000090 3C                     192 	.db #0x3c	; 60
      000091 3D                     193 	.db #0x3d	; 61
      000092 3E                     194 	.db #0x3e	; 62
      000093 3F                     195 	.db #0x3f	; 63
      000094 40                     196 	.db #0x40	; 64
      000095 41                     197 	.db #0x41	; 65	'A'
      000096 42                     198 	.db #0x42	; 66	'B'
      000097 43                     199 	.db #0x43	; 67	'C'
      000098 44                     200 	.db #0x44	; 68	'D'
      000099 45                     201 	.db #0x45	; 69	'E'
      00009A 46                     202 	.db #0x46	; 70	'F'
      00009B 47                     203 	.db #0x47	; 71	'G'
      00009C 48                     204 	.db #0x48	; 72	'H'
      00009D 49                     205 	.db #0x49	; 73	'I'
      00009E 4A                     206 	.db #0x4a	; 74	'J'
      00009F 4B                     207 	.db #0x4b	; 75	'K'
      0000A0 00                     208 	.db #0x00	; 0
      0000A1 00                     209 	.db #0x00	; 0
      0000A2 00                     210 	.db #0x00	; 0
      0000A3 4C                     211 	.db #0x4c	; 76	'L'
      0000A4 00                     212 	.db #0x00	; 0
      0000A5 4D                     213 	.db #0x4d	; 77	'M'
      0000A6 00                     214 	.db #0x00	; 0
      0000A7 00                     215 	.db #0x00	; 0
      0000A8 00                     216 	.db #0x00	; 0
      0000A9 00                     217 	.db #0x00	; 0
      0000AA 00                     218 	.db #0x00	; 0
      0000AB 00                     219 	.db #0x00	; 0
      0000AC 00                     220 	.db #0x00	; 0
      0000AD 00                     221 	.db #0x00	; 0
      0000AE 00                     222 	.db #0x00	; 0
      0000AF 4E                     223 	.db #0x4e	; 78	'N'
      0000B0 4F                     224 	.db #0x4f	; 79	'O'
      0000B1 50                     225 	.db #0x50	; 80	'P'
      0000B2 51                     226 	.db #0x51	; 81	'Q'
      0000B3 52                     227 	.db #0x52	; 82	'R'
      0000B4 00                     228 	.db #0x00	; 0
      0000B5 00                     229 	.db #0x00	; 0
      0000B6 00                     230 	.db #0x00	; 0
      0000B7 00                     231 	.db #0x00	; 0
      0000B8 00                     232 	.db #0x00	; 0
      0000B9 00                     233 	.db #0x00	; 0
      0000BA 00                     234 	.db #0x00	; 0
      0000BB 00                     235 	.db #0x00	; 0
      0000BC 00                     236 	.db #0x00	; 0
      0000BD 00                     237 	.db #0x00	; 0
      0000BE 00                     238 	.db #0x00	; 0
      0000BF 00                     239 	.db #0x00	; 0
      0000C0 00                     240 	.db #0x00	; 0
      0000C1 00                     241 	.db #0x00	; 0
      0000C2 53                     242 	.db #0x53	; 83	'S'
      0000C3 54                     243 	.db #0x54	; 84	'T'
      0000C4 55                     244 	.db #0x55	; 85	'U'
      0000C5 56                     245 	.db #0x56	; 86	'V'
      0000C6 57                     246 	.db #0x57	; 87	'W'
      0000C7 58                     247 	.db #0x58	; 88	'X'
      0000C8 00                     248 	.db #0x00	; 0
      0000C9 00                     249 	.db #0x00	; 0
      0000CA 00                     250 	.db #0x00	; 0
      0000CB 00                     251 	.db #0x00	; 0
      0000CC 00                     252 	.db #0x00	; 0
      0000CD 00                     253 	.db #0x00	; 0
      0000CE 59                     254 	.db #0x59	; 89	'Y'
      0000CF 00                     255 	.db #0x00	; 0
      0000D0 00                     256 	.db #0x00	; 0
      0000D1 00                     257 	.db #0x00	; 0
      0000D2 00                     258 	.db #0x00	; 0
      0000D3 00                     259 	.db #0x00	; 0
      0000D4 00                     260 	.db #0x00	; 0
      0000D5 00                     261 	.db #0x00	; 0
      0000D6 5A                     262 	.db #0x5a	; 90	'Z'
      0000D7 5B                     263 	.db #0x5b	; 91
      0000D8 57                     264 	.db #0x57	; 87	'W'
      0000D9 5C                     265 	.db #0x5c	; 92
      0000DA 5D                     266 	.db #0x5d	; 93
      0000DB 5E                     267 	.db #0x5e	; 94
      0000DC 00                     268 	.db #0x00	; 0
      0000DD 00                     269 	.db #0x00	; 0
      0000DE 00                     270 	.db #0x00	; 0
      0000DF 00                     271 	.db #0x00	; 0
      0000E0 5F                     272 	.db #0x5f	; 95
      0000E1 60                     273 	.db #0x60	; 96
      0000E2 61                     274 	.db #0x61	; 97	'a'
      0000E3 62                     275 	.db #0x62	; 98	'b'
      0000E4 63                     276 	.db #0x63	; 99	'c'
      0000E5 64                     277 	.db #0x64	; 100	'd'
      0000E6 65                     278 	.db #0x65	; 101	'e'
      0000E7 66                     279 	.db #0x66	; 102	'f'
      0000E8 67                     280 	.db #0x67	; 103	'g'
      0000E9 68                     281 	.db #0x68	; 104	'h'
      0000EA 69                     282 	.db #0x69	; 105	'i'
      0000EB 6A                     283 	.db #0x6a	; 106	'j'
      0000EC 6B                     284 	.db #0x6b	; 107	'k'
      0000ED 6C                     285 	.db #0x6c	; 108	'l'
      0000EE 6D                     286 	.db #0x6d	; 109	'm'
      0000EF 6E                     287 	.db #0x6e	; 110	'n'
      0000F0 00                     288 	.db #0x00	; 0
      0000F1 00                     289 	.db #0x00	; 0
      0000F2 6F                     290 	.db #0x6f	; 111	'o'
      0000F3 70                     291 	.db #0x70	; 112	'p'
      0000F4 71                     292 	.db #0x71	; 113	'q'
      0000F5 72                     293 	.db #0x72	; 114	'r'
      0000F6 73                     294 	.db #0x73	; 115	's'
      0000F7 74                     295 	.db #0x74	; 116	't'
      0000F8 57                     296 	.db #0x57	; 87	'W'
      0000F9 75                     297 	.db #0x75	; 117	'u'
      0000FA 76                     298 	.db #0x76	; 118	'v'
      0000FB 77                     299 	.db #0x77	; 119	'w'
      0000FC 57                     300 	.db #0x57	; 87	'W'
      0000FD 57                     301 	.db #0x57	; 87	'W'
      0000FE 57                     302 	.db #0x57	; 87	'W'
      0000FF 78                     303 	.db #0x78	; 120	'x'
      000100 57                     304 	.db #0x57	; 87	'W'
      000101 79                     305 	.db #0x79	; 121	'y'
      000102 00                     306 	.db #0x00	; 0
      000103 00                     307 	.db #0x00	; 0
      000104 00                     308 	.db #0x00	; 0
      000105 7A                     309 	.db #0x7a	; 122	'z'
      000106 7B                     310 	.db #0x7b	; 123
      000107 7C                     311 	.db #0x7c	; 124
      000108 7D                     312 	.db #0x7d	; 125
      000109 7E                     313 	.db #0x7e	; 126
      00010A 7F                     314 	.db #0x7f	; 127
      00010B 80                     315 	.db #0x80	; 128
      00010C 81                     316 	.db #0x81	; 129
      00010D 82                     317 	.db #0x82	; 130
      00010E 83                     318 	.db #0x83	; 131
      00010F 57                     319 	.db #0x57	; 87	'W'
      000110 84                     320 	.db #0x84	; 132
      000111 57                     321 	.db #0x57	; 87	'W'
      000112 57                     322 	.db #0x57	; 87	'W'
      000113 85                     323 	.db #0x85	; 133
      000114 86                     324 	.db #0x86	; 134
      000115 87                     325 	.db #0x87	; 135
      000116 88                     326 	.db #0x88	; 136
      000117 00                     327 	.db #0x00	; 0
      000118 00                     328 	.db #0x00	; 0
      000119 89                     329 	.db #0x89	; 137
      00011A 8A                     330 	.db #0x8a	; 138
      00011B 8B                     331 	.db #0x8b	; 139
      00011C 8C                     332 	.db #0x8c	; 140
      00011D 8D                     333 	.db #0x8d	; 141
      00011E 8E                     334 	.db #0x8e	; 142
      00011F 8F                     335 	.db #0x8f	; 143
      000120 90                     336 	.db #0x90	; 144
      000121 91                     337 	.db #0x91	; 145
      000122 92                     338 	.db #0x92	; 146
      000123 93                     339 	.db #0x93	; 147
      000124 94                     340 	.db #0x94	; 148
      000125 95                     341 	.db #0x95	; 149
      000126 96                     342 	.db #0x96	; 150
      000127 97                     343 	.db #0x97	; 151
      000128 98                     344 	.db #0x98	; 152
      000129 99                     345 	.db #0x99	; 153
      00012A 9A                     346 	.db #0x9a	; 154
      00012B 9B                     347 	.db #0x9b	; 155
      00012C 9C                     348 	.db #0x9c	; 156
      00012D 9D                     349 	.db #0x9d	; 157
      00012E 9E                     350 	.db #0x9e	; 158
      00012F 9F                     351 	.db #0x9f	; 159
      000130 A0                     352 	.db #0xa0	; 160
      000131 A1                     353 	.db #0xa1	; 161
      000132 A2                     354 	.db #0xa2	; 162
      000133 00                     355 	.db #0x00	; 0
      000134 00                     356 	.db #0x00	; 0
      000135 A3                     357 	.db #0xa3	; 163
      000136 A4                     358 	.db #0xa4	; 164
      000137 A5                     359 	.db #0xa5	; 165
      000138 A6                     360 	.db #0xa6	; 166
      000139 A7                     361 	.db #0xa7	; 167
      00013A 00                     362 	.db #0x00	; 0
      00013B 00                     363 	.db #0x00	; 0
      00013C A8                     364 	.db #0xa8	; 168
      00013D A9                     365 	.db #0xa9	; 169
      00013E AA                     366 	.db #0xaa	; 170
      00013F AB                     367 	.db #0xab	; 171
      000140 00                     368 	.db #0x00	; 0
      000141 AC                     369 	.db #0xac	; 172
      000142 AD                     370 	.db #0xad	; 173
      000143 AE                     371 	.db #0xae	; 174
      000144 AF                     372 	.db #0xaf	; 175
      000145 B0                     373 	.db #0xb0	; 176
      000146 B1                     374 	.db #0xb1	; 177
      000147 00                     375 	.db #0x00	; 0
      000148 7A                     376 	.db #0x7a	; 122	'z'
      000149 B2                     377 	.db #0xb2	; 178
      00014A B3                     378 	.db #0xb3	; 179
      00014B B4                     379 	.db #0xb4	; 180
      00014C 00                     380 	.db #0x00	; 0
      00014D B5                     381 	.db #0xb5	; 181
      00014E 00                     382 	.db #0x00	; 0
      00014F 00                     383 	.db #0x00	; 0
      000150 B6                     384 	.db #0xb6	; 182
      000151 B7                     385 	.db #0xb7	; 183
      000152 B8                     386 	.db #0xb8	; 184
      000153 B9                     387 	.db #0xb9	; 185
      000154 00                     388 	.db #0x00	; 0
      000155 00                     389 	.db #0x00	; 0
      000156 BA                     390 	.db #0xba	; 186
      000157 BB                     391 	.db #0xbb	; 187
      000158 BC                     392 	.db #0xbc	; 188
      000159 BD                     393 	.db #0xbd	; 189
      00015A 00                     394 	.db #0x00	; 0
      00015B 00                     395 	.db #0x00	; 0
      00015C BE                     396 	.db #0xbe	; 190
      00015D BF                     397 	.db #0xbf	; 191
      00015E 00                     398 	.db #0x00	; 0
      00015F C0                     399 	.db #0xc0	; 192
      000160 00                     400 	.db #0x00	; 0
      000161 00                     401 	.db #0x00	; 0
      000162 00                     402 	.db #0x00	; 0
      000163 00                     403 	.db #0x00	; 0
      000164 C1                     404 	.db #0xc1	; 193
      000165 00                     405 	.db #0x00	; 0
      000166 00                     406 	.db #0x00	; 0
      000167 00                     407 	.db #0x00	; 0
                           0000FF   408 G$__bank_titlescreenmap$0_0$0 == 0x00ff
                           0000FF   409 ___bank_titlescreenmap	=	0x00ff
                           000168   410 G$titlescreenmap$0_0$0 == .
      000168                        411 _titlescreenmap:
      000168r00r00                  412 	.dw _titlescreenmap_map
      00016A 14                     413 	.db #0x14	; 20
      00016B 12                     414 	.db #0x12	; 18
      00016C 00 00                  415 	.dw #0x0000
      00016Er00                     416 	.byte ___bank_titlescreent
      00016Fr00r00                  417 	.dw _titlescreent
                                    418 	.area _INITIALIZER
                                    419 	.area _CABS (ABS)
