                                      1 ;--------------------------------------------------------
                                      2 ; File Created by SDCC : free open source ISO C Compiler 
                                      3 ; Version 4.3.2 #14228 (MINGW64)
                                      4 ;--------------------------------------------------------
                                      5 	.module BankManager
                                      6 	.optsdcc -msm83
                                      7 	
                                      8 ;--------------------------------------------------------
                                      9 ; Public variables in this module
                                     10 ;--------------------------------------------------------
                                     11 	.globl _empty
                                     12 	.globl _bank_stack
                                     13 	.globl _bank_stackSTACK
                                     14 	.globl _PushBank
                                     15 	.globl _PopBank
                                     16 ;--------------------------------------------------------
                                     17 ; special function registers
                                     18 ;--------------------------------------------------------
                                     19 ;--------------------------------------------------------
                                     20 ; ram data
                                     21 ;--------------------------------------------------------
                                     22 	.area _DATA
                           000000    23 G$bank_stackSTACK$0_0$0==.
      000000                         24 _bank_stackSTACK::
      000000                         25 	.ds 10
                                     26 ;--------------------------------------------------------
                                     27 ; ram data
                                     28 ;--------------------------------------------------------
                                     29 	.area _INITIALIZED
                           000000    30 G$bank_stack$0_0$0==.
      000000                         31 _bank_stack::
      000000                         32 	.ds 2
                                     33 ;--------------------------------------------------------
                                     34 ; absolute external ram data
                                     35 ;--------------------------------------------------------
                                     36 	.area _DABS (ABS)
                                     37 ;--------------------------------------------------------
                                     38 ; global & static initialisations
                                     39 ;--------------------------------------------------------
                                     40 	.area _HOME
                                     41 	.area _GSINIT
                                     42 	.area _GSFINAL
                                     43 	.area _GSINIT
                                     44 ;--------------------------------------------------------
                                     45 ; Home
                                     46 ;--------------------------------------------------------
                                     47 	.area _HOME
                           000000    48 	G$empty$0$0	= .
                                     49 	.globl	G$empty$0$0
                           000000    50 	C$BankManager.c$5$0_0$126	= .
                                     51 	.globl	C$BankManager.c$5$0_0$126
                                     52 ;C:/ZGB-2023.0/common/src/BankManager.c:5: void empty(void) __nonbanked {}
                                     53 ;	---------------------------------
                                     54 ; Function empty
                                     55 ; ---------------------------------
      000000                         56 _empty::
                           000000    57 	C$BankManager.c$5$0_0$126	= .
                                     58 	.globl	C$BankManager.c$5$0_0$126
                           000000    59 	XG$empty$0$0	= .
                                     60 	.globl	XG$empty$0$0
      000000 C9               [16]   61 	ret
                                     62 	.area _HOME
                                     63 ;--------------------------------------------------------
                                     64 ; code
                                     65 ;--------------------------------------------------------
                                     66 	.area _CODE
                           000000    67 	G$PushBank$0$0	= .
                                     68 	.globl	G$PushBank$0$0
                           000000    69 	C$BankManager.c$7$0_0$128	= .
                                     70 	.globl	C$BankManager.c$7$0_0$128
                                     71 ;C:/ZGB-2023.0/common/src/BankManager.c:7: void PushBank(UINT8 b) OLDCALL{
                                     72 ;	---------------------------------
                                     73 ; Function PushBank
                                     74 ; ---------------------------------
      000000                         75 _PushBank::
                           000000    76 	C$BankManager.c$25$1_0$128	= .
                                     77 	.globl	C$BankManager.c$25$1_0$128
                                     78 ;C:/ZGB-2023.0/common/src/BankManager.c:25: __endasm;
      000000 21r00r00         [12]   79 	ld	hl, #_bank_stack
      000003 34               [12]   80 	inc	(hl)
      000004 4E               [ 8]   81 	ld	c, (hl)
      000005 23               [ 8]   82 	inc	hl
      000006 46               [ 8]   83 	ld	b, (hl)
      000007 FAr00r00         [16]   84 	ld	a, (#__current_bank)
      00000A 02               [ 8]   85 	ld	(bc), a
      00000B F8 02            [12]   86 	ldhl	sp, #2
      00000D 7E               [ 8]   87 	ld	a, (hl)
      00000E EAr00r00         [16]   88 	ld	(#__current_bank), a
      000011 EA 00 20         [16]   89 	ld	(#0x2000), a
                           000014    90 	C$BankManager.c$26$1_0$128	= .
                                     91 	.globl	C$BankManager.c$26$1_0$128
                                     92 ;C:/ZGB-2023.0/common/src/BankManager.c:26: }
                           000014    93 	C$BankManager.c$26$1_0$128	= .
                                     94 	.globl	C$BankManager.c$26$1_0$128
                           000014    95 	XG$PushBank$0$0	= .
                                     96 	.globl	XG$PushBank$0$0
      000014 C9               [16]   97 	ret
                           000015    98 	G$PopBank$0$0	= .
                                     99 	.globl	G$PopBank$0$0
                           000015   100 	C$BankManager.c$28$1_0$129	= .
                                    101 	.globl	C$BankManager.c$28$1_0$129
                                    102 ;C:/ZGB-2023.0/common/src/BankManager.c:28: void PopBank() OLDCALL{
                                    103 ;	---------------------------------
                                    104 ; Function PopBank
                                    105 ; ---------------------------------
      000015                        106 _PopBank::
                           000015   107 	C$BankManager.c$42$1_0$129	= .
                                    108 	.globl	C$BankManager.c$42$1_0$129
                                    109 ;C:/ZGB-2023.0/common/src/BankManager.c:42: __endasm;
      000015 21r00r00         [12]  110 	ld	hl, #_bank_stack
      000018 4E               [ 8]  111 	ld	c, (hl)
      000019 23               [ 8]  112 	inc	hl
      00001A 46               [ 8]  113 	ld	b, (hl)
      00001B 0A               [ 8]  114 	ld	a, (bc)
      00001C EAr00r00         [16]  115 	ld	(#__current_bank), a
      00001F EA 00 20         [16]  116 	ld	(#0x2000), a
      000022 2B               [ 8]  117 	dec	hl
      000023 35               [12]  118 	dec	(hl)
                           000024   119 	C$BankManager.c$43$1_0$129	= .
                                    120 	.globl	C$BankManager.c$43$1_0$129
                                    121 ;C:/ZGB-2023.0/common/src/BankManager.c:43: }
                           000024   122 	C$BankManager.c$43$1_0$129	= .
                                    123 	.globl	C$BankManager.c$43$1_0$129
                           000024   124 	XG$PopBank$0$0	= .
                                    125 	.globl	XG$PopBank$0$0
      000024 C9               [16]  126 	ret
                                    127 	.area _CODE
                                    128 	.area _INITIALIZER
                           000000   129 FBankManager$__xinit_bank_stack$0_0$0 == .
      000000                        130 __xinit__bank_stack:
      000000rFFrFF                  131 	.dw (_bank_stackSTACK - 1)
                                    132 	.area _CABS (ABS)
