                                      1 ;--------------------------------------------------------
                                      2 ; File Created by SDCC : free open source ISO C Compiler 
                                      3 ; Version 4.3.2 #14228 (MINGW64)
                                      4 ;--------------------------------------------------------
                                      5 	.module Fade
                                      6 	.optsdcc -msm83
                                      7 	
                                      8 ;--------------------------------------------------------
                                      9 ; Public variables in this module
                                     10 ;--------------------------------------------------------
                                     11 	.globl b_FadeOut_b
                                     12 	.globl _FadeOut_b
                                     13 	.globl b_FadeIn_b
                                     14 	.globl _FadeIn_b
                                     15 	.globl _FadeIn
                                     16 	.globl _FadeOut
                                     17 ;--------------------------------------------------------
                                     18 ; special function registers
                                     19 ;--------------------------------------------------------
                                     20 ;--------------------------------------------------------
                                     21 ; ram data
                                     22 ;--------------------------------------------------------
                                     23 	.area _DATA
                                     24 ;--------------------------------------------------------
                                     25 ; ram data
                                     26 ;--------------------------------------------------------
                                     27 	.area _INITIALIZED
                                     28 ;--------------------------------------------------------
                                     29 ; absolute external ram data
                                     30 ;--------------------------------------------------------
                                     31 	.area _DABS (ABS)
                                     32 ;--------------------------------------------------------
                                     33 ; global & static initialisations
                                     34 ;--------------------------------------------------------
                                     35 	.area _HOME
                                     36 	.area _GSINIT
                                     37 	.area _GSFINAL
                                     38 	.area _GSINIT
                                     39 ;--------------------------------------------------------
                                     40 ; Home
                                     41 ;--------------------------------------------------------
                                     42 	.area _HOME
                                     43 	.area _HOME
                                     44 ;--------------------------------------------------------
                                     45 ; code
                                     46 ;--------------------------------------------------------
                                     47 	.area _CODE
                           000000    48 	G$FadeIn$0$0	= .
                                     49 	.globl	G$FadeIn$0$0
                           000000    50 	C$Fade.c$7$0_0$124	= .
                                     51 	.globl	C$Fade.c$7$0_0$124
                                     52 ;C:/ZGB-2023.0/common/src/Fade.c:7: void FadeIn() {
                                     53 ;	---------------------------------
                                     54 ; Function FadeIn
                                     55 ; ---------------------------------
      000000                         56 _FadeIn::
                           000000    57 	C$Fade.c$8$1_0$124	= .
                                     58 	.globl	C$Fade.c$8$1_0$124
                                     59 ;C:/ZGB-2023.0/common/src/Fade.c:8: FadeIn_b();
      000000 1Er00            [ 8]   60 	ld	e, #b_FadeIn_b
      000002 21r00r00         [12]   61 	ld	hl, #_FadeIn_b
                           000005    62 	C$Fade.c$9$1_0$124	= .
                                     63 	.globl	C$Fade.c$9$1_0$124
                                     64 ;C:/ZGB-2023.0/common/src/Fade.c:9: }
                           000005    65 	C$Fade.c$9$1_0$124	= .
                                     66 	.globl	C$Fade.c$9$1_0$124
                           000005    67 	XG$FadeIn$0$0	= .
                                     68 	.globl	XG$FadeIn$0$0
      000005 C3r00r00         [16]   69 	jp  ___sdcc_bcall_ehl
                           000008    70 	G$FadeOut$0$0	= .
                                     71 	.globl	G$FadeOut$0$0
                           000008    72 	C$Fade.c$11$1_0$125	= .
                                     73 	.globl	C$Fade.c$11$1_0$125
                                     74 ;C:/ZGB-2023.0/common/src/Fade.c:11: void FadeOut() {
                                     75 ;	---------------------------------
                                     76 ; Function FadeOut
                                     77 ; ---------------------------------
      000008                         78 _FadeOut::
                           000008    79 	C$Fade.c$12$1_0$125	= .
                                     80 	.globl	C$Fade.c$12$1_0$125
                                     81 ;C:/ZGB-2023.0/common/src/Fade.c:12: FadeOut_b();
      000008 1Er00            [ 8]   82 	ld	e, #b_FadeOut_b
      00000A 21r00r00         [12]   83 	ld	hl, #_FadeOut_b
                           00000D    84 	C$Fade.c$13$1_0$125	= .
                                     85 	.globl	C$Fade.c$13$1_0$125
                                     86 ;C:/ZGB-2023.0/common/src/Fade.c:13: }
                           00000D    87 	C$Fade.c$13$1_0$125	= .
                                     88 	.globl	C$Fade.c$13$1_0$125
                           00000D    89 	XG$FadeOut$0$0	= .
                                     90 	.globl	XG$FadeOut$0$0
      00000D C3r00r00         [16]   91 	jp  ___sdcc_bcall_ehl
                                     92 	.area _CODE
                                     93 	.area _INITIALIZER
                                     94 	.area _CABS (ABS)
