                                      1 ;--------------------------------------------------------
                                      2 ; File Created by SDCC : free open source ISO C Compiler 
                                      3 ; Version 4.3.2 #14228 (MINGW64)
                                      4 ;--------------------------------------------------------
                                      5 	.module Keys
                                      6 	.optsdcc -msm83
                                      7 	
                                      8 ;--------------------------------------------------------
                                      9 ; Public variables in this module
                                     10 ;--------------------------------------------------------
                                     11 	.globl _keys
                                     12 	.globl _previous_keys
                                     13 ;--------------------------------------------------------
                                     14 ; special function registers
                                     15 ;--------------------------------------------------------
                                     16 ;--------------------------------------------------------
                                     17 ; ram data
                                     18 ;--------------------------------------------------------
                                     19 	.area _DATA
                                     20 ;--------------------------------------------------------
                                     21 ; ram data
                                     22 ;--------------------------------------------------------
                                     23 	.area _INITIALIZED
                           000000    24 G$previous_keys$0_0$0==.
      000000                         25 _previous_keys::
      000000                         26 	.ds 1
                           000001    27 G$keys$0_0$0==.
      000001                         28 _keys::
      000001                         29 	.ds 1
                                     30 ;--------------------------------------------------------
                                     31 ; absolute external ram data
                                     32 ;--------------------------------------------------------
                                     33 	.area _DABS (ABS)
                                     34 ;--------------------------------------------------------
                                     35 ; global & static initialisations
                                     36 ;--------------------------------------------------------
                                     37 	.area _HOME
                                     38 	.area _GSINIT
                                     39 	.area _GSFINAL
                                     40 	.area _GSINIT
                                     41 ;--------------------------------------------------------
                                     42 ; Home
                                     43 ;--------------------------------------------------------
                                     44 	.area _HOME
                                     45 	.area _HOME
                                     46 ;--------------------------------------------------------
                                     47 ; code
                                     48 ;--------------------------------------------------------
                                     49 	.area _CODE
                                     50 	.area _CODE
                                     51 	.area _INITIALIZER
                           000000    52 FKeys$__xinit_previous_keys$0_0$0 == .
      000000                         53 __xinit__previous_keys:
      000000 00                      54 	.db #0x00	; 0
                           000001    55 FKeys$__xinit_keys$0_0$0 == .
      000001                         56 __xinit__keys:
      000001 00                      57 	.db #0x00	; 0
                                     58 	.area _CABS (ABS)
