                                      1 ;--------------------------------------------------------
                                      2 ; File Created by SDCC : free open source ISO C Compiler 
                                      3 ; Version 4.3.2 #14228 (MINGW64)
                                      4 ;--------------------------------------------------------
                                      5 	.module SRAM
                                      6 	.optsdcc -msm83
                                      7 	
                                      8 ;--------------------------------------------------------
                                      9 ; Public variables in this module
                                     10 ;--------------------------------------------------------
                                     11 	.globl _memset
                                     12 	.globl _strcmp
                                     13 	.globl _strcpy
                                     14 	.globl b_CheckSRAMIntegrity
                                     15 	.globl _CheckSRAMIntegrity
                                     16 ;--------------------------------------------------------
                                     17 ; special function registers
                                     18 ;--------------------------------------------------------
                                     19 ;--------------------------------------------------------
                                     20 ; ram data
                                     21 ;--------------------------------------------------------
                                     22 	.area _DATA
                                     23 ;--------------------------------------------------------
                                     24 ; ram data
                                     25 ;--------------------------------------------------------
                                     26 	.area _INITIALIZED
                                     27 ;--------------------------------------------------------
                                     28 ; absolute external ram data
                                     29 ;--------------------------------------------------------
                                     30 	.area _DABS (ABS)
                                     31 ;--------------------------------------------------------
                                     32 ; global & static initialisations
                                     33 ;--------------------------------------------------------
                                     34 	.area _HOME
                                     35 	.area _GSINIT
                                     36 	.area _GSFINAL
                                     37 	.area _GSINIT
                                     38 ;--------------------------------------------------------
                                     39 ; Home
                                     40 ;--------------------------------------------------------
                                     41 	.area _HOME
                                     42 	.area _HOME
                                     43 ;--------------------------------------------------------
                                     44 ; code
                                     45 ;--------------------------------------------------------
                                     46 	.area _CODE_1
                           000000    47 	G$CheckSRAMIntegrity$0$0	= .
                                     48 	.globl	G$CheckSRAMIntegrity$0$0
                           000000    49 	C$SRAM.c$9$0_0$137	= .
                                     50 	.globl	C$SRAM.c$9$0_0$137
                                     51 ;C:/ZGB-2023.0/common/src/SRAM.c:9: void CheckSRAMIntegrity(UINT8* ptr, UINT16 size) BANKED {
                                     52 ;	---------------------------------
                                     53 ; Function CheckSRAMIntegrity
                                     54 ; ---------------------------------
                           000001    55 	b_CheckSRAMIntegrity	= 1
      000000                         56 _CheckSRAMIntegrity::
      000000 E8 FC            [16]   57 	add	sp, #-4
                           000002    58 	C$SRAM.c$10$1_0$137	= .
                                     59 	.globl	C$SRAM.c$10$1_0$137
                                     60 ;C:/ZGB-2023.0/common/src/SRAM.c:10: ENABLE_RAM;
      000002 21r00r00         [12]   61 	ld	hl, #_rRAMG
      000005 36 0A            [12]   62 	ld	(hl), #0x0a
                           000007    63 	C$SRAM.c$11$2_0$138	= .
                                     64 	.globl	C$SRAM.c$11$2_0$138
                                     65 ;C:/ZGB-2023.0/common/src/SRAM.c:11: UINT16 bytes_to_clear = 0;
      000007 01 00 00         [12]   66 	ld	bc, #0x0000
                           00000A    67 	C$SRAM.c$12$1_1$138	= .
                                     68 	.globl	C$SRAM.c$12$1_1$138
                                     69 ;C:/ZGB-2023.0/common/src/SRAM.c:12: UINT16* bytes_stored = (UINT16*)(ptr + MAGIC_LENGTH);
      00000A F8 0A            [12]   70 	ldhl	sp,#10
      00000C 2A               [ 8]   71 	ld	a, (hl+)
      00000D 5F               [ 4]   72 	ld	e, a
      00000E 56               [ 8]   73 	ld	d, (hl)
      00000F 21 09 00         [12]   74 	ld	hl, #0x0009
      000012 19               [ 8]   75 	add	hl, de
      000013 5D               [ 4]   76 	ld	e, l
      000014 7C               [ 4]   77 	ld	a, h
      000015 F8 00            [12]   78 	ldhl	sp,	#0
      000017 73               [ 8]   79 	ld	(hl), e
      000018 23               [ 8]   80 	inc	hl
      000019 77               [ 8]   81 	ld	(hl), a
                           00001A    82 	C$SRAM.c$13$1_1$138	= .
                                     83 	.globl	C$SRAM.c$13$1_1$138
                                     84 ;C:/ZGB-2023.0/common/src/SRAM.c:13: if(strcmp((char*)ptr, MAGIC) != 0) {
      00001A F8 0A            [12]   85 	ldhl	sp,	#10
      00001C 2A               [ 8]   86 	ld	a, (hl+)
      00001D 5F               [ 4]   87 	ld	e, a
      00001E 56               [ 8]   88 	ld	d, (hl)
      00001F 21rC0r00         [12]   89 	ld	hl, #___str_0
      000022 E5               [16]   90 	push	hl
      000023 D5               [16]   91 	push	de
      000024 CDr00r00         [24]   92 	call	_strcmp
      000027 E8 04            [16]   93 	add	sp, #4
      000029 7A               [ 4]   94 	ld	a, d
      00002A B3               [ 4]   95 	or	a, e
      00002B 28 20            [12]   96 	jr	Z, 00104$
                           00002D    97 	C$SRAM.c$14$2_1$139	= .
                                     98 	.globl	C$SRAM.c$14$2_1$139
                                     99 ;C:/ZGB-2023.0/common/src/SRAM.c:14: strcpy(ptr, MAGIC);
      00002D 11rC0r00         [12]  100 	ld	de, #___str_0
      000030 D5               [16]  101 	push	de
      000031 F8 0C            [12]  102 	ldhl	sp,	#12
      000033 2A               [ 8]  103 	ld	a, (hl+)
      000034 5F               [ 4]  104 	ld	e, a
      000035 56               [ 8]  105 	ld	d, (hl)
      000036 D5               [16]  106 	push	de
      000037 CDr00r00         [24]  107 	call	_strcpy
      00003A E8 04            [16]  108 	add	sp, #4
                           00003C   109 	C$SRAM.c$16$2_1$139	= .
                                    110 	.globl	C$SRAM.c$16$2_1$139
                                    111 ;C:/ZGB-2023.0/common/src/SRAM.c:16: bytes_to_clear = size - MAGIC_LENGTH - 2;
      00003C F8 0C            [12]  112 	ldhl	sp,#12
      00003E 2A               [ 8]  113 	ld	a, (hl+)
      00003F 5F               [ 4]  114 	ld	e, a
      000040 56               [ 8]  115 	ld	d, (hl)
      000041 21 0B 00         [12]  116 	ld	hl, #0x000b
      000044 7B               [ 4]  117 	ld	a, e
      000045 95               [ 4]  118 	sub	a, l
      000046 5F               [ 4]  119 	ld	e, a
      000047 7A               [ 4]  120 	ld	a, d
      000048 9C               [ 4]  121 	sbc	a, h
      000049 47               [ 4]  122 	ld	b, a
      00004A 4B               [ 4]  123 	ld	c, e
      00004B 18 28            [12]  124 	jr	00105$
      00004D                        125 00104$:
                           00004D   126 	C$SRAM.c$18$2_1$140	= .
                                    127 	.globl	C$SRAM.c$18$2_1$140
                                    128 ;C:/ZGB-2023.0/common/src/SRAM.c:18: if(*bytes_stored < size) {
      00004D D1               [12]  129 	pop	de
      00004E D5               [16]  130 	push	de
      00004F 1A               [ 8]  131 	ld	a, (de)
      000050 F8 02            [12]  132 	ldhl	sp,	#2
      000052 22               [ 8]  133 	ld	(hl+), a
      000053 13               [ 8]  134 	inc	de
      000054 1A               [ 8]  135 	ld	a, (de)
      000055 77               [ 8]  136 	ld	(hl), a
      000056 F8 02            [12]  137 	ldhl	sp,	#2
      000058 5D               [ 4]  138 	ld	e, l
      000059 54               [ 4]  139 	ld	d, h
      00005A F8 0C            [12]  140 	ldhl	sp,	#12
      00005C 1A               [ 8]  141 	ld	a, (de)
      00005D 13               [ 8]  142 	inc	de
      00005E 96               [ 8]  143 	sub	a, (hl)
      00005F 23               [ 8]  144 	inc	hl
      000060 1A               [ 8]  145 	ld	a, (de)
      000061 9E               [ 8]  146 	sbc	a, (hl)
      000062 30 11            [12]  147 	jr	NC, 00105$
                           000064   148 	C$SRAM.c$19$3_1$141	= .
                                    149 	.globl	C$SRAM.c$19$3_1$141
                                    150 ;C:/ZGB-2023.0/common/src/SRAM.c:19: bytes_to_clear = size - *bytes_stored;
      000064 F8 0C            [12]  151 	ldhl	sp,#12
      000066 2A               [ 8]  152 	ld	a, (hl+)
      000067 5F               [ 4]  153 	ld	e, a
      000068 56               [ 8]  154 	ld	d, (hl)
      000069 F8 02            [12]  155 	ldhl	sp,	#2
      00006B 2A               [ 8]  156 	ld	a,	(hl+)
      00006C 66               [ 8]  157 	ld	h, (hl)
      00006D 6F               [ 4]  158 	ld	l, a
      00006E 7B               [ 4]  159 	ld	a, e
      00006F 95               [ 4]  160 	sub	a, l
      000070 5F               [ 4]  161 	ld	e, a
      000071 7A               [ 4]  162 	ld	a, d
      000072 9C               [ 4]  163 	sbc	a, h
      000073 47               [ 4]  164 	ld	b, a
      000074 4B               [ 4]  165 	ld	c, e
      000075                        166 00105$:
                           000075   167 	C$SRAM.c$23$1_1$138	= .
                                    168 	.globl	C$SRAM.c$23$1_1$138
                                    169 ;C:/ZGB-2023.0/common/src/SRAM.c:23: if(*bytes_stored != size) {
      000075 D1               [12]  170 	pop	de
      000076 D5               [16]  171 	push	de
      000077 1A               [ 8]  172 	ld	a, (de)
      000078 F8 02            [12]  173 	ldhl	sp,	#2
      00007A 22               [ 8]  174 	ld	(hl+), a
      00007B 13               [ 8]  175 	inc	de
      00007C 1A               [ 8]  176 	ld	a, (de)
      00007D 77               [ 8]  177 	ld	(hl), a
      00007E F8 0C            [12]  178 	ldhl	sp,	#12
      000080 7E               [ 8]  179 	ld	a, (hl)
      000081 F8 02            [12]  180 	ldhl	sp,	#2
      000083 96               [ 8]  181 	sub	a, (hl)
      000084 20 08            [12]  182 	jr	NZ, 00140$
      000086 F8 0D            [12]  183 	ldhl	sp,	#13
      000088 7E               [ 8]  184 	ld	a, (hl)
      000089 F8 03            [12]  185 	ldhl	sp,	#3
      00008B 96               [ 8]  186 	sub	a, (hl)
      00008C 28 09            [12]  187 	jr	Z, 00107$
      00008E                        188 00140$:
                           00008E   189 	C$SRAM.c$24$2_1$142	= .
                                    190 	.globl	C$SRAM.c$24$2_1$142
                                    191 ;C:/ZGB-2023.0/common/src/SRAM.c:24: *bytes_stored = size;
      00008E D1               [12]  192 	pop	de
      00008F D5               [16]  193 	push	de
      000090 F8 0C            [12]  194 	ldhl	sp,	#12
      000092 2A               [ 8]  195 	ld	a, (hl+)
      000093 12               [ 8]  196 	ld	(de), a
      000094 13               [ 8]  197 	inc	de
      000095 7E               [ 8]  198 	ld	a, (hl)
      000096 12               [ 8]  199 	ld	(de), a
      000097                        200 00107$:
                           000097   201 	C$SRAM.c$27$1_1$138	= .
                                    202 	.globl	C$SRAM.c$27$1_1$138
                                    203 ;C:/ZGB-2023.0/common/src/SRAM.c:27: if(bytes_to_clear > 0) {
      000097 78               [ 4]  204 	ld	a, b
      000098 B1               [ 4]  205 	or	a, c
      000099 28 1D            [12]  206 	jr	Z, 00109$
                           00009B   207 	C$SRAM.c$28$2_1$143	= .
                                    208 	.globl	C$SRAM.c$28$2_1$143
                                    209 ;C:/ZGB-2023.0/common/src/SRAM.c:28: memset(ptr + size - bytes_to_clear, 0, bytes_to_clear);
      00009B F8 0A            [12]  210 	ldhl	sp,#10
      00009D 2A               [ 8]  211 	ld	a, (hl+)
      00009E 5F               [ 4]  212 	ld	e, a
      00009F 2A               [ 8]  213 	ld	a, (hl+)
      0000A0 57               [ 4]  214 	ld	d, a
      0000A1 2A               [ 8]  215 	ld	a,	(hl+)
      0000A2 66               [ 8]  216 	ld	h, (hl)
      0000A3 6F               [ 4]  217 	ld	l, a
      0000A4 19               [ 8]  218 	add	hl, de
      0000A5 5D               [ 4]  219 	ld	e, l
      0000A6 54               [ 4]  220 	ld	d, h
      0000A7 7B               [ 4]  221 	ld	a, e
      0000A8 91               [ 4]  222 	sub	a, c
      0000A9 5F               [ 4]  223 	ld	e, a
      0000AA 7A               [ 4]  224 	ld	a, d
      0000AB 98               [ 4]  225 	sbc	a, b
      0000AC C5               [16]  226 	push	bc
      0000AD 01 00 00         [12]  227 	ld	bc, #0x0000
      0000B0 C5               [16]  228 	push	bc
      0000B1 57               [ 4]  229 	ld	d, a
      0000B2 D5               [16]  230 	push	de
      0000B3 CDr00r00         [24]  231 	call	_memset
      0000B6 E8 06            [16]  232 	add	sp, #6
      0000B8                        233 00109$:
                           0000B8   234 	C$SRAM.c$30$1_1$138	= .
                                    235 	.globl	C$SRAM.c$30$1_1$138
                                    236 ;C:/ZGB-2023.0/common/src/SRAM.c:30: DISABLE_RAM;
      0000B8 21r00r00         [12]  237 	ld	hl, #_rRAMG
      0000BB 36 00            [12]  238 	ld	(hl), #0x00
                           0000BD   239 	C$SRAM.c$31$1_1$137	= .
                                    240 	.globl	C$SRAM.c$31$1_1$137
                                    241 ;C:/ZGB-2023.0/common/src/SRAM.c:31: }
      0000BD E8 04            [16]  242 	add	sp, #4
                           0000BF   243 	C$SRAM.c$31$1_1$137	= .
                                    244 	.globl	C$SRAM.c$31$1_1$137
                           0000BF   245 	XG$CheckSRAMIntegrity$0$0	= .
                                    246 	.globl	XG$CheckSRAMIntegrity$0$0
      0000BF C9               [16]  247 	ret
                           0000C0   248 FSRAM$__str_0$0_0$0 == .
      0000C0                        249 ___str_0:
      0000C0 5A 47 42 2D 53 41 56   250 	.ascii "ZGB-SAVE"
             45
      0000C8 00                     251 	.db 0x00
                                    252 	.area _CODE_1
                                    253 	.area _INITIALIZER
                                    254 	.area _CABS (ABS)
