                                      1 ;--------------------------------------------------------
                                      2 ; File Created by SDCC : free open source ISO C Compiler 
                                      3 ; Version 4.3.2 #14228 (MINGW64)
                                      4 ;--------------------------------------------------------
                                      5 	.module ZGBMain_Init
                                      6 	.optsdcc -msm83
                                      7 	
                                      8 ;--------------------------------------------------------
                                      9 ; Public variables in this module
                                     10 ;--------------------------------------------------------
                                     11 	.globl _InitSprites
                                     12 	.globl _Destroy_SpriteCamera
                                     13 	.globl _Update_SpriteCamera
                                     14 	.globl _Start_SpriteCamera
                                     15 	.globl _Destroy_SpriteFire
                                     16 	.globl _Update_SpriteFire
                                     17 	.globl _Start_SpriteFire
                                     18 	.globl _Destroy_SpriteCompass
                                     19 	.globl _Update_SpriteCompass
                                     20 	.globl _Start_SpriteCompass
                                     21 	.globl _Destroy_SpriteBiga
                                     22 	.globl _Update_SpriteBiga
                                     23 	.globl _Start_SpriteBiga
                                     24 	.globl _Destroy_SpriteStep
                                     25 	.globl _Update_SpriteStep
                                     26 	.globl _Start_SpriteStep
                                     27 	.globl _Destroy_SpriteHorse
                                     28 	.globl _Update_SpriteHorse
                                     29 	.globl _Start_SpriteHorse
                                     30 	.globl _Destroy_SpritePlayer
                                     31 	.globl _Update_SpritePlayer
                                     32 	.globl _Start_SpritePlayer
                                     33 	.globl _InitStates
                                     34 	.globl _Update_StateGame
                                     35 	.globl _Start_StateGame
                                     36 	.globl _spritePalsOffset
                                     37 	.globl _spriteIdxs
                                     38 	.globl _spriteDatas
                                     39 	.globl _spriteDestroyFuncs
                                     40 	.globl _spriteUpdateFuncs
                                     41 	.globl _spriteStartFuncs
                                     42 	.globl _spriteDataBanks
                                     43 	.globl _spriteBanks
                                     44 	.globl _updateFuncs
                                     45 	.globl _startFuncs
                                     46 	.globl _stateBanks
                                     47 ;--------------------------------------------------------
                                     48 ; special function registers
                                     49 ;--------------------------------------------------------
                                     50 ;--------------------------------------------------------
                                     51 ; ram data
                                     52 ;--------------------------------------------------------
                                     53 	.area _DATA
                           000000    54 G$stateBanks$0_0$0==.
      000000                         55 _stateBanks::
      000000                         56 	.ds 1
                           000001    57 G$startFuncs$0_0$0==.
      000001                         58 _startFuncs::
      000001                         59 	.ds 2
                           000003    60 G$updateFuncs$0_0$0==.
      000003                         61 _updateFuncs::
      000003                         62 	.ds 2
                           000005    63 G$spriteBanks$0_0$0==.
      000005                         64 _spriteBanks::
      000005                         65 	.ds 7
                           00000C    66 G$spriteDataBanks$0_0$0==.
      00000C                         67 _spriteDataBanks::
      00000C                         68 	.ds 7
                           000013    69 G$spriteStartFuncs$0_0$0==.
      000013                         70 _spriteStartFuncs::
      000013                         71 	.ds 14
                           000021    72 G$spriteUpdateFuncs$0_0$0==.
      000021                         73 _spriteUpdateFuncs::
      000021                         74 	.ds 14
                           00002F    75 G$spriteDestroyFuncs$0_0$0==.
      00002F                         76 _spriteDestroyFuncs::
      00002F                         77 	.ds 14
                           00003D    78 G$spriteDatas$0_0$0==.
      00003D                         79 _spriteDatas::
      00003D                         80 	.ds 14
                           00004B    81 G$spriteIdxs$0_0$0==.
      00004B                         82 _spriteIdxs::
      00004B                         83 	.ds 7
                           000052    84 G$spritePalsOffset$0_0$0==.
      000052                         85 _spritePalsOffset::
      000052                         86 	.ds 7
                                     87 ;--------------------------------------------------------
                                     88 ; ram data
                                     89 ;--------------------------------------------------------
                                     90 	.area _INITIALIZED
                                     91 ;--------------------------------------------------------
                                     92 ; absolute external ram data
                                     93 ;--------------------------------------------------------
                                     94 	.area _DABS (ABS)
                                     95 ;--------------------------------------------------------
                                     96 ; global & static initialisations
                                     97 ;--------------------------------------------------------
                                     98 	.area _HOME
                                     99 	.area _GSINIT
                                    100 	.area _GSFINAL
                                    101 	.area _GSINIT
                                    102 ;--------------------------------------------------------
                                    103 ; Home
                                    104 ;--------------------------------------------------------
                                    105 	.area _HOME
                                    106 	.area _HOME
                                    107 ;--------------------------------------------------------
                                    108 ; code
                                    109 ;--------------------------------------------------------
                                    110 	.area _CODE_1
                           000000   111 	G$InitStates$0$0	= .
                                    112 	.globl	G$InitStates$0$0
                           000000   113 	C$ZGBMain_Init.c$16$0_0$158	= .
                                    114 	.globl	C$ZGBMain_Init.c$16$0_0$158
                                    115 ;C:/ZGB-2023.0/common/src/ZGBMain_Init.c:16: void InitStates() {
                                    116 ;	---------------------------------
                                    117 ; Function InitStates
                                    118 ; ---------------------------------
      000000                        119 _InitStates::
                           000000   120 	C$ZGBMain_Init.c$17$1_0$158	= .
                                    121 	.globl	C$ZGBMain_Init.c$17$1_0$158
                                    122 ;C:/ZGB-2023.0/common/src/ZGBMain_Init.c:17: STATES
      000000 21r01r00         [12]  123 	ld	hl, #_startFuncs
      000003 36r00            [12]  124 	ld	(hl), #<(_Start_StateGame)
      000005 23               [ 8]  125 	inc	hl
      000006 36s00            [12]  126 	ld	(hl), #>(_Start_StateGame)
      000008 21r03r00         [12]  127 	ld	hl, #_updateFuncs
      00000B 36r00            [12]  128 	ld	(hl), #<(_Update_StateGame)
      00000D 23               [ 8]  129 	inc	hl
      00000E 36s00            [12]  130 	ld	(hl), #>(_Update_StateGame)
      000010 01r00r00         [12]  131 	ld	bc, #_stateBanks+0
      000013 3Er00            [ 8]  132 	ld	a, #<(___bank_StateGame)
      000015 02               [ 8]  133 	ld	(bc), a
                           000016   134 	C$ZGBMain_Init.c$18$1_0$158	= .
                                    135 	.globl	C$ZGBMain_Init.c$18$1_0$158
                                    136 ;C:/ZGB-2023.0/common/src/ZGBMain_Init.c:18: }
                           000016   137 	C$ZGBMain_Init.c$18$1_0$158	= .
                                    138 	.globl	C$ZGBMain_Init.c$18$1_0$158
                           000016   139 	XG$InitStates$0$0	= .
                                    140 	.globl	XG$InitStates$0$0
      000016 C9               [16]  141 	ret
                           000017   142 	G$InitSprites$0$0	= .
                                    143 	.globl	G$InitSprites$0$0
                           000017   144 	C$ZGBMain_Init.c$49$1_0$159	= .
                                    145 	.globl	C$ZGBMain_Init.c$49$1_0$159
                                    146 ;C:/ZGB-2023.0/common/src/ZGBMain_Init.c:49: void InitSprites() {
                                    147 ;	---------------------------------
                                    148 ; Function InitSprites
                                    149 ; ---------------------------------
      000017                        150 _InitSprites::
                           000017   151 	C$ZGBMain_Init.c$50$1_0$159	= .
                                    152 	.globl	C$ZGBMain_Init.c$50$1_0$159
                                    153 ;C:/ZGB-2023.0/common/src/ZGBMain_Init.c:50: SPRITES
      000017 3Er00            [ 8]  154 	ld	a, #<(___bank_SpritePlayer)
      000019 EAr05r00         [16]  155 	ld	(#_spriteBanks),a
      00001C 21r13r00         [12]  156 	ld	hl, #_spriteStartFuncs
      00001F 36r00            [12]  157 	ld	(hl), #<(_Start_SpritePlayer)
      000021 23               [ 8]  158 	inc	hl
      000022 36s00            [12]  159 	ld	(hl), #>(_Start_SpritePlayer)
      000024 21r21r00         [12]  160 	ld	hl, #_spriteUpdateFuncs
      000027 36r00            [12]  161 	ld	(hl), #<(_Update_SpritePlayer)
      000029 23               [ 8]  162 	inc	hl
      00002A 36s00            [12]  163 	ld	(hl), #>(_Update_SpritePlayer)
      00002C 21r2Fr00         [12]  164 	ld	hl, #_spriteDestroyFuncs
      00002F 36r00            [12]  165 	ld	(hl), #<(_Destroy_SpritePlayer)
      000031 23               [ 8]  166 	inc	hl
      000032 36s00            [12]  167 	ld	(hl), #>(_Destroy_SpritePlayer)
      000034 3Er00            [ 8]  168 	ld	a, #<(___bank_player)
      000036 EAr0Cr00         [16]  169 	ld	(#_spriteDataBanks),a
      000039 21r3Dr00         [12]  170 	ld	hl, #_spriteDatas
      00003C 36r00            [12]  171 	ld	(hl), #<(_player)
      00003E 23               [ 8]  172 	inc	hl
      00003F 36s00            [12]  173 	ld	(hl), #>(_player)
      000041 01r06r00         [12]  174 	ld	bc, #_spriteBanks + 1
      000044 3Er00            [ 8]  175 	ld	a, #<(___bank_SpriteHorse)
      000046 02               [ 8]  176 	ld	(bc), a
      000047 21r15r00         [12]  177 	ld	hl, #(_spriteStartFuncs + 2)
      00004A 36r00            [12]  178 	ld	(hl), #<(_Start_SpriteHorse)
      00004C 23               [ 8]  179 	inc	hl
      00004D 36s00            [12]  180 	ld	(hl), #>(_Start_SpriteHorse)
      00004F 21r23r00         [12]  181 	ld	hl, #(_spriteUpdateFuncs + 2)
      000052 36r00            [12]  182 	ld	(hl), #<(_Update_SpriteHorse)
      000054 23               [ 8]  183 	inc	hl
      000055 36s00            [12]  184 	ld	(hl), #>(_Update_SpriteHorse)
      000057 21r31r00         [12]  185 	ld	hl, #(_spriteDestroyFuncs + 2)
      00005A 3Er00            [ 8]  186 	ld	a, #<(_Destroy_SpriteHorse)
      00005C 22               [ 8]  187 	ld	(hl+), a
      00005D 36s00            [12]  188 	ld	(hl), #>(_Destroy_SpriteHorse)
      00005F 01r0Dr00         [12]  189 	ld	bc, #_spriteDataBanks + 1
      000062 3Er00            [ 8]  190 	ld	a, #<(___bank_horse)
      000064 02               [ 8]  191 	ld	(bc), a
      000065 21r3Fr00         [12]  192 	ld	hl, #(_spriteDatas + 2)
      000068 3Er00            [ 8]  193 	ld	a, #<(_horse)
      00006A 22               [ 8]  194 	ld	(hl+), a
      00006B 36s00            [12]  195 	ld	(hl), #>(_horse)
      00006D 01r07r00         [12]  196 	ld	bc, #_spriteBanks + 2
      000070 3Er00            [ 8]  197 	ld	a, #<(___bank_SpriteStep)
      000072 02               [ 8]  198 	ld	(bc), a
      000073 21r17r00         [12]  199 	ld	hl, #(_spriteStartFuncs + 4)
      000076 36r00            [12]  200 	ld	(hl), #<(_Start_SpriteStep)
      000078 23               [ 8]  201 	inc	hl
      000079 36s00            [12]  202 	ld	(hl), #>(_Start_SpriteStep)
      00007B 21r25r00         [12]  203 	ld	hl, #(_spriteUpdateFuncs + 4)
      00007E 36r00            [12]  204 	ld	(hl), #<(_Update_SpriteStep)
      000080 23               [ 8]  205 	inc	hl
      000081 36s00            [12]  206 	ld	(hl), #>(_Update_SpriteStep)
      000083 21r33r00         [12]  207 	ld	hl, #(_spriteDestroyFuncs + 4)
      000086 3Er00            [ 8]  208 	ld	a, #<(_Destroy_SpriteStep)
      000088 22               [ 8]  209 	ld	(hl+), a
      000089 36s00            [12]  210 	ld	(hl), #>(_Destroy_SpriteStep)
      00008B 01r0Er00         [12]  211 	ld	bc, #_spriteDataBanks + 2
      00008E 3Er00            [ 8]  212 	ld	a, #<(___bank_step)
      000090 02               [ 8]  213 	ld	(bc), a
      000091 21r41r00         [12]  214 	ld	hl, #(_spriteDatas + 4)
      000094 3Er00            [ 8]  215 	ld	a, #<(_step)
      000096 22               [ 8]  216 	ld	(hl+), a
      000097 36s00            [12]  217 	ld	(hl), #>(_step)
      000099 01r08r00         [12]  218 	ld	bc, #_spriteBanks + 3
      00009C 3Er00            [ 8]  219 	ld	a, #<(___bank_SpriteBiga)
      00009E 02               [ 8]  220 	ld	(bc), a
      00009F 21r19r00         [12]  221 	ld	hl, #(_spriteStartFuncs + 6)
      0000A2 36r00            [12]  222 	ld	(hl), #<(_Start_SpriteBiga)
      0000A4 23               [ 8]  223 	inc	hl
      0000A5 36s00            [12]  224 	ld	(hl), #>(_Start_SpriteBiga)
      0000A7 21r27r00         [12]  225 	ld	hl, #(_spriteUpdateFuncs + 6)
      0000AA 36r00            [12]  226 	ld	(hl), #<(_Update_SpriteBiga)
      0000AC 23               [ 8]  227 	inc	hl
      0000AD 36s00            [12]  228 	ld	(hl), #>(_Update_SpriteBiga)
      0000AF 21r35r00         [12]  229 	ld	hl, #(_spriteDestroyFuncs + 6)
      0000B2 36r00            [12]  230 	ld	(hl), #<(_Destroy_SpriteBiga)
      0000B4 23               [ 8]  231 	inc	hl
      0000B5 36s00            [12]  232 	ld	(hl), #>(_Destroy_SpriteBiga)
      0000B7 01r0Fr00         [12]  233 	ld	bc, #_spriteDataBanks + 3
      0000BA 3Er00            [ 8]  234 	ld	a, #<(___bank_biga)
      0000BC 02               [ 8]  235 	ld	(bc), a
      0000BD 21r43r00         [12]  236 	ld	hl, #(_spriteDatas + 6)
      0000C0 36r00            [12]  237 	ld	(hl), #<(_biga)
      0000C2 23               [ 8]  238 	inc	hl
      0000C3 36s00            [12]  239 	ld	(hl), #>(_biga)
      0000C5 01r09r00         [12]  240 	ld	bc, #_spriteBanks + 4
      0000C8 3Er00            [ 8]  241 	ld	a, #<(___bank_SpriteCompass)
      0000CA 02               [ 8]  242 	ld	(bc), a
      0000CB 21r1Br00         [12]  243 	ld	hl, #(_spriteStartFuncs + 8)
      0000CE 36r00            [12]  244 	ld	(hl), #<(_Start_SpriteCompass)
      0000D0 23               [ 8]  245 	inc	hl
      0000D1 36s00            [12]  246 	ld	(hl), #>(_Start_SpriteCompass)
      0000D3 21r29r00         [12]  247 	ld	hl, #(_spriteUpdateFuncs + 8)
      0000D6 36r00            [12]  248 	ld	(hl), #<(_Update_SpriteCompass)
      0000D8 23               [ 8]  249 	inc	hl
      0000D9 36s00            [12]  250 	ld	(hl), #>(_Update_SpriteCompass)
      0000DB 21r37r00         [12]  251 	ld	hl, #(_spriteDestroyFuncs + 8)
      0000DE 36r00            [12]  252 	ld	(hl), #<(_Destroy_SpriteCompass)
      0000E0 23               [ 8]  253 	inc	hl
      0000E1 36s00            [12]  254 	ld	(hl), #>(_Destroy_SpriteCompass)
      0000E3 01r10r00         [12]  255 	ld	bc, #_spriteDataBanks + 4
      0000E6 3Er00            [ 8]  256 	ld	a, #<(___bank_compass)
      0000E8 02               [ 8]  257 	ld	(bc), a
      0000E9 21r45r00         [12]  258 	ld	hl, #(_spriteDatas + 8)
      0000EC 36r00            [12]  259 	ld	(hl), #<(_compass)
      0000EE 23               [ 8]  260 	inc	hl
      0000EF 36s00            [12]  261 	ld	(hl), #>(_compass)
      0000F1 01r0Ar00         [12]  262 	ld	bc, #_spriteBanks + 5
      0000F4 3Er00            [ 8]  263 	ld	a, #<(___bank_SpriteFire)
      0000F6 02               [ 8]  264 	ld	(bc), a
      0000F7 21r1Dr00         [12]  265 	ld	hl, #(_spriteStartFuncs + 10)
      0000FA 36r00            [12]  266 	ld	(hl), #<(_Start_SpriteFire)
      0000FC 23               [ 8]  267 	inc	hl
      0000FD 36s00            [12]  268 	ld	(hl), #>(_Start_SpriteFire)
      0000FF 21r2Br00         [12]  269 	ld	hl, #(_spriteUpdateFuncs + 10)
      000102 36r00            [12]  270 	ld	(hl), #<(_Update_SpriteFire)
      000104 23               [ 8]  271 	inc	hl
      000105 36s00            [12]  272 	ld	(hl), #>(_Update_SpriteFire)
      000107 21r39r00         [12]  273 	ld	hl, #(_spriteDestroyFuncs + 10)
      00010A 3Er00            [ 8]  274 	ld	a, #<(_Destroy_SpriteFire)
      00010C 22               [ 8]  275 	ld	(hl+), a
      00010D 36s00            [12]  276 	ld	(hl), #>(_Destroy_SpriteFire)
      00010F 01r11r00         [12]  277 	ld	bc, #_spriteDataBanks + 5
      000112 3Er00            [ 8]  278 	ld	a, #<(___bank_fire)
      000114 02               [ 8]  279 	ld	(bc), a
      000115 21r47r00         [12]  280 	ld	hl, #(_spriteDatas + 10)
      000118 3Er00            [ 8]  281 	ld	a, #<(_fire)
      00011A 22               [ 8]  282 	ld	(hl+), a
      00011B 36s00            [12]  283 	ld	(hl), #>(_fire)
      00011D 01r0Br00         [12]  284 	ld	bc, #_spriteBanks + 6
      000120 3Er00            [ 8]  285 	ld	a, #<(___bank_SpriteCamera)
      000122 02               [ 8]  286 	ld	(bc), a
      000123 21r1Fr00         [12]  287 	ld	hl, #(_spriteStartFuncs + 12)
      000126 36r00            [12]  288 	ld	(hl), #<(_Start_SpriteCamera)
      000128 23               [ 8]  289 	inc	hl
      000129 36s00            [12]  290 	ld	(hl), #>(_Start_SpriteCamera)
      00012B 21r2Dr00         [12]  291 	ld	hl, #(_spriteUpdateFuncs + 12)
      00012E 36r00            [12]  292 	ld	(hl), #<(_Update_SpriteCamera)
      000130 23               [ 8]  293 	inc	hl
      000131 36s00            [12]  294 	ld	(hl), #>(_Update_SpriteCamera)
      000133 21r3Br00         [12]  295 	ld	hl, #(_spriteDestroyFuncs + 12)
      000136 36r00            [12]  296 	ld	(hl), #<(_Destroy_SpriteCamera)
      000138 23               [ 8]  297 	inc	hl
      000139 36s00            [12]  298 	ld	(hl), #>(_Destroy_SpriteCamera)
      00013B 01r12r00         [12]  299 	ld	bc, #_spriteDataBanks + 6
      00013E 3Er00            [ 8]  300 	ld	a, #<(___bank_camera)
      000140 02               [ 8]  301 	ld	(bc), a
      000141 21r49r00         [12]  302 	ld	hl, #(_spriteDatas + 12)
      000144 36r00            [12]  303 	ld	(hl), #<(_camera)
      000146 23               [ 8]  304 	inc	hl
      000147 36s00            [12]  305 	ld	(hl), #>(_camera)
                           000149   306 	C$ZGBMain_Init.c$51$1_0$159	= .
                                    307 	.globl	C$ZGBMain_Init.c$51$1_0$159
                                    308 ;C:/ZGB-2023.0/common/src/ZGBMain_Init.c:51: }
                           000149   309 	C$ZGBMain_Init.c$51$1_0$159	= .
                                    310 	.globl	C$ZGBMain_Init.c$51$1_0$159
                           000149   311 	XG$InitSprites$0$0	= .
                                    312 	.globl	XG$InitSprites$0$0
      000149 C9               [16]  313 	ret
                                    314 	.area _CODE_1
                                    315 	.area _INITIALIZER
                                    316 	.area _CABS (ABS)
