                                      1 ;--------------------------------------------------------
                                      2 ; File Created by SDCC : free open source ISO C Compiler 
                                      3 ; Version 4.3.2 #14228 (MINGW64)
                                      4 ;--------------------------------------------------------
                                      5 	.module SpriteFire
                                      6 	.optsdcc -msm83
                                      7 	
                                      8 ;--------------------------------------------------------
                                      9 ; Public variables in this module
                                     10 ;--------------------------------------------------------
                                     11 	.globl _Destroy_SpriteFire
                                     12 	.globl _Update_SpriteFire
                                     13 	.globl _Start_SpriteFire
                                     14 	.globl _SetSpriteAnim
                                     15 	.globl _a_fog
                                     16 	.globl _a_fire
                                     17 	.globl ___bank_SpriteFire
                                     18 ;--------------------------------------------------------
                                     19 ; special function registers
                                     20 ;--------------------------------------------------------
                                     21 ;--------------------------------------------------------
                                     22 ; ram data
                                     23 ;--------------------------------------------------------
                                     24 	.area _DATA
                                     25 ;--------------------------------------------------------
                                     26 ; ram data
                                     27 ;--------------------------------------------------------
                                     28 	.area _INITIALIZED
                                     29 ;--------------------------------------------------------
                                     30 ; absolute external ram data
                                     31 ;--------------------------------------------------------
                                     32 	.area _DABS (ABS)
                                     33 ;--------------------------------------------------------
                                     34 ; global & static initialisations
                                     35 ;--------------------------------------------------------
                                     36 	.area _HOME
                                     37 	.area _GSINIT
                                     38 	.area _GSFINAL
                                     39 	.area _GSINIT
                                     40 ;--------------------------------------------------------
                                     41 ; Home
                                     42 ;--------------------------------------------------------
                                     43 	.area _HOME
                                     44 	.area _HOME
                                     45 ;--------------------------------------------------------
                                     46 ; code
                                     47 ;--------------------------------------------------------
                                     48 	.area _CODE_255
                           000000    49 	G$Start_SpriteFire$0$0	= .
                                     50 	.globl	G$Start_SpriteFire$0$0
                           000000    51 	C$SpriteFire.c$18$0_0$190	= .
                                     52 	.globl	C$SpriteFire.c$18$0_0$190
                                     53 ;SpriteFire.c:18: void START() {
                                     54 ;	---------------------------------
                                     55 ; Function Start_SpriteFire
                                     56 ; ---------------------------------
      000000                         57 _Start_SpriteFire::
                           000000    58 	C$SpriteFire.c$19$1_0$190	= .
                                     59 	.globl	C$SpriteFire.c$19$1_0$190
                                     60 ;SpriteFire.c:19: SetSpriteAnim(THIS, a_fire, 24u);
      000000 3E 18            [ 8]   61 	ld	a, #0x18
      000002 F5               [16]   62 	push	af
      000003 33               [ 8]   63 	inc	sp
      000004 01r20r00         [12]   64 	ld	bc, #_a_fire
      000007 21r00r00         [12]   65 	ld	hl, #_THIS
      00000A 2A               [ 8]   66 	ld	a, (hl+)
      00000B 5F               [ 4]   67 	ld	e, a
      00000C 56               [ 8]   68 	ld	d, (hl)
      00000D CDr00r00         [24]   69 	call	_SetSpriteAnim
                           000010    70 	C$SpriteFire.c$20$1_0$190	= .
                                     71 	.globl	C$SpriteFire.c$20$1_0$190
                                     72 ;SpriteFire.c:20: THIS->lim_x = 1000;
      000010 21r00r00         [12]   73 	ld	hl, #_THIS
      000013 2A               [ 8]   74 	ld	a, (hl+)
      000014 4F               [ 4]   75 	ld	c, a
      000015 46               [ 8]   76 	ld	b, (hl)
      000016 21 15 00         [12]   77 	ld	hl, #0x0015
      000019 09               [ 8]   78 	add	hl, bc
      00001A 3E E8            [ 8]   79 	ld	a, #0xe8
      00001C 22               [ 8]   80 	ld	(hl+), a
      00001D 36 03            [12]   81 	ld	(hl), #0x03
                           00001F    82 	C$SpriteFire.c$21$1_0$190	= .
                                     83 	.globl	C$SpriteFire.c$21$1_0$190
                                     84 ;SpriteFire.c:21: }
                           00001F    85 	C$SpriteFire.c$21$1_0$190	= .
                                     86 	.globl	C$SpriteFire.c$21$1_0$190
                           00001F    87 	XG$Start_SpriteFire$0$0	= .
                                     88 	.globl	XG$Start_SpriteFire$0$0
      00001F C9               [16]   89 	ret
                           0000FF    90 G$__bank_SpriteFire$0_0$0 == 0x00ff
                           0000FF    91 ___bank_SpriteFire	=	0x00ff
                           000020    92 G$a_fire$0_0$0 == .
      000020                         93 _a_fire:
      000020 04                      94 	.db #0x04	; 4
      000021 00                      95 	.db #0x00	; 0
      000022 01                      96 	.db #0x01	; 1
      000023 02                      97 	.db #0x02	; 2
      000024 03                      98 	.db #0x03	; 3
                           000025    99 G$a_fog$0_0$0 == .
      000025                        100 _a_fog:
      000025 04                     101 	.db #0x04	; 4
      000026 04                     102 	.db #0x04	; 4
      000027 05                     103 	.db #0x05	; 5
      000028 06                     104 	.db #0x06	; 6
      000029 07                     105 	.db #0x07	; 7
                           00002A   106 	G$Update_SpriteFire$0$0	= .
                                    107 	.globl	G$Update_SpriteFire$0$0
                           00002A   108 	C$SpriteFire.c$23$1_0$192	= .
                                    109 	.globl	C$SpriteFire.c$23$1_0$192
                                    110 ;SpriteFire.c:23: void UPDATE() {
                                    111 ;	---------------------------------
                                    112 ; Function Update_SpriteFire
                                    113 ; ---------------------------------
      00002A                        114 _Update_SpriteFire::
                           00002A   115 	C$SpriteFire.c$24$1_0$192	= .
                                    116 	.globl	C$SpriteFire.c$24$1_0$192
                                    117 ;SpriteFire.c:24: }
                           00002A   118 	C$SpriteFire.c$24$1_0$192	= .
                                    119 	.globl	C$SpriteFire.c$24$1_0$192
                           00002A   120 	XG$Update_SpriteFire$0$0	= .
                                    121 	.globl	XG$Update_SpriteFire$0$0
      00002A C9               [16]  122 	ret
                           00002B   123 	G$Destroy_SpriteFire$0$0	= .
                                    124 	.globl	G$Destroy_SpriteFire$0$0
                           00002B   125 	C$SpriteFire.c$26$1_0$194	= .
                                    126 	.globl	C$SpriteFire.c$26$1_0$194
                                    127 ;SpriteFire.c:26: void DESTROY() {
                                    128 ;	---------------------------------
                                    129 ; Function Destroy_SpriteFire
                                    130 ; ---------------------------------
      00002B                        131 _Destroy_SpriteFire::
                           00002B   132 	C$SpriteFire.c$27$1_0$194	= .
                                    133 	.globl	C$SpriteFire.c$27$1_0$194
                                    134 ;SpriteFire.c:27: }
                           00002B   135 	C$SpriteFire.c$27$1_0$194	= .
                                    136 	.globl	C$SpriteFire.c$27$1_0$194
                           00002B   137 	XG$Destroy_SpriteFire$0$0	= .
                                    138 	.globl	XG$Destroy_SpriteFire$0$0
      00002B C9               [16]  139 	ret
                                    140 	.area _CODE_255
                                    141 	.area _INITIALIZER
                                    142 	.area _CABS (ABS)
