                                      1 ;--------------------------------------------------------
                                      2 ; File Created by SDCC : free open source ISO C Compiler 
                                      3 ; Version 4.3.2 #14228 (MINGW64)
                                      4 ;--------------------------------------------------------
                                      5 	.module biga_gbr
                                      6 	.optsdcc -msm83
                                      7 	
                                      8 ;--------------------------------------------------------
                                      9 ; Public variables in this module
                                     10 ;--------------------------------------------------------
                                     11 	.globl _biga
                                     12 	.globl _biga_metasprites
                                     13 	.globl _biga_metasprite7
                                     14 	.globl _biga_metasprite6
                                     15 	.globl _biga_metasprite5
                                     16 	.globl _biga_metasprite4
                                     17 	.globl _biga_metasprite3
                                     18 	.globl _biga_metasprite2
                                     19 	.globl _biga_metasprite1
                                     20 	.globl _biga_metasprite0
                                     21 	.globl _biga_tiles
                                     22 	.globl _biga_palettes
                                     23 	.globl b___func_biga
                                     24 	.globl ___func_biga
                                     25 ;--------------------------------------------------------
                                     26 ; special function registers
                                     27 ;--------------------------------------------------------
                                     28 ;--------------------------------------------------------
                                     29 ; ram data
                                     30 ;--------------------------------------------------------
                                     31 	.area _DATA
                                     32 ;--------------------------------------------------------
                                     33 ; ram data
                                     34 ;--------------------------------------------------------
                                     35 	.area _INITIALIZED
                                     36 ;--------------------------------------------------------
                                     37 ; absolute external ram data
                                     38 ;--------------------------------------------------------
                                     39 	.area _DABS (ABS)
                                     40 ;--------------------------------------------------------
                                     41 ; global & static initialisations
                                     42 ;--------------------------------------------------------
                                     43 	.area _HOME
                                     44 	.area _GSINIT
                                     45 	.area _GSFINAL
                                     46 	.area _GSINIT
                                     47 ;--------------------------------------------------------
                                     48 ; Home
                                     49 ;--------------------------------------------------------
                                     50 	.area _HOME
                                     51 	.area _HOME
                                     52 ;--------------------------------------------------------
                                     53 ; code
                                     54 ;--------------------------------------------------------
                                     55 	.area _CODE_255
                           000000    56 	G$__func_biga$0$0	= .
                                     57 	.globl	G$__func_biga$0$0
                           000000    58 	C$biga.gbr.c$9$0_0$161	= .
                                     59 	.globl	C$biga.gbr.c$9$0_0$161
                                     60 ;../Dbg/res/sprites/biga.gbr.c:9: BANKREF(biga)
                                     61 ;	---------------------------------
                                     62 ; Function __func_biga
                                     63 ; ---------------------------------
                           0000FF    64 	b___func_biga	= 255
      000000                         65 ___func_biga::
                                     66 	.local b___func_biga 
                           0000FF    67 	___bank_biga = b___func_biga 
                                     68 	.globl ___bank_biga 
                                     69 	.area _CODE_255
                           000000    70 G$biga_palettes$0_0$0 == .
      000000                         71 _biga_palettes:
      000000 FF 7F                   72 	.dw #0x7fff
      000002 7E 4F                   73 	.dw #0x4f7e
      000004 79 01                   74 	.dw #0x0179
      000006 AA 04                   75 	.dw #0x04aa
                           000008    76 G$biga_tiles$0_0$0 == .
      000008                         77 _biga_tiles:
      000008 00                      78 	.db #0x00	; 0
      000009 00                      79 	.db #0x00	; 0
      00000A 00                      80 	.db #0x00	; 0
      00000B 00                      81 	.db #0x00	; 0
      00000C 00                      82 	.db #0x00	; 0
      00000D 00                      83 	.db #0x00	; 0
      00000E 00                      84 	.db #0x00	; 0
      00000F 00                      85 	.db #0x00	; 0
      000010 00                      86 	.db #0x00	; 0
      000011 00                      87 	.db #0x00	; 0
      000012 00                      88 	.db #0x00	; 0
      000013 00                      89 	.db #0x00	; 0
      000014 01                      90 	.db #0x01	; 1
      000015 01                      91 	.db #0x01	; 1
      000016 03                      92 	.db #0x03	; 3
      000017 03                      93 	.db #0x03	; 3
      000018 0F                      94 	.db #0x0f	; 15
      000019 0F                      95 	.db #0x0f	; 15
      00001A 02                      96 	.db #0x02	; 2
      00001B 03                      97 	.db #0x03	; 3
      00001C 04                      98 	.db #0x04	; 4
      00001D 07                      99 	.db #0x07	; 7
      00001E 01                     100 	.db #0x01	; 1
      00001F 07                     101 	.db #0x07	; 7
      000020 03                     102 	.db #0x03	; 3
      000021 0D                     103 	.db #0x0d	; 13
      000022 1F                     104 	.db #0x1f	; 31
      000023 1F                     105 	.db #0x1f	; 31
      000024 1B                     106 	.db #0x1b	; 27
      000025 03                     107 	.db #0x03	; 3
      000026 0D                     108 	.db #0x0d	; 13
      000027 00                     109 	.db #0x00	; 0
      000028 00                     110 	.db #0x00	; 0
      000029 00                     111 	.db #0x00	; 0
      00002A 00                     112 	.db #0x00	; 0
      00002B 00                     113 	.db #0x00	; 0
      00002C 00                     114 	.db #0x00	; 0
      00002D 00                     115 	.db #0x00	; 0
      00002E 38                     116 	.db #0x38	; 56	'8'
      00002F 38                     117 	.db #0x38	; 56	'8'
      000030 7C                     118 	.db #0x7c	; 124
      000031 7C                     119 	.db #0x7c	; 124
      000032 F0                     120 	.db #0xf0	; 240
      000033 FC                     121 	.db #0xfc	; 252
      000034 C4                     122 	.db #0xc4	; 196
      000035 F8                     123 	.db #0xf8	; 248
      000036 BC                     124 	.db #0xbc	; 188
      000037 C0                     125 	.db #0xc0	; 192
      000038 1C                     126 	.db #0x1c	; 28
      000039 E0                     127 	.db #0xe0	; 224
      00003A 04                     128 	.db #0x04	; 4
      00003B F8                     129 	.db #0xf8	; 248
      00003C 0C                     130 	.db #0x0c	; 12
      00003D F0                     131 	.db #0xf0	; 240
      00003E C0                     132 	.db #0xc0	; 192
      00003F BC                     133 	.db #0xbc	; 188
      000040 E4                     134 	.db #0xe4	; 228
      000041 FC                     135 	.db #0xfc	; 252
      000042 F8                     136 	.db #0xf8	; 248
      000043 F8                     137 	.db #0xf8	; 248
      000044 EC                     138 	.db #0xec	; 236
      000045 C0                     139 	.db #0xc0	; 192
      000046 D8                     140 	.db #0xd8	; 216
      000047 C0                     141 	.db #0xc0	; 192
      000048 00                     142 	.db #0x00	; 0
      000049 00                     143 	.db #0x00	; 0
      00004A 00                     144 	.db #0x00	; 0
      00004B 00                     145 	.db #0x00	; 0
      00004C 00                     146 	.db #0x00	; 0
      00004D 00                     147 	.db #0x00	; 0
      00004E 00                     148 	.db #0x00	; 0
      00004F 00                     149 	.db #0x00	; 0
      000050 00                     150 	.db #0x00	; 0
      000051 00                     151 	.db #0x00	; 0
      000052 01                     152 	.db #0x01	; 1
      000053 01                     153 	.db #0x01	; 1
      000054 03                     154 	.db #0x03	; 3
      000055 03                     155 	.db #0x03	; 3
      000056 0F                     156 	.db #0x0f	; 15
      000057 0F                     157 	.db #0x0f	; 15
      000058 00                     158 	.db #0x00	; 0
      000059 01                     159 	.db #0x01	; 1
      00005A 00                     160 	.db #0x00	; 0
      00005B 03                     161 	.db #0x03	; 3
      00005C 00                     162 	.db #0x00	; 0
      00005D 07                     163 	.db #0x07	; 7
      00005E 01                     164 	.db #0x01	; 1
      00005F 0E                     165 	.db #0x0e	; 14
      000060 1F                     166 	.db #0x1f	; 31
      000061 1F                     167 	.db #0x1f	; 31
      000062 1B                     168 	.db #0x1b	; 27
      000063 03                     169 	.db #0x03	; 3
      000064 1F                     170 	.db #0x1f	; 31
      000065 01                     171 	.db #0x01	; 1
      000066 0D                     172 	.db #0x0d	; 13
      000067 01                     173 	.db #0x01	; 1
      000068 00                     174 	.db #0x00	; 0
      000069 00                     175 	.db #0x00	; 0
      00006A 00                     176 	.db #0x00	; 0
      00006B 00                     177 	.db #0x00	; 0
      00006C 38                     178 	.db #0x38	; 56	'8'
      00006D 38                     179 	.db #0x38	; 56	'8'
      00006E 7C                     180 	.db #0x7c	; 124
      00006F 7C                     181 	.db #0x7c	; 124
      000070 F0                     182 	.db #0xf0	; 240
      000071 FC                     183 	.db #0xfc	; 252
      000072 C4                     184 	.db #0xc4	; 196
      000073 F8                     185 	.db #0xf8	; 248
      000074 BC                     186 	.db #0xbc	; 188
      000075 C0                     187 	.db #0xc0	; 192
      000076 1C                     188 	.db #0x1c	; 28
      000077 E0                     189 	.db #0xe0	; 224
      000078 04                     190 	.db #0x04	; 4
      000079 F8                     191 	.db #0xf8	; 248
      00007A 0C                     192 	.db #0x0c	; 12
      00007B F0                     193 	.db #0xf0	; 240
      00007C 00                     194 	.db #0x00	; 0
      00007D FC                     195 	.db #0xfc	; 252
      00007E C4                     196 	.db #0xc4	; 196
      00007F FC                     197 	.db #0xfc	; 252
      000080 F8                     198 	.db #0xf8	; 248
      000081 D8                     199 	.db #0xd8	; 216
      000082 EC                     200 	.db #0xec	; 236
      000083 E0                     201 	.db #0xe0	; 224
      000084 EC                     202 	.db #0xec	; 236
      000085 E0                     203 	.db #0xe0	; 224
      000086 D8                     204 	.db #0xd8	; 216
      000087 80                     205 	.db #0x80	; 128
      000088 00                     206 	.db #0x00	; 0
      000089 00                     207 	.db #0x00	; 0
      00008A 00                     208 	.db #0x00	; 0
      00008B 00                     209 	.db #0x00	; 0
      00008C 00                     210 	.db #0x00	; 0
      00008D 00                     211 	.db #0x00	; 0
      00008E 01                     212 	.db #0x01	; 1
      00008F 01                     213 	.db #0x01	; 1
      000090 06                     214 	.db #0x06	; 6
      000091 07                     215 	.db #0x07	; 7
      000092 39                     216 	.db #0x39	; 57	'9'
      000093 3E                     217 	.db #0x3e	; 62
      000094 70                     218 	.db #0x70	; 112	'p'
      000095 7F                     219 	.db #0x7f	; 127
      000096 F1                     220 	.db #0xf1	; 241
      000097 FE                     221 	.db #0xfe	; 254
      000098 F0                     222 	.db #0xf0	; 240
      000099 FF                     223 	.db #0xff	; 255
      00009A 18                     224 	.db #0x18	; 24
      00009B 1F                     225 	.db #0x1f	; 31
      00009C 06                     226 	.db #0x06	; 6
      00009D 07                     227 	.db #0x07	; 7
      00009E 01                     228 	.db #0x01	; 1
      00009F 01                     229 	.db #0x01	; 1
      0000A0 00                     230 	.db #0x00	; 0
      0000A1 00                     231 	.db #0x00	; 0
      0000A2 3F                     232 	.db #0x3f	; 63
      0000A3 00                     233 	.db #0x00	; 0
      0000A4 0F                     234 	.db #0x0f	; 15
      0000A5 00                     235 	.db #0x00	; 0
      0000A6 01                     236 	.db #0x01	; 1
      0000A7 00                     237 	.db #0x00	; 0
      0000A8 00                     238 	.db #0x00	; 0
      0000A9 00                     239 	.db #0x00	; 0
      0000AA 00                     240 	.db #0x00	; 0
      0000AB 00                     241 	.db #0x00	; 0
      0000AC 00                     242 	.db #0x00	; 0
      0000AD 00                     243 	.db #0x00	; 0
      0000AE F0                     244 	.db #0xf0	; 240
      0000AF F0                     245 	.db #0xf0	; 240
      0000B0 0C                     246 	.db #0x0c	; 12
      0000B1 FC                     247 	.db #0xfc	; 252
      0000B2 E2                     248 	.db #0xe2	; 226
      0000B3 1E                     249 	.db #0x1e	; 30
      0000B4 72                     250 	.db #0x72	; 114	'r'
      0000B5 8E                     251 	.db #0x8e	; 142
      0000B6 FA                     252 	.db #0xfa	; 250
      0000B7 06                     253 	.db #0x06	; 6
      0000B8 DA                     254 	.db #0xda	; 218
      0000B9 26                     255 	.db #0x26	; 38
      0000BA 4A                     256 	.db #0x4a	; 74	'J'
      0000BB B6                     257 	.db #0xb6	; 182
      0000BC 04                     258 	.db #0x04	; 4
      0000BD FC                     259 	.db #0xfc	; 252
      0000BE 84                     260 	.db #0x84	; 132
      0000BF FC                     261 	.db #0xfc	; 252
      0000C0 6E                     262 	.db #0x6e	; 110	'n'
      0000C1 7E                     263 	.db #0x7e	; 126
      0000C2 DC                     264 	.db #0xdc	; 220
      0000C3 1C                     265 	.db #0x1c	; 28
      0000C4 BA                     266 	.db #0xba	; 186
      0000C5 38                     267 	.db #0x38	; 56	'8'
      0000C6 D6                     268 	.db #0xd6	; 214
      0000C7 10                     269 	.db #0x10	; 16
      0000C8 00                     270 	.db #0x00	; 0
      0000C9 00                     271 	.db #0x00	; 0
      0000CA 00                     272 	.db #0x00	; 0
      0000CB 00                     273 	.db #0x00	; 0
      0000CC 01                     274 	.db #0x01	; 1
      0000CD 01                     275 	.db #0x01	; 1
      0000CE 06                     276 	.db #0x06	; 6
      0000CF 07                     277 	.db #0x07	; 7
      0000D0 39                     278 	.db #0x39	; 57	'9'
      0000D1 3E                     279 	.db #0x3e	; 62
      0000D2 70                     280 	.db #0x70	; 112	'p'
      0000D3 7F                     281 	.db #0x7f	; 127
      0000D4 F1                     282 	.db #0xf1	; 241
      0000D5 FE                     283 	.db #0xfe	; 254
      0000D6 F0                     284 	.db #0xf0	; 240
      0000D7 FF                     285 	.db #0xff	; 255
      0000D8 18                     286 	.db #0x18	; 24
      0000D9 1F                     287 	.db #0x1f	; 31
      0000DA 06                     288 	.db #0x06	; 6
      0000DB 07                     289 	.db #0x07	; 7
      0000DC 01                     290 	.db #0x01	; 1
      0000DD 01                     291 	.db #0x01	; 1
      0000DE 00                     292 	.db #0x00	; 0
      0000DF 00                     293 	.db #0x00	; 0
      0000E0 3F                     294 	.db #0x3f	; 63
      0000E1 00                     295 	.db #0x00	; 0
      0000E2 0F                     296 	.db #0x0f	; 15
      0000E3 00                     297 	.db #0x00	; 0
      0000E4 01                     298 	.db #0x01	; 1
      0000E5 00                     299 	.db #0x00	; 0
      0000E6 00                     300 	.db #0x00	; 0
      0000E7 00                     301 	.db #0x00	; 0
      0000E8 00                     302 	.db #0x00	; 0
      0000E9 00                     303 	.db #0x00	; 0
      0000EA 00                     304 	.db #0x00	; 0
      0000EB 00                     305 	.db #0x00	; 0
      0000EC F0                     306 	.db #0xf0	; 240
      0000ED F0                     307 	.db #0xf0	; 240
      0000EE 0C                     308 	.db #0x0c	; 12
      0000EF FC                     309 	.db #0xfc	; 252
      0000F0 E2                     310 	.db #0xe2	; 226
      0000F1 1E                     311 	.db #0x1e	; 30
      0000F2 72                     312 	.db #0x72	; 114	'r'
      0000F3 8E                     313 	.db #0x8e	; 142
      0000F4 FA                     314 	.db #0xfa	; 250
      0000F5 06                     315 	.db #0x06	; 6
      0000F6 DA                     316 	.db #0xda	; 218
      0000F7 26                     317 	.db #0x26	; 38
      0000F8 4A                     318 	.db #0x4a	; 74	'J'
      0000F9 B6                     319 	.db #0xb6	; 182
      0000FA 04                     320 	.db #0x04	; 4
      0000FB FC                     321 	.db #0xfc	; 252
      0000FC 84                     322 	.db #0x84	; 132
      0000FD FC                     323 	.db #0xfc	; 252
      0000FE 6E                     324 	.db #0x6e	; 110	'n'
      0000FF 7E                     325 	.db #0x7e	; 126
      000100 DC                     326 	.db #0xdc	; 220
      000101 1C                     327 	.db #0x1c	; 28
      000102 BA                     328 	.db #0xba	; 186
      000103 38                     329 	.db #0x38	; 56	'8'
      000104 D6                     330 	.db #0xd6	; 214
      000105 10                     331 	.db #0x10	; 16
      000106 FC                     332 	.db #0xfc	; 252
      000107 00                     333 	.db #0x00	; 0
      000108 00                     334 	.db #0x00	; 0
      000109 00                     335 	.db #0x00	; 0
      00010A 00                     336 	.db #0x00	; 0
      00010B 00                     337 	.db #0x00	; 0
      00010C 00                     338 	.db #0x00	; 0
      00010D 00                     339 	.db #0x00	; 0
      00010E 00                     340 	.db #0x00	; 0
      00010F 00                     341 	.db #0x00	; 0
      000110 03                     342 	.db #0x03	; 3
      000111 03                     343 	.db #0x03	; 3
      000112 2F                     344 	.db #0x2f	; 47
      000113 2C                     345 	.db #0x2c	; 44
      000114 7F                     346 	.db #0x7f	; 127
      000115 7B                     347 	.db #0x7b	; 123
      000116 FF                     348 	.db #0xff	; 255
      000117 F7                     349 	.db #0xf7	; 247
      000118 FF                     350 	.db #0xff	; 255
      000119 FF                     351 	.db #0xff	; 255
      00011A 1B                     352 	.db #0x1b	; 27
      00011B 1F                     353 	.db #0x1f	; 31
      00011C 06                     354 	.db #0x06	; 6
      00011D 07                     355 	.db #0x07	; 7
      00011E 01                     356 	.db #0x01	; 1
      00011F 01                     357 	.db #0x01	; 1
      000120 00                     358 	.db #0x00	; 0
      000121 00                     359 	.db #0x00	; 0
      000122 3F                     360 	.db #0x3f	; 63
      000123 00                     361 	.db #0x00	; 0
      000124 0F                     362 	.db #0x0f	; 15
      000125 00                     363 	.db #0x00	; 0
      000126 01                     364 	.db #0x01	; 1
      000127 00                     365 	.db #0x00	; 0
      000128 00                     366 	.db #0x00	; 0
      000129 00                     367 	.db #0x00	; 0
      00012A 00                     368 	.db #0x00	; 0
      00012B 00                     369 	.db #0x00	; 0
      00012C 00                     370 	.db #0x00	; 0
      00012D 00                     371 	.db #0x00	; 0
      00012E 00                     372 	.db #0x00	; 0
      00012F 00                     373 	.db #0x00	; 0
      000130 E0                     374 	.db #0xe0	; 224
      000131 E0                     375 	.db #0xe0	; 224
      000132 F0                     376 	.db #0xf0	; 240
      000133 10                     377 	.db #0x10	; 16
      000134 F8                     378 	.db #0xf8	; 248
      000135 E8                     379 	.db #0xe8	; 232
      000136 FC                     380 	.db #0xfc	; 252
      000137 F4                     381 	.db #0xf4	; 244
      000138 FC                     382 	.db #0xfc	; 252
      000139 F4                     383 	.db #0xf4	; 244
      00013A FC                     384 	.db #0xfc	; 252
      00013B F4                     385 	.db #0xf4	; 244
      00013C FC                     386 	.db #0xfc	; 252
      00013D F4                     387 	.db #0xf4	; 244
      00013E B8                     388 	.db #0xb8	; 184
      00013F E8                     389 	.db #0xe8	; 232
      000140 7E                     390 	.db #0x7e	; 126
      000141 7E                     391 	.db #0x7e	; 126
      000142 DC                     392 	.db #0xdc	; 220
      000143 1C                     393 	.db #0x1c	; 28
      000144 BA                     394 	.db #0xba	; 186
      000145 38                     395 	.db #0x38	; 56	'8'
      000146 D6                     396 	.db #0xd6	; 214
      000147 10                     397 	.db #0x10	; 16
      000148 00                     398 	.db #0x00	; 0
      000149 00                     399 	.db #0x00	; 0
      00014A 00                     400 	.db #0x00	; 0
      00014B 00                     401 	.db #0x00	; 0
      00014C 00                     402 	.db #0x00	; 0
      00014D 00                     403 	.db #0x00	; 0
      00014E 03                     404 	.db #0x03	; 3
      00014F 03                     405 	.db #0x03	; 3
      000150 2F                     406 	.db #0x2f	; 47
      000151 2C                     407 	.db #0x2c	; 44
      000152 7F                     408 	.db #0x7f	; 127
      000153 7B                     409 	.db #0x7b	; 123
      000154 FF                     410 	.db #0xff	; 255
      000155 F7                     411 	.db #0xf7	; 247
      000156 FF                     412 	.db #0xff	; 255
      000157 FF                     413 	.db #0xff	; 255
      000158 1B                     414 	.db #0x1b	; 27
      000159 1F                     415 	.db #0x1f	; 31
      00015A 06                     416 	.db #0x06	; 6
      00015B 07                     417 	.db #0x07	; 7
      00015C 01                     418 	.db #0x01	; 1
      00015D 01                     419 	.db #0x01	; 1
      00015E 00                     420 	.db #0x00	; 0
      00015F 00                     421 	.db #0x00	; 0
      000160 3F                     422 	.db #0x3f	; 63
      000161 00                     423 	.db #0x00	; 0
      000162 0F                     424 	.db #0x0f	; 15
      000163 00                     425 	.db #0x00	; 0
      000164 01                     426 	.db #0x01	; 1
      000165 00                     427 	.db #0x00	; 0
      000166 00                     428 	.db #0x00	; 0
      000167 00                     429 	.db #0x00	; 0
      000168 00                     430 	.db #0x00	; 0
      000169 00                     431 	.db #0x00	; 0
      00016A 00                     432 	.db #0x00	; 0
      00016B 00                     433 	.db #0x00	; 0
      00016C 00                     434 	.db #0x00	; 0
      00016D 00                     435 	.db #0x00	; 0
      00016E E0                     436 	.db #0xe0	; 224
      00016F E0                     437 	.db #0xe0	; 224
      000170 F0                     438 	.db #0xf0	; 240
      000171 10                     439 	.db #0x10	; 16
      000172 F8                     440 	.db #0xf8	; 248
      000173 E8                     441 	.db #0xe8	; 232
      000174 FC                     442 	.db #0xfc	; 252
      000175 F4                     443 	.db #0xf4	; 244
      000176 FC                     444 	.db #0xfc	; 252
      000177 F4                     445 	.db #0xf4	; 244
      000178 FC                     446 	.db #0xfc	; 252
      000179 F4                     447 	.db #0xf4	; 244
      00017A FC                     448 	.db #0xfc	; 252
      00017B F4                     449 	.db #0xf4	; 244
      00017C B8                     450 	.db #0xb8	; 184
      00017D E8                     451 	.db #0xe8	; 232
      00017E 7E                     452 	.db #0x7e	; 126
      00017F 7E                     453 	.db #0x7e	; 126
      000180 DC                     454 	.db #0xdc	; 220
      000181 1C                     455 	.db #0x1c	; 28
      000182 BA                     456 	.db #0xba	; 186
      000183 38                     457 	.db #0x38	; 56	'8'
      000184 D6                     458 	.db #0xd6	; 214
      000185 10                     459 	.db #0x10	; 16
      000186 FC                     460 	.db #0xfc	; 252
      000187 00                     461 	.db #0x00	; 0
      000188 00                     462 	.db #0x00	; 0
      000189 00                     463 	.db #0x00	; 0
      00018A 00                     464 	.db #0x00	; 0
      00018B 00                     465 	.db #0x00	; 0
      00018C 00                     466 	.db #0x00	; 0
      00018D 00                     467 	.db #0x00	; 0
      00018E 00                     468 	.db #0x00	; 0
      00018F 00                     469 	.db #0x00	; 0
      000190 00                     470 	.db #0x00	; 0
      000191 00                     471 	.db #0x00	; 0
      000192 00                     472 	.db #0x00	; 0
      000193 00                     473 	.db #0x00	; 0
      000194 01                     474 	.db #0x01	; 1
      000195 01                     475 	.db #0x01	; 1
      000196 03                     476 	.db #0x03	; 3
      000197 03                     477 	.db #0x03	; 3
      000198 0F                     478 	.db #0x0f	; 15
      000199 0F                     479 	.db #0x0f	; 15
      00019A 02                     480 	.db #0x02	; 2
      00019B 03                     481 	.db #0x03	; 3
      00019C 04                     482 	.db #0x04	; 4
      00019D 07                     483 	.db #0x07	; 7
      00019E 01                     484 	.db #0x01	; 1
      00019F 07                     485 	.db #0x07	; 7
      0001A0 03                     486 	.db #0x03	; 3
      0001A1 0F                     487 	.db #0x0f	; 15
      0001A2 1F                     488 	.db #0x1f	; 31
      0001A3 1D                     489 	.db #0x1d	; 29
      0001A4 1B                     490 	.db #0x1b	; 27
      0001A5 03                     491 	.db #0x03	; 3
      0001A6 0D                     492 	.db #0x0d	; 13
      0001A7 01                     493 	.db #0x01	; 1
      0001A8 00                     494 	.db #0x00	; 0
      0001A9 00                     495 	.db #0x00	; 0
      0001AA 00                     496 	.db #0x00	; 0
      0001AB 00                     497 	.db #0x00	; 0
      0001AC 00                     498 	.db #0x00	; 0
      0001AD 00                     499 	.db #0x00	; 0
      0001AE 38                     500 	.db #0x38	; 56	'8'
      0001AF 38                     501 	.db #0x38	; 56	'8'
      0001B0 7C                     502 	.db #0x7c	; 124
      0001B1 7C                     503 	.db #0x7c	; 124
      0001B2 F0                     504 	.db #0xf0	; 240
      0001B3 FC                     505 	.db #0xfc	; 252
      0001B4 C4                     506 	.db #0xc4	; 196
      0001B5 F8                     507 	.db #0xf8	; 248
      0001B6 BC                     508 	.db #0xbc	; 188
      0001B7 C0                     509 	.db #0xc0	; 192
      0001B8 1C                     510 	.db #0x1c	; 28
      0001B9 E0                     511 	.db #0xe0	; 224
      0001BA 04                     512 	.db #0x04	; 4
      0001BB F8                     513 	.db #0xf8	; 248
      0001BC 0C                     514 	.db #0x0c	; 12
      0001BD F0                     515 	.db #0xf0	; 240
      0001BE C0                     516 	.db #0xc0	; 192
      0001BF 7C                     517 	.db #0x7c	; 124
      0001C0 E4                     518 	.db #0xe4	; 228
      0001C1 FC                     519 	.db #0xfc	; 252
      0001C2 F8                     520 	.db #0xf8	; 248
      0001C3 D8                     521 	.db #0xd8	; 216
      0001C4 EC                     522 	.db #0xec	; 236
      0001C5 E0                     523 	.db #0xe0	; 224
      0001C6 D8                     524 	.db #0xd8	; 216
      0001C7 40                     525 	.db #0x40	; 64
                           0001C8   526 G$biga_metasprite0$0_0$0 == .
      0001C8                        527 _biga_metasprite0:
      0001C8 80                     528 	.db #0x80	; -128
      0001C9 00                     529 	.db #0x00	;  0
      0001CA 00                     530 	.db #0x00	; 0
      0001CB 00                     531 	.db #0x00	; 0
                           0001CC   532 G$biga_metasprite1$0_0$0 == .
      0001CC                        533 _biga_metasprite1:
      0001CC F8                     534 	.db #0xf8	; -8
      0001CD FC                     535 	.db #0xfc	; -4
      0001CE 00                     536 	.db #0x00	; 0
      0001CF 00                     537 	.db #0x00	; 0
      0001D0 00                     538 	.db #0x00	;  0
      0001D1 08                     539 	.db #0x08	;  8
      0001D2 02                     540 	.db #0x02	; 2
      0001D3 00                     541 	.db #0x00	; 0
      0001D4 80                     542 	.db #0x80	; -128
      0001D5 00                     543 	.db #0x00	;  0
      0001D6 00                     544 	.db #0x00	; 0
      0001D7 00                     545 	.db #0x00	; 0
                           0001D8   546 G$biga_metasprite2$0_0$0 == .
      0001D8                        547 _biga_metasprite2:
      0001D8 F8                     548 	.db #0xf8	; -8
      0001D9 FC                     549 	.db #0xfc	; -4
      0001DA 04                     550 	.db #0x04	; 4
      0001DB 00                     551 	.db #0x00	; 0
      0001DC 00                     552 	.db #0x00	;  0
      0001DD 08                     553 	.db #0x08	;  8
      0001DE 06                     554 	.db #0x06	; 6
      0001DF 00                     555 	.db #0x00	; 0
      0001E0 80                     556 	.db #0x80	; -128
      0001E1 00                     557 	.db #0x00	;  0
      0001E2 00                     558 	.db #0x00	; 0
      0001E3 00                     559 	.db #0x00	; 0
                           0001E4   560 G$biga_metasprite3$0_0$0 == .
      0001E4                        561 _biga_metasprite3:
      0001E4 F8                     562 	.db #0xf8	; -8
      0001E5 FC                     563 	.db #0xfc	; -4
      0001E6 08                     564 	.db #0x08	; 8
      0001E7 00                     565 	.db #0x00	; 0
      0001E8 00                     566 	.db #0x00	;  0
      0001E9 08                     567 	.db #0x08	;  8
      0001EA 0A                     568 	.db #0x0a	; 10
      0001EB 00                     569 	.db #0x00	; 0
      0001EC 80                     570 	.db #0x80	; -128
      0001ED 00                     571 	.db #0x00	;  0
      0001EE 00                     572 	.db #0x00	; 0
      0001EF 00                     573 	.db #0x00	; 0
                           0001F0   574 G$biga_metasprite4$0_0$0 == .
      0001F0                        575 _biga_metasprite4:
      0001F0 F8                     576 	.db #0xf8	; -8
      0001F1 FC                     577 	.db #0xfc	; -4
      0001F2 0C                     578 	.db #0x0c	; 12
      0001F3 00                     579 	.db #0x00	; 0
      0001F4 00                     580 	.db #0x00	;  0
      0001F5 08                     581 	.db #0x08	;  8
      0001F6 0E                     582 	.db #0x0e	; 14
      0001F7 00                     583 	.db #0x00	; 0
      0001F8 80                     584 	.db #0x80	; -128
      0001F9 00                     585 	.db #0x00	;  0
      0001FA 00                     586 	.db #0x00	; 0
      0001FB 00                     587 	.db #0x00	; 0
                           0001FC   588 G$biga_metasprite5$0_0$0 == .
      0001FC                        589 _biga_metasprite5:
      0001FC F8                     590 	.db #0xf8	; -8
      0001FD FC                     591 	.db #0xfc	; -4
      0001FE 10                     592 	.db #0x10	; 16
      0001FF 00                     593 	.db #0x00	; 0
      000200 00                     594 	.db #0x00	;  0
      000201 08                     595 	.db #0x08	;  8
      000202 12                     596 	.db #0x12	; 18
      000203 00                     597 	.db #0x00	; 0
      000204 80                     598 	.db #0x80	; -128
      000205 00                     599 	.db #0x00	;  0
      000206 00                     600 	.db #0x00	; 0
      000207 00                     601 	.db #0x00	; 0
                           000208   602 G$biga_metasprite6$0_0$0 == .
      000208                        603 _biga_metasprite6:
      000208 F8                     604 	.db #0xf8	; -8
      000209 FC                     605 	.db #0xfc	; -4
      00020A 14                     606 	.db #0x14	; 20
      00020B 00                     607 	.db #0x00	; 0
      00020C 00                     608 	.db #0x00	;  0
      00020D 08                     609 	.db #0x08	;  8
      00020E 16                     610 	.db #0x16	; 22
      00020F 00                     611 	.db #0x00	; 0
      000210 80                     612 	.db #0x80	; -128
      000211 00                     613 	.db #0x00	;  0
      000212 00                     614 	.db #0x00	; 0
      000213 00                     615 	.db #0x00	; 0
                           000214   616 G$biga_metasprite7$0_0$0 == .
      000214                        617 _biga_metasprite7:
      000214 F8                     618 	.db #0xf8	; -8
      000215 FC                     619 	.db #0xfc	; -4
      000216 18                     620 	.db #0x18	; 24
      000217 00                     621 	.db #0x00	; 0
      000218 00                     622 	.db #0x00	;  0
      000219 08                     623 	.db #0x08	;  8
      00021A 1A                     624 	.db #0x1a	; 26
      00021B 00                     625 	.db #0x00	; 0
      00021C 80                     626 	.db #0x80	; -128
      00021D 00                     627 	.db #0x00	;  0
      00021E 00                     628 	.db #0x00	; 0
      00021F 00                     629 	.db #0x00	; 0
                           000220   630 G$biga_metasprites$0_0$0 == .
      000220                        631 _biga_metasprites:
      000220rC8r01                  632 	.dw _biga_metasprite0
      000222rCCr01                  633 	.dw _biga_metasprite1
      000224rD8r01                  634 	.dw _biga_metasprite2
      000226rE4r01                  635 	.dw _biga_metasprite3
      000228rF0r01                  636 	.dw _biga_metasprite4
      00022ArFCr01                  637 	.dw _biga_metasprite5
      00022Cr08r02                  638 	.dw _biga_metasprite6
      00022Er14r02                  639 	.dw _biga_metasprite7
                           000230   640 G$biga$0_0$0 == .
      000230                        641 _biga:
      000230 08                     642 	.db #0x08	; 8
      000231 08                     643 	.db #0x08	; 8
      000232 1C                     644 	.db #0x1c	; 28
      000233r08r00                  645 	.dw _biga_tiles
      000235 01                     646 	.db #0x01	; 1
      000236r00r00                  647 	.dw _biga_palettes
      000238 08                     648 	.db #0x08	; 8
      000239r20r02                  649 	.dw _biga_metasprites
                                    650 	.area _INITIALIZER
                                    651 	.area _CABS (ABS)
