                                      1 ;--------------------------------------------------------
                                      2 ; File Created by SDCC : free open source ISO C Compiler 
                                      3 ; Version 4.3.2 #14228 (MINGW64)
                                      4 ;--------------------------------------------------------
                                      5 	.module camera_gbr
                                      6 	.optsdcc -msm83
                                      7 	
                                      8 ;--------------------------------------------------------
                                      9 ; Public variables in this module
                                     10 ;--------------------------------------------------------
                                     11 	.globl _camera
                                     12 	.globl _camera_metasprites
                                     13 	.globl _camera_metasprite1
                                     14 	.globl _camera_metasprite0
                                     15 	.globl _camera_tiles
                                     16 	.globl _camera_palettes
                                     17 	.globl b___func_camera
                                     18 	.globl ___func_camera
                                     19 ;--------------------------------------------------------
                                     20 ; special function registers
                                     21 ;--------------------------------------------------------
                                     22 ;--------------------------------------------------------
                                     23 ; ram data
                                     24 ;--------------------------------------------------------
                                     25 	.area _DATA
                                     26 ;--------------------------------------------------------
                                     27 ; ram data
                                     28 ;--------------------------------------------------------
                                     29 	.area _INITIALIZED
                                     30 ;--------------------------------------------------------
                                     31 ; absolute external ram data
                                     32 ;--------------------------------------------------------
                                     33 	.area _DABS (ABS)
                                     34 ;--------------------------------------------------------
                                     35 ; global & static initialisations
                                     36 ;--------------------------------------------------------
                                     37 	.area _HOME
                                     38 	.area _GSINIT
                                     39 	.area _GSFINAL
                                     40 	.area _GSINIT
                                     41 ;--------------------------------------------------------
                                     42 ; Home
                                     43 ;--------------------------------------------------------
                                     44 	.area _HOME
                                     45 	.area _HOME
                                     46 ;--------------------------------------------------------
                                     47 ; code
                                     48 ;--------------------------------------------------------
                                     49 	.area _CODE_255
                           000000    50 	G$__func_camera$0$0	= .
                                     51 	.globl	G$__func_camera$0$0
                           000000    52 	C$camera.gbr.c$9$0_0$161	= .
                                     53 	.globl	C$camera.gbr.c$9$0_0$161
                                     54 ;../Dbg/res/sprites/camera.gbr.c:9: BANKREF(camera)
                                     55 ;	---------------------------------
                                     56 ; Function __func_camera
                                     57 ; ---------------------------------
                           0000FF    58 	b___func_camera	= 255
      000000                         59 ___func_camera::
                                     60 	.local b___func_camera 
                           0000FF    61 	___bank_camera = b___func_camera 
                                     62 	.globl ___bank_camera 
                                     63 	.area _CODE_255
                           000000    64 G$camera_palettes$0_0$0 == .
      000000                         65 _camera_palettes:
      000000 FF 7F                   66 	.dw #0x7fff
      000002 B5 56                   67 	.dw #0x56b5
      000004 4A 29                   68 	.dw #0x294a
      000006 00 00                   69 	.dw #0x0000
                           000008    70 G$camera_tiles$0_0$0 == .
      000008                         71 _camera_tiles:
      000008 C3                      72 	.db #0xc3	; 195
      000009 C3                      73 	.db #0xc3	; 195
      00000A 81                      74 	.db #0x81	; 129
      00000B 81                      75 	.db #0x81	; 129
      00000C 00                      76 	.db #0x00	; 0
      00000D 00                      77 	.db #0x00	; 0
      00000E 00                      78 	.db #0x00	; 0
      00000F 00                      79 	.db #0x00	; 0
      000010 00                      80 	.db #0x00	; 0
      000011 00                      81 	.db #0x00	; 0
      000012 00                      82 	.db #0x00	; 0
      000013 00                      83 	.db #0x00	; 0
      000014 81                      84 	.db #0x81	; 129
      000015 81                      85 	.db #0x81	; 129
      000016 C3                      86 	.db #0xc3	; 195
      000017 C3                      87 	.db #0xc3	; 195
      000018 00                      88 	.db #0x00	; 0
      000019 00                      89 	.db #0x00	; 0
      00001A 00                      90 	.db #0x00	; 0
      00001B 00                      91 	.db #0x00	; 0
      00001C 00                      92 	.db #0x00	; 0
      00001D 00                      93 	.db #0x00	; 0
      00001E 00                      94 	.db #0x00	; 0
      00001F 00                      95 	.db #0x00	; 0
      000020 00                      96 	.db #0x00	; 0
      000021 00                      97 	.db #0x00	; 0
      000022 00                      98 	.db #0x00	; 0
      000023 00                      99 	.db #0x00	; 0
      000024 00                     100 	.db #0x00	; 0
      000025 00                     101 	.db #0x00	; 0
      000026 00                     102 	.db #0x00	; 0
      000027 00                     103 	.db #0x00	; 0
                           000028   104 G$camera_metasprite0$0_0$0 == .
      000028                        105 _camera_metasprite0:
      000028 80                     106 	.db #0x80	; -128
      000029 00                     107 	.db #0x00	;  0
      00002A 00                     108 	.db #0x00	; 0
      00002B 00                     109 	.db #0x00	; 0
                           00002C   110 G$camera_metasprite1$0_0$0 == .
      00002C                        111 _camera_metasprite1:
      00002C 00                     112 	.db #0x00	;  0
      00002D 00                     113 	.db #0x00	;  0
      00002E 00                     114 	.db #0x00	; 0
      00002F 00                     115 	.db #0x00	; 0
      000030 80                     116 	.db #0x80	; -128
      000031 00                     117 	.db #0x00	;  0
      000032 00                     118 	.db #0x00	; 0
      000033 00                     119 	.db #0x00	; 0
                           000034   120 G$camera_metasprites$0_0$0 == .
      000034                        121 _camera_metasprites:
      000034r28r00                  122 	.dw _camera_metasprite0
      000036r2Cr00                  123 	.dw _camera_metasprite1
                           000038   124 G$camera$0_0$0 == .
      000038                        125 _camera:
      000038 08                     126 	.db #0x08	; 8
      000039 10                     127 	.db #0x10	; 16
      00003A 02                     128 	.db #0x02	; 2
      00003Br08r00                  129 	.dw _camera_tiles
      00003D 01                     130 	.db #0x01	; 1
      00003Er00r00                  131 	.dw _camera_palettes
      000040 02                     132 	.db #0x02	; 2
      000041r34r00                  133 	.dw _camera_metasprites
                                    134 	.area _INITIALIZER
                                    135 	.area _CABS (ABS)
