                                      1 ;--------------------------------------------------------
                                      2 ; File Created by SDCC : free open source ISO C Compiler 
                                      3 ; Version 4.3.2 #14228 (MINGW64)
                                      4 ;--------------------------------------------------------
                                      5 	.module fire_gbr
                                      6 	.optsdcc -msm83
                                      7 	
                                      8 ;--------------------------------------------------------
                                      9 ; Public variables in this module
                                     10 ;--------------------------------------------------------
                                     11 	.globl _fire
                                     12 	.globl _fire_metasprites
                                     13 	.globl _fire_metasprite7
                                     14 	.globl _fire_metasprite6
                                     15 	.globl _fire_metasprite5
                                     16 	.globl _fire_metasprite4
                                     17 	.globl _fire_metasprite3
                                     18 	.globl _fire_metasprite2
                                     19 	.globl _fire_metasprite1
                                     20 	.globl _fire_metasprite0
                                     21 	.globl _fire_tiles
                                     22 	.globl _fire_palettes
                                     23 	.globl b___func_fire
                                     24 	.globl ___func_fire
                                     25 ;--------------------------------------------------------
                                     26 ; special function registers
                                     27 ;--------------------------------------------------------
                                     28 ;--------------------------------------------------------
                                     29 ; ram data
                                     30 ;--------------------------------------------------------
                                     31 	.area _DATA
                                     32 ;--------------------------------------------------------
                                     33 ; ram data
                                     34 ;--------------------------------------------------------
                                     35 	.area _INITIALIZED
                                     36 ;--------------------------------------------------------
                                     37 ; absolute external ram data
                                     38 ;--------------------------------------------------------
                                     39 	.area _DABS (ABS)
                                     40 ;--------------------------------------------------------
                                     41 ; global & static initialisations
                                     42 ;--------------------------------------------------------
                                     43 	.area _HOME
                                     44 	.area _GSINIT
                                     45 	.area _GSFINAL
                                     46 	.area _GSINIT
                                     47 ;--------------------------------------------------------
                                     48 ; Home
                                     49 ;--------------------------------------------------------
                                     50 	.area _HOME
                                     51 	.area _HOME
                                     52 ;--------------------------------------------------------
                                     53 ; code
                                     54 ;--------------------------------------------------------
                                     55 	.area _CODE_255
                           000000    56 	G$__func_fire$0$0	= .
                                     57 	.globl	G$__func_fire$0$0
                           000000    58 	C$fire.gbr.c$9$0_0$161	= .
                                     59 	.globl	C$fire.gbr.c$9$0_0$161
                                     60 ;../Dbg/res/sprites/fire.gbr.c:9: BANKREF(fire)
                                     61 ;	---------------------------------
                                     62 ; Function __func_fire
                                     63 ; ---------------------------------
                           0000FF    64 	b___func_fire	= 255
      000000                         65 ___func_fire::
                                     66 	.local b___func_fire 
                           0000FF    67 	___bank_fire = b___func_fire 
                                     68 	.globl ___bank_fire 
                                     69 	.area _CODE_255
                           000000    70 G$fire_palettes$0_0$0 == .
      000000                         71 _fire_palettes:
      000000 FF 7F                   72 	.dw #0x7fff
      000002 18 63                   73 	.dw #0x6318
      000004 10 42                   74 	.dw #0x4210
      000006 00 00                   75 	.dw #0x0000
      000008 FF 7F                   76 	.dw #0x7fff
      00000A 9F 02                   77 	.dw #0x029f
      00000C 1F 01                   78 	.dw #0x011f
      00000E 00 00                   79 	.dw #0x0000
                           000010    80 G$fire_tiles$0_0$0 == .
      000010                         81 _fire_tiles:
      000010 04                      82 	.db #0x04	; 4
      000011 04                      83 	.db #0x04	; 4
      000012 0C                      84 	.db #0x0c	; 12
      000013 0C                      85 	.db #0x0c	; 12
      000014 0C                      86 	.db #0x0c	; 12
      000015 0C                      87 	.db #0x0c	; 12
      000016 0F                      88 	.db #0x0f	; 15
      000017 0F                      89 	.db #0x0f	; 15
      000018 5F                      90 	.db #0x5f	; 95
      000019 5F                      91 	.db #0x5f	; 95
      00001A 1B                      92 	.db #0x1b	; 27
      00001B 1F                      93 	.db #0x1f	; 31
      00001C 3B                      94 	.db #0x3b	; 59
      00001D 3F                      95 	.db #0x3f	; 63
      00001E 73                      96 	.db #0x73	; 115	's'
      00001F 7F                      97 	.db #0x7f	; 127
      000020 71                      98 	.db #0x71	; 113	'q'
      000021 7F                      99 	.db #0x7f	; 127
      000022 78                     100 	.db #0x78	; 120	'x'
      000023 77                     101 	.db #0x77	; 119	'w'
      000024 FF                     102 	.db #0xff	; 255
      000025 F0                     103 	.db #0xf0	; 240
      000026 FC                     104 	.db #0xfc	; 252
      000027 E0                     105 	.db #0xe0	; 224
      000028 7C                     106 	.db #0x7c	; 124
      000029 60                     107 	.db #0x60	; 96
      00002A 78                     108 	.db #0x78	; 120	'x'
      00002B 70                     109 	.db #0x70	; 112	'p'
      00002C 30                     110 	.db #0x30	; 48	'0'
      00002D 38                     111 	.db #0x38	; 56	'8'
      00002E 00                     112 	.db #0x00	; 0
      00002F 00                     113 	.db #0x00	; 0
      000030 00                     114 	.db #0x00	; 0
      000031 00                     115 	.db #0x00	; 0
      000032 40                     116 	.db #0x40	; 64
      000033 40                     117 	.db #0x40	; 64
      000034 C0                     118 	.db #0xc0	; 192
      000035 C0                     119 	.db #0xc0	; 192
      000036 C0                     120 	.db #0xc0	; 192
      000037 C0                     121 	.db #0xc0	; 192
      000038 D0                     122 	.db #0xd0	; 208
      000039 D0                     123 	.db #0xd0	; 208
      00003A F0                     124 	.db #0xf0	; 240
      00003B F0                     125 	.db #0xf0	; 240
      00003C F8                     126 	.db #0xf8	; 248
      00003D F8                     127 	.db #0xf8	; 248
      00003E 78                     128 	.db #0x78	; 120	'x'
      00003F F8                     129 	.db #0xf8	; 248
      000040 58                     130 	.db #0x58	; 88	'X'
      000041 F8                     131 	.db #0xf8	; 248
      000042 78                     132 	.db #0x78	; 120	'x'
      000043 F8                     133 	.db #0xf8	; 248
      000044 B8                     134 	.db #0xb8	; 184
      000045 78                     135 	.db #0x78	; 120	'x'
      000046 D0                     136 	.db #0xd0	; 208
      000047 30                     137 	.db #0x30	; 48	'0'
      000048 70                     138 	.db #0x70	; 112	'p'
      000049 30                     139 	.db #0x30	; 48	'0'
      00004A F0                     140 	.db #0xf0	; 240
      00004B 30                     141 	.db #0x30	; 48	'0'
      00004C 60                     142 	.db #0x60	; 96
      00004D 20                     143 	.db #0x20	; 32
      00004E 00                     144 	.db #0x00	; 0
      00004F 00                     145 	.db #0x00	; 0
      000050 01                     146 	.db #0x01	; 1
      000051 01                     147 	.db #0x01	; 1
      000052 05                     148 	.db #0x05	; 5
      000053 05                     149 	.db #0x05	; 5
      000054 2D                     150 	.db #0x2d	; 45
      000055 2D                     151 	.db #0x2d	; 45
      000056 0F                     152 	.db #0x0f	; 15
      000057 0F                     153 	.db #0x0f	; 15
      000058 0B                     154 	.db #0x0b	; 11
      000059 0F                     155 	.db #0x0f	; 15
      00005A 4B                     156 	.db #0x4b	; 75	'K'
      00005B 4F                     157 	.db #0x4f	; 79	'O'
      00005C 7F                     158 	.db #0x7f	; 127
      00005D 7F                     159 	.db #0x7f	; 127
      00005E 7F                     160 	.db #0x7f	; 127
      00005F 7F                     161 	.db #0x7f	; 127
      000060 FD                     162 	.db #0xfd	; 253
      000061 FF                     163 	.db #0xff	; 255
      000062 F8                     164 	.db #0xf8	; 248
      000063 FF                     165 	.db #0xff	; 255
      000064 F3                     166 	.db #0xf3	; 243
      000065 FC                     167 	.db #0xfc	; 252
      000066 64                     168 	.db #0x64	; 100	'd'
      000067 78                     169 	.db #0x78	; 120	'x'
      000068 6C                     170 	.db #0x6c	; 108	'l'
      000069 70                     171 	.db #0x70	; 112	'p'
      00006A 38                     172 	.db #0x38	; 56	'8'
      00006B 30                     173 	.db #0x30	; 48	'0'
      00006C 74                     174 	.db #0x74	; 116	't'
      00006D 78                     175 	.db #0x78	; 120	'x'
      00006E 00                     176 	.db #0x00	; 0
      00006F 00                     177 	.db #0x00	; 0
      000070 00                     178 	.db #0x00	; 0
      000071 00                     179 	.db #0x00	; 0
      000072 80                     180 	.db #0x80	; 128
      000073 80                     181 	.db #0x80	; 128
      000074 90                     182 	.db #0x90	; 144
      000075 90                     183 	.db #0x90	; 144
      000076 D0                     184 	.db #0xd0	; 208
      000077 D0                     185 	.db #0xd0	; 208
      000078 C0                     186 	.db #0xc0	; 192
      000079 C0                     187 	.db #0xc0	; 192
      00007A F0                     188 	.db #0xf0	; 240
      00007B F0                     189 	.db #0xf0	; 240
      00007C D8                     190 	.db #0xd8	; 216
      00007D F8                     191 	.db #0xf8	; 248
      00007E 78                     192 	.db #0x78	; 120	'x'
      00007F F8                     193 	.db #0xf8	; 248
      000080 78                     194 	.db #0x78	; 120	'x'
      000081 F8                     195 	.db #0xf8	; 248
      000082 78                     196 	.db #0x78	; 120	'x'
      000083 F8                     197 	.db #0xf8	; 248
      000084 38                     198 	.db #0x38	; 56	'8'
      000085 F8                     199 	.db #0xf8	; 248
      000086 98                     200 	.db #0x98	; 152
      000087 78                     201 	.db #0x78	; 120	'x'
      000088 70                     202 	.db #0x70	; 112	'p'
      000089 30                     203 	.db #0x30	; 48	'0'
      00008A 70                     204 	.db #0x70	; 112	'p'
      00008B 30                     205 	.db #0x30	; 48	'0'
      00008C E0                     206 	.db #0xe0	; 224
      00008D 20                     207 	.db #0x20	; 32
      00008E 00                     208 	.db #0x00	; 0
      00008F 00                     209 	.db #0x00	; 0
      000090 08                     210 	.db #0x08	; 8
      000091 08                     211 	.db #0x08	; 8
      000092 08                     212 	.db #0x08	; 8
      000093 08                     213 	.db #0x08	; 8
      000094 49                     214 	.db #0x49	; 73	'I'
      000095 49                     215 	.db #0x49	; 73	'I'
      000096 0D                     216 	.db #0x0d	; 13
      000097 0D                     217 	.db #0x0d	; 13
      000098 1F                     218 	.db #0x1f	; 31
      000099 1F                     219 	.db #0x1f	; 31
      00009A 5E                     220 	.db #0x5e	; 94
      00009B 5F                     221 	.db #0x5f	; 95
      00009C 7E                     222 	.db #0x7e	; 126
      00009D 7F                     223 	.db #0x7f	; 127
      00009E 76                     224 	.db #0x76	; 118	'v'
      00009F 7F                     225 	.db #0x7f	; 127
      0000A0 F6                     226 	.db #0xf6	; 246
      0000A1 FF                     227 	.db #0xff	; 255
      0000A2 F4                     228 	.db #0xf4	; 244
      0000A3 FF                     229 	.db #0xff	; 255
      0000A4 70                     230 	.db #0x70	; 112	'p'
      0000A5 7F                     231 	.db #0x7f	; 127
      0000A6 60                     232 	.db #0x60	; 96
      0000A7 7C                     233 	.db #0x7c	; 124
      0000A8 20                     234 	.db #0x20	; 32
      0000A9 3C                     235 	.db #0x3c	; 60
      0000AA 30                     236 	.db #0x30	; 48	'0'
      0000AB 38                     237 	.db #0x38	; 56	'8'
      0000AC 10                     238 	.db #0x10	; 16
      0000AD 1C                     239 	.db #0x1c	; 28
      0000AE 00                     240 	.db #0x00	; 0
      0000AF 00                     241 	.db #0x00	; 0
      0000B0 00                     242 	.db #0x00	; 0
      0000B1 00                     243 	.db #0x00	; 0
      0000B2 90                     244 	.db #0x90	; 144
      0000B3 90                     245 	.db #0x90	; 144
      0000B4 80                     246 	.db #0x80	; 128
      0000B5 80                     247 	.db #0x80	; 128
      0000B6 D0                     248 	.db #0xd0	; 208
      0000B7 D0                     249 	.db #0xd0	; 208
      0000B8 D0                     250 	.db #0xd0	; 208
      0000B9 D0                     251 	.db #0xd0	; 208
      0000BA D8                     252 	.db #0xd8	; 216
      0000BB D8                     253 	.db #0xd8	; 216
      0000BC D8                     254 	.db #0xd8	; 216
      0000BD D8                     255 	.db #0xd8	; 216
      0000BE F8                     256 	.db #0xf8	; 248
      0000BF F8                     257 	.db #0xf8	; 248
      0000C0 F8                     258 	.db #0xf8	; 248
      0000C1 F8                     259 	.db #0xf8	; 248
      0000C2 98                     260 	.db #0x98	; 152
      0000C3 F8                     261 	.db #0xf8	; 248
      0000C4 18                     262 	.db #0x18	; 24
      0000C5 F8                     263 	.db #0xf8	; 248
      0000C6 10                     264 	.db #0x10	; 16
      0000C7 F0                     265 	.db #0xf0	; 240
      0000C8 30                     266 	.db #0x30	; 48	'0'
      0000C9 70                     267 	.db #0x70	; 112	'p'
      0000CA 30                     268 	.db #0x30	; 48	'0'
      0000CB 70                     269 	.db #0x70	; 112	'p'
      0000CC 20                     270 	.db #0x20	; 32
      0000CD E0                     271 	.db #0xe0	; 224
      0000CE 00                     272 	.db #0x00	; 0
      0000CF 00                     273 	.db #0x00	; 0
      0000D0 01                     274 	.db #0x01	; 1
      0000D1 01                     275 	.db #0x01	; 1
      0000D2 01                     276 	.db #0x01	; 1
      0000D3 01                     277 	.db #0x01	; 1
      0000D4 09                     278 	.db #0x09	; 9
      0000D5 09                     279 	.db #0x09	; 9
      0000D6 0B                     280 	.db #0x0b	; 11
      0000D7 0B                     281 	.db #0x0b	; 11
      0000D8 9B                     282 	.db #0x9b	; 155
      0000D9 9B                     283 	.db #0x9b	; 155
      0000DA 9B                     284 	.db #0x9b	; 155
      0000DB 9B                     285 	.db #0x9b	; 155
      0000DC 3F                     286 	.db #0x3f	; 63
      0000DD 3F                     287 	.db #0x3f	; 63
      0000DE 3E                     288 	.db #0x3e	; 62
      0000DF 3F                     289 	.db #0x3f	; 63
      0000E0 BC                     290 	.db #0xbc	; 188
      0000E1 BF                     291 	.db #0xbf	; 191
      0000E2 F4                     292 	.db #0xf4	; 244
      0000E3 FF                     293 	.db #0xff	; 255
      0000E4 E0                     294 	.db #0xe0	; 224
      0000E5 FF                     295 	.db #0xff	; 255
      0000E6 E0                     296 	.db #0xe0	; 224
      0000E7 FE                     297 	.db #0xfe	; 254
      0000E8 60                     298 	.db #0x60	; 96
      0000E9 7C                     299 	.db #0x7c	; 124
      0000EA 30                     300 	.db #0x30	; 48	'0'
      0000EB 38                     301 	.db #0x38	; 56	'8'
      0000EC 30                     302 	.db #0x30	; 48	'0'
      0000ED 3C                     303 	.db #0x3c	; 60
      0000EE 00                     304 	.db #0x00	; 0
      0000EF 00                     305 	.db #0x00	; 0
      0000F0 00                     306 	.db #0x00	; 0
      0000F1 00                     307 	.db #0x00	; 0
      0000F2 00                     308 	.db #0x00	; 0
      0000F3 00                     309 	.db #0x00	; 0
      0000F4 80                     310 	.db #0x80	; 128
      0000F5 80                     311 	.db #0x80	; 128
      0000F6 80                     312 	.db #0x80	; 128
      0000F7 80                     313 	.db #0x80	; 128
      0000F8 80                     314 	.db #0x80	; 128
      0000F9 80                     315 	.db #0x80	; 128
      0000FA D0                     316 	.db #0xd0	; 208
      0000FB D0                     317 	.db #0xd0	; 208
      0000FC C0                     318 	.db #0xc0	; 192
      0000FD C0                     319 	.db #0xc0	; 192
      0000FE D0                     320 	.db #0xd0	; 208
      0000FF D0                     321 	.db #0xd0	; 208
      000100 D0                     322 	.db #0xd0	; 208
      000101 D0                     323 	.db #0xd0	; 208
      000102 F8                     324 	.db #0xf8	; 248
      000103 F8                     325 	.db #0xf8	; 248
      000104 78                     326 	.db #0x78	; 120	'x'
      000105 F8                     327 	.db #0xf8	; 248
      000106 38                     328 	.db #0x38	; 56	'8'
      000107 F8                     329 	.db #0xf8	; 248
      000108 18                     330 	.db #0x18	; 24
      000109 F8                     331 	.db #0xf8	; 248
      00010A 18                     332 	.db #0x18	; 24
      00010B 78                     333 	.db #0x78	; 120	'x'
      00010C 30                     334 	.db #0x30	; 48	'0'
      00010D 70                     335 	.db #0x70	; 112	'p'
      00010E 00                     336 	.db #0x00	; 0
      00010F 00                     337 	.db #0x00	; 0
      000110 00                     338 	.db #0x00	; 0
      000111 00                     339 	.db #0x00	; 0
      000112 00                     340 	.db #0x00	; 0
      000113 00                     341 	.db #0x00	; 0
      000114 00                     342 	.db #0x00	; 0
      000115 0F                     343 	.db #0x0f	; 15
      000116 00                     344 	.db #0x00	; 0
      000117 00                     345 	.db #0x00	; 0
      000118 00                     346 	.db #0x00	; 0
      000119 F3                     347 	.db #0xf3	; 243
      00011A 00                     348 	.db #0x00	; 0
      00011B 00                     349 	.db #0x00	; 0
      00011C 00                     350 	.db #0x00	; 0
      00011D 0F                     351 	.db #0x0f	; 15
      00011E 00                     352 	.db #0x00	; 0
      00011F 00                     353 	.db #0x00	; 0
      000120 00                     354 	.db #0x00	; 0
      000121 E7                     355 	.db #0xe7	; 231
      000122 00                     356 	.db #0x00	; 0
      000123 00                     357 	.db #0x00	; 0
      000124 00                     358 	.db #0x00	; 0
      000125 03                     359 	.db #0x03	; 3
      000126 00                     360 	.db #0x00	; 0
      000127 00                     361 	.db #0x00	; 0
      000128 00                     362 	.db #0x00	; 0
      000129 0D                     363 	.db #0x0d	; 13
      00012A 00                     364 	.db #0x00	; 0
      00012B 00                     365 	.db #0x00	; 0
      00012C 00                     366 	.db #0x00	; 0
      00012D 01                     367 	.db #0x01	; 1
      00012E 00                     368 	.db #0x00	; 0
      00012F 00                     369 	.db #0x00	; 0
      000130 00                     370 	.db #0x00	; 0
      000131 00                     371 	.db #0x00	; 0
      000132 00                     372 	.db #0x00	; 0
      000133 00                     373 	.db #0x00	; 0
      000134 00                     374 	.db #0x00	; 0
      000135 F3                     375 	.db #0xf3	; 243
      000136 00                     376 	.db #0x00	; 0
      000137 00                     377 	.db #0x00	; 0
      000138 00                     378 	.db #0x00	; 0
      000139 FE                     379 	.db #0xfe	; 254
      00013A 00                     380 	.db #0x00	; 0
      00013B 00                     381 	.db #0x00	; 0
      00013C 00                     382 	.db #0x00	; 0
      00013D 9F                     383 	.db #0x9f	; 159
      00013E 00                     384 	.db #0x00	; 0
      00013F 00                     385 	.db #0x00	; 0
      000140 00                     386 	.db #0x00	; 0
      000141 E7                     387 	.db #0xe7	; 231
      000142 00                     388 	.db #0x00	; 0
      000143 00                     389 	.db #0x00	; 0
      000144 00                     390 	.db #0x00	; 0
      000145 FF                     391 	.db #0xff	; 255
      000146 00                     392 	.db #0x00	; 0
      000147 00                     393 	.db #0x00	; 0
      000148 00                     394 	.db #0x00	; 0
      000149 E6                     395 	.db #0xe6	; 230
      00014A 00                     396 	.db #0x00	; 0
      00014B 00                     397 	.db #0x00	; 0
      00014C 00                     398 	.db #0x00	; 0
      00014D F0                     399 	.db #0xf0	; 240
      00014E 00                     400 	.db #0x00	; 0
      00014F 00                     401 	.db #0x00	; 0
      000150 00                     402 	.db #0x00	; 0
      000151 00                     403 	.db #0x00	; 0
      000152 00                     404 	.db #0x00	; 0
      000153 00                     405 	.db #0x00	; 0
      000154 00                     406 	.db #0x00	; 0
      000155 0F                     407 	.db #0x0f	; 15
      000156 00                     408 	.db #0x00	; 0
      000157 00                     409 	.db #0x00	; 0
      000158 00                     410 	.db #0x00	; 0
      000159 3F                     411 	.db #0x3f	; 63
      00015A 00                     412 	.db #0x00	; 0
      00015B 00                     413 	.db #0x00	; 0
      00015C 00                     414 	.db #0x00	; 0
      00015D F9                     415 	.db #0xf9	; 249
      00015E 00                     416 	.db #0x00	; 0
      00015F 00                     417 	.db #0x00	; 0
      000160 00                     418 	.db #0x00	; 0
      000161 7E                     419 	.db #0x7e	; 126
      000162 00                     420 	.db #0x00	; 0
      000163 00                     421 	.db #0x00	; 0
      000164 00                     422 	.db #0x00	; 0
      000165 3F                     423 	.db #0x3f	; 63
      000166 00                     424 	.db #0x00	; 0
      000167 00                     425 	.db #0x00	; 0
      000168 00                     426 	.db #0x00	; 0
      000169 0E                     427 	.db #0x0e	; 14
      00016A 00                     428 	.db #0x00	; 0
      00016B 00                     429 	.db #0x00	; 0
      00016C 00                     430 	.db #0x00	; 0
      00016D 0F                     431 	.db #0x0f	; 15
      00016E 00                     432 	.db #0x00	; 0
      00016F 00                     433 	.db #0x00	; 0
      000170 00                     434 	.db #0x00	; 0
      000171 00                     435 	.db #0x00	; 0
      000172 00                     436 	.db #0x00	; 0
      000173 00                     437 	.db #0x00	; 0
      000174 00                     438 	.db #0x00	; 0
      000175 30                     439 	.db #0x30	; 48	'0'
      000176 00                     440 	.db #0x00	; 0
      000177 00                     441 	.db #0x00	; 0
      000178 00                     442 	.db #0x00	; 0
      000179 EF                     443 	.db #0xef	; 239
      00017A 00                     444 	.db #0x00	; 0
      00017B 00                     445 	.db #0x00	; 0
      00017C 00                     446 	.db #0x00	; 0
      00017D F0                     447 	.db #0xf0	; 240
      00017E 00                     448 	.db #0x00	; 0
      00017F 00                     449 	.db #0x00	; 0
      000180 00                     450 	.db #0x00	; 0
      000181 7E                     451 	.db #0x7e	; 126
      000182 00                     452 	.db #0x00	; 0
      000183 00                     453 	.db #0x00	; 0
      000184 00                     454 	.db #0x00	; 0
      000185 F0                     455 	.db #0xf0	; 240
      000186 00                     456 	.db #0x00	; 0
      000187 00                     457 	.db #0x00	; 0
      000188 00                     458 	.db #0x00	; 0
      000189 63                     459 	.db #0x63	; 99	'c'
      00018A 00                     460 	.db #0x00	; 0
      00018B 00                     461 	.db #0x00	; 0
      00018C 00                     462 	.db #0x00	; 0
      00018D 00                     463 	.db #0x00	; 0
      00018E 00                     464 	.db #0x00	; 0
      00018F 00                     465 	.db #0x00	; 0
      000190 00                     466 	.db #0x00	; 0
      000191 00                     467 	.db #0x00	; 0
      000192 00                     468 	.db #0x00	; 0
      000193 00                     469 	.db #0x00	; 0
      000194 00                     470 	.db #0x00	; 0
      000195 03                     471 	.db #0x03	; 3
      000196 00                     472 	.db #0x00	; 0
      000197 00                     473 	.db #0x00	; 0
      000198 00                     474 	.db #0x00	; 0
      000199 FE                     475 	.db #0xfe	; 254
      00019A 00                     476 	.db #0x00	; 0
      00019B 00                     477 	.db #0x00	; 0
      00019C 00                     478 	.db #0x00	; 0
      00019D 9F                     479 	.db #0x9f	; 159
      00019E 00                     480 	.db #0x00	; 0
      00019F 00                     481 	.db #0x00	; 0
      0001A0 00                     482 	.db #0x00	; 0
      0001A1 E7                     483 	.db #0xe7	; 231
      0001A2 00                     484 	.db #0x00	; 0
      0001A3 00                     485 	.db #0x00	; 0
      0001A4 00                     486 	.db #0x00	; 0
      0001A5 FF                     487 	.db #0xff	; 255
      0001A6 00                     488 	.db #0x00	; 0
      0001A7 00                     489 	.db #0x00	; 0
      0001A8 00                     490 	.db #0x00	; 0
      0001A9 06                     491 	.db #0x06	; 6
      0001AA 00                     492 	.db #0x00	; 0
      0001AB 00                     493 	.db #0x00	; 0
      0001AC 00                     494 	.db #0x00	; 0
      0001AD 00                     495 	.db #0x00	; 0
      0001AE 00                     496 	.db #0x00	; 0
      0001AF 00                     497 	.db #0x00	; 0
      0001B0 00                     498 	.db #0x00	; 0
      0001B1 00                     499 	.db #0x00	; 0
      0001B2 00                     500 	.db #0x00	; 0
      0001B3 00                     501 	.db #0x00	; 0
      0001B4 00                     502 	.db #0x00	; 0
      0001B5 30                     503 	.db #0x30	; 48	'0'
      0001B6 00                     504 	.db #0x00	; 0
      0001B7 00                     505 	.db #0x00	; 0
      0001B8 00                     506 	.db #0x00	; 0
      0001B9 F3                     507 	.db #0xf3	; 243
      0001BA 00                     508 	.db #0x00	; 0
      0001BB 00                     509 	.db #0x00	; 0
      0001BC 00                     510 	.db #0x00	; 0
      0001BD 0F                     511 	.db #0x0f	; 15
      0001BE 00                     512 	.db #0x00	; 0
      0001BF 00                     513 	.db #0x00	; 0
      0001C0 00                     514 	.db #0x00	; 0
      0001C1 E7                     515 	.db #0xe7	; 231
      0001C2 00                     516 	.db #0x00	; 0
      0001C3 00                     517 	.db #0x00	; 0
      0001C4 00                     518 	.db #0x00	; 0
      0001C5 03                     519 	.db #0x03	; 3
      0001C6 00                     520 	.db #0x00	; 0
      0001C7 00                     521 	.db #0x00	; 0
      0001C8 00                     522 	.db #0x00	; 0
      0001C9 3D                     523 	.db #0x3d	; 61
      0001CA 00                     524 	.db #0x00	; 0
      0001CB 00                     525 	.db #0x00	; 0
      0001CC 00                     526 	.db #0x00	; 0
      0001CD 00                     527 	.db #0x00	; 0
      0001CE 00                     528 	.db #0x00	; 0
      0001CF 00                     529 	.db #0x00	; 0
      0001D0 00                     530 	.db #0x00	; 0
      0001D1 00                     531 	.db #0x00	; 0
      0001D2 00                     532 	.db #0x00	; 0
      0001D3 00                     533 	.db #0x00	; 0
      0001D4 00                     534 	.db #0x00	; 0
      0001D5 03                     535 	.db #0x03	; 3
      0001D6 00                     536 	.db #0x00	; 0
      0001D7 00                     537 	.db #0x00	; 0
      0001D8 00                     538 	.db #0x00	; 0
      0001D9 EF                     539 	.db #0xef	; 239
      0001DA 00                     540 	.db #0x00	; 0
      0001DB 00                     541 	.db #0x00	; 0
      0001DC 00                     542 	.db #0x00	; 0
      0001DD F0                     543 	.db #0xf0	; 240
      0001DE 00                     544 	.db #0x00	; 0
      0001DF 00                     545 	.db #0x00	; 0
      0001E0 00                     546 	.db #0x00	; 0
      0001E1 7E                     547 	.db #0x7e	; 126
      0001E2 00                     548 	.db #0x00	; 0
      0001E3 00                     549 	.db #0x00	; 0
      0001E4 00                     550 	.db #0x00	; 0
      0001E5 F0                     551 	.db #0xf0	; 240
      0001E6 00                     552 	.db #0x00	; 0
      0001E7 00                     553 	.db #0x00	; 0
      0001E8 00                     554 	.db #0x00	; 0
      0001E9 03                     555 	.db #0x03	; 3
      0001EA 00                     556 	.db #0x00	; 0
      0001EB 00                     557 	.db #0x00	; 0
      0001EC 00                     558 	.db #0x00	; 0
      0001ED 00                     559 	.db #0x00	; 0
      0001EE 00                     560 	.db #0x00	; 0
      0001EF 00                     561 	.db #0x00	; 0
      0001F0 00                     562 	.db #0x00	; 0
      0001F1 00                     563 	.db #0x00	; 0
      0001F2 00                     564 	.db #0x00	; 0
      0001F3 00                     565 	.db #0x00	; 0
      0001F4 00                     566 	.db #0x00	; 0
      0001F5 F0                     567 	.db #0xf0	; 240
      0001F6 00                     568 	.db #0x00	; 0
      0001F7 00                     569 	.db #0x00	; 0
      0001F8 00                     570 	.db #0x00	; 0
      0001F9 3F                     571 	.db #0x3f	; 63
      0001FA 00                     572 	.db #0x00	; 0
      0001FB 00                     573 	.db #0x00	; 0
      0001FC 01                     574 	.db #0x01	; 1
      0001FD F8                     575 	.db #0xf8	; 248
      0001FE 00                     576 	.db #0x00	; 0
      0001FF 00                     577 	.db #0x00	; 0
      000200 00                     578 	.db #0x00	; 0
      000201 7E                     579 	.db #0x7e	; 126
      000202 00                     580 	.db #0x00	; 0
      000203 00                     581 	.db #0x00	; 0
      000204 00                     582 	.db #0x00	; 0
      000205 3F                     583 	.db #0x3f	; 63
      000206 00                     584 	.db #0x00	; 0
      000207 00                     585 	.db #0x00	; 0
      000208 00                     586 	.db #0x00	; 0
      000209 DE                     587 	.db #0xde	; 222
      00020A 00                     588 	.db #0x00	; 0
      00020B 00                     589 	.db #0x00	; 0
      00020C 00                     590 	.db #0x00	; 0
      00020D 1C                     591 	.db #0x1c	; 28
      00020E 00                     592 	.db #0x00	; 0
      00020F 00                     593 	.db #0x00	; 0
                           000210   594 G$fire_metasprite0$0_0$0 == .
      000210                        595 _fire_metasprite0:
      000210 00                     596 	.db #0x00	;  0
      000211 00                     597 	.db #0x00	;  0
      000212 00                     598 	.db #0x00	; 0
      000213 01                     599 	.db #0x01	; 1
      000214 00                     600 	.db #0x00	;  0
      000215 08                     601 	.db #0x08	;  8
      000216 02                     602 	.db #0x02	; 2
      000217 01                     603 	.db #0x01	; 1
      000218 80                     604 	.db #0x80	; -128
      000219 00                     605 	.db #0x00	;  0
      00021A 00                     606 	.db #0x00	; 0
      00021B 00                     607 	.db #0x00	; 0
                           00021C   608 G$fire_metasprite1$0_0$0 == .
      00021C                        609 _fire_metasprite1:
      00021C 00                     610 	.db #0x00	;  0
      00021D 00                     611 	.db #0x00	;  0
      00021E 04                     612 	.db #0x04	; 4
      00021F 01                     613 	.db #0x01	; 1
      000220 00                     614 	.db #0x00	;  0
      000221 08                     615 	.db #0x08	;  8
      000222 06                     616 	.db #0x06	; 6
      000223 01                     617 	.db #0x01	; 1
      000224 80                     618 	.db #0x80	; -128
      000225 00                     619 	.db #0x00	;  0
      000226 00                     620 	.db #0x00	; 0
      000227 00                     621 	.db #0x00	; 0
                           000228   622 G$fire_metasprite2$0_0$0 == .
      000228                        623 _fire_metasprite2:
      000228 00                     624 	.db #0x00	;  0
      000229 00                     625 	.db #0x00	;  0
      00022A 08                     626 	.db #0x08	; 8
      00022B 01                     627 	.db #0x01	; 1
      00022C 00                     628 	.db #0x00	;  0
      00022D 08                     629 	.db #0x08	;  8
      00022E 0A                     630 	.db #0x0a	; 10
      00022F 01                     631 	.db #0x01	; 1
      000230 80                     632 	.db #0x80	; -128
      000231 00                     633 	.db #0x00	;  0
      000232 00                     634 	.db #0x00	; 0
      000233 00                     635 	.db #0x00	; 0
                           000234   636 G$fire_metasprite3$0_0$0 == .
      000234                        637 _fire_metasprite3:
      000234 00                     638 	.db #0x00	;  0
      000235 00                     639 	.db #0x00	;  0
      000236 0C                     640 	.db #0x0c	; 12
      000237 01                     641 	.db #0x01	; 1
      000238 00                     642 	.db #0x00	;  0
      000239 08                     643 	.db #0x08	;  8
      00023A 0E                     644 	.db #0x0e	; 14
      00023B 01                     645 	.db #0x01	; 1
      00023C 80                     646 	.db #0x80	; -128
      00023D 00                     647 	.db #0x00	;  0
      00023E 00                     648 	.db #0x00	; 0
      00023F 00                     649 	.db #0x00	; 0
                           000240   650 G$fire_metasprite4$0_0$0 == .
      000240                        651 _fire_metasprite4:
      000240 00                     652 	.db #0x00	;  0
      000241 00                     653 	.db #0x00	;  0
      000242 10                     654 	.db #0x10	; 16
      000243 00                     655 	.db #0x00	; 0
      000244 00                     656 	.db #0x00	;  0
      000245 08                     657 	.db #0x08	;  8
      000246 12                     658 	.db #0x12	; 18
      000247 00                     659 	.db #0x00	; 0
      000248 80                     660 	.db #0x80	; -128
      000249 00                     661 	.db #0x00	;  0
      00024A 00                     662 	.db #0x00	; 0
      00024B 00                     663 	.db #0x00	; 0
                           00024C   664 G$fire_metasprite5$0_0$0 == .
      00024C                        665 _fire_metasprite5:
      00024C 00                     666 	.db #0x00	;  0
      00024D 00                     667 	.db #0x00	;  0
      00024E 14                     668 	.db #0x14	; 20
      00024F 00                     669 	.db #0x00	; 0
      000250 00                     670 	.db #0x00	;  0
      000251 08                     671 	.db #0x08	;  8
      000252 16                     672 	.db #0x16	; 22
      000253 00                     673 	.db #0x00	; 0
      000254 80                     674 	.db #0x80	; -128
      000255 00                     675 	.db #0x00	;  0
      000256 00                     676 	.db #0x00	; 0
      000257 00                     677 	.db #0x00	; 0
                           000258   678 G$fire_metasprite6$0_0$0 == .
      000258                        679 _fire_metasprite6:
      000258 00                     680 	.db #0x00	;  0
      000259 00                     681 	.db #0x00	;  0
      00025A 18                     682 	.db #0x18	; 24
      00025B 00                     683 	.db #0x00	; 0
      00025C 00                     684 	.db #0x00	;  0
      00025D 08                     685 	.db #0x08	;  8
      00025E 1A                     686 	.db #0x1a	; 26
      00025F 00                     687 	.db #0x00	; 0
      000260 80                     688 	.db #0x80	; -128
      000261 00                     689 	.db #0x00	;  0
      000262 00                     690 	.db #0x00	; 0
      000263 00                     691 	.db #0x00	; 0
                           000264   692 G$fire_metasprite7$0_0$0 == .
      000264                        693 _fire_metasprite7:
      000264 00                     694 	.db #0x00	;  0
      000265 00                     695 	.db #0x00	;  0
      000266 1C                     696 	.db #0x1c	; 28
      000267 00                     697 	.db #0x00	; 0
      000268 00                     698 	.db #0x00	;  0
      000269 08                     699 	.db #0x08	;  8
      00026A 1E                     700 	.db #0x1e	; 30
      00026B 00                     701 	.db #0x00	; 0
      00026C 80                     702 	.db #0x80	; -128
      00026D 00                     703 	.db #0x00	;  0
      00026E 00                     704 	.db #0x00	; 0
      00026F 00                     705 	.db #0x00	; 0
                           000270   706 G$fire_metasprites$0_0$0 == .
      000270                        707 _fire_metasprites:
      000270r10r02                  708 	.dw _fire_metasprite0
      000272r1Cr02                  709 	.dw _fire_metasprite1
      000274r28r02                  710 	.dw _fire_metasprite2
      000276r34r02                  711 	.dw _fire_metasprite3
      000278r40r02                  712 	.dw _fire_metasprite4
      00027Ar4Cr02                  713 	.dw _fire_metasprite5
      00027Cr58r02                  714 	.dw _fire_metasprite6
      00027Er64r02                  715 	.dw _fire_metasprite7
                           000280   716 G$fire$0_0$0 == .
      000280                        717 _fire:
      000280 10                     718 	.db #0x10	; 16
      000281 10                     719 	.db #0x10	; 16
      000282 20                     720 	.db #0x20	; 32
      000283r10r00                  721 	.dw _fire_tiles
      000285 02                     722 	.db #0x02	; 2
      000286r00r00                  723 	.dw _fire_palettes
      000288 08                     724 	.db #0x08	; 8
      000289r70r02                  725 	.dw _fire_metasprites
                                    726 	.area _INITIALIZER
                                    727 	.area _CABS (ABS)
