                                      1 ;--------------------------------------------------------
                                      2 ; File Created by SDCC : free open source ISO C Compiler 
                                      3 ; Version 4.3.2 #14228 (MINGW64)
                                      4 ;--------------------------------------------------------
                                      5 	.module step_gbr
                                      6 	.optsdcc -msm83
                                      7 	
                                      8 ;--------------------------------------------------------
                                      9 ; Public variables in this module
                                     10 ;--------------------------------------------------------
                                     11 	.globl _step
                                     12 	.globl _step_metasprites
                                     13 	.globl _step_metasprite3
                                     14 	.globl _step_metasprite2
                                     15 	.globl _step_metasprite1
                                     16 	.globl _step_metasprite0
                                     17 	.globl _step_tiles
                                     18 	.globl _step_palettes
                                     19 	.globl b___func_step
                                     20 	.globl ___func_step
                                     21 ;--------------------------------------------------------
                                     22 ; special function registers
                                     23 ;--------------------------------------------------------
                                     24 ;--------------------------------------------------------
                                     25 ; ram data
                                     26 ;--------------------------------------------------------
                                     27 	.area _DATA
                                     28 ;--------------------------------------------------------
                                     29 ; ram data
                                     30 ;--------------------------------------------------------
                                     31 	.area _INITIALIZED
                                     32 ;--------------------------------------------------------
                                     33 ; absolute external ram data
                                     34 ;--------------------------------------------------------
                                     35 	.area _DABS (ABS)
                                     36 ;--------------------------------------------------------
                                     37 ; global & static initialisations
                                     38 ;--------------------------------------------------------
                                     39 	.area _HOME
                                     40 	.area _GSINIT
                                     41 	.area _GSFINAL
                                     42 	.area _GSINIT
                                     43 ;--------------------------------------------------------
                                     44 ; Home
                                     45 ;--------------------------------------------------------
                                     46 	.area _HOME
                                     47 	.area _HOME
                                     48 ;--------------------------------------------------------
                                     49 ; code
                                     50 ;--------------------------------------------------------
                                     51 	.area _CODE_255
                           000000    52 	G$__func_step$0$0	= .
                                     53 	.globl	G$__func_step$0$0
                           000000    54 	C$step.gbr.c$9$0_0$161	= .
                                     55 	.globl	C$step.gbr.c$9$0_0$161
                                     56 ;../Dbg/res/sprites/step.gbr.c:9: BANKREF(step)
                                     57 ;	---------------------------------
                                     58 ; Function __func_step
                                     59 ; ---------------------------------
                           0000FF    60 	b___func_step	= 255
      000000                         61 ___func_step::
                                     62 	.local b___func_step 
                           0000FF    63 	___bank_step = b___func_step 
                                     64 	.globl ___bank_step 
                                     65 	.area _CODE_255
                           000000    66 G$step_palettes$0_0$0 == .
      000000                         67 _step_palettes:
      000000 FF 7F                   68 	.dw #0x7fff
      000002 7E 4F                   69 	.dw #0x4f7e
      000004 79 01                   70 	.dw #0x0179
      000006 AA 04                   71 	.dw #0x04aa
                           000008    72 G$step_tiles$0_0$0 == .
      000008                         73 _step_tiles:
      000008 00                      74 	.db #0x00	; 0
      000009 00                      75 	.db #0x00	; 0
      00000A 00                      76 	.db #0x00	; 0
      00000B 00                      77 	.db #0x00	; 0
      00000C 00                      78 	.db #0x00	; 0
      00000D 00                      79 	.db #0x00	; 0
      00000E 00                      80 	.db #0x00	; 0
      00000F 00                      81 	.db #0x00	; 0
      000010 00                      82 	.db #0x00	; 0
      000011 00                      83 	.db #0x00	; 0
      000012 00                      84 	.db #0x00	; 0
      000013 00                      85 	.db #0x00	; 0
      000014 00                      86 	.db #0x00	; 0
      000015 00                      87 	.db #0x00	; 0
      000016 00                      88 	.db #0x00	; 0
      000017 00                      89 	.db #0x00	; 0
      000018 00                      90 	.db #0x00	; 0
      000019 00                      91 	.db #0x00	; 0
      00001A 00                      92 	.db #0x00	; 0
      00001B 00                      93 	.db #0x00	; 0
      00001C 00                      94 	.db #0x00	; 0
      00001D 00                      95 	.db #0x00	; 0
      00001E 00                      96 	.db #0x00	; 0
      00001F 00                      97 	.db #0x00	; 0
      000020 06                      98 	.db #0x06	; 6
      000021 06                      99 	.db #0x06	; 6
      000022 06                     100 	.db #0x06	; 6
      000023 06                     101 	.db #0x06	; 6
      000024 60                     102 	.db #0x60	; 96
      000025 60                     103 	.db #0x60	; 96
      000026 60                     104 	.db #0x60	; 96
      000027 60                     105 	.db #0x60	; 96
      000028 00                     106 	.db #0x00	; 0
      000029 00                     107 	.db #0x00	; 0
      00002A 00                     108 	.db #0x00	; 0
      00002B 00                     109 	.db #0x00	; 0
      00002C 00                     110 	.db #0x00	; 0
      00002D 00                     111 	.db #0x00	; 0
      00002E 00                     112 	.db #0x00	; 0
      00002F 00                     113 	.db #0x00	; 0
      000030 00                     114 	.db #0x00	; 0
      000031 00                     115 	.db #0x00	; 0
      000032 00                     116 	.db #0x00	; 0
      000033 00                     117 	.db #0x00	; 0
      000034 00                     118 	.db #0x00	; 0
      000035 00                     119 	.db #0x00	; 0
      000036 00                     120 	.db #0x00	; 0
      000037 00                     121 	.db #0x00	; 0
      000038 00                     122 	.db #0x00	; 0
      000039 00                     123 	.db #0x00	; 0
      00003A 00                     124 	.db #0x00	; 0
      00003B 00                     125 	.db #0x00	; 0
      00003C 00                     126 	.db #0x00	; 0
      00003D 00                     127 	.db #0x00	; 0
      00003E 00                     128 	.db #0x00	; 0
      00003F 00                     129 	.db #0x00	; 0
      000040 06                     130 	.db #0x06	; 6
      000041 06                     131 	.db #0x06	; 6
      000042 06                     132 	.db #0x06	; 6
      000043 00                     133 	.db #0x00	; 0
      000044 60                     134 	.db #0x60	; 96
      000045 60                     135 	.db #0x60	; 96
      000046 60                     136 	.db #0x60	; 96
      000047 00                     137 	.db #0x00	; 0
      000048 00                     138 	.db #0x00	; 0
      000049 00                     139 	.db #0x00	; 0
      00004A 00                     140 	.db #0x00	; 0
      00004B 00                     141 	.db #0x00	; 0
      00004C 00                     142 	.db #0x00	; 0
      00004D 00                     143 	.db #0x00	; 0
      00004E 00                     144 	.db #0x00	; 0
      00004F 00                     145 	.db #0x00	; 0
      000050 00                     146 	.db #0x00	; 0
      000051 00                     147 	.db #0x00	; 0
      000052 00                     148 	.db #0x00	; 0
      000053 00                     149 	.db #0x00	; 0
      000054 00                     150 	.db #0x00	; 0
      000055 00                     151 	.db #0x00	; 0
      000056 00                     152 	.db #0x00	; 0
      000057 00                     153 	.db #0x00	; 0
      000058 08                     154 	.db #0x08	; 8
      000059 08                     155 	.db #0x08	; 8
      00005A 01                     156 	.db #0x01	; 1
      00005B 01                     157 	.db #0x01	; 1
      00005C 00                     158 	.db #0x00	; 0
      00005D 00                     159 	.db #0x00	; 0
      00005E 86                     160 	.db #0x86	; 134
      00005F 86                     161 	.db #0x86	; 134
      000060 26                     162 	.db #0x26	; 38
      000061 20                     163 	.db #0x20	; 32
      000062 00                     164 	.db #0x00	; 0
      000063 00                     165 	.db #0x00	; 0
      000064 60                     166 	.db #0x60	; 96
      000065 00                     167 	.db #0x00	; 0
      000066 00                     168 	.db #0x00	; 0
      000067 00                     169 	.db #0x00	; 0
      000068 00                     170 	.db #0x00	; 0
      000069 00                     171 	.db #0x00	; 0
      00006A 00                     172 	.db #0x00	; 0
      00006B 00                     173 	.db #0x00	; 0
      00006C 00                     174 	.db #0x00	; 0
      00006D 00                     175 	.db #0x00	; 0
      00006E 00                     176 	.db #0x00	; 0
      00006F 00                     177 	.db #0x00	; 0
      000070 00                     178 	.db #0x00	; 0
      000071 00                     179 	.db #0x00	; 0
      000072 00                     180 	.db #0x00	; 0
      000073 00                     181 	.db #0x00	; 0
      000074 00                     182 	.db #0x00	; 0
      000075 00                     183 	.db #0x00	; 0
      000076 00                     184 	.db #0x00	; 0
      000077 00                     185 	.db #0x00	; 0
      000078 00                     186 	.db #0x00	; 0
      000079 00                     187 	.db #0x00	; 0
      00007A 00                     188 	.db #0x00	; 0
      00007B 00                     189 	.db #0x00	; 0
      00007C 00                     190 	.db #0x00	; 0
      00007D 00                     191 	.db #0x00	; 0
      00007E 00                     192 	.db #0x00	; 0
      00007F 00                     193 	.db #0x00	; 0
      000080 00                     194 	.db #0x00	; 0
      000081 00                     195 	.db #0x00	; 0
      000082 06                     196 	.db #0x06	; 6
      000083 00                     197 	.db #0x00	; 0
      000084 00                     198 	.db #0x00	; 0
      000085 00                     199 	.db #0x00	; 0
      000086 60                     200 	.db #0x60	; 96
      000087 00                     201 	.db #0x00	; 0
                           000088   202 G$step_metasprite0$0_0$0 == .
      000088                        203 _step_metasprite0:
      000088 00                     204 	.db #0x00	;  0
      000089 00                     205 	.db #0x00	;  0
      00008A 00                     206 	.db #0x00	; 0
      00008B 00                     207 	.db #0x00	; 0
      00008C 80                     208 	.db #0x80	; -128
      00008D 00                     209 	.db #0x00	;  0
      00008E 00                     210 	.db #0x00	; 0
      00008F 00                     211 	.db #0x00	; 0
                           000090   212 G$step_metasprite1$0_0$0 == .
      000090                        213 _step_metasprite1:
      000090 00                     214 	.db #0x00	;  0
      000091 00                     215 	.db #0x00	;  0
      000092 02                     216 	.db #0x02	; 2
      000093 00                     217 	.db #0x00	; 0
      000094 80                     218 	.db #0x80	; -128
      000095 00                     219 	.db #0x00	;  0
      000096 00                     220 	.db #0x00	; 0
      000097 00                     221 	.db #0x00	; 0
                           000098   222 G$step_metasprite2$0_0$0 == .
      000098                        223 _step_metasprite2:
      000098 00                     224 	.db #0x00	;  0
      000099 00                     225 	.db #0x00	;  0
      00009A 04                     226 	.db #0x04	; 4
      00009B 00                     227 	.db #0x00	; 0
      00009C 80                     228 	.db #0x80	; -128
      00009D 00                     229 	.db #0x00	;  0
      00009E 00                     230 	.db #0x00	; 0
      00009F 00                     231 	.db #0x00	; 0
                           0000A0   232 G$step_metasprite3$0_0$0 == .
      0000A0                        233 _step_metasprite3:
      0000A0 00                     234 	.db #0x00	;  0
      0000A1 00                     235 	.db #0x00	;  0
      0000A2 06                     236 	.db #0x06	; 6
      0000A3 00                     237 	.db #0x00	; 0
      0000A4 80                     238 	.db #0x80	; -128
      0000A5 00                     239 	.db #0x00	;  0
      0000A6 00                     240 	.db #0x00	; 0
      0000A7 00                     241 	.db #0x00	; 0
                           0000A8   242 G$step_metasprites$0_0$0 == .
      0000A8                        243 _step_metasprites:
      0000A8r88r00                  244 	.dw _step_metasprite0
      0000AAr90r00                  245 	.dw _step_metasprite1
      0000ACr98r00                  246 	.dw _step_metasprite2
      0000AErA0r00                  247 	.dw _step_metasprite3
                           0000B0   248 G$step$0_0$0 == .
      0000B0                        249 _step:
      0000B0 08                     250 	.db #0x08	; 8
      0000B1 10                     251 	.db #0x10	; 16
      0000B2 08                     252 	.db #0x08	; 8
      0000B3r08r00                  253 	.dw _step_tiles
      0000B5 01                     254 	.db #0x01	; 1
      0000B6r00r00                  255 	.dw _step_palettes
      0000B8 04                     256 	.db #0x04	; 4
      0000B9rA8r00                  257 	.dw _step_metasprites
                                    258 	.area _INITIALIZER
                                    259 	.area _CABS (ABS)
