                                      1 ;--------------------------------------------------------
                                      2 ; File Created by SDCC : free open source ISO C Compiler 
                                      3 ; Version 4.3.2 #14228 (MINGW64)
                                      4 ;--------------------------------------------------------
                                      5 	.module ZGBMain_Init
                                      6 	.optsdcc -msm83
                                      7 	
                                      8 ;--------------------------------------------------------
                                      9 ; Public variables in this module
                                     10 ;--------------------------------------------------------
                                     11 	.globl _InitSprites
                                     12 	.globl _Destroy_SpriteItem
                                     13 	.globl _Update_SpriteItem
                                     14 	.globl _Start_SpriteItem
                                     15 	.globl _Destroy_SpriteFantoccio
                                     16 	.globl _Update_SpriteFantoccio
                                     17 	.globl _Start_SpriteFantoccio
                                     18 	.globl _Destroy_SpriteCamera
                                     19 	.globl _Update_SpriteCamera
                                     20 	.globl _Start_SpriteCamera
                                     21 	.globl _Destroy_SpriteFire
                                     22 	.globl _Update_SpriteFire
                                     23 	.globl _Start_SpriteFire
                                     24 	.globl _Destroy_SpriteCompass
                                     25 	.globl _Update_SpriteCompass
                                     26 	.globl _Start_SpriteCompass
                                     27 	.globl _Destroy_SpriteBiga
                                     28 	.globl _Update_SpriteBiga
                                     29 	.globl _Start_SpriteBiga
                                     30 	.globl _Destroy_SpriteStep
                                     31 	.globl _Update_SpriteStep
                                     32 	.globl _Start_SpriteStep
                                     33 	.globl _Destroy_SpriteHorse
                                     34 	.globl _Update_SpriteHorse
                                     35 	.globl _Start_SpriteHorse
                                     36 	.globl _Destroy_SpritePlayer
                                     37 	.globl _Update_SpritePlayer
                                     38 	.globl _Start_SpritePlayer
                                     39 	.globl _InitStates
                                     40 	.globl _Update_StateTutorialGame
                                     41 	.globl _Start_StateTutorialGame
                                     42 	.globl _Update_StateGame
                                     43 	.globl _Start_StateGame
                                     44 	.globl _spritePalsOffset
                                     45 	.globl _spriteIdxs
                                     46 	.globl _spriteDatas
                                     47 	.globl _spriteDestroyFuncs
                                     48 	.globl _spriteUpdateFuncs
                                     49 	.globl _spriteStartFuncs
                                     50 	.globl _spriteDataBanks
                                     51 	.globl _spriteBanks
                                     52 	.globl _updateFuncs
                                     53 	.globl _startFuncs
                                     54 	.globl _stateBanks
                                     55 ;--------------------------------------------------------
                                     56 ; special function registers
                                     57 ;--------------------------------------------------------
                                     58 ;--------------------------------------------------------
                                     59 ; ram data
                                     60 ;--------------------------------------------------------
                                     61 	.area _DATA
                           000000    62 G$stateBanks$0_0$0==.
      000000                         63 _stateBanks::
      000000                         64 	.ds 2
                           000002    65 G$startFuncs$0_0$0==.
      000002                         66 _startFuncs::
      000002                         67 	.ds 4
                           000006    68 G$updateFuncs$0_0$0==.
      000006                         69 _updateFuncs::
      000006                         70 	.ds 4
                           00000A    71 G$spriteBanks$0_0$0==.
      00000A                         72 _spriteBanks::
      00000A                         73 	.ds 9
                           000013    74 G$spriteDataBanks$0_0$0==.
      000013                         75 _spriteDataBanks::
      000013                         76 	.ds 9
                           00001C    77 G$spriteStartFuncs$0_0$0==.
      00001C                         78 _spriteStartFuncs::
      00001C                         79 	.ds 18
                           00002E    80 G$spriteUpdateFuncs$0_0$0==.
      00002E                         81 _spriteUpdateFuncs::
      00002E                         82 	.ds 18
                           000040    83 G$spriteDestroyFuncs$0_0$0==.
      000040                         84 _spriteDestroyFuncs::
      000040                         85 	.ds 18
                           000052    86 G$spriteDatas$0_0$0==.
      000052                         87 _spriteDatas::
      000052                         88 	.ds 18
                           000064    89 G$spriteIdxs$0_0$0==.
      000064                         90 _spriteIdxs::
      000064                         91 	.ds 9
                           00006D    92 G$spritePalsOffset$0_0$0==.
      00006D                         93 _spritePalsOffset::
      00006D                         94 	.ds 9
                                     95 ;--------------------------------------------------------
                                     96 ; ram data
                                     97 ;--------------------------------------------------------
                                     98 	.area _INITIALIZED
                                     99 ;--------------------------------------------------------
                                    100 ; absolute external ram data
                                    101 ;--------------------------------------------------------
                                    102 	.area _DABS (ABS)
                                    103 ;--------------------------------------------------------
                                    104 ; global & static initialisations
                                    105 ;--------------------------------------------------------
                                    106 	.area _HOME
                                    107 	.area _GSINIT
                                    108 	.area _GSFINAL
                                    109 	.area _GSINIT
                                    110 ;--------------------------------------------------------
                                    111 ; Home
                                    112 ;--------------------------------------------------------
                                    113 	.area _HOME
                                    114 	.area _HOME
                                    115 ;--------------------------------------------------------
                                    116 ; code
                                    117 ;--------------------------------------------------------
                                    118 	.area _CODE_1
                           000000   119 	G$InitStates$0$0	= .
                                    120 	.globl	G$InitStates$0$0
                           000000   121 	C$ZGBMain_Init.c$16$0_0$159	= .
                                    122 	.globl	C$ZGBMain_Init.c$16$0_0$159
                                    123 ;C:/ZGB-2023.0/common/src/ZGBMain_Init.c:16: void InitStates() {
                                    124 ;	---------------------------------
                                    125 ; Function InitStates
                                    126 ; ---------------------------------
      000000                        127 _InitStates::
                           000000   128 	C$ZGBMain_Init.c$17$1_0$159	= .
                                    129 	.globl	C$ZGBMain_Init.c$17$1_0$159
                                    130 ;C:/ZGB-2023.0/common/src/ZGBMain_Init.c:17: STATES
      000000 21r02r00         [12]  131 	ld	hl, #_startFuncs
      000003 36r00            [12]  132 	ld	(hl), #<(_Start_StateGame)
      000005 23               [ 8]  133 	inc	hl
      000006 36s00            [12]  134 	ld	(hl), #>(_Start_StateGame)
      000008 21r06r00         [12]  135 	ld	hl, #_updateFuncs
      00000B 36r00            [12]  136 	ld	(hl), #<(_Update_StateGame)
      00000D 23               [ 8]  137 	inc	hl
      00000E 36s00            [12]  138 	ld	(hl), #>(_Update_StateGame)
      000010 01r00r00         [12]  139 	ld	bc, #_stateBanks+0
      000013 3Er00            [ 8]  140 	ld	a, #<(___bank_StateGame)
      000015 02               [ 8]  141 	ld	(bc), a
      000016 21r04r00         [12]  142 	ld	hl, #(_startFuncs + 2)
      000019 36r00            [12]  143 	ld	(hl), #<(_Start_StateTutorialGame)
      00001B 23               [ 8]  144 	inc	hl
      00001C 36s00            [12]  145 	ld	(hl), #>(_Start_StateTutorialGame)
      00001E 21r08r00         [12]  146 	ld	hl, #(_updateFuncs + 2)
      000021 36r00            [12]  147 	ld	(hl), #<(_Update_StateTutorialGame)
      000023 23               [ 8]  148 	inc	hl
      000024 36s00            [12]  149 	ld	(hl), #>(_Update_StateTutorialGame)
      000026 03               [ 8]  150 	inc	bc
      000027 3Er00            [ 8]  151 	ld	a, #<(___bank_StateTutorialGame)
      000029 02               [ 8]  152 	ld	(bc), a
                           00002A   153 	C$ZGBMain_Init.c$18$1_0$159	= .
                                    154 	.globl	C$ZGBMain_Init.c$18$1_0$159
                                    155 ;C:/ZGB-2023.0/common/src/ZGBMain_Init.c:18: }
                           00002A   156 	C$ZGBMain_Init.c$18$1_0$159	= .
                                    157 	.globl	C$ZGBMain_Init.c$18$1_0$159
                           00002A   158 	XG$InitStates$0$0	= .
                                    159 	.globl	XG$InitStates$0$0
      00002A C9               [16]  160 	ret
                           00002B   161 	G$InitSprites$0$0	= .
                                    162 	.globl	G$InitSprites$0$0
                           00002B   163 	C$ZGBMain_Init.c$49$1_0$160	= .
                                    164 	.globl	C$ZGBMain_Init.c$49$1_0$160
                                    165 ;C:/ZGB-2023.0/common/src/ZGBMain_Init.c:49: void InitSprites() {
                                    166 ;	---------------------------------
                                    167 ; Function InitSprites
                                    168 ; ---------------------------------
      00002B                        169 _InitSprites::
                           00002B   170 	C$ZGBMain_Init.c$50$1_0$160	= .
                                    171 	.globl	C$ZGBMain_Init.c$50$1_0$160
                                    172 ;C:/ZGB-2023.0/common/src/ZGBMain_Init.c:50: SPRITES
      00002B 3Er00            [ 8]  173 	ld	a, #<(___bank_SpritePlayer)
      00002D EAr0Ar00         [16]  174 	ld	(#_spriteBanks),a
      000030 21r1Cr00         [12]  175 	ld	hl, #_spriteStartFuncs
      000033 36r00            [12]  176 	ld	(hl), #<(_Start_SpritePlayer)
      000035 23               [ 8]  177 	inc	hl
      000036 36s00            [12]  178 	ld	(hl), #>(_Start_SpritePlayer)
      000038 21r2Er00         [12]  179 	ld	hl, #_spriteUpdateFuncs
      00003B 36r00            [12]  180 	ld	(hl), #<(_Update_SpritePlayer)
      00003D 23               [ 8]  181 	inc	hl
      00003E 36s00            [12]  182 	ld	(hl), #>(_Update_SpritePlayer)
      000040 21r40r00         [12]  183 	ld	hl, #_spriteDestroyFuncs
      000043 36r00            [12]  184 	ld	(hl), #<(_Destroy_SpritePlayer)
      000045 23               [ 8]  185 	inc	hl
      000046 36s00            [12]  186 	ld	(hl), #>(_Destroy_SpritePlayer)
      000048 3Er00            [ 8]  187 	ld	a, #<(___bank_player)
      00004A EAr13r00         [16]  188 	ld	(#_spriteDataBanks),a
      00004D 21r52r00         [12]  189 	ld	hl, #_spriteDatas
      000050 36r00            [12]  190 	ld	(hl), #<(_player)
      000052 23               [ 8]  191 	inc	hl
      000053 36s00            [12]  192 	ld	(hl), #>(_player)
      000055 01r0Br00         [12]  193 	ld	bc, #_spriteBanks + 1
      000058 3Er00            [ 8]  194 	ld	a, #<(___bank_SpriteHorse)
      00005A 02               [ 8]  195 	ld	(bc), a
      00005B 21r1Er00         [12]  196 	ld	hl, #(_spriteStartFuncs + 2)
      00005E 36r00            [12]  197 	ld	(hl), #<(_Start_SpriteHorse)
      000060 23               [ 8]  198 	inc	hl
      000061 36s00            [12]  199 	ld	(hl), #>(_Start_SpriteHorse)
      000063 21r30r00         [12]  200 	ld	hl, #(_spriteUpdateFuncs + 2)
      000066 36r00            [12]  201 	ld	(hl), #<(_Update_SpriteHorse)
      000068 23               [ 8]  202 	inc	hl
      000069 36s00            [12]  203 	ld	(hl), #>(_Update_SpriteHorse)
      00006B 21r42r00         [12]  204 	ld	hl, #(_spriteDestroyFuncs + 2)
      00006E 3Er00            [ 8]  205 	ld	a, #<(_Destroy_SpriteHorse)
      000070 22               [ 8]  206 	ld	(hl+), a
      000071 36s00            [12]  207 	ld	(hl), #>(_Destroy_SpriteHorse)
      000073 01r14r00         [12]  208 	ld	bc, #_spriteDataBanks + 1
      000076 3Er00            [ 8]  209 	ld	a, #<(___bank_horse)
      000078 02               [ 8]  210 	ld	(bc), a
      000079 21r54r00         [12]  211 	ld	hl, #(_spriteDatas + 2)
      00007C 3Er00            [ 8]  212 	ld	a, #<(_horse)
      00007E 22               [ 8]  213 	ld	(hl+), a
      00007F 36s00            [12]  214 	ld	(hl), #>(_horse)
      000081 01r0Cr00         [12]  215 	ld	bc, #_spriteBanks + 2
      000084 3Er00            [ 8]  216 	ld	a, #<(___bank_SpriteStep)
      000086 02               [ 8]  217 	ld	(bc), a
      000087 21r20r00         [12]  218 	ld	hl, #(_spriteStartFuncs + 4)
      00008A 36r00            [12]  219 	ld	(hl), #<(_Start_SpriteStep)
      00008C 23               [ 8]  220 	inc	hl
      00008D 36s00            [12]  221 	ld	(hl), #>(_Start_SpriteStep)
      00008F 21r32r00         [12]  222 	ld	hl, #(_spriteUpdateFuncs + 4)
      000092 36r00            [12]  223 	ld	(hl), #<(_Update_SpriteStep)
      000094 23               [ 8]  224 	inc	hl
      000095 36s00            [12]  225 	ld	(hl), #>(_Update_SpriteStep)
      000097 21r44r00         [12]  226 	ld	hl, #(_spriteDestroyFuncs + 4)
      00009A 3Er00            [ 8]  227 	ld	a, #<(_Destroy_SpriteStep)
      00009C 22               [ 8]  228 	ld	(hl+), a
      00009D 36s00            [12]  229 	ld	(hl), #>(_Destroy_SpriteStep)
      00009F 01r15r00         [12]  230 	ld	bc, #_spriteDataBanks + 2
      0000A2 3Er00            [ 8]  231 	ld	a, #<(___bank_step)
      0000A4 02               [ 8]  232 	ld	(bc), a
      0000A5 21r56r00         [12]  233 	ld	hl, #(_spriteDatas + 4)
      0000A8 3Er00            [ 8]  234 	ld	a, #<(_step)
      0000AA 22               [ 8]  235 	ld	(hl+), a
      0000AB 36s00            [12]  236 	ld	(hl), #>(_step)
      0000AD 01r0Dr00         [12]  237 	ld	bc, #_spriteBanks + 3
      0000B0 3Er00            [ 8]  238 	ld	a, #<(___bank_SpriteBiga)
      0000B2 02               [ 8]  239 	ld	(bc), a
      0000B3 21r22r00         [12]  240 	ld	hl, #(_spriteStartFuncs + 6)
      0000B6 36r00            [12]  241 	ld	(hl), #<(_Start_SpriteBiga)
      0000B8 23               [ 8]  242 	inc	hl
      0000B9 36s00            [12]  243 	ld	(hl), #>(_Start_SpriteBiga)
      0000BB 21r34r00         [12]  244 	ld	hl, #(_spriteUpdateFuncs + 6)
      0000BE 36r00            [12]  245 	ld	(hl), #<(_Update_SpriteBiga)
      0000C0 23               [ 8]  246 	inc	hl
      0000C1 36s00            [12]  247 	ld	(hl), #>(_Update_SpriteBiga)
      0000C3 21r46r00         [12]  248 	ld	hl, #(_spriteDestroyFuncs + 6)
      0000C6 36r00            [12]  249 	ld	(hl), #<(_Destroy_SpriteBiga)
      0000C8 23               [ 8]  250 	inc	hl
      0000C9 36s00            [12]  251 	ld	(hl), #>(_Destroy_SpriteBiga)
      0000CB 01r16r00         [12]  252 	ld	bc, #_spriteDataBanks + 3
      0000CE 3Er00            [ 8]  253 	ld	a, #<(___bank_biga)
      0000D0 02               [ 8]  254 	ld	(bc), a
      0000D1 21r58r00         [12]  255 	ld	hl, #(_spriteDatas + 6)
      0000D4 36r00            [12]  256 	ld	(hl), #<(_biga)
      0000D6 23               [ 8]  257 	inc	hl
      0000D7 36s00            [12]  258 	ld	(hl), #>(_biga)
      0000D9 01r0Er00         [12]  259 	ld	bc, #_spriteBanks + 4
      0000DC 3Er00            [ 8]  260 	ld	a, #<(___bank_SpriteCompass)
      0000DE 02               [ 8]  261 	ld	(bc), a
      0000DF 21r24r00         [12]  262 	ld	hl, #(_spriteStartFuncs + 8)
      0000E2 36r00            [12]  263 	ld	(hl), #<(_Start_SpriteCompass)
      0000E4 23               [ 8]  264 	inc	hl
      0000E5 36s00            [12]  265 	ld	(hl), #>(_Start_SpriteCompass)
      0000E7 21r36r00         [12]  266 	ld	hl, #(_spriteUpdateFuncs + 8)
      0000EA 36r00            [12]  267 	ld	(hl), #<(_Update_SpriteCompass)
      0000EC 23               [ 8]  268 	inc	hl
      0000ED 36s00            [12]  269 	ld	(hl), #>(_Update_SpriteCompass)
      0000EF 21r48r00         [12]  270 	ld	hl, #(_spriteDestroyFuncs + 8)
      0000F2 36r00            [12]  271 	ld	(hl), #<(_Destroy_SpriteCompass)
      0000F4 23               [ 8]  272 	inc	hl
      0000F5 36s00            [12]  273 	ld	(hl), #>(_Destroy_SpriteCompass)
      0000F7 01r17r00         [12]  274 	ld	bc, #_spriteDataBanks + 4
      0000FA 3Er00            [ 8]  275 	ld	a, #<(___bank_compass)
      0000FC 02               [ 8]  276 	ld	(bc), a
      0000FD 21r5Ar00         [12]  277 	ld	hl, #(_spriteDatas + 8)
      000100 36r00            [12]  278 	ld	(hl), #<(_compass)
      000102 23               [ 8]  279 	inc	hl
      000103 36s00            [12]  280 	ld	(hl), #>(_compass)
      000105 01r0Fr00         [12]  281 	ld	bc, #_spriteBanks + 5
      000108 3Er00            [ 8]  282 	ld	a, #<(___bank_SpriteFire)
      00010A 02               [ 8]  283 	ld	(bc), a
      00010B 21r26r00         [12]  284 	ld	hl, #(_spriteStartFuncs + 10)
      00010E 36r00            [12]  285 	ld	(hl), #<(_Start_SpriteFire)
      000110 23               [ 8]  286 	inc	hl
      000111 36s00            [12]  287 	ld	(hl), #>(_Start_SpriteFire)
      000113 21r38r00         [12]  288 	ld	hl, #(_spriteUpdateFuncs + 10)
      000116 36r00            [12]  289 	ld	(hl), #<(_Update_SpriteFire)
      000118 23               [ 8]  290 	inc	hl
      000119 36s00            [12]  291 	ld	(hl), #>(_Update_SpriteFire)
      00011B 21r4Ar00         [12]  292 	ld	hl, #(_spriteDestroyFuncs + 10)
      00011E 3Er00            [ 8]  293 	ld	a, #<(_Destroy_SpriteFire)
      000120 22               [ 8]  294 	ld	(hl+), a
      000121 36s00            [12]  295 	ld	(hl), #>(_Destroy_SpriteFire)
      000123 01r18r00         [12]  296 	ld	bc, #_spriteDataBanks + 5
      000126 3Er00            [ 8]  297 	ld	a, #<(___bank_fire)
      000128 02               [ 8]  298 	ld	(bc), a
      000129 21r5Cr00         [12]  299 	ld	hl, #(_spriteDatas + 10)
      00012C 3Er00            [ 8]  300 	ld	a, #<(_fire)
      00012E 22               [ 8]  301 	ld	(hl+), a
      00012F 36s00            [12]  302 	ld	(hl), #>(_fire)
      000131 01r10r00         [12]  303 	ld	bc, #_spriteBanks + 6
      000134 3Er00            [ 8]  304 	ld	a, #<(___bank_SpriteCamera)
      000136 02               [ 8]  305 	ld	(bc), a
      000137 21r28r00         [12]  306 	ld	hl, #(_spriteStartFuncs + 12)
      00013A 36r00            [12]  307 	ld	(hl), #<(_Start_SpriteCamera)
      00013C 23               [ 8]  308 	inc	hl
      00013D 36s00            [12]  309 	ld	(hl), #>(_Start_SpriteCamera)
      00013F 21r3Ar00         [12]  310 	ld	hl, #(_spriteUpdateFuncs + 12)
      000142 36r00            [12]  311 	ld	(hl), #<(_Update_SpriteCamera)
      000144 23               [ 8]  312 	inc	hl
      000145 36s00            [12]  313 	ld	(hl), #>(_Update_SpriteCamera)
      000147 21r4Cr00         [12]  314 	ld	hl, #(_spriteDestroyFuncs + 12)
      00014A 36r00            [12]  315 	ld	(hl), #<(_Destroy_SpriteCamera)
      00014C 23               [ 8]  316 	inc	hl
      00014D 36s00            [12]  317 	ld	(hl), #>(_Destroy_SpriteCamera)
      00014F 01r19r00         [12]  318 	ld	bc, #_spriteDataBanks + 6
      000152 3Er00            [ 8]  319 	ld	a, #<(___bank_camera)
      000154 02               [ 8]  320 	ld	(bc), a
      000155 21r5Er00         [12]  321 	ld	hl, #(_spriteDatas + 12)
      000158 36r00            [12]  322 	ld	(hl), #<(_camera)
      00015A 23               [ 8]  323 	inc	hl
      00015B 36s00            [12]  324 	ld	(hl), #>(_camera)
      00015D 01r11r00         [12]  325 	ld	bc, #_spriteBanks + 7
      000160 3Er00            [ 8]  326 	ld	a, #<(___bank_SpriteFantoccio)
      000162 02               [ 8]  327 	ld	(bc), a
      000163 21r2Ar00         [12]  328 	ld	hl, #(_spriteStartFuncs + 14)
      000166 36r00            [12]  329 	ld	(hl), #<(_Start_SpriteFantoccio)
      000168 23               [ 8]  330 	inc	hl
      000169 36s00            [12]  331 	ld	(hl), #>(_Start_SpriteFantoccio)
      00016B 21r3Cr00         [12]  332 	ld	hl, #(_spriteUpdateFuncs + 14)
      00016E 36r00            [12]  333 	ld	(hl), #<(_Update_SpriteFantoccio)
      000170 23               [ 8]  334 	inc	hl
      000171 36s00            [12]  335 	ld	(hl), #>(_Update_SpriteFantoccio)
      000173 21r4Er00         [12]  336 	ld	hl, #(_spriteDestroyFuncs + 14)
      000176 36r00            [12]  337 	ld	(hl), #<(_Destroy_SpriteFantoccio)
      000178 23               [ 8]  338 	inc	hl
      000179 36s00            [12]  339 	ld	(hl), #>(_Destroy_SpriteFantoccio)
      00017B 01r1Ar00         [12]  340 	ld	bc, #_spriteDataBanks + 7
      00017E 3Er00            [ 8]  341 	ld	a, #<(___bank_fantoccio)
      000180 02               [ 8]  342 	ld	(bc), a
      000181 21r60r00         [12]  343 	ld	hl, #(_spriteDatas + 14)
      000184 36r00            [12]  344 	ld	(hl), #<(_fantoccio)
      000186 23               [ 8]  345 	inc	hl
      000187 36s00            [12]  346 	ld	(hl), #>(_fantoccio)
      000189 01r12r00         [12]  347 	ld	bc, #_spriteBanks + 8
      00018C 3Er00            [ 8]  348 	ld	a, #<(___bank_SpriteItem)
      00018E 02               [ 8]  349 	ld	(bc), a
      00018F 21r2Cr00         [12]  350 	ld	hl, #(_spriteStartFuncs + 16)
      000192 36r00            [12]  351 	ld	(hl), #<(_Start_SpriteItem)
      000194 23               [ 8]  352 	inc	hl
      000195 36s00            [12]  353 	ld	(hl), #>(_Start_SpriteItem)
      000197 21r3Er00         [12]  354 	ld	hl, #(_spriteUpdateFuncs + 16)
      00019A 36r00            [12]  355 	ld	(hl), #<(_Update_SpriteItem)
      00019C 23               [ 8]  356 	inc	hl
      00019D 36s00            [12]  357 	ld	(hl), #>(_Update_SpriteItem)
      00019F 21r50r00         [12]  358 	ld	hl, #(_spriteDestroyFuncs + 16)
      0001A2 3Er00            [ 8]  359 	ld	a, #<(_Destroy_SpriteItem)
      0001A4 22               [ 8]  360 	ld	(hl+), a
      0001A5 36s00            [12]  361 	ld	(hl), #>(_Destroy_SpriteItem)
      0001A7 01r1Br00         [12]  362 	ld	bc, #_spriteDataBanks + 8
      0001AA 3Er00            [ 8]  363 	ld	a, #<(___bank_item)
      0001AC 02               [ 8]  364 	ld	(bc), a
      0001AD 21r62r00         [12]  365 	ld	hl, #(_spriteDatas + 16)
      0001B0 3Er00            [ 8]  366 	ld	a, #<(_item)
      0001B2 22               [ 8]  367 	ld	(hl+), a
      0001B3 36s00            [12]  368 	ld	(hl), #>(_item)
                           0001B5   369 	C$ZGBMain_Init.c$51$1_0$160	= .
                                    370 	.globl	C$ZGBMain_Init.c$51$1_0$160
                                    371 ;C:/ZGB-2023.0/common/src/ZGBMain_Init.c:51: }
                           0001B5   372 	C$ZGBMain_Init.c$51$1_0$160	= .
                                    373 	.globl	C$ZGBMain_Init.c$51$1_0$160
                           0001B5   374 	XG$InitSprites$0$0	= .
                                    375 	.globl	XG$InitSprites$0$0
      0001B5 C9               [16]  376 	ret
                                    377 	.area _CODE_1
                                    378 	.area _INITIALIZER
                                    379 	.area _CABS (ABS)
